#
# There is insufficient memory for the Java Runtime Environment to continue.
# Native memory allocation (mmap) failed to map 140509184 bytes for Failed to commit area from 0x000000008ca00000 to 0x0000000095000000 of length 140509184.
# Possible reasons:
#   The system is out of physical RAM or swap space
#   The process is running with CompressedOops enabled, and the Java Heap may be blocking the growth of the native heap
# Possible solutions:
#   Reduce memory load on the system
#   Increase physical memory or swap space
#   Check if swap backing store is full
#   Decrease Java heap size (-Xmx/-Xms)
#   Decrease number of Java threads
#   Decrease Java thread stack sizes (-Xss)
#   Set larger code cache with -XX:ReservedCodeCacheSize=
#   JVM is running with Unscaled Compressed Oops mode in which the Java heap is
#     placed in the first 4GB address space. The Java Heap base address is the
#     maximum limit for the native heap growth. Please use -XX:HeapBaseMinAddress
#     to set the Java Heap base and to place the Java Heap above 4GB virtual address.
# This output file may be truncated or incomplete.
#
#  Out of Memory Error (./src/hotspot/os/windows/os_windows.cpp:3301), pid=25928, tid=21468
#
# JRE version: OpenJDK Runtime Environment (11.0.11+9) (build 11.0.11+9-b60-7590822)
# Java VM: OpenJDK 64-Bit Server VM (11.0.11+9-b60-7590822, mixed mode, tiered, compressed oops, g1 gc, windows-amd64)
# No core dump will be written. Minidumps are not enabled by default on client versions of Windows
#

---------------  S U M M A R Y ------------

Command Line: --add-opens=java.base/java.util=ALL-UNNAMED --add-opens=java.base/java.lang=ALL-UNNAMED --add-opens=java.base/java.lang.invoke=ALL-UNNAMED --add-opens=java.base/java.util=ALL-UNNAMED --add-opens=java.prefs/java.util.prefs=ALL-UNNAMED --add-opens=java.prefs/java.util.prefs=ALL-UNNAMED --add-opens=java.base/java.nio.charset=ALL-UNNAMED --add-opens=java.base/java.net=ALL-UNNAMED --add-opens=java.base/java.util.concurrent.atomic=ALL-UNNAMED -Xmx2048m -Dfile.encoding=UTF-8 -Duser.country=SG -Duser.language=en -Duser.variant org.gradle.launcher.daemon.bootstrap.GradleDaemon 7.2

Host: 11th Gen Intel(R) Core(TM) i5-1135G7 @ 2.40GHz, 8 cores, 7G,  Windows 10 , 64 bit Build 19041 (10.0.19041.1806)
Time: Tue Aug 16 23:27:23 2022 Malay Peninsula Standard Time elapsed time: 18.399238 seconds (0d 0h 0m 18s)

---------------  T H R E A D  ---------------

Current thread (0x00000152c557e000):  VMThread "VM Thread" [stack: 0x0000004d74100000,0x0000004d74200000] [id=21468]

Stack: [0x0000004d74100000,0x0000004d74200000]
[error occurred during error reporting (printing stack bounds), id 0xc0000005, EXCEPTION_ACCESS_VIOLATION (0xc0000005) at pc=0x00000152aec110e7]

Native frames: (J=compiled Java code, j=interpreted, Vv=VM code, C=native code)
V  [jvm.dll+0x5f214a]
V  [jvm.dll+0x726fb5]
V  [jvm.dll+0x7285cd]
V  [jvm.dll+0x728be5]
V  [jvm.dll+0x728b9b]
V  [jvm.dll+0x5f14e8]
V  [jvm.dll+0x5f1c78]
C  [ntdll.dll+0xa229f]
C  [ntdll.dll+0x51454]
C  [ntdll.dll+0xa0dce]
C  0x00000152aec110e7

VM_Operation (0x0000004d774f92a0): G1CollectForAllocation, mode: safepoint, requested by thread 0x00000152c6833000


---------------  P R O C E S S  ---------------

Threads class SMR info:
_java_thread_list=0x00000152ce2fbb60, length=133, elements={
0x00000152ab10d800, 0x00000152c5583800, 0x00000152c558d800, 0x00000152c5f03800,
0x00000152c5f05000, 0x00000152c5f07800, 0x00000152c5f0c800, 0x00000152c5f0e800,
0x00000152c5f12800, 0x00000152c6080800, 0x00000152c7459000, 0x00000152c7f60800,
0x00000152c7383800, 0x00000152c8108800, 0x00000152c7900000, 0x00000152c6fb3800,
0x00000152c7eaa800, 0x00000152c78e7000, 0x00000152c79ab000, 0x00000152c79ad800,
0x00000152c79b1800, 0x00000152c79af000, 0x00000152c79ab800, 0x00000152c79b0000,
0x00000152c79b0800, 0x00000152c79ac800, 0x00000152c79ae000, 0x00000152c6828800,
0x00000152c682a000, 0x00000152c682c800, 0x00000152c6829800, 0x00000152c6827000,
0x00000152c6831800, 0x00000152c682d800, 0x00000152c682f000, 0x00000152c6830000,
0x00000152c6830800, 0x00000152c682e000, 0x00000152c682c000, 0x00000152c6834000,
0x00000152c6835000, 0x00000152c6832800, 0x00000152c6833000, 0x00000152c6835800,
0x00000152cc445800, 0x00000152cc449800, 0x00000152cc446000, 0x00000152cc447000,
0x00000152cc448800, 0x00000152cc447800, 0x00000152cc443800, 0x00000152cc44a000,
0x00000152cc444800, 0x00000152cc44c000, 0x00000152cc450800, 0x00000152cc44b000,
0x00000152cc451800, 0x00000152cc44e800, 0x00000152cc44d800, 0x00000152cc452800,
0x00000152cc44c800, 0x00000152cc44f000, 0x00000152cc450000, 0x00000152c8b72800,
0x00000152c8b74000, 0x00000152c8b71000, 0x00000152c8b75800, 0x00000152c8b71800,
0x00000152c8b75000, 0x00000152c8b78000, 0x00000152c8b79000, 0x00000152c8b77800,
0x00000152c8b76800, 0x00000152c8b73000, 0x00000152c8b7a000, 0x00000152c8b7e000,
0x00000152c8b7a800, 0x00000152c8b7c000, 0x00000152c8b7b800, 0x00000152c8b7e800,
0x00000152c8b7d000, 0x00000152c8b7f800, 0x00000152cc415000, 0x00000152cc41a000,
0x00000152cc41b000, 0x00000152cc41b800, 0x00000152cc416000, 0x00000152cc41c800,
0x00000152cc417000, 0x00000152cc41d800, 0x00000152cc419800, 0x00000152cc417800,
0x00000152cc41e000, 0x00000152cc418800, 0x00000152cc422800, 0x00000152cc423000,
0x00000152cc41f000, 0x00000152cc420000, 0x00000152cc424000, 0x00000152cc420800,
0x00000152cc421800, 0x00000152ca740800, 0x00000152ca742000, 0x00000152ca741000,
0x00000152ca73e000, 0x00000152ca73c800, 0x00000152ca743000, 0x00000152ca73d000,
0x00000152ca73e800, 0x00000152ca743800, 0x00000152ca744800, 0x00000152ca745800,
0x00000152ca73f800, 0x00000152ca74b000, 0x00000152ca747000, 0x00000152ca746000,
0x00000152ca747800, 0x00000152ca748800, 0x00000152ca74a000, 0x00000152ca749800,
0x00000152ca756000, 0x00000152ca754800, 0x00000152ca757800, 0x00000152ca758800,
0x00000152ca75b000, 0x00000152ca759000, 0x00000152ca755000, 0x00000152ca75b800,
0x00000152ca75f000, 0x00000152ca75e000, 0x00000152ca75f800, 0x00000152ca75c800,
0x00000152ca75a000
}

Java Threads: ( => current thread )
  0x00000152ab10d800 JavaThread "main" [_thread_blocked, id=31580, stack(0x0000004d73b00000,0x0000004d73c00000)]
  0x00000152c5583800 JavaThread "Reference Handler" daemon [_thread_blocked, id=2532, stack(0x0000004d74200000,0x0000004d74300000)]
  0x00000152c558d800 JavaThread "Finalizer" daemon [_thread_blocked, id=18804, stack(0x0000004d74300000,0x0000004d74400000)]
  0x00000152c5f03800 JavaThread "Signal Dispatcher" daemon [_thread_blocked, id=24928, stack(0x0000004d74400000,0x0000004d74500000)]
  0x00000152c5f05000 JavaThread "Attach Listener" daemon [_thread_blocked, id=33664, stack(0x0000004d74500000,0x0000004d74600000)]
  0x00000152c5f07800 JavaThread "Service Thread" daemon [_thread_blocked, id=13820, stack(0x0000004d74600000,0x0000004d74700000)]
  0x00000152c5f0c800 JavaThread "C2 CompilerThread0" daemon [_thread_in_native, id=29540, stack(0x0000004d74700000,0x0000004d74800000)]
  0x00000152c5f0e800 JavaThread "C1 CompilerThread0" daemon [_thread_blocked, id=31188, stack(0x0000004d74800000,0x0000004d74900000)]
  0x00000152c5f12800 JavaThread "Sweeper thread" daemon [_thread_blocked, id=24204, stack(0x0000004d74900000,0x0000004d74a00000)]
  0x00000152c6080800 JavaThread "Common-Cleaner" daemon [_thread_blocked, id=33788, stack(0x0000004d74a00000,0x0000004d74b00000)]
  0x00000152c7459000 JavaThread "Daemon health stats" [_thread_blocked, id=32968, stack(0x0000004d74e00000,0x0000004d74f00000)]
  0x00000152c7f60800 JavaThread "Incoming local TCP Connector on port 63729" [_thread_in_native, id=4404, stack(0x0000004d74f00000,0x0000004d75000000)]
  0x00000152c7383800 JavaThread "Daemon periodic checks" [_thread_blocked, id=10192, stack(0x0000004d75000000,0x0000004d75100000)]
  0x00000152c8108800 JavaThread "Daemon" [_thread_blocked, id=16220, stack(0x0000004d75100000,0x0000004d75200000)]
  0x00000152c7900000 JavaThread "Handler for socket connection from /127.0.0.1:63729 to /127.0.0.1:63730" [_thread_in_native, id=31912, stack(0x0000004d75200000,0x0000004d75300000)]
  0x00000152c6fb3800 JavaThread "Cancel handler" [_thread_blocked, id=19496, stack(0x0000004d75300000,0x0000004d75400000)]
  0x00000152c7eaa800 JavaThread "Daemon worker" [_thread_blocked, id=13776, stack(0x0000004d75400000,0x0000004d75500000)]
  0x00000152c78e7000 JavaThread "Asynchronous log dispatcher for DefaultDaemonConnection: socket connection from /127.0.0.1:63729 to /127.0.0.1:63730" [_thread_blocked, id=32376, stack(0x0000004d75500000,0x0000004d75600000)]
  0x00000152c79ab000 JavaThread "Stdin handler" [_thread_blocked, id=32944, stack(0x0000004d75600000,0x0000004d75700000)]
  0x00000152c79ad800 JavaThread "Daemon client event forwarder" [_thread_blocked, id=28200, stack(0x0000004d75700000,0x0000004d75800000)]
  0x00000152c79b1800 JavaThread "Cache worker for journal cache (C:\Users\User\.gradle\caches\journal-1)" [_thread_blocked, id=23908, stack(0x0000004d75d00000,0x0000004d75e00000)]
  0x00000152c79af000 JavaThread "File lock request listener" [_thread_in_native, id=33752, stack(0x0000004d75e00000,0x0000004d75f00000)]
  0x00000152c79ab800 JavaThread "Cache worker for file hash cache (C:\Users\User\.gradle\caches\7.2\fileHashes)" [_thread_blocked, id=12460, stack(0x0000004d75f00000,0x0000004d76000000)]
  0x00000152c79b0000 JavaThread "Cache worker for file hash cache (C:\Users\User\AndroidStudioProjects\DemoWeather\.gradle\7.2\fileHashes)" [_thread_blocked, id=3320, stack(0x0000004d76100000,0x0000004d76200000)]
  0x00000152c79b0800 JavaThread "File watcher server" daemon [_thread_blocked, id=9168, stack(0x0000004d76200000,0x0000004d76300000)]
  0x00000152c79ac800 JavaThread "File watcher consumer" daemon [_thread_blocked, id=27520, stack(0x0000004d76300000,0x0000004d76400000)]
  0x00000152c79ae000 JavaThread "Cache worker for checksums cache (C:\Users\User\AndroidStudioProjects\DemoWeather\.gradle\checksums)" [_thread_blocked, id=28228, stack(0x0000004d76400000,0x0000004d76500000)]
  0x00000152c6828800 JavaThread "Cache worker for cache directory md-supplier (C:\Users\User\.gradle\caches\7.2\md-supplier)" [_thread_blocked, id=25048, stack(0x0000004d76500000,0x0000004d76600000)]
  0x00000152c682a000 JavaThread "Cache worker for cache directory md-rule (C:\Users\User\.gradle\caches\7.2\md-rule)" [_thread_blocked, id=27868, stack(0x0000004d76600000,0x0000004d76700000)]
  0x00000152c682c800 JavaThread "Cache worker for execution history cache (C:\Users\User\.gradle\caches\7.2\executionHistory)" [_thread_blocked, id=2212, stack(0x0000004d76700000,0x0000004d76800000)]
  0x00000152c6829800 JavaThread "jar transforms" [_thread_blocked, id=8480, stack(0x0000004d76800000,0x0000004d76900000)]
  0x00000152c6827000 JavaThread "Cache worker for file content cache (C:\Users\User\.gradle\caches\7.2\fileContent)" [_thread_blocked, id=34048, stack(0x0000004d76900000,0x0000004d76a00000)]
  0x00000152c6831800 JavaThread "jar transforms Thread 2" [_thread_blocked, id=32820, stack(0x0000004d76a00000,0x0000004d76b00000)]
  0x00000152c682d800 JavaThread "Cache worker for dependencies-accessors (C:\Users\User\AndroidStudioProjects\DemoWeather\.gradle\7.2\dependencies-accessors)" [_thread_blocked, id=9716, stack(0x0000004d76b00000,0x0000004d76c00000)]
  0x00000152c682f000 JavaThread "jar transforms Thread 3" [_thread_blocked, id=13692, stack(0x0000004d76c00000,0x0000004d76d00000)]
  0x00000152c6830000 JavaThread "Cache worker for Build Output Cleanup Cache (C:\Users\User\AndroidStudioProjects\DemoWeather\.gradle\buildOutputCleanup)" [_thread_blocked, id=4452, stack(0x0000004d76d00000,0x0000004d76e00000)]
  0x00000152c6830800 JavaThread "Unconstrained build operations" [_thread_blocked, id=18520, stack(0x0000004d76e00000,0x0000004d76f00000)]
  0x00000152c682e000 JavaThread "Unconstrained build operations Thread 2" [_thread_blocked, id=15332, stack(0x0000004d76f00000,0x0000004d77000000)]
  0x00000152c682c000 JavaThread "Unconstrained build operations Thread 3" [_thread_blocked, id=11432, stack(0x0000004d77000000,0x0000004d77100000)]
  0x00000152c6834000 JavaThread "Unconstrained build operations Thread 4" [_thread_blocked, id=14248, stack(0x0000004d77100000,0x0000004d77200000)]
  0x00000152c6835000 JavaThread "Unconstrained build operations Thread 5" [_thread_blocked, id=32972, stack(0x0000004d77200000,0x0000004d77300000)]
  0x00000152c6832800 JavaThread "Unconstrained build operations Thread 6" [_thread_blocked, id=6196, stack(0x0000004d77300000,0x0000004d77400000)]
  0x00000152c6833000 JavaThread "Unconstrained build operations Thread 7" [_thread_blocked, id=19072, stack(0x0000004d77400000,0x0000004d77500000)]
  0x00000152c6835800 JavaThread "Unconstrained build operations Thread 8" [_thread_blocked, id=9916, stack(0x0000004d77500000,0x0000004d77600000)]
  0x00000152cc445800 JavaThread "Unconstrained build operations Thread 9" [_thread_blocked, id=30776, stack(0x0000004d77600000,0x0000004d77700000)]
  0x00000152cc449800 JavaThread "Unconstrained build operations Thread 10" [_thread_blocked, id=34036, stack(0x0000004d77700000,0x0000004d77800000)]
  0x00000152cc446000 JavaThread "Unconstrained build operations Thread 11" [_thread_blocked, id=1532, stack(0x0000004d77800000,0x0000004d77900000)]
  0x00000152cc447000 JavaThread "Unconstrained build operations Thread 12" [_thread_blocked, id=21620, stack(0x0000004d77900000,0x0000004d77a00000)]
  0x00000152cc448800 JavaThread "Unconstrained build operations Thread 13" [_thread_blocked, id=29536, stack(0x0000004d77a00000,0x0000004d77b00000)]
  0x00000152cc447800 JavaThread "Unconstrained build operations Thread 14" [_thread_blocked, id=15832, stack(0x0000004d77b00000,0x0000004d77c00000)]
  0x00000152cc443800 JavaThread "Unconstrained build operations Thread 15" [_thread_blocked, id=13896, stack(0x0000004d77c00000,0x0000004d77d00000)]
  0x00000152cc44a000 JavaThread "Unconstrained build operations Thread 16" [_thread_blocked, id=20652, stack(0x0000004d77d00000,0x0000004d77e00000)]
  0x00000152cc444800 JavaThread "Unconstrained build operations Thread 17" [_thread_blocked, id=24012, stack(0x0000004d77e00000,0x0000004d77f00000)]
  0x00000152cc44c000 JavaThread "Unconstrained build operations Thread 18" [_thread_blocked, id=5312, stack(0x0000004d77f00000,0x0000004d78000000)]
  0x00000152cc450800 JavaThread "Unconstrained build operations Thread 19" [_thread_blocked, id=11216, stack(0x0000004d78000000,0x0000004d78100000)]
  0x00000152cc44b000 JavaThread "Unconstrained build operations Thread 20" [_thread_blocked, id=25580, stack(0x0000004d78100000,0x0000004d78200000)]
  0x00000152cc451800 JavaThread "Unconstrained build operations Thread 21" [_thread_blocked, id=32608, stack(0x0000004d78200000,0x0000004d78300000)]
  0x00000152cc44e800 JavaThread "Unconstrained build operations Thread 22" [_thread_blocked, id=14308, stack(0x0000004d78300000,0x0000004d78400000)]
  0x00000152cc44d800 JavaThread "Unconstrained build operations Thread 23" [_thread_blocked, id=10200, stack(0x0000004d78400000,0x0000004d78500000)]
  0x00000152cc452800 JavaThread "Unconstrained build operations Thread 24" [_thread_blocked, id=4040, stack(0x0000004d78500000,0x0000004d78600000)]
  0x00000152cc44c800 JavaThread "Unconstrained build operations Thread 25" [_thread_blocked, id=34080, stack(0x0000004d78600000,0x0000004d78700000)]
  0x00000152cc44f000 JavaThread "Unconstrained build operations Thread 26" [_thread_blocked, id=34324, stack(0x0000004d78700000,0x0000004d78800000)]
  0x00000152cc450000 JavaThread "Unconstrained build operations Thread 27" [_thread_blocked, id=3824, stack(0x0000004d78800000,0x0000004d78900000)]
  0x00000152c8b72800 JavaThread "Unconstrained build operations Thread 28" [_thread_blocked, id=10648, stack(0x0000004d78900000,0x0000004d78a00000)]
  0x00000152c8b74000 JavaThread "Unconstrained build operations Thread 29" [_thread_blocked, id=7368, stack(0x0000004d78a00000,0x0000004d78b00000)]
  0x00000152c8b71000 JavaThread "Unconstrained build operations Thread 30" [_thread_blocked, id=3876, stack(0x0000004d78b00000,0x0000004d78c00000)]
  0x00000152c8b75800 JavaThread "Unconstrained build operations Thread 31" [_thread_blocked, id=29976, stack(0x0000004d78c00000,0x0000004d78d00000)]
  0x00000152c8b71800 JavaThread "Unconstrained build operations Thread 32" [_thread_blocked, id=30804, stack(0x0000004d78d00000,0x0000004d78e00000)]
  0x00000152c8b75000 JavaThread "Unconstrained build operations Thread 33" [_thread_blocked, id=19988, stack(0x0000004d78e00000,0x0000004d78f00000)]
  0x00000152c8b78000 JavaThread "Unconstrained build operations Thread 34" [_thread_blocked, id=29728, stack(0x0000004d78f00000,0x0000004d79000000)]
  0x00000152c8b79000 JavaThread "Unconstrained build operations Thread 35" [_thread_blocked, id=18724, stack(0x0000004d79000000,0x0000004d79100000)]
  0x00000152c8b77800 JavaThread "Unconstrained build operations Thread 36" [_thread_blocked, id=28052, stack(0x0000004d79100000,0x0000004d79200000)]
  0x00000152c8b76800 JavaThread "Unconstrained build operations Thread 37" [_thread_blocked, id=5996, stack(0x0000004d79200000,0x0000004d79300000)]
  0x00000152c8b73000 JavaThread "Unconstrained build operations Thread 38" [_thread_blocked, id=1580, stack(0x0000004d79300000,0x0000004d79400000)]
  0x00000152c8b7a000 JavaThread "Unconstrained build operations Thread 39" [_thread_blocked, id=20548, stack(0x0000004d79400000,0x0000004d79500000)]
  0x00000152c8b7e000 JavaThread "Unconstrained build operations Thread 40" [_thread_blocked, id=14052, stack(0x0000004d79500000,0x0000004d79600000)]
  0x00000152c8b7a800 JavaThread "Unconstrained build operations Thread 41" [_thread_blocked, id=19632, stack(0x0000004d79600000,0x0000004d79700000)]
  0x00000152c8b7c000 JavaThread "Unconstrained build operations Thread 42" [_thread_blocked, id=21768, stack(0x0000004d79700000,0x0000004d79800000)]
  0x00000152c8b7b800 JavaThread "Unconstrained build operations Thread 43" [_thread_blocked, id=9140, stack(0x0000004d79800000,0x0000004d79900000)]
  0x00000152c8b7e800 JavaThread "Unconstrained build operations Thread 44" [_thread_blocked, id=14432, stack(0x0000004d79900000,0x0000004d79a00000)]
  0x00000152c8b7d000 JavaThread "Unconstrained build operations Thread 45" [_thread_blocked, id=17600, stack(0x0000004d79a00000,0x0000004d79b00000)]
  0x00000152c8b7f800 JavaThread "Unconstrained build operations Thread 46" [_thread_blocked, id=6948, stack(0x0000004d79b00000,0x0000004d79c00000)]
  0x00000152cc415000 JavaThread "Unconstrained build operations Thread 47" [_thread_blocked, id=26556, stack(0x0000004d79c00000,0x0000004d79d00000)]
  0x00000152cc41a000 JavaThread "Unconstrained build operations Thread 48" [_thread_blocked, id=31960, stack(0x0000004d79d00000,0x0000004d79e00000)]
  0x00000152cc41b000 JavaThread "Unconstrained build operations Thread 49" [_thread_blocked, id=22424, stack(0x0000004d79e00000,0x0000004d79f00000)]
  0x00000152cc41b800 JavaThread "Unconstrained build operations Thread 50" [_thread_blocked, id=25144, stack(0x0000004d79f00000,0x0000004d7a000000)]
  0x00000152cc416000 JavaThread "Unconstrained build operations Thread 51" [_thread_blocked, id=30424, stack(0x0000004d7a000000,0x0000004d7a100000)]
  0x00000152cc41c800 JavaThread "Unconstrained build operations Thread 52" [_thread_blocked, id=30812, stack(0x0000004d7a100000,0x0000004d7a200000)]
  0x00000152cc417000 JavaThread "Unconstrained build operations Thread 53" [_thread_blocked, id=9144, stack(0x0000004d7a200000,0x0000004d7a300000)]
  0x00000152cc41d800 JavaThread "Unconstrained build operations Thread 54" [_thread_blocked, id=27908, stack(0x0000004d7a300000,0x0000004d7a400000)]
  0x00000152cc419800 JavaThread "Unconstrained build operations Thread 55" [_thread_blocked, id=24496, stack(0x0000004d7a400000,0x0000004d7a500000)]
  0x00000152cc417800 JavaThread "Unconstrained build operations Thread 56" [_thread_blocked, id=16492, stack(0x0000004d7a500000,0x0000004d7a600000)]
  0x00000152cc41e000 JavaThread "Unconstrained build operations Thread 57" [_thread_blocked, id=15812, stack(0x0000004d7a600000,0x0000004d7a700000)]
  0x00000152cc418800 JavaThread "Unconstrained build operations Thread 58" [_thread_blocked, id=6824, stack(0x0000004d7a700000,0x0000004d7a800000)]
  0x00000152cc422800 JavaThread "Unconstrained build operations Thread 59" [_thread_blocked, id=1164, stack(0x0000004d7a800000,0x0000004d7a900000)]
  0x00000152cc423000 JavaThread "Unconstrained build operations Thread 60" [_thread_blocked, id=33152, stack(0x0000004d7a900000,0x0000004d7aa00000)]
  0x00000152cc41f000 JavaThread "Unconstrained build operations Thread 61" [_thread_blocked, id=17380, stack(0x0000004d7aa00000,0x0000004d7ab00000)]
  0x00000152cc420000 JavaThread "Unconstrained build operations Thread 62" [_thread_blocked, id=34268, stack(0x0000004d7ab00000,0x0000004d7ac00000)]
  0x00000152cc424000 JavaThread "Unconstrained build operations Thread 63" [_thread_blocked, id=14412, stack(0x0000004d7ac00000,0x0000004d7ad00000)]
  0x00000152cc420800 JavaThread "Unconstrained build operations Thread 64" [_thread_blocked, id=14140, stack(0x0000004d7ad00000,0x0000004d7ae00000)]
  0x00000152cc421800 JavaThread "Unconstrained build operations Thread 65" [_thread_blocked, id=21408, stack(0x0000004d7ae00000,0x0000004d7af00000)]
  0x00000152ca740800 JavaThread "Unconstrained build operations Thread 66" [_thread_blocked, id=17120, stack(0x0000004d7af00000,0x0000004d7b000000)]
  0x00000152ca742000 JavaThread "Unconstrained build operations Thread 67" [_thread_blocked, id=26260, stack(0x0000004d7b000000,0x0000004d7b100000)]
  0x00000152ca741000 JavaThread "Unconstrained build operations Thread 68" [_thread_blocked, id=26404, stack(0x0000004d7b100000,0x0000004d7b200000)]
  0x00000152ca73e000 JavaThread "Unconstrained build operations Thread 69" [_thread_blocked, id=19824, stack(0x0000004d7b200000,0x0000004d7b300000)]
  0x00000152ca73c800 JavaThread "Unconstrained build operations Thread 70" [_thread_blocked, id=32976, stack(0x0000004d7b300000,0x0000004d7b400000)]
  0x00000152ca743000 JavaThread "Unconstrained build operations Thread 71" [_thread_blocked, id=27220, stack(0x0000004d7b400000,0x0000004d7b500000)]
  0x00000152ca73d000 JavaThread "Unconstrained build operations Thread 72" [_thread_blocked, id=31488, stack(0x0000004d7b500000,0x0000004d7b600000)]
  0x00000152ca73e800 JavaThread "Unconstrained build operations Thread 73" [_thread_blocked, id=34400, stack(0x0000004d7b600000,0x0000004d7b700000)]
  0x00000152ca743800 JavaThread "Unconstrained build operations Thread 74" [_thread_blocked, id=33096, stack(0x0000004d7b700000,0x0000004d7b800000)]
  0x00000152ca744800 JavaThread "Unconstrained build operations Thread 75" [_thread_blocked, id=10720, stack(0x0000004d7b800000,0x0000004d7b900000)]
  0x00000152ca745800 JavaThread "Unconstrained build operations Thread 76" [_thread_blocked, id=12588, stack(0x0000004d7b900000,0x0000004d7ba00000)]
  0x00000152ca73f800 JavaThread "Unconstrained build operations Thread 77" [_thread_blocked, id=31412, stack(0x0000004d7ba00000,0x0000004d7bb00000)]
  0x00000152ca74b000 JavaThread "Unconstrained build operations Thread 78" [_thread_blocked, id=30284, stack(0x0000004d7bb00000,0x0000004d7bc00000)]
  0x00000152ca747000 JavaThread "Unconstrained build operations Thread 79" [_thread_blocked, id=20472, stack(0x0000004d7bc00000,0x0000004d7bd00000)]
  0x00000152ca746000 JavaThread "Unconstrained build operations Thread 80" [_thread_blocked, id=33168, stack(0x0000004d7bd00000,0x0000004d7be00000)]
  0x00000152ca747800 JavaThread "jar transforms Thread 4" [_thread_blocked, id=32156, stack(0x0000004d7be00000,0x0000004d7bf00000)]
  0x00000152ca748800 JavaThread "jar transforms Thread 5" [_thread_blocked, id=4280, stack(0x0000004d7bf00000,0x0000004d7c000000)]
  0x00000152ca74a000 JavaThread "jar transforms Thread 6" [_thread_blocked, id=22744, stack(0x0000004d7c000000,0x0000004d7c100000)]
  0x00000152ca749800 JavaThread "jar transforms Thread 7" [_thread_blocked, id=31872, stack(0x0000004d7c100000,0x0000004d7c200000)]
  0x00000152ca756000 JavaThread "jar transforms Thread 8" [_thread_blocked, id=2044, stack(0x0000004d7c200000,0x0000004d7c300000)]
  0x00000152ca754800 JavaThread "Memory manager" [_thread_blocked, id=14160, stack(0x0000004d7c300000,0x0000004d7c400000)]
  0x00000152ca757800 JavaThread "build event listener" [_thread_blocked, id=13348, stack(0x0000004d7c400000,0x0000004d7c500000)]
  0x00000152ca758800 JavaThread "Execution worker for ':'" [_thread_blocked, id=20916, stack(0x0000004d7c500000,0x0000004d7c600000)]
  0x00000152ca75b000 JavaThread "Execution worker for ':' Thread 2" [_thread_blocked, id=34652, stack(0x0000004d7c600000,0x0000004d7c700000)]
  0x00000152ca759000 JavaThread "Execution worker for ':' Thread 3" [_thread_blocked, id=13396, stack(0x0000004d7c700000,0x0000004d7c800000)]
  0x00000152ca755000 JavaThread "Execution worker for ':' Thread 4" [_thread_blocked, id=6580, stack(0x0000004d7c800000,0x0000004d7c900000)]
  0x00000152ca75b800 JavaThread "Execution worker for ':' Thread 5" [_thread_blocked, id=12064, stack(0x0000004d7c900000,0x0000004d7ca00000)]
  0x00000152ca75f000 JavaThread "Execution worker for ':' Thread 6" [_thread_blocked, id=6624, stack(0x0000004d7ca00000,0x0000004d7cb00000)]
  0x00000152ca75e000 JavaThread "Execution worker for ':' Thread 7" [_thread_blocked, id=5832, stack(0x0000004d7cb00000,0x0000004d7cc00000)]
  0x00000152ca75f800 JavaThread "Cache worker for execution history cache (C:\Users\User\AndroidStudioProjects\DemoWeather\.gradle\7.2\executionHistory)" [_thread_blocked, id=4184, stack(0x0000004d7cc00000,0x0000004d7cd00000)]
  0x00000152ca75c800 JavaThread "WorkerExecutor Queue" [_thread_blocked, id=15128, stack(0x0000004d7cd00000,0x0000004d7ce00000)]
  0x00000152ca75a000 JavaThread "WorkerExecutor Queue Thread 2" [_thread_blocked, id=5768, stack(0x0000004d7ce00000,0x0000004d7cf00000)]

Other Threads:
=>0x00000152c557e000 VMThread "VM Thread" [stack: 0x0000004d74100000,0x0000004d74200000] [id=21468]
  0x00000152c60bb000 WatcherThread [stack: 0x0000004d74b00000,0x0000004d74c00000] [id=34320]
  0x00000152ab127800 GCTaskThread "GC Thread#0" [stack: 0x0000004d73c00000,0x0000004d73d00000] [id=29120]
  0x00000152c6c71800 GCTaskThread "GC Thread#1" [stack: 0x0000004d74c00000,0x0000004d74d00000] [id=16440]
  0x00000152c6c72000 GCTaskThread "GC Thread#2" [stack: 0x0000004d74d00000,0x0000004d74e00000] [id=33644]
  0x00000152c6fb4800 GCTaskThread "GC Thread#3" [stack: 0x0000004d75800000,0x0000004d75900000] [id=23732]
  0x00000152c7eab000 GCTaskThread "GC Thread#4" [stack: 0x0000004d75900000,0x0000004d75a00000] [id=25952]
  0x00000152c7f9d000 GCTaskThread "GC Thread#5" [stack: 0x0000004d75a00000,0x0000004d75b00000] [id=23604]
  0x00000152c7f99800 GCTaskThread "GC Thread#6" [stack: 0x0000004d75b00000,0x0000004d75c00000] [id=16236]
  0x00000152c7f9a000 GCTaskThread "GC Thread#7" [stack: 0x0000004d75c00000,0x0000004d75d00000] [id=25204]
  0x00000152ab157000 ConcurrentGCThread "G1 Main Marker" [stack: 0x0000004d73d00000,0x0000004d73e00000] [id=3584]
  0x00000152ab159800 ConcurrentGCThread "G1 Conc#0" [stack: 0x0000004d73e00000,0x0000004d73f00000] [id=21164]
  0x00000152c7fba000 ConcurrentGCThread "G1 Conc#1" [stack: 0x0000004d76000000,0x0000004d76100000] [id=20200]
  0x00000152c53d0800 ConcurrentGCThread "G1 Refine#0" [stack: 0x0000004d73f00000,0x0000004d74000000] [id=25236]
  0x00000152c53d1800 ConcurrentGCThread "G1 Young RemSet Sampling" [stack: 0x0000004d74000000,0x0000004d74100000] [id=26068]

Threads with active compile tasks:
C2 CompilerThread0  18422 10864 %     4       com.android.tools.r8.internal.mH0::a @ 2572 (6068 bytes)
C1 CompilerThread0  18422 12393       3       com.android.tools.r8.internal.hI0::j (631 bytes)

VM state:at safepoint (normal execution)

VM Mutex/Monitor currently owned by a thread:  ([mutex/lock_event])
[0x00000152ab10a620] Threads_lock - owner thread: 0x00000152c557e000
[0x00000152ab108e80] Heap_lock - owner thread: 0x00000152c6833000

Heap address: 0x0000000080000000, size: 2048 MB, Compressed Oops mode: 32-bit
Narrow klass base: 0x0000000000000000, Narrow klass shift: 3
Compressed class space size: 1073741824 Address: 0x0000000100000000

Heap:
 garbage-first heap   total 344064K, used 121205K [0x0000000080000000, 0x0000000100000000)
  region size 1024K, 2 young (2048K), 2 survivors (2048K)
 Metaspace       used 97481K, capacity 99832K, committed 100336K, reserved 1136640K
  class space    used 12861K, capacity 13800K, committed 14028K, reserved 1048576K
Heap Regions: E=young(eden), S=young(survivor), O=old, HS=humongous(starts), HC=humongous(continues), CS=collection set, F=free, A=archive, TAMS=top-at-mark-start (previous, next)
|   0|0x0000000080000000, 0x0000000080100000, 0x0000000080100000|100%| O|  |TAMS 0x0000000080100000, 0x0000000080100000| Untracked 
|   1|0x0000000080100000, 0x0000000080200000, 0x0000000080200000|100%| O|  |TAMS 0x0000000080200000, 0x0000000080200000| Untracked 
|   2|0x0000000080200000, 0x0000000080300000, 0x0000000080300000|100%| O|  |TAMS 0x0000000080300000, 0x0000000080300000| Untracked 
|   3|0x0000000080300000, 0x0000000080400000, 0x0000000080400000|100%|HS|  |TAMS 0x0000000080400000, 0x0000000080400000| Complete 
|   4|0x0000000080400000, 0x0000000080500000, 0x0000000080500000|100%|HC|  |TAMS 0x0000000080500000, 0x0000000080500000| Complete 
|   5|0x0000000080500000, 0x0000000080600000, 0x0000000080600000|100%|HC|  |TAMS 0x0000000080600000, 0x0000000080600000| Complete 
|   6|0x0000000080600000, 0x0000000080700000, 0x0000000080700000|100%| O|  |TAMS 0x0000000080700000, 0x0000000080700000| Untracked 
|   7|0x0000000080700000, 0x0000000080800000, 0x0000000080800000|100%| O|  |TAMS 0x0000000080800000, 0x0000000080800000| Untracked 
|   8|0x0000000080800000, 0x0000000080900000, 0x0000000080900000|100%| O|  |TAMS 0x0000000080900000, 0x0000000080900000| Untracked 
|   9|0x0000000080900000, 0x0000000080a00000, 0x0000000080a00000|100%| O|  |TAMS 0x0000000080a00000, 0x0000000080a00000| Untracked 
|  10|0x0000000080a00000, 0x0000000080b00000, 0x0000000080b00000|100%| O|  |TAMS 0x0000000080b00000, 0x0000000080b00000| Untracked 
|  11|0x0000000080b00000, 0x0000000080c00000, 0x0000000080c00000|100%| O|  |TAMS 0x0000000080c00000, 0x0000000080c00000| Untracked 
|  12|0x0000000080c00000, 0x0000000080d00000, 0x0000000080d00000|100%| O|  |TAMS 0x0000000080d00000, 0x0000000080d00000| Untracked 
|  13|0x0000000080d00000, 0x0000000080e00000, 0x0000000080e00000|100%| O|  |TAMS 0x0000000080e00000, 0x0000000080e00000| Untracked 
|  14|0x0000000080e00000, 0x0000000080f00000, 0x0000000080f00000|100%| O|  |TAMS 0x0000000080f00000, 0x0000000080f00000| Untracked 
|  15|0x0000000080f00000, 0x0000000081000000, 0x0000000081000000|100%| O|  |TAMS 0x0000000081000000, 0x0000000081000000| Untracked 
|  16|0x0000000081000000, 0x0000000081100000, 0x0000000081100000|100%|HS|  |TAMS 0x0000000081100000, 0x0000000081100000| Complete 
|  17|0x0000000081100000, 0x0000000081200000, 0x0000000081200000|100%| O|  |TAMS 0x0000000081200000, 0x0000000081200000| Untracked 
|  18|0x0000000081200000, 0x0000000081300000, 0x0000000081300000|100%| O|  |TAMS 0x0000000081300000, 0x0000000081300000| Untracked 
|  19|0x0000000081300000, 0x0000000081400000, 0x0000000081400000|100%| O|  |TAMS 0x0000000081400000, 0x0000000081400000| Untracked 
|  20|0x0000000081400000, 0x0000000081500000, 0x0000000081500000|100%| O|  |TAMS 0x0000000081500000, 0x0000000081500000| Untracked 
|  21|0x0000000081500000, 0x0000000081600000, 0x0000000081600000|100%| O|  |TAMS 0x0000000081600000, 0x0000000081600000| Untracked 
|  22|0x0000000081600000, 0x0000000081700000, 0x0000000081700000|100%| O|  |TAMS 0x0000000081700000, 0x0000000081700000| Untracked 
|  23|0x0000000081700000, 0x0000000081800000, 0x0000000081800000|100%| O|  |TAMS 0x0000000081800000, 0x0000000081800000| Untracked 
|  24|0x0000000081800000, 0x0000000081900000, 0x0000000081900000|100%| O|  |TAMS 0x0000000081900000, 0x0000000081900000| Untracked 
|  25|0x0000000081900000, 0x0000000081a00000, 0x0000000081a00000|100%| O|  |TAMS 0x0000000081a00000, 0x0000000081a00000| Untracked 
|  26|0x0000000081a00000, 0x0000000081b00000, 0x0000000081b00000|100%| O|  |TAMS 0x0000000081b00000, 0x0000000081b00000| Untracked 
|  27|0x0000000081b00000, 0x0000000081c00000, 0x0000000081c00000|100%| O|  |TAMS 0x0000000081c00000, 0x0000000081c00000| Untracked 
|  28|0x0000000081c00000, 0x0000000081d00000, 0x0000000081d00000|100%|HS|  |TAMS 0x0000000081d00000, 0x0000000081d00000| Complete 
|  29|0x0000000081d00000, 0x0000000081e00000, 0x0000000081e00000|100%|HS|  |TAMS 0x0000000081e00000, 0x0000000081e00000| Complete 
|  30|0x0000000081e00000, 0x0000000081f00000, 0x0000000081f00000|100%|HS|  |TAMS 0x0000000081f00000, 0x0000000081f00000| Complete 
|  31|0x0000000081f00000, 0x0000000082000000, 0x0000000082000000|100%|HC|  |TAMS 0x0000000082000000, 0x0000000082000000| Complete 
|  32|0x0000000082000000, 0x0000000082100000, 0x0000000082100000|100%| O|  |TAMS 0x0000000082100000, 0x0000000082100000| Untracked 
|  33|0x0000000082100000, 0x0000000082200000, 0x0000000082200000|100%| O|  |TAMS 0x0000000082200000, 0x0000000082200000| Untracked 
|  34|0x0000000082200000, 0x0000000082300000, 0x0000000082300000|100%| O|  |TAMS 0x0000000082300000, 0x0000000082300000| Untracked 
|  35|0x0000000082300000, 0x0000000082400000, 0x0000000082400000|100%| O|  |TAMS 0x0000000082400000, 0x0000000082400000| Untracked 
|  36|0x0000000082400000, 0x0000000082500000, 0x0000000082500000|100%| O|  |TAMS 0x0000000082500000, 0x0000000082500000| Untracked 
|  37|0x0000000082500000, 0x0000000082600000, 0x0000000082600000|100%| O|  |TAMS 0x0000000082600000, 0x0000000082600000| Untracked 
|  38|0x0000000082600000, 0x0000000082700000, 0x0000000082700000|100%| O|  |TAMS 0x0000000082700000, 0x0000000082700000| Untracked 
|  39|0x0000000082700000, 0x0000000082800000, 0x0000000082800000|100%| O|  |TAMS 0x0000000082800000, 0x0000000082800000| Untracked 
|  40|0x0000000082800000, 0x0000000082900000, 0x0000000082900000|100%| O|  |TAMS 0x0000000082900000, 0x0000000082900000| Untracked 
|  41|0x0000000082900000, 0x0000000082a00000, 0x0000000082a00000|100%| O|  |TAMS 0x0000000082a00000, 0x0000000082a00000| Untracked 
|  42|0x0000000082a00000, 0x0000000082b00000, 0x0000000082b00000|100%| O|  |TAMS 0x0000000082b00000, 0x0000000082b00000| Untracked 
|  43|0x0000000082b00000, 0x0000000082c00000, 0x0000000082c00000|100%| O|  |TAMS 0x0000000082c00000, 0x0000000082c00000| Untracked 
|  44|0x0000000082c00000, 0x0000000082d00000, 0x0000000082d00000|100%| O|  |TAMS 0x0000000082d00000, 0x0000000082d00000| Untracked 
|  45|0x0000000082d00000, 0x0000000082e00000, 0x0000000082e00000|100%| O|  |TAMS 0x0000000082e00000, 0x0000000082e00000| Untracked 
|  46|0x0000000082e00000, 0x0000000082f00000, 0x0000000082f00000|100%| O|  |TAMS 0x0000000082f00000, 0x0000000082f00000| Untracked 
|  47|0x0000000082f00000, 0x0000000083000000, 0x0000000083000000|100%| O|  |TAMS 0x0000000083000000, 0x0000000083000000| Untracked 
|  48|0x0000000083000000, 0x0000000083100000, 0x0000000083100000|100%| O|  |TAMS 0x0000000083100000, 0x0000000083100000| Untracked 
|  49|0x0000000083100000, 0x0000000083200000, 0x0000000083200000|100%| O|  |TAMS 0x0000000083200000, 0x0000000083200000| Untracked 
|  50|0x0000000083200000, 0x0000000083300000, 0x0000000083300000|100%| O|  |TAMS 0x0000000083300000, 0x0000000083300000| Untracked 
|  51|0x0000000083300000, 0x0000000083400000, 0x0000000083400000|100%| O|  |TAMS 0x0000000083400000, 0x0000000083400000| Untracked 
|  52|0x0000000083400000, 0x0000000083500000, 0x0000000083500000|100%| O|  |TAMS 0x0000000083500000, 0x0000000083500000| Untracked 
|  53|0x0000000083500000, 0x0000000083600000, 0x0000000083600000|100%| O|  |TAMS 0x0000000083600000, 0x0000000083600000| Untracked 
|  54|0x0000000083600000, 0x0000000083700000, 0x0000000083700000|100%| O|  |TAMS 0x0000000083700000, 0x0000000083700000| Untracked 
|  55|0x0000000083700000, 0x0000000083800000, 0x0000000083800000|100%| O|  |TAMS 0x0000000083800000, 0x0000000083800000| Untracked 
|  56|0x0000000083800000, 0x0000000083900000, 0x0000000083900000|100%| O|  |TAMS 0x0000000083900000, 0x0000000083900000| Untracked 
|  57|0x0000000083900000, 0x0000000083a00000, 0x0000000083a00000|100%| O|  |TAMS 0x0000000083a00000, 0x0000000083a00000| Untracked 
|  58|0x0000000083a00000, 0x0000000083b00000, 0x0000000083b00000|100%| O|  |TAMS 0x0000000083b00000, 0x0000000083b00000| Untracked 
|  59|0x0000000083b00000, 0x0000000083c00000, 0x0000000083c00000|100%| O|  |TAMS 0x0000000083c00000, 0x0000000083c00000| Untracked 
|  60|0x0000000083c00000, 0x0000000083d00000, 0x0000000083d00000|100%| O|  |TAMS 0x0000000083d00000, 0x0000000083d00000| Untracked 
|  61|0x0000000083d00000, 0x0000000083e00000, 0x0000000083e00000|100%| O|  |TAMS 0x0000000083e00000, 0x0000000083e00000| Untracked 
|  62|0x0000000083e00000, 0x0000000083f00000, 0x0000000083f00000|100%| O|  |TAMS 0x0000000083f00000, 0x0000000083f00000| Untracked 
|  63|0x0000000083f00000, 0x0000000084000000, 0x0000000084000000|100%| O|  |TAMS 0x0000000084000000, 0x0000000084000000| Untracked 
|  64|0x0000000084000000, 0x0000000084100000, 0x0000000084100000|100%| O|  |TAMS 0x0000000084100000, 0x0000000084100000| Untracked 
|  65|0x0000000084100000, 0x0000000084200000, 0x0000000084200000|100%| O|  |TAMS 0x0000000084200000, 0x0000000084200000| Untracked 
|  66|0x0000000084200000, 0x0000000084300000, 0x0000000084300000|100%| O|  |TAMS 0x0000000084300000, 0x0000000084300000| Untracked 
|  67|0x0000000084300000, 0x0000000084400000, 0x0000000084400000|100%| O|  |TAMS 0x0000000084400000, 0x0000000084400000| Untracked 
|  68|0x0000000084400000, 0x0000000084500000, 0x0000000084500000|100%| O|  |TAMS 0x0000000084500000, 0x0000000084500000| Untracked 
|  69|0x0000000084500000, 0x0000000084600000, 0x0000000084600000|100%| O|  |TAMS 0x0000000084600000, 0x0000000084600000| Untracked 
|  70|0x0000000084600000, 0x0000000084700000, 0x0000000084700000|100%| O|  |TAMS 0x0000000084700000, 0x0000000084700000| Untracked 
|  71|0x0000000084700000, 0x0000000084800000, 0x0000000084800000|100%| O|  |TAMS 0x0000000084800000, 0x0000000084800000| Untracked 
|  72|0x0000000084800000, 0x0000000084900000, 0x0000000084900000|100%| O|  |TAMS 0x0000000084900000, 0x0000000084900000| Untracked 
|  73|0x0000000084900000, 0x0000000084a00000, 0x0000000084a00000|100%| O|  |TAMS 0x0000000084a00000, 0x0000000084a00000| Untracked 
|  74|0x0000000084a00000, 0x0000000084b00000, 0x0000000084b00000|100%| O|  |TAMS 0x0000000084b00000, 0x0000000084b00000| Untracked 
|  75|0x0000000084b00000, 0x0000000084c00000, 0x0000000084c00000|100%| O|  |TAMS 0x0000000084c00000, 0x0000000084c00000| Untracked 
|  76|0x0000000084c00000, 0x0000000084d00000, 0x0000000084d00000|100%| O|  |TAMS 0x0000000084d00000, 0x0000000084d00000| Untracked 
|  77|0x0000000084d00000, 0x0000000084e00000, 0x0000000084e00000|100%| O|  |TAMS 0x0000000084e00000, 0x0000000084e00000| Untracked 
|  78|0x0000000084e00000, 0x0000000084f00000, 0x0000000084f00000|100%| O|  |TAMS 0x0000000084f00000, 0x0000000084f00000| Untracked 
|  79|0x0000000084f00000, 0x0000000085000000, 0x0000000085000000|100%| O|  |TAMS 0x0000000085000000, 0x0000000085000000| Untracked 
|  80|0x0000000085000000, 0x0000000085100000, 0x0000000085100000|100%| O|  |TAMS 0x0000000085100000, 0x0000000085100000| Untracked 
|  81|0x0000000085100000, 0x0000000085200000, 0x0000000085200000|100%| O|  |TAMS 0x0000000085200000, 0x0000000085200000| Untracked 
|  82|0x0000000085200000, 0x0000000085300000, 0x0000000085300000|100%| O|  |TAMS 0x0000000085300000, 0x0000000085300000| Untracked 
|  83|0x0000000085300000, 0x0000000085400000, 0x0000000085400000|100%| O|  |TAMS 0x0000000085400000, 0x0000000085400000| Untracked 
|  84|0x0000000085400000, 0x0000000085500000, 0x0000000085500000|100%| O|  |TAMS 0x0000000085500000, 0x0000000085500000| Untracked 
|  85|0x0000000085500000, 0x0000000085600000, 0x0000000085600000|100%| O|  |TAMS 0x0000000085600000, 0x0000000085600000| Untracked 
|  86|0x0000000085600000, 0x0000000085700000, 0x0000000085700000|100%| O|  |TAMS 0x0000000085700000, 0x0000000085700000| Untracked 
|  87|0x0000000085700000, 0x0000000085800000, 0x0000000085800000|100%| O|  |TAMS 0x0000000085800000, 0x0000000085800000| Untracked 
|  88|0x0000000085800000, 0x0000000085900000, 0x0000000085900000|100%| O|  |TAMS 0x0000000085900000, 0x0000000085900000| Untracked 
|  89|0x0000000085900000, 0x0000000085a00000, 0x0000000085a00000|100%| O|  |TAMS 0x0000000085a00000, 0x0000000085a00000| Untracked 
|  90|0x0000000085a00000, 0x0000000085b00000, 0x0000000085b00000|100%| O|  |TAMS 0x0000000085b00000, 0x0000000085b00000| Untracked 
|  91|0x0000000085b00000, 0x0000000085c00000, 0x0000000085c00000|100%| O|  |TAMS 0x0000000085c00000, 0x0000000085c00000| Untracked 
|  92|0x0000000085c00000, 0x0000000085d00000, 0x0000000085d00000|100%| O|  |TAMS 0x0000000085d00000, 0x0000000085d00000| Untracked 
|  93|0x0000000085d00000, 0x0000000085e00000, 0x0000000085e00000|100%| O|  |TAMS 0x0000000085e00000, 0x0000000085e00000| Untracked 
|  94|0x0000000085e00000, 0x0000000085f00000, 0x0000000085f00000|100%| O|  |TAMS 0x0000000085f00000, 0x0000000085f00000| Untracked 
|  95|0x0000000085f00000, 0x0000000086000000, 0x0000000086000000|100%| O|  |TAMS 0x0000000086000000, 0x0000000086000000| Untracked 
|  96|0x0000000086000000, 0x0000000086100000, 0x0000000086100000|100%| O|  |TAMS 0x0000000086100000, 0x0000000086100000| Untracked 
|  97|0x0000000086100000, 0x0000000086200000, 0x0000000086200000|100%| O|  |TAMS 0x0000000086200000, 0x0000000086200000| Untracked 
|  98|0x0000000086200000, 0x0000000086300000, 0x0000000086300000|100%| O|  |TAMS 0x0000000086300000, 0x0000000086300000| Untracked 
|  99|0x0000000086300000, 0x0000000086400000, 0x0000000086400000|100%| O|  |TAMS 0x0000000086400000, 0x0000000086400000| Untracked 
| 100|0x0000000086400000, 0x0000000086500000, 0x0000000086500000|100%| O|  |TAMS 0x0000000086500000, 0x0000000086500000| Untracked 
| 101|0x0000000086500000, 0x0000000086600000, 0x0000000086600000|100%| O|  |TAMS 0x0000000086600000, 0x0000000086600000| Untracked 
| 102|0x0000000086600000, 0x0000000086700000, 0x0000000086700000|100%| O|  |TAMS 0x0000000086700000, 0x0000000086700000| Untracked 
| 103|0x0000000086700000, 0x0000000086800000, 0x0000000086800000|100%| O|  |TAMS 0x0000000086800000, 0x0000000086800000| Untracked 
| 104|0x0000000086800000, 0x0000000086900000, 0x0000000086900000|100%| O|  |TAMS 0x0000000086900000, 0x0000000086900000| Untracked 
| 105|0x0000000086900000, 0x0000000086a00000, 0x0000000086a00000|100%| O|  |TAMS 0x0000000086a00000, 0x0000000086a00000| Untracked 
| 106|0x0000000086a00000, 0x0000000086b00000, 0x0000000086b00000|100%| O|  |TAMS 0x0000000086b00000, 0x0000000086b00000| Untracked 
| 107|0x0000000086b00000, 0x0000000086c00000, 0x0000000086c00000|100%| O|  |TAMS 0x0000000086b95e00, 0x0000000086c00000| Untracked 
| 108|0x0000000086c00000, 0x0000000086d00000, 0x0000000086d00000|100%| O|  |TAMS 0x0000000086c00000, 0x0000000086d00000| Untracked 
| 109|0x0000000086d00000, 0x0000000086e00000, 0x0000000086e00000|100%| O|  |TAMS 0x0000000086d00000, 0x0000000086e00000| Untracked 
| 110|0x0000000086e00000, 0x0000000086f00000, 0x0000000086f00000|100%| O|  |TAMS 0x0000000086e00000, 0x0000000086f00000| Untracked 
| 111|0x0000000086f00000, 0x0000000087000000, 0x0000000087000000|100%| O|  |TAMS 0x0000000086f00000, 0x0000000087000000| Untracked 
| 112|0x0000000087000000, 0x0000000087100000, 0x0000000087100000|100%| O|  |TAMS 0x0000000087000000, 0x0000000087100000| Untracked 
| 113|0x0000000087100000, 0x0000000087200000, 0x0000000087200000|100%| O|  |TAMS 0x0000000087100000, 0x0000000087200000| Untracked 
| 114|0x0000000087200000, 0x0000000087300000, 0x0000000087300000|100%| O|  |TAMS 0x0000000087200000, 0x0000000087300000| Untracked 
| 115|0x0000000087300000, 0x0000000087400000, 0x0000000087400000|100%| O|  |TAMS 0x0000000087300000, 0x0000000087400000| Untracked 
| 116|0x0000000087400000, 0x00000000874b1c00, 0x0000000087500000| 69%| O|  |TAMS 0x0000000087400000, 0x00000000874b1c00| Untracked 
| 117|0x0000000087500000, 0x0000000087500000, 0x0000000087600000|  0%| F|  |TAMS 0x0000000087500000, 0x0000000087500000| Untracked 
| 118|0x0000000087600000, 0x0000000087600000, 0x0000000087700000|  0%| F|  |TAMS 0x0000000087600000, 0x0000000087600000| Untracked 
| 119|0x0000000087700000, 0x0000000087700000, 0x0000000087800000|  0%| F|  |TAMS 0x0000000087700000, 0x0000000087700000| Untracked 
| 120|0x0000000087800000, 0x0000000087800000, 0x0000000087900000|  0%| F|  |TAMS 0x0000000087800000, 0x0000000087800000| Untracked 
| 121|0x0000000087900000, 0x0000000087900000, 0x0000000087a00000|  0%| F|  |TAMS 0x0000000087900000, 0x0000000087900000| Untracked 
| 122|0x0000000087a00000, 0x0000000087a00000, 0x0000000087b00000|  0%| F|  |TAMS 0x0000000087a00000, 0x0000000087a00000| Untracked 
| 123|0x0000000087b00000, 0x0000000087b00000, 0x0000000087c00000|  0%| F|  |TAMS 0x0000000087b00000, 0x0000000087b00000| Untracked 
| 124|0x0000000087c00000, 0x0000000087c00000, 0x0000000087d00000|  0%| F|  |TAMS 0x0000000087c00000, 0x0000000087c00000| Untracked 
| 125|0x0000000087d00000, 0x0000000087d00000, 0x0000000087e00000|  0%| F|  |TAMS 0x0000000087d00000, 0x0000000087d00000| Untracked 
| 126|0x0000000087e00000, 0x0000000087e00000, 0x0000000087f00000|  0%| F|  |TAMS 0x0000000087e00000, 0x0000000087e00000| Untracked 
| 127|0x0000000087f00000, 0x0000000087f00000, 0x0000000088000000|  0%| F|  |TAMS 0x0000000087f00000, 0x0000000087f00000| Untracked 
| 128|0x0000000088000000, 0x0000000088000000, 0x0000000088100000|  0%| F|  |TAMS 0x0000000088000000, 0x0000000088000000| Untracked 
| 129|0x0000000088100000, 0x0000000088100000, 0x0000000088200000|  0%| F|  |TAMS 0x0000000088100000, 0x0000000088100000| Untracked 
| 130|0x0000000088200000, 0x0000000088200000, 0x0000000088300000|  0%| F|  |TAMS 0x0000000088200000, 0x0000000088200000| Untracked 
| 131|0x0000000088300000, 0x0000000088300000, 0x0000000088400000|  0%| F|  |TAMS 0x0000000088300000, 0x0000000088300000| Untracked 
| 132|0x0000000088400000, 0x0000000088400000, 0x0000000088500000|  0%| F|  |TAMS 0x0000000088400000, 0x0000000088400000| Untracked 
| 133|0x0000000088500000, 0x0000000088500000, 0x0000000088600000|  0%| F|  |TAMS 0x0000000088500000, 0x0000000088500000| Untracked 
| 134|0x0000000088600000, 0x0000000088600000, 0x0000000088700000|  0%| F|  |TAMS 0x0000000088600000, 0x0000000088600000| Untracked 
| 135|0x0000000088700000, 0x0000000088700000, 0x0000000088800000|  0%| F|  |TAMS 0x0000000088700000, 0x0000000088700000| Untracked 
| 136|0x0000000088800000, 0x0000000088800000, 0x0000000088900000|  0%| F|  |TAMS 0x0000000088800000, 0x0000000088800000| Untracked 
| 137|0x0000000088900000, 0x0000000088900000, 0x0000000088a00000|  0%| F|  |TAMS 0x0000000088900000, 0x0000000088900000| Untracked 
| 138|0x0000000088a00000, 0x0000000088a00000, 0x0000000088b00000|  0%| F|  |TAMS 0x0000000088a00000, 0x0000000088a00000| Untracked 
| 139|0x0000000088b00000, 0x0000000088b00000, 0x0000000088c00000|  0%| F|  |TAMS 0x0000000088b00000, 0x0000000088b00000| Untracked 
| 140|0x0000000088c00000, 0x0000000088c00000, 0x0000000088d00000|  0%| F|  |TAMS 0x0000000088c00000, 0x0000000088c00000| Untracked 
| 141|0x0000000088d00000, 0x0000000088d00000, 0x0000000088e00000|  0%| F|  |TAMS 0x0000000088d00000, 0x0000000088d00000| Untracked 
| 142|0x0000000088e00000, 0x0000000088e00000, 0x0000000088f00000|  0%| F|  |TAMS 0x0000000088e00000, 0x0000000088e00000| Untracked 
| 143|0x0000000088f00000, 0x0000000088f00000, 0x0000000089000000|  0%| F|  |TAMS 0x0000000088f00000, 0x0000000088f00000| Untracked 
| 144|0x0000000089000000, 0x0000000089000000, 0x0000000089100000|  0%| F|  |TAMS 0x0000000089000000, 0x0000000089000000| Untracked 
| 145|0x0000000089100000, 0x0000000089100000, 0x0000000089200000|  0%| F|  |TAMS 0x0000000089100000, 0x0000000089100000| Untracked 
| 146|0x0000000089200000, 0x0000000089200000, 0x0000000089300000|  0%| F|  |TAMS 0x0000000089200000, 0x0000000089200000| Untracked 
| 147|0x0000000089300000, 0x0000000089300000, 0x0000000089400000|  0%| F|  |TAMS 0x0000000089300000, 0x0000000089300000| Untracked 
| 148|0x0000000089400000, 0x0000000089400000, 0x0000000089500000|  0%| F|  |TAMS 0x0000000089400000, 0x0000000089400000| Untracked 
| 149|0x0000000089500000, 0x0000000089500000, 0x0000000089600000|  0%| F|  |TAMS 0x0000000089500000, 0x0000000089500000| Untracked 
| 150|0x0000000089600000, 0x0000000089600000, 0x0000000089700000|  0%| F|  |TAMS 0x0000000089600000, 0x0000000089600000| Untracked 
| 151|0x0000000089700000, 0x0000000089700000, 0x0000000089800000|  0%| F|  |TAMS 0x0000000089700000, 0x0000000089700000| Untracked 
| 152|0x0000000089800000, 0x0000000089800000, 0x0000000089900000|  0%| F|  |TAMS 0x0000000089800000, 0x0000000089800000| Untracked 
| 153|0x0000000089900000, 0x0000000089900000, 0x0000000089a00000|  0%| F|  |TAMS 0x0000000089900000, 0x0000000089900000| Untracked 
| 154|0x0000000089a00000, 0x0000000089a00000, 0x0000000089b00000|  0%| F|  |TAMS 0x0000000089a00000, 0x0000000089a00000| Untracked 
| 155|0x0000000089b00000, 0x0000000089b00000, 0x0000000089c00000|  0%| F|  |TAMS 0x0000000089b00000, 0x0000000089b00000| Untracked 
| 156|0x0000000089c00000, 0x0000000089c00000, 0x0000000089d00000|  0%| F|  |TAMS 0x0000000089c00000, 0x0000000089c00000| Untracked 
| 157|0x0000000089d00000, 0x0000000089d00000, 0x0000000089e00000|  0%| F|  |TAMS 0x0000000089d00000, 0x0000000089d00000| Untracked 
| 158|0x0000000089e00000, 0x0000000089e00000, 0x0000000089f00000|  0%| F|  |TAMS 0x0000000089e00000, 0x0000000089e00000| Untracked 
| 159|0x0000000089f00000, 0x0000000089f00000, 0x000000008a000000|  0%| F|  |TAMS 0x0000000089f00000, 0x0000000089f00000| Untracked 
| 160|0x000000008a000000, 0x000000008a000000, 0x000000008a100000|  0%| F|  |TAMS 0x000000008a000000, 0x000000008a000000| Untracked 
| 161|0x000000008a100000, 0x000000008a1abbe0, 0x000000008a200000| 67%| S|CS|TAMS 0x000000008a100000, 0x000000008a100000| Complete 
| 162|0x000000008a200000, 0x000000008a300000, 0x000000008a300000|100%| S|CS|TAMS 0x000000008a200000, 0x000000008a200000| Complete 
| 163|0x000000008a300000, 0x000000008a300000, 0x000000008a400000|  0%| F|  |TAMS 0x000000008a300000, 0x000000008a300000| Untracked 
| 164|0x000000008a400000, 0x000000008a400000, 0x000000008a500000|  0%| F|  |TAMS 0x000000008a400000, 0x000000008a400000| Untracked 
| 165|0x000000008a500000, 0x000000008a500000, 0x000000008a600000|  0%| F|  |TAMS 0x000000008a500000, 0x000000008a500000| Untracked 
| 166|0x000000008a600000, 0x000000008a600000, 0x000000008a700000|  0%| F|  |TAMS 0x000000008a600000, 0x000000008a600000| Untracked 
| 167|0x000000008a700000, 0x000000008a700000, 0x000000008a800000|  0%| F|  |TAMS 0x000000008a700000, 0x000000008a700000| Untracked 
| 168|0x000000008a800000, 0x000000008a800000, 0x000000008a900000|  0%| F|  |TAMS 0x000000008a800000, 0x000000008a800000| Untracked 
| 169|0x000000008a900000, 0x000000008a900000, 0x000000008aa00000|  0%| F|  |TAMS 0x000000008a900000, 0x000000008a900000| Untracked 
| 170|0x000000008aa00000, 0x000000008aa00000, 0x000000008ab00000|  0%| F|  |TAMS 0x000000008aa00000, 0x000000008aa00000| Untracked 
| 171|0x000000008ab00000, 0x000000008ab00000, 0x000000008ac00000|  0%| F|  |TAMS 0x000000008ab00000, 0x000000008ab00000| Untracked 
| 172|0x000000008ac00000, 0x000000008ac00000, 0x000000008ad00000|  0%| F|  |TAMS 0x000000008ac00000, 0x000000008ac00000| Untracked 
| 173|0x000000008ad00000, 0x000000008ad00000, 0x000000008ae00000|  0%| F|  |TAMS 0x000000008ad00000, 0x000000008ad00000| Untracked 
| 174|0x000000008ae00000, 0x000000008ae00000, 0x000000008af00000|  0%| F|  |TAMS 0x000000008ae00000, 0x000000008ae00000| Untracked 
| 175|0x000000008af00000, 0x000000008af00000, 0x000000008b000000|  0%| F|  |TAMS 0x000000008af00000, 0x000000008af00000| Untracked 
| 176|0x000000008b000000, 0x000000008b000000, 0x000000008b100000|  0%| F|  |TAMS 0x000000008b000000, 0x000000008b000000| Untracked 
| 177|0x000000008b100000, 0x000000008b100000, 0x000000008b200000|  0%| F|  |TAMS 0x000000008b100000, 0x000000008b100000| Untracked 
| 178|0x000000008b200000, 0x000000008b200000, 0x000000008b300000|  0%| F|  |TAMS 0x000000008b200000, 0x000000008b200000| Untracked 
| 179|0x000000008b300000, 0x000000008b300000, 0x000000008b400000|  0%| F|  |TAMS 0x000000008b300000, 0x000000008b300000| Untracked 
| 180|0x000000008b400000, 0x000000008b400000, 0x000000008b500000|  0%| F|  |TAMS 0x000000008b400000, 0x000000008b400000| Untracked 
| 181|0x000000008b500000, 0x000000008b500000, 0x000000008b600000|  0%| F|  |TAMS 0x000000008b500000, 0x000000008b500000| Untracked 
| 182|0x000000008b600000, 0x000000008b600000, 0x000000008b700000|  0%| F|  |TAMS 0x000000008b600000, 0x000000008b600000| Untracked 
| 183|0x000000008b700000, 0x000000008b700000, 0x000000008b800000|  0%| F|  |TAMS 0x000000008b700000, 0x000000008b700000| Untracked 
| 184|0x000000008b800000, 0x000000008b800000, 0x000000008b900000|  0%| F|  |TAMS 0x000000008b800000, 0x000000008b800000| Untracked 
| 185|0x000000008b900000, 0x000000008b900000, 0x000000008ba00000|  0%| F|  |TAMS 0x000000008b900000, 0x000000008b900000| Untracked 
| 186|0x000000008ba00000, 0x000000008ba00000, 0x000000008bb00000|  0%| F|  |TAMS 0x000000008ba00000, 0x000000008ba00000| Untracked 
| 187|0x000000008bb00000, 0x000000008bb00000, 0x000000008bc00000|  0%| F|  |TAMS 0x000000008bb00000, 0x000000008bb00000| Untracked 
| 188|0x000000008bc00000, 0x000000008bc00000, 0x000000008bd00000|  0%| F|  |TAMS 0x000000008bc00000, 0x000000008bc00000| Untracked 
| 189|0x000000008bd00000, 0x000000008bd00000, 0x000000008be00000|  0%| F|  |TAMS 0x000000008bd00000, 0x000000008bd00000| Untracked 
| 190|0x000000008be00000, 0x000000008be00000, 0x000000008bf00000|  0%| F|  |TAMS 0x000000008be00000, 0x000000008be00000| Untracked 
| 191|0x000000008bf00000, 0x000000008bf00000, 0x000000008c000000|  0%| F|  |TAMS 0x000000008bf00000, 0x000000008bf00000| Untracked 
| 192|0x000000008c000000, 0x000000008c000000, 0x000000008c100000|  0%| F|  |TAMS 0x000000008c000000, 0x000000008c000000| Untracked 
| 193|0x000000008c100000, 0x000000008c100000, 0x000000008c200000|  0%| F|  |TAMS 0x000000008c100000, 0x000000008c100000| Untracked 
| 194|0x000000008c200000, 0x000000008c200000, 0x000000008c300000|  0%| F|  |TAMS 0x000000008c200000, 0x000000008c200000| Untracked 
| 195|0x000000008c300000, 0x000000008c300000, 0x000000008c400000|  0%| F|  |TAMS 0x000000008c300000, 0x000000008c300000| Untracked 
| 196|0x000000008c400000, 0x000000008c400000, 0x000000008c500000|  0%| F|  |TAMS 0x000000008c400000, 0x000000008c400000| Untracked 
| 197|0x000000008c500000, 0x000000008c500000, 0x000000008c600000|  0%| F|  |TAMS 0x000000008c500000, 0x000000008c500000| Untracked 
| 198|0x000000008c600000, 0x000000008c600000, 0x000000008c700000|  0%| F|  |TAMS 0x000000008c600000, 0x000000008c600000| Untracked 
| 199|0x000000008c700000, 0x000000008c700000, 0x000000008c800000|  0%| F|  |TAMS 0x000000008c700000, 0x000000008c700000| Untracked 
| 200|0x000000008c800000, 0x000000008c800000, 0x000000008c900000|  0%| F|  |TAMS 0x000000008c800000, 0x000000008c800000| Untracked 
| 201|0x000000008c900000, 0x000000008c900000, 0x000000008ca00000|  0%| F|  |TAMS 0x000000008c900000, 0x000000008c900000| Untracked 

Card table byte_map: [0x00000152be340000,0x00000152be740000] _byte_map_base: 0x00000152bdf40000

Marking Bits (Prev, Next): (CMBitMap*) 0x00000152ab14e5d0, (CMBitMap*) 0x00000152ab14e598
 Prev Bits: [0x00000152c0b40000, 0x00000152c2b40000)
 Next Bits: [0x00000152beb40000, 0x00000152c0b40000)

Polling page: 0x00000152a90c0000

Metaspace:

Usage:
  Non-class:     84.02 MB capacity,    82.64 MB ( 98%) used,     1.09 MB (  1%) free+waste,   296.31 KB ( <1%) overhead. 
      Class:     13.48 MB capacity,    12.56 MB ( 93%) used,   802.27 KB (  6%) free+waste,   136.06 KB ( <1%) overhead. 
       Both:     97.49 MB capacity,    95.20 MB ( 98%) used,     1.87 MB (  2%) free+waste,   432.38 KB ( <1%) overhead. 

Virtual space:
  Non-class space:       86.00 MB reserved,      84.29 MB ( 98%) committed 
      Class space:        1.00 GB reserved,      13.70 MB (  1%) committed 
             Both:        1.08 GB reserved,      97.98 MB (  9%) committed 

Chunk freelists:
   Non-Class:  148.00 KB
       Class:  120.00 KB
        Both:  268.00 KB

MaxMetaspaceSize: 17179869184.00 GB
CompressedClassSpaceSize: 1.00 GB

CodeHeap 'non-profiled nmethods': size=120000Kb used=4795Kb max_used=4795Kb free=115204Kb
 bounds [0x00000152b66e0000, 0x00000152b6b90000, 0x00000152bdc10000]
CodeHeap 'profiled nmethods': size=120000Kb used=24734Kb max_used=24734Kb free=95265Kb
 bounds [0x00000152af1b0000, 0x00000152b09e0000, 0x00000152b66e0000]
CodeHeap 'non-nmethods': size=5760Kb used=2317Kb max_used=2341Kb free=3442Kb
 bounds [0x00000152aec10000, 0x00000152aee80000, 0x00000152af1b0000]
 total_blobs=12885 nmethods=11975 adapters=821
 compilation: enabled
              stopped_count=0, restarted_count=0
 full_count=0

Compilation events (20 events):
Event: 18.380 Thread 0x00000152c5f0e800 nmethod 12267 0x00000152b6b8e590 code [0x00000152b6b8e740, 0x00000152b6b8e7f8]
Event: 18.380 Thread 0x00000152c5f0e800 12260       1       com.android.tools.r8.internal.x81::d2 (3 bytes)
Event: 18.380 Thread 0x00000152c5f0e800 nmethod 12260 0x00000152b6b8e890 code [0x00000152b6b8ea40, 0x00000152b6b8eaf8]
Event: 18.380 Thread 0x00000152c5f0e800 12382       2       com.android.tools.r8.internal.YR0::<init> (37 bytes)
Event: 18.381 Thread 0x00000152c5f0e800 nmethod 12382 0x00000152b09ce710 code [0x00000152b09ce940, 0x00000152b09cf088]
Event: 18.381 Thread 0x00000152c5f0e800 12385       2       com.android.tools.r8.internal.hI0::a (586 bytes)
Event: 18.384 Thread 0x00000152c5f0e800 nmethod 12385 0x00000152b09cf390 code [0x00000152b09cf940, 0x00000152b09d19a8]
Event: 18.384 Thread 0x00000152c5f0e800 12388       3       com.android.tools.r8.internal.Hj1::a (109 bytes)
Event: 18.385 Thread 0x00000152c5f0e800 nmethod 12388 0x00000152b09d2d10 code [0x00000152b09d2f00, 0x00000152b09d33e8]
Event: 18.385 Thread 0x00000152c5f0e800 12389       2       com.android.tools.r8.internal.Rb1::get (134 bytes)
Event: 18.385 Thread 0x00000152c5f0e800 nmethod 12389 0x00000152b09d3690 code [0x00000152b09d38a0, 0x00000152b09d3cd8]
Event: 18.385 Thread 0x00000152c5f0e800 12383       2       com.android.tools.r8.code.E0::hashCode (13 bytes)
Event: 18.385 Thread 0x00000152c5f0e800 nmethod 12383 0x00000152b09d3f90 code [0x00000152b09d4140, 0x00000152b09d4288]
Event: 18.385 Thread 0x00000152c5f0e800 12384       2       com.android.tools.r8.internal.fB0::a (17 bytes)
Event: 18.386 Thread 0x00000152c5f0e800 nmethod 12384 0x00000152b09d4310 code [0x00000152b09d4520, 0x00000152b09d4988]
Event: 18.386 Thread 0x00000152c5f0e800 12392       2       com.android.tools.r8.internal.JD0::a (243 bytes)
Event: 18.387 Thread 0x00000152c5f0e800 nmethod 12392 0x00000152b09d4c10 code [0x00000152b09d4fe0, 0x00000152b09d5b38]
Event: 18.387 Thread 0x00000152c5f0e800 12397       3       com.android.tools.r8.internal.OE0::a (170 bytes)
Event: 18.388 Thread 0x00000152c5f0e800 nmethod 12397 0x00000152b09d6310 code [0x00000152b09d65e0, 0x00000152b09d7488]
Event: 18.388 Thread 0x00000152c5f0e800 12393       3       com.android.tools.r8.internal.hI0::j (631 bytes)

GC Heap History (20 events):
Event: 17.134 GC heap after
{Heap after GC invocations=28 (full 0):
 garbage-first heap   total 129024K, used 83424K [0x0000000080000000, 0x0000000100000000)
  region size 1024K, 4 young (4096K), 4 survivors (4096K)
 Metaspace       used 89301K, capacity 91415K, committed 91632K, reserved 1128448K
  class space    used 11654K, capacity 12489K, committed 12492K, reserved 1048576K
}
Event: 17.229 GC heap before
{Heap before GC invocations=28 (full 0):
 garbage-first heap   total 129024K, used 105952K [0x0000000080000000, 0x0000000100000000)
  region size 1024K, 26 young (26624K), 4 survivors (4096K)
 Metaspace       used 90970K, capacity 93241K, committed 93552K, reserved 1130496K
  class space    used 11904K, capacity 12762K, committed 12876K, reserved 1048576K
}
Event: 17.234 GC heap after
{Heap after GC invocations=29 (full 0):
 garbage-first heap   total 129024K, used 86058K [0x0000000080000000, 0x0000000100000000)
  region size 1024K, 4 young (4096K), 4 survivors (4096K)
 Metaspace       used 90970K, capacity 93241K, committed 93552K, reserved 1130496K
  class space    used 11904K, capacity 12762K, committed 12876K, reserved 1048576K
}
Event: 17.288 GC heap before
{Heap before GC invocations=29 (full 0):
 garbage-first heap   total 129024K, used 104490K [0x0000000080000000, 0x0000000100000000)
  region size 1024K, 23 young (23552K), 4 survivors (4096K)
 Metaspace       used 91724K, capacity 93972K, committed 94192K, reserved 1130496K
  class space    used 12010K, capacity 12878K, committed 13004K, reserved 1048576K
}
Event: 17.295 GC heap after
{Heap after GC invocations=30 (full 0):
 garbage-first heap   total 155648K, used 89632K [0x0000000080000000, 0x0000000100000000)
  region size 1024K, 3 young (3072K), 3 survivors (3072K)
 Metaspace       used 91724K, capacity 93972K, committed 94192K, reserved 1130496K
  class space    used 12010K, capacity 12878K, committed 13004K, reserved 1048576K
}
Event: 17.389 GC heap before
{Heap before GC invocations=31 (full 0):
 garbage-first heap   total 155648K, used 118304K [0x0000000080000000, 0x0000000100000000)
  region size 1024K, 31 young (31744K), 3 survivors (3072K)
 Metaspace       used 92786K, capacity 95024K, committed 95344K, reserved 1132544K
  class space    used 12132K, capacity 13011K, committed 13132K, reserved 1048576K
}
Event: 17.397 GC heap after
{Heap after GC invocations=32 (full 0):
 garbage-first heap   total 155648K, used 95423K [0x0000000080000000, 0x0000000100000000)
  region size 1024K, 4 young (4096K), 4 survivors (4096K)
 Metaspace       used 92786K, capacity 95024K, committed 95344K, reserved 1132544K
  class space    used 12132K, capacity 13011K, committed 13132K, reserved 1048576K
}
Event: 17.451 GC heap before
{Heap before GC invocations=32 (full 0):
 garbage-first heap   total 155648K, used 121023K [0x0000000080000000, 0x0000000100000000)
  region size 1024K, 30 young (30720K), 4 survivors (4096K)
 Metaspace       used 93376K, capacity 95806K, committed 96112K, reserved 1132544K
  class space    used 12276K, capacity 13264K, committed 13388K, reserved 1048576K
}
Event: 17.459 GC heap after
{Heap after GC invocations=33 (full 0):
 garbage-first heap   total 155648K, used 100352K [0x0000000080000000, 0x0000000100000000)
  region size 1024K, 4 young (4096K), 4 survivors (4096K)
 Metaspace       used 93376K, capacity 95806K, committed 96112K, reserved 1132544K
  class space    used 12276K, capacity 13264K, committed 13388K, reserved 1048576K
}
Event: 17.581 GC heap before
{Heap before GC invocations=33 (full 0):
 garbage-first heap   total 155648K, used 124928K [0x0000000080000000, 0x0000000100000000)
  region size 1024K, 28 young (28672K), 4 survivors (4096K)
 Metaspace       used 93955K, capacity 96241K, committed 96752K, reserved 1132544K
  class space    used 12355K, capacity 13291K, committed 13516K, reserved 1048576K
}
Event: 17.590 GC heap after
{Heap after GC invocations=34 (full 0):
 garbage-first heap   total 155648K, used 104891K [0x0000000080000000, 0x0000000100000000)
  region size 1024K, 4 young (4096K), 4 survivors (4096K)
 Metaspace       used 93955K, capacity 96241K, committed 96752K, reserved 1132544K
  class space    used 12355K, capacity 13291K, committed 13516K, reserved 1048576K
}
Event: 17.653 GC heap before
{Heap before GC invocations=35 (full 0):
 garbage-first heap   total 155648K, used 127419K [0x0000000080000000, 0x0000000100000000)
  region size 1024K, 26 young (26624K), 4 survivors (4096K)
 Metaspace       used 94581K, capacity 96969K, committed 97392K, reserved 1132544K
  class space    used 12472K, capacity 13425K, committed 13644K, reserved 1048576K
}
Event: 17.663 GC heap after
{Heap after GC invocations=36 (full 0):
 garbage-first heap   total 206848K, used 109384K [0x0000000080000000, 0x0000000100000000)
  region size 1024K, 4 young (4096K), 4 survivors (4096K)
 Metaspace       used 94581K, capacity 96969K, committed 97392K, reserved 1132544K
  class space    used 12472K, capacity 13425K, committed 13644K, reserved 1048576K
}
Event: 17.978 GC heap before
{Heap before GC invocations=36 (full 0):
 garbage-first heap   total 206848K, used 146248K [0x0000000080000000, 0x0000000100000000)
  region size 1024K, 40 young (40960K), 4 survivors (4096K)
 Metaspace       used 95576K, capacity 97959K, committed 98288K, reserved 1134592K
  class space    used 12642K, capacity 13632K, committed 13772K, reserved 1048576K
}
Event: 17.987 GC heap after
{Heap after GC invocations=37 (full 0):
 garbage-first heap   total 206848K, used 115287K [0x0000000080000000, 0x0000000100000000)
  region size 1024K, 5 young (5120K), 5 survivors (5120K)
 Metaspace       used 95576K, capacity 97959K, committed 98288K, reserved 1134592K
  class space    used 12642K, capacity 13632K, committed 13772K, reserved 1048576K
}
Event: 18.133 GC heap before
{Heap before GC invocations=37 (full 0):
 garbage-first heap   total 206848K, used 150103K [0x0000000080000000, 0x0000000100000000)
  region size 1024K, 40 young (40960K), 5 survivors (5120K)
 Metaspace       used 96509K, capacity 98829K, committed 99440K, reserved 1134592K
  class space    used 12745K, capacity 13668K, committed 13900K, reserved 1048576K
}
Event: 18.142 GC heap after
{Heap after GC invocations=38 (full 0):
 garbage-first heap   total 206848K, used 119536K [0x0000000080000000, 0x0000000100000000)
  region size 1024K, 4 young (4096K), 4 survivors (4096K)
 Metaspace       used 96509K, capacity 98829K, committed 99440K, reserved 1134592K
  class space    used 12745K, capacity 13668K, committed 13900K, reserved 1048576K
}
Event: 18.294 GC heap before
{Heap before GC invocations=39 (full 0):
 garbage-first heap   total 206848K, used 155376K [0x0000000080000000, 0x0000000100000000)
  region size 1024K, 40 young (40960K), 4 survivors (4096K)
 Metaspace       used 97098K, capacity 99436K, committed 99952K, reserved 1136640K
  class space    used 12813K, capacity 13755K, committed 13900K, reserved 1048576K
}
Event: 18.300 GC heap after
{Heap after GC invocations=40 (full 0):
 garbage-first heap   total 206848K, used 121543K [0x0000000080000000, 0x0000000100000000)
  region size 1024K, 2 young (2048K), 2 survivors (2048K)
 Metaspace       used 97098K, capacity 99436K, committed 99952K, reserved 1136640K
  class space    used 12813K, capacity 13755K, committed 13900K, reserved 1048576K
}
Event: 18.391 GC heap before
{Heap before GC invocations=40 (full 0):
 garbage-first heap   total 206848K, used 159431K [0x0000000080000000, 0x0000000100000000)
  region size 1024K, 39 young (39936K), 2 survivors (2048K)
 Metaspace       used 97481K, capacity 99832K, committed 100336K, reserved 1136640K
  class space    used 12861K, capacity 13800K, committed 14028K, reserved 1048576K
}

Deoptimization events (20 events):
Event: 18.303 Thread 0x00000152ca74b000 Uncommon trap: trap_request=0xffffff4d fr.pc=0x00000152b6a3c1e0 relative=0x0000000000000340
Event: 18.303 Thread 0x00000152ca74b000 Uncommon trap: reason=unstable_if action=reinterpret pc=0x00000152b6a3c1e0 method=java.util.HashMap$HashIterator.<init>(Ljava/util/HashMap;)V @ 45 c2
Event: 18.303 Thread 0x00000152ca74b000 DEOPT PACKING pc=0x00000152b6a3c1e0 sp=0x0000004d7bbf9350
Event: 18.303 Thread 0x00000152ca74b000 DEOPT UNPACKING pc=0x00000152aec183af sp=0x0000004d7bbf9308 mode 2
Event: 18.320 Thread 0x00000152c6833000 DEOPT PACKING pc=0x00000152b087cfc2 sp=0x0000004d774f9a20
Event: 18.320 Thread 0x00000152c6833000 DEOPT UNPACKING pc=0x00000152aec37c0e sp=0x0000004d774f8f00 mode 0
Event: 18.324 Thread 0x00000152ca740800 Uncommon trap: trap_request=0xffffff7e fr.pc=0x00000152b6b2bc64 relative=0x0000000000000244
Event: 18.324 Thread 0x00000152ca740800 Uncommon trap: reason=predicate action=maybe_recompile pc=0x00000152b6b2bc64 method=com.android.tools.r8.graph.W0.a([C)I @ 8 c2
Event: 18.324 Thread 0x00000152ca740800 DEOPT PACKING pc=0x00000152b6b2bc64 sp=0x0000004d7aff93c0
Event: 18.324 Thread 0x00000152ca740800 DEOPT UNPACKING pc=0x00000152aec183af sp=0x0000004d7aff9348 mode 2
Event: 18.346 Thread 0x00000152cc420000 DEOPT PACKING pc=0x00000152b097fb46 sp=0x0000004d7abf9530
Event: 18.346 Thread 0x00000152cc420000 DEOPT UNPACKING pc=0x00000152aec37c0e sp=0x0000004d7abf89a8 mode 0
Event: 18.350 Thread 0x00000152ca74b000 DEOPT PACKING pc=0x00000152b090226b sp=0x0000004d7bbf93c0
Event: 18.350 Thread 0x00000152ca74b000 DEOPT UNPACKING pc=0x00000152aec37c0e sp=0x0000004d7bbf8868 mode 0
Event: 18.358 Thread 0x00000152ca740800 DEOPT PACKING pc=0x00000152b05f4876 sp=0x0000004d7aff9840
Event: 18.358 Thread 0x00000152ca740800 DEOPT UNPACKING pc=0x00000152aec37c0e sp=0x0000004d7aff8c80 mode 0
Event: 18.366 Thread 0x00000152c6833000 DEOPT PACKING pc=0x00000152b097fb46 sp=0x0000004d774f94d0
Event: 18.366 Thread 0x00000152c6833000 DEOPT UNPACKING pc=0x00000152aec37c0e sp=0x0000004d774f8948 mode 0
Event: 18.386 Thread 0x00000152ca74b000 DEOPT PACKING pc=0x00000152b08dc463 sp=0x0000004d7bbf9590
Event: 18.386 Thread 0x00000152ca74b000 DEOPT UNPACKING pc=0x00000152aec37c0e sp=0x0000004d7bbf8bb8 mode 0

Classes redefined (0 events):
No events

Internal exceptions (20 events):
Event: 17.205 Thread 0x00000152cc449800 Exception <a 'java/lang/NoSuchMethodError'{0x00000000870b7228}: 'int java.lang.invoke.DirectMethodHandle$Holder.invokeVirtual(java.lang.Object, java.lang.Object, java.lang.Object, java.lang.Object)'> (0x00000000870b7228) thrown at [./src/hotspot/share/interpreter/linkResolver.cpp, line 773]
Event: 17.205 Thread 0x00000152cc420000 Exception <a 'java/lang/NoSuchMethodError'{0x00000000870fa358}: 'int java.lang.invoke.DirectMethodHandle$Holder.invokeVirtual(java.lang.Object, java.lang.Object, java.lang.Object, java.lang.Object)'> (0x00000000870fa358) thrown at [./src/hotspot/share/interpreter/linkResolver.cpp, line 773]
Event: 17.237 Thread 0x00000152cc449800 Exception <a 'java/lang/IncompatibleClassChangeError'{0x0000000087dfdda8}: Found class java.lang.Object, but interface was expected> (0x0000000087dfdda8) thrown at [./src/hotspot/share/interpreter/linkResolver.cpp, line 839]
Event: 17.237 Thread 0x00000152c6833000 Exception <a 'java/lang/IncompatibleClassChangeError'{0x0000000087c0ac08}: Found class java.lang.Object, but interface was expected> (0x0000000087c0ac08) thrown at [./src/hotspot/share/interpreter/linkResolver.cpp, line 839]
Event: 17.240 Thread 0x00000152c6833000 Exception <a 'java/lang/NoSuchMethodError'{0x0000000087cacca0}: 'int java.lang.invoke.DirectMethodHandle$Holder.invokeVirtual(java.lang.Object, java.lang.Object, java.lang.Object)'> (0x0000000087cacca0) thrown at [./src/hotspot/share/interpreter/linkResolver.cpp, line 773]
Event: 17.397 Thread 0x00000152cc420000 Implicit null exception at 0x00000152b6b0da11 to 0x00000152b6b131b0
Event: 17.400 Thread 0x00000152c6833000 Exception <a 'java/lang/NoSuchMethodError'{0x0000000089608d98}: 'java.lang.Object java.lang.invoke.DirectMethodHandle$Holder.invokeStatic(java.lang.Object, int, java.lang.Object, java.lang.Object)'> (0x0000000089608d98) thrown at [./src/hotspot/share/interpreter/linkResolver.cpp, line 773]
Event: 17.400 Thread 0x00000152cc420000 Exception <a 'java/lang/NoSuchMethodError'{0x0000000089795c38}: 'java.lang.Object java.lang.invoke.DirectMethodHandle$Holder.invokeStatic(java.lang.Object, int, java.lang.Object, java.lang.Object)'> (0x0000000089795c38) thrown at [./src/hotspot/share/interpreter/linkResolver.cpp, line 773]
Event: 17.401 Thread 0x00000152cc449800 Exception <a 'java/lang/NoSuchMethodError'{0x000000008978be30}: 'java.lang.Object java.lang.invoke.DirectMethodHandle$Holder.invokeStatic(java.lang.Object, int, java.lang.Object, java.lang.Object)'> (0x000000008978be30) thrown at [./src/hotspot/share/interpreter/linkResolver.cpp, line 773]
Event: 17.527 Thread 0x00000152cc420000 Exception <a 'java/lang/NoSuchMethodError'{0x00000000885c2fc8}: 'java.lang.Object java.lang.invoke.DirectMethodHandle$Holder.invokeVirtual(java.lang.Object, java.lang.Object, int, java.lang.Object)'> (0x00000000885c2fc8) thrown at [./src/hotspot/share/interpreter/linkResolver.cpp, line 773]
Event: 17.602 Thread 0x00000152cc449800 Exception <a 'java/lang/IncompatibleClassChangeError'{0x00000000894991b0}: Found class java.lang.Object, but interface was expected> (0x00000000894991b0) thrown at [./src/hotspot/share/interpreter/linkResolver.cpp, line 839]
Event: 17.602 Thread 0x00000152c6833000 Exception <a 'java/lang/IncompatibleClassChangeError'{0x00000000894d46f0}: Found class java.lang.Object, but interface was expected> (0x00000000894d46f0) thrown at [./src/hotspot/share/interpreter/linkResolver.cpp, line 839]
Event: 17.603 Thread 0x00000152cc449800 Exception <a 'java/lang/IncompatibleClassChangeError'{0x0000000089302d98}: Found class java.lang.Object, but interface was expected> (0x0000000089302d98) thrown at [./src/hotspot/share/interpreter/linkResolver.cpp, line 839]
Event: 17.603 Thread 0x00000152c6833000 Exception <a 'java/lang/IncompatibleClassChangeError'{0x00000000894d8040}: Found class java.lang.Object, but interface was expected> (0x00000000894d8040) thrown at [./src/hotspot/share/interpreter/linkResolver.cpp, line 839]
Event: 17.607 Thread 0x00000152cc420000 Exception <a 'java/lang/IncompatibleClassChangeError'{0x0000000089468bc0}: Found class java.lang.Object, but interface was expected> (0x0000000089468bc0) thrown at [./src/hotspot/share/interpreter/linkResolver.cpp, line 839]
Event: 17.636 Thread 0x00000152cc449800 Exception <a 'java/lang/NoSuchMethodError'{0x0000000088a2cf90}: 'void java.lang.invoke.DirectMethodHandle$Holder.invokeVirtual(java.lang.Object, java.lang.Object, int, java.lang.Object)'> (0x0000000088a2cf90) thrown at [./src/hotspot/share/interpreter/linkResolver.cpp, line 773]
Event: 17.652 Thread 0x00000152ca740800 Implicit null exception at 0x00000152b6b4546c to 0x00000152b6b470e8
Event: 17.746 Thread 0x00000152cc449800 Exception <a 'java/lang/NoSuchMethodError'{0x000000008bdce808}: 'java.lang.Object java.lang.invoke.DirectMethodHandle$Holder.newInvokeSpecial(java.lang.Object, int)'> (0x000000008bdce808) thrown at [./src/hotspot/share/interpreter/linkResolver.cpp, line 773]
Event: 17.746 Thread 0x00000152c6833000 Exception <a 'java/lang/NoSuchMethodError'{0x000000008c1a67d8}: 'java.lang.Object java.lang.invoke.DirectMethodHandle$Holder.newInvokeSpecial(java.lang.Object, int)'> (0x000000008c1a67d8) thrown at [./src/hotspot/share/interpreter/linkResolver.cpp, line 773]
Event: 17.755 Thread 0x00000152cc420000 Exception <a 'java/lang/NoSuchMethodError'{0x000000008be64600}: 'java.lang.Object java.lang.invoke.DirectMethodHandle$Holder.newInvokeSpecial(java.lang.Object, int)'> (0x000000008be64600) thrown at [./src/hotspot/share/interpreter/linkResolver.cpp, line 773]

Events (20 events):
Event: 18.385 loading class com/android/tools/r8/internal/r91 done
Event: 18.386 loading class com/android/tools/r8/internal/RJ0
Event: 18.386 loading class com/android/tools/r8/internal/RJ0 done
Event: 18.386 loading class com/android/tools/r8/internal/u91
Event: 18.386 loading class com/android/tools/r8/internal/u91 done
Event: 18.386 loading class com/android/tools/r8/graph/L
Event: 18.386 loading class com/android/tools/r8/graph/L done
Event: 18.386 loading class com/android/tools/r8/internal/TJ0
Event: 18.386 loading class com/android/tools/r8/internal/TJ0 done
Event: 18.387 loading class com/android/tools/r8/internal/WK0
Event: 18.387 loading class com/android/tools/r8/internal/WK0 done
Event: 18.389 loading class com/android/tools/r8/internal/WK0
Event: 18.389 loading class com/android/tools/r8/internal/WK0 done
Event: 18.389 loading class com/android/tools/r8/internal/xk1
Event: 18.389 loading class com/android/tools/r8/internal/xk1 done
Event: 18.389 loading class com/android/tools/r8/internal/Fs1
Event: 18.389 loading class com/android/tools/r8/internal/Fs1 done
Event: 18.389 loading class com/android/tools/r8/internal/xk1
Event: 18.389 loading class com/android/tools/r8/internal/xk1 done
Event: 18.390 Executing VM operation: G1CollectForAllocation


Dynamic libraries:
0x00007ff719560000 - 0x00007ff71956a000 	C:\Program Files\Android\Android Studio\jre\bin\java.exe
0x00007ffb1cdf0000 - 0x00007ffb1cfe8000 	C:\WINDOWS\SYSTEM32\ntdll.dll
0x00007ffb1b180000 - 0x00007ffb1b23d000 	C:\WINDOWS\System32\KERNEL32.DLL
0x00007ffb1a8d0000 - 0x00007ffb1ab9e000 	C:\WINDOWS\System32\KERNELBASE.dll
0x00007ffb1a510000 - 0x00007ffb1a610000 	C:\WINDOWS\System32\ucrtbase.dll
0x00007ffb07150000 - 0x00007ffb07167000 	C:\Program Files\Android\Android Studio\jre\bin\VCRUNTIME140.dll
0x00007ffb06bd0000 - 0x00007ffb06be9000 	C:\Program Files\Android\Android Studio\jre\bin\jli.dll
0x00007ffb1ae60000 - 0x00007ffb1b000000 	C:\WINDOWS\System32\USER32.dll
0x00007ffb1a610000 - 0x00007ffb1a632000 	C:\WINDOWS\System32\win32u.dll
0x00007ffb1b660000 - 0x00007ffb1b68a000 	C:\WINDOWS\System32\GDI32.dll
0x00007ffb1acb0000 - 0x00007ffb1adbb000 	C:\WINDOWS\System32\gdi32full.dll
0x00007ffb1ac10000 - 0x00007ffb1acad000 	C:\WINDOWS\System32\msvcp_win.dll
0x00007ffb19bd0000 - 0x00007ffb19e6a000 	C:\WINDOWS\WinSxS\amd64_microsoft.windows.common-controls_6595b64144ccf1df_6.0.19041.1110_none_60b5254171f9507e\COMCTL32.dll
0x00007ffb1be50000 - 0x00007ffb1beee000 	C:\WINDOWS\System32\msvcrt.dll
0x00007ffb1b420000 - 0x00007ffb1b450000 	C:\WINDOWS\System32\IMM32.DLL
0x00007ffadc850000 - 0x00007ffadc8ed000 	C:\Program Files\Android\Android Studio\jre\bin\msvcp140.dll
0x00007ffa89020000 - 0x00007ffa89af5000 	C:\Program Files\Android\Android Studio\jre\bin\server\jvm.dll
0x00007ffb1c380000 - 0x00007ffb1c42e000 	C:\WINDOWS\System32\ADVAPI32.dll
0x00007ffb1ccb0000 - 0x00007ffb1cd4c000 	C:\WINDOWS\System32\sechost.dll
0x00007ffb1c430000 - 0x00007ffb1c555000 	C:\WINDOWS\System32\RPCRT4.dll
0x00007ffb1b3b0000 - 0x00007ffb1b3b8000 	C:\WINDOWS\System32\PSAPI.DLL
0x00007ffb17f80000 - 0x00007ffb17f8a000 	C:\WINDOWS\SYSTEM32\VERSION.dll
0x00007ffb01590000 - 0x00007ffb015b7000 	C:\WINDOWS\SYSTEM32\WINMM.dll
0x00007ffad6500000 - 0x00007ffad6509000 	C:\WINDOWS\SYSTEM32\WSOCK32.dll
0x00007ffb1b690000 - 0x00007ffb1b6fb000 	C:\WINDOWS\System32\WS2_32.dll
0x00007ffb175b0000 - 0x00007ffb175c2000 	C:\WINDOWS\SYSTEM32\kernel.appcore.dll
0x00007ffb10030000 - 0x00007ffb10041000 	C:\Program Files\Android\Android Studio\jre\bin\verify.dll
0x00007ffb19f90000 - 0x00007ffb1a174000 	C:\WINDOWS\SYSTEM32\DBGHELP.DLL
0x00007ffb19e90000 - 0x00007ffb19ebc000 	C:\WINDOWS\SYSTEM32\dbgcore.DLL
0x00007ffb1adc0000 - 0x00007ffb1ae42000 	C:\WINDOWS\System32\bcryptPrimitives.dll
0x00007ffb07cc0000 - 0x00007ffb07ce9000 	C:\Program Files\Android\Android Studio\jre\bin\java.dll
0x00007ffb163e0000 - 0x00007ffb163eb000 	C:\Program Files\Android\Android Studio\jre\bin\jimage.dll
0x00007ffb10010000 - 0x00007ffb10028000 	C:\Program Files\Android\Android Studio\jre\bin\zip.dll
0x00007ffb1b700000 - 0x00007ffb1be44000 	C:\WINDOWS\System32\SHELL32.dll
0x00007ffb177d0000 - 0x00007ffb17f64000 	C:\WINDOWS\SYSTEM32\windows.storage.dll
0x00007ffb1bef0000 - 0x00007ffb1c244000 	C:\WINDOWS\System32\combase.dll
0x00007ffb197a0000 - 0x00007ffb197d0000 	C:\WINDOWS\SYSTEM32\Wldp.dll
0x00007ffb1b0d0000 - 0x00007ffb1b17d000 	C:\WINDOWS\System32\SHCORE.dll
0x00007ffb1cd50000 - 0x00007ffb1cda5000 	C:\WINDOWS\System32\shlwapi.dll
0x00007ffb1a450000 - 0x00007ffb1a46f000 	C:\WINDOWS\SYSTEM32\profapi.dll
0x00007ffb0c300000 - 0x00007ffb0c31a000 	C:\Program Files\Android\Android Studio\jre\bin\net.dll
0x00007ffb13f60000 - 0x00007ffb1406a000 	C:\WINDOWS\SYSTEM32\WINHTTP.dll
0x00007ffb19580000 - 0x00007ffb195ea000 	C:\WINDOWS\system32\mswsock.dll
0x00007ffb07ca0000 - 0x00007ffb07cb4000 	C:\Program Files\Android\Android Studio\jre\bin\nio.dll
0x00007ffb07970000 - 0x00007ffb07997000 	C:\Users\User\.gradle\native\e1d6ef7f7dcc3fd88c89a11ec53ec762bb8ba0a96d01ffa2cd45eb1d1d8dd5c5\windows-amd64\native-platform.dll
0x00007ffad86d0000 - 0x00007ffad8814000 	C:\Users\User\.gradle\native\5664cfc778a61ccfe75a443a1ab52a65af34e5dc3c78e0209fed803814484fcb\windows-amd64\native-platform-file-events.dll
0x00007ffb11fb0000 - 0x00007ffb11fba000 	C:\Program Files\Android\Android Studio\jre\bin\management.dll
0x00007ffb11e70000 - 0x00007ffb11e7d000 	C:\Program Files\Android\Android Studio\jre\bin\management_ext.dll
0x00007ffb1a2a0000 - 0x00007ffb1a2b8000 	C:\WINDOWS\SYSTEM32\CRYPTSP.dll
0x00007ffb18f40000 - 0x00007ffb18f74000 	C:\WINDOWS\system32\rsaenh.dll
0x00007ffb1a640000 - 0x00007ffb1a667000 	C:\WINDOWS\System32\bcrypt.dll
0x00007ffb1a3d0000 - 0x00007ffb1a3fe000 	C:\WINDOWS\SYSTEM32\USERENV.dll
0x00007ffb19710000 - 0x00007ffb1971c000 	C:\WINDOWS\SYSTEM32\CRYPTBASE.dll
0x00007ffb19290000 - 0x00007ffb192cb000 	C:\WINDOWS\SYSTEM32\IPHLPAPI.DLL
0x00007ffb1c370000 - 0x00007ffb1c378000 	C:\WINDOWS\System32\NSI.dll
0x00007ffb10f50000 - 0x00007ffb10f67000 	C:\WINDOWS\SYSTEM32\dhcpcsvc6.DLL
0x00007ffb10f30000 - 0x00007ffb10f4d000 	C:\WINDOWS\SYSTEM32\dhcpcsvc.DLL
0x00007ffb192d0000 - 0x00007ffb1939b000 	C:\WINDOWS\SYSTEM32\DNSAPI.dll

dbghelp: loaded successfully - version: 4.0.5 - missing functions: none
symbol engine: initialized successfully - sym options: 0x614 - pdb path: .;C:\Program Files\Android\Android Studio\jre\bin;C:\WINDOWS\SYSTEM32;C:\WINDOWS\WinSxS\amd64_microsoft.windows.common-controls_6595b64144ccf1df_6.0.19041.1110_none_60b5254171f9507e;C:\Program Files\Android\Android Studio\jre\bin\server;C:\Users\User\.gradle\native\e1d6ef7f7dcc3fd88c89a11ec53ec762bb8ba0a96d01ffa2cd45eb1d1d8dd5c5\windows-amd64;C:\Users\User\.gradle\native\5664cfc778a61ccfe75a443a1ab52a65af34e5dc3c78e0209fed803814484fcb\windows-amd64

VM Arguments:
jvm_args: --add-opens=java.base/java.util=ALL-UNNAMED --add-opens=java.base/java.lang=ALL-UNNAMED --add-opens=java.base/java.lang.invoke=ALL-UNNAMED --add-opens=java.base/java.util=ALL-UNNAMED --add-opens=java.prefs/java.util.prefs=ALL-UNNAMED --add-opens=java.prefs/java.util.prefs=ALL-UNNAMED --add-opens=java.base/java.nio.charset=ALL-UNNAMED --add-opens=java.base/java.net=ALL-UNNAMED --add-opens=java.base/java.util.concurrent.atomic=ALL-UNNAMED -Xmx2048m -Dfile.encoding=UTF-8 -Duser.country=SG -Duser.language=en -Duser.variant 
java_command: org.gradle.launcher.daemon.bootstrap.GradleDaemon 7.2
java_class_path (initial): C:\Users\User\.gradle\wrapper\dists\gradle-7.2-bin\2dnblmf4td7x66yl1d74lt32g\gradle-7.2\lib\gradle-launcher-7.2.jar
Launcher Type: SUN_STANDARD

[Global flags]
     intx CICompilerCount                          = 4                                         {product} {ergonomic}
     uint ConcGCThreads                            = 2                                         {product} {ergonomic}
     uint G1ConcRefinementThreads                  = 8                                         {product} {ergonomic}
   size_t G1HeapRegionSize                         = 1048576                                   {product} {ergonomic}
    uintx GCDrainStackTargetSize                   = 64                                        {product} {ergonomic}
   size_t InitialHeapSize                          = 132120576                                 {product} {ergonomic}
   size_t MarkStackSize                            = 4194304                                   {product} {ergonomic}
   size_t MaxHeapSize                              = 2147483648                                {product} {command line}
   size_t MaxNewSize                               = 1287651328                                {product} {ergonomic}
   size_t MinHeapDeltaBytes                        = 1048576                                   {product} {ergonomic}
    uintx NonNMethodCodeHeapSize                   = 5836300                                {pd product} {ergonomic}
    uintx NonProfiledCodeHeapSize                  = 122910970                              {pd product} {ergonomic}
    uintx ProfiledCodeHeapSize                     = 122910970                              {pd product} {ergonomic}
    uintx ReservedCodeCacheSize                    = 251658240                              {pd product} {ergonomic}
     bool SegmentedCodeCache                       = true                                      {product} {ergonomic}
     bool UseCompressedClassPointers               = true                                 {lp64_product} {ergonomic}
     bool UseCompressedOops                        = true                                 {lp64_product} {ergonomic}
     bool UseG1GC                                  = true                                      {product} {ergonomic}
     bool UseLargePagesIndividualAllocation        = false                                  {pd product} {ergonomic}

Logging:
Log output configuration:
 #0: stdout all=warning uptime,level,tags
 #1: stderr all=off uptime,level,tags

Environment Variables:
PATH=C:\Program Files (x86)\VMware\VMware Workstation\bin\;C:\WINDOWS\system32;C:\WINDOWS;C:\WINDOWS\System32\Wbem;C:\WINDOWS\System32\WindowsPowerShell\v1.0\;C:\WINDOWS\System32\OpenSSH\;C:\Program Files\Git\cmd;C:\Program Files (x86)\GNU\GnuPG\pub;C:\Users\User\AppData\Local\Microsoft\WindowsApps;;C:\Users\User\AppData\Local\Programs\Microsoft VS Code\bin;C:\Users\User\AppData\Local\Programs\mongosh\
USERNAME=User
OS=Windows_NT
PROCESSOR_IDENTIFIER=Intel64 Family 6 Model 140 Stepping 1, GenuineIntel



---------------  S Y S T E M  ---------------

OS: Windows 10 , 64 bit Build 19041 (10.0.19041.1806)
OS uptime: 8 days 1:50 hours
Hyper-V role detected

CPU:total 8 (initial active 8) (4 cores per cpu, 2 threads per core) family 6 model 140 stepping 1 microcode 0x9a, cmov, cx8, fxsr, mmx, sse, sse2, sse3, ssse3, sse4.1, sse4.2, popcnt, avx, avx2, aes, clmul, erms, 3dnowpref, lzcnt, ht, tsc, tscinvbit, bmi1, bmi2, adx, evex, sha, fma

Memory: 4k page, system-wide physical 7991M (347M free)
TotalPageFile size 32567M (AvailPageFile size 103M)
current process WorkingSet (physical memory assigned to process): 434M, peak: 434M
current process commit charge ("private bytes"): 544M, peak: 678M

vm_info: OpenJDK 64-Bit Server VM (11.0.11+9-b60-7590822) for windows-amd64 JRE (11.0.11+9-b60-7590822), built on Jul 29 2021 21:43:44 by "builder" with MS VC++ 14.0 (VS2015)

END.
