#
# There is insufficient memory for the Java Runtime Environment to continue.
# Native memory allocation (malloc) failed to allocate 73824 bytes for Chunk::new
# Possible reasons:
#   The system is out of physical RAM or swap space
#   The process is running with CompressedOops enabled, and the Java Heap may be blocking the growth of the native heap
# Possible solutions:
#   Reduce memory load on the system
#   Increase physical memory or swap space
#   Check if swap backing store is full
#   Decrease Java heap size (-Xmx/-Xms)
#   Decrease number of Java threads
#   Decrease Java thread stack sizes (-Xss)
#   Set larger code cache with -XX:ReservedCodeCacheSize=
#   JVM is running with Unscaled Compressed Oops mode in which the Java heap is
#     placed in the first 4GB address space. The Java Heap base address is the
#     maximum limit for the native heap growth. Please use -XX:HeapBaseMinAddress
#     to set the Java Heap base and to place the Java Heap above 4GB virtual address.
# This output file may be truncated or incomplete.
#
#  Out of Memory Error (./src/hotspot/share/memory/arena.cpp:197), pid=32076, tid=10580
#
# JRE version: OpenJDK Runtime Environment (11.0.11+9) (build 11.0.11+9-b60-7590822)
# Java VM: OpenJDK 64-Bit Server VM (11.0.11+9-b60-7590822, mixed mode, tiered, compressed oops, g1 gc, windows-amd64)
# No core dump will be written. Minidumps are not enabled by default on client versions of Windows
#

---------------  S U M M A R Y ------------

Command Line: --add-opens=java.base/java.util=ALL-UNNAMED --add-opens=java.base/java.lang=ALL-UNNAMED --add-opens=java.base/java.lang.invoke=ALL-UNNAMED --add-opens=java.base/java.util=ALL-UNNAMED --add-opens=java.prefs/java.util.prefs=ALL-UNNAMED --add-opens=java.prefs/java.util.prefs=ALL-UNNAMED --add-opens=java.base/java.nio.charset=ALL-UNNAMED --add-opens=java.base/java.net=ALL-UNNAMED --add-opens=java.base/java.util.concurrent.atomic=ALL-UNNAMED -Xmx2048m -Dfile.encoding=UTF-8 -Duser.country=SG -Duser.language=en -Duser.variant org.gradle.launcher.daemon.bootstrap.GradleDaemon 7.2

Host: 11th Gen Intel(R) Core(TM) i5-1135G7 @ 2.40GHz, 8 cores, 7G,  Windows 10 , 64 bit Build 19041 (10.0.19041.1806)
Time: Tue Aug 16 23:18:40 2022 Malay Peninsula Standard Time elapsed time: 25.841979 seconds (0d 0h 0m 25s)

---------------  T H R E A D  ---------------

Current thread (0x000001617428d800):  JavaThread "C2 CompilerThread0" daemon [_thread_in_native, id=10580, stack(0x00000025fb000000,0x00000025fb100000)]


Current CompileTask:
C2:  25842 7557 %     4       org.gradle.internal.instantiation.generator.AbstractClassGenerator::inspectType @ 431 (560 bytes)

Stack: [0x00000025fb000000,0x00000025fb100000]
Native frames: (J=compiled Java code, j=interpreted, Vv=VM code, C=native code)
V  [jvm.dll+0x5f214a]
V  [jvm.dll+0x726fb5]
V  [jvm.dll+0x7285cd]
V  [jvm.dll+0x728c83]
V  [jvm.dll+0x243278]
V  [jvm.dll+0xbc53c]
V  [jvm.dll+0xbca3c]
V  [jvm.dll+0xbc638]
V  [jvm.dll+0x64dc1c]
V  [jvm.dll+0x50f76c]
V  [jvm.dll+0x50d31e]
V  [jvm.dll+0x50a77e]
V  [jvm.dll+0x50a7f4]
V  [jvm.dll+0x50a7f4]
V  [jvm.dll+0x50a7f4]
V  [jvm.dll+0x5086f6]
V  [jvm.dll+0x1fd4b5]
V  [jvm.dll+0x1fb35f]
V  [jvm.dll+0x183d6c]
V  [jvm.dll+0x209a57]
V  [jvm.dll+0x2082a1]
V  [jvm.dll+0x6ef58f]
V  [jvm.dll+0x6e80b5]
V  [jvm.dll+0x5f1036]
C  [ucrtbase.dll+0x21bb2]
C  [KERNEL32.DLL+0x17034]
C  [ntdll.dll+0x52651]


---------------  P R O C E S S  ---------------

Threads class SMR info:
_java_thread_list=0x000001617a429080, length=122, elements={
0x00000161574dd000, 0x00000161738ef800, 0x00000161738f1000, 0x0000016174285800,
0x0000016174287000, 0x0000016174288000, 0x000001617428d800, 0x000001617428f000,
0x0000016174292000, 0x00000161743eb800, 0x000001617657b000, 0x0000016175332800,
0x00000161764c9800, 0x00000161764e0000, 0x0000016176605800, 0x0000016176468000,
0x0000016175d6f000, 0x00000161765f1800, 0x0000016176355000, 0x0000016176356800,
0x0000016176351000, 0x0000016176353800, 0x0000016176354000, 0x0000016176352000,
0x0000016176357800, 0x0000016176356000, 0x0000016176352800, 0x0000016175657800,
0x000001617565c800, 0x0000016175658800, 0x000001617565a000, 0x0000016175656800,
0x000001617565f000, 0x0000016175659000, 0x0000016175661800, 0x0000016175660800,
0x0000016175662000, 0x0000016175663000, 0x0000016175664000, 0x0000016175664800,
0x0000016175665800, 0x000001617565f800, 0x00000161781a4000, 0x00000161781a5800,
0x00000161781a3000, 0x00000161781a4800, 0x00000161781a0000, 0x00000161781a0800,
0x00000161781a6800, 0x00000161781a7000, 0x00000161781a1800, 0x00000161781a8000,
0x00000161781a2000, 0x00000161781a9800, 0x00000161781ac000, 0x00000161781aa800,
0x00000161781ad000, 0x00000161781ad800, 0x00000161781a9000, 0x00000161781ae800,
0x00000161781ab000, 0x0000016178180800, 0x0000016178182000, 0x0000016178180000,
0x0000016178183000, 0x0000016178184800, 0x0000016178184000, 0x0000016178185800,
0x0000016178186800, 0x0000016178187000, 0x0000016178181800, 0x000001617818d800,
0x000001617818a800, 0x000001617818b000, 0x000001617818c000, 0x000001617818d000,
0x0000016178188000, 0x000001617818e800, 0x0000016178189000, 0x0000016178189800,
0x0000016178f62000, 0x0000016178f61000, 0x0000016178f63000, 0x0000016178f5d000,
0x0000016178f5f800, 0x0000016178f60800, 0x0000016178f63800, 0x0000016178f5f000,
0x0000016178f5e000, 0x0000016178f66000, 0x0000016178f68000, 0x0000016178f68800,
0x0000016178f69800, 0x0000016178f64800, 0x0000016178f6a000, 0x0000016178f67000,
0x0000016178f6b000, 0x0000016178f65800, 0x0000016178f6c000, 0x000001617bda8000,
0x000001617bdac000, 0x000001617bda9800, 0x000001617bdad000, 0x000001617bda9000,
0x000001617bda7800, 0x000001617bdaf800, 0x000001617bdae000, 0x000001617bdb0800,
0x000001617bdae800, 0x000001617bdaa800, 0x000001617bdb1000, 0x000001617bdab800,
0x000001617bdb2000, 0x000001617bdb3800, 0x000001617bdb2800, 0x000001617bdb6000,
0x000001617bdb4800, 0x000001617bdb5000, 0x0000016178283800, 0x0000016178284000,
0x0000016178288800, 0x000001617828a800
}

Java Threads: ( => current thread )
  0x00000161574dd000 JavaThread "main" [_thread_blocked, id=14800, stack(0x00000025fa400000,0x00000025fa500000)]
  0x00000161738ef800 JavaThread "Reference Handler" daemon [_thread_blocked, id=16668, stack(0x00000025fab00000,0x00000025fac00000)]
  0x00000161738f1000 JavaThread "Finalizer" daemon [_thread_blocked, id=6868, stack(0x00000025fac00000,0x00000025fad00000)]
  0x0000016174285800 JavaThread "Signal Dispatcher" daemon [_thread_blocked, id=30504, stack(0x00000025fad00000,0x00000025fae00000)]
  0x0000016174287000 JavaThread "Attach Listener" daemon [_thread_blocked, id=28980, stack(0x00000025fae00000,0x00000025faf00000)]
  0x0000016174288000 JavaThread "Service Thread" daemon [_thread_blocked, id=20136, stack(0x00000025faf00000,0x00000025fb000000)]
=>0x000001617428d800 JavaThread "C2 CompilerThread0" daemon [_thread_in_native, id=10580, stack(0x00000025fb000000,0x00000025fb100000)]
  0x000001617428f000 JavaThread "C1 CompilerThread0" daemon [_thread_blocked, id=9696, stack(0x00000025fb100000,0x00000025fb200000)]
  0x0000016174292000 JavaThread "Sweeper thread" daemon [_thread_blocked, id=21640, stack(0x00000025fb200000,0x00000025fb300000)]
  0x00000161743eb800 JavaThread "Common-Cleaner" daemon [_thread_blocked, id=33508, stack(0x00000025fb300000,0x00000025fb400000)]
  0x000001617657b000 JavaThread "Daemon health stats" [_thread_blocked, id=10920, stack(0x00000025fb500000,0x00000025fb600000)]
  0x0000016175332800 JavaThread "Incoming local TCP Connector on port 63199" [_thread_in_native, id=31720, stack(0x00000025fb800000,0x00000025fb900000)]
  0x00000161764c9800 JavaThread "Daemon periodic checks" [_thread_blocked, id=27404, stack(0x00000025fb900000,0x00000025fba00000)]
  0x00000161764e0000 JavaThread "Daemon" [_thread_blocked, id=30564, stack(0x00000025fba00000,0x00000025fbb00000)]
  0x0000016176605800 JavaThread "Handler for socket connection from /127.0.0.1:63199 to /127.0.0.1:63200" [_thread_in_native, id=476, stack(0x00000025fbb00000,0x00000025fbc00000)]
  0x0000016176468000 JavaThread "Cancel handler" [_thread_blocked, id=31540, stack(0x00000025fbc00000,0x00000025fbd00000)]
  0x0000016175d6f000 JavaThread "Daemon worker" [_thread_in_Java, id=24612, stack(0x00000025fbd00000,0x00000025fbe00000)]
  0x00000161765f1800 JavaThread "Asynchronous log dispatcher for DefaultDaemonConnection: socket connection from /127.0.0.1:63199 to /127.0.0.1:63200" [_thread_blocked, id=20472, stack(0x00000025fbe00000,0x00000025fbf00000)]
  0x0000016176355000 JavaThread "Stdin handler" [_thread_blocked, id=30416, stack(0x00000025fbf00000,0x00000025fc000000)]
  0x0000016176356800 JavaThread "Daemon client event forwarder" [_thread_blocked, id=4776, stack(0x00000025fc000000,0x00000025fc100000)]
  0x0000016176351000 JavaThread "Cache worker for journal cache (C:\Users\User\.gradle\caches\journal-1)" [_thread_blocked, id=5908, stack(0x00000025fc600000,0x00000025fc700000)]
  0x0000016176353800 JavaThread "File lock request listener" [_thread_in_native, id=5840, stack(0x00000025fc700000,0x00000025fc800000)]
  0x0000016176354000 JavaThread "Cache worker for file hash cache (C:\Users\User\.gradle\caches\7.2\fileHashes)" [_thread_blocked, id=2640, stack(0x00000025fc800000,0x00000025fc900000)]
  0x0000016176352000 JavaThread "Cache worker for file hash cache (C:\Users\User\AndroidStudioProjects\DemoWeather\.gradle\7.2\fileHashes)" [_thread_blocked, id=28748, stack(0x00000025fca00000,0x00000025fcb00000)]
  0x0000016176357800 JavaThread "File watcher server" daemon [_thread_in_native, id=22016, stack(0x00000025fcb00000,0x00000025fcc00000)]
  0x0000016176356000 JavaThread "File watcher consumer" daemon [_thread_blocked, id=19736, stack(0x00000025fcc00000,0x00000025fcd00000)]
  0x0000016176352800 JavaThread "Cache worker for checksums cache (C:\Users\User\AndroidStudioProjects\DemoWeather\.gradle\checksums)" [_thread_blocked, id=5956, stack(0x00000025fcd00000,0x00000025fce00000)]
  0x0000016175657800 JavaThread "Cache worker for cache directory md-supplier (C:\Users\User\.gradle\caches\7.2\md-supplier)" [_thread_blocked, id=20972, stack(0x00000025fce00000,0x00000025fcf00000)]
  0x000001617565c800 JavaThread "Cache worker for cache directory md-rule (C:\Users\User\.gradle\caches\7.2\md-rule)" [_thread_blocked, id=10680, stack(0x00000025fcf00000,0x00000025fd000000)]
  0x0000016175658800 JavaThread "Cache worker for execution history cache (C:\Users\User\.gradle\caches\7.2\executionHistory)" [_thread_blocked, id=3336, stack(0x00000025fd000000,0x00000025fd100000)]
  0x000001617565a000 JavaThread "jar transforms" [_thread_blocked, id=18080, stack(0x00000025fd100000,0x00000025fd200000)]
  0x0000016175656800 JavaThread "Cache worker for file content cache (C:\Users\User\.gradle\caches\7.2\fileContent)" [_thread_blocked, id=28232, stack(0x00000025fd200000,0x00000025fd300000)]
  0x000001617565f000 JavaThread "jar transforms Thread 2" [_thread_blocked, id=20340, stack(0x00000025fd400000,0x00000025fd500000)]
  0x0000016175659000 JavaThread "Cache worker for dependencies-accessors (C:\Users\User\AndroidStudioProjects\DemoWeather\.gradle\7.2\dependencies-accessors)" [_thread_blocked, id=1592, stack(0x00000025fd500000,0x00000025fd600000)]
  0x0000016175661800 JavaThread "jar transforms Thread 3" [_thread_blocked, id=15776, stack(0x00000025fd600000,0x00000025fd700000)]
  0x0000016175660800 JavaThread "Cache worker for Build Output Cleanup Cache (C:\Users\User\AndroidStudioProjects\DemoWeather\.gradle\buildOutputCleanup)" [_thread_blocked, id=28484, stack(0x00000025fd700000,0x00000025fd800000)]
  0x0000016175662000 JavaThread "Unconstrained build operations" [_thread_blocked, id=15884, stack(0x00000025fd800000,0x00000025fd900000)]
  0x0000016175663000 JavaThread "Unconstrained build operations Thread 2" [_thread_blocked, id=31392, stack(0x00000025fd900000,0x00000025fda00000)]
  0x0000016175664000 JavaThread "Unconstrained build operations Thread 3" [_thread_blocked, id=34044, stack(0x00000025fda00000,0x00000025fdb00000)]
  0x0000016175664800 JavaThread "Unconstrained build operations Thread 4" [_thread_blocked, id=31588, stack(0x00000025fdb00000,0x00000025fdc00000)]
  0x0000016175665800 JavaThread "Unconstrained build operations Thread 5" [_thread_blocked, id=30140, stack(0x00000025fdc00000,0x00000025fdd00000)]
  0x000001617565f800 JavaThread "Unconstrained build operations Thread 6" [_thread_blocked, id=13484, stack(0x00000025fdd00000,0x00000025fde00000)]
  0x00000161781a4000 JavaThread "Unconstrained build operations Thread 7" [_thread_blocked, id=2636, stack(0x00000025fde00000,0x00000025fdf00000)]
  0x00000161781a5800 JavaThread "Unconstrained build operations Thread 8" [_thread_blocked, id=3932, stack(0x00000025fdf00000,0x00000025fe000000)]
  0x00000161781a3000 JavaThread "Unconstrained build operations Thread 9" [_thread_blocked, id=32676, stack(0x00000025fe000000,0x00000025fe100000)]
  0x00000161781a4800 JavaThread "Unconstrained build operations Thread 10" [_thread_blocked, id=21536, stack(0x00000025fe100000,0x00000025fe200000)]
  0x00000161781a0000 JavaThread "Unconstrained build operations Thread 11" [_thread_blocked, id=25060, stack(0x00000025fe200000,0x00000025fe300000)]
  0x00000161781a0800 JavaThread "Unconstrained build operations Thread 12" [_thread_blocked, id=34796, stack(0x00000025fe300000,0x00000025fe400000)]
  0x00000161781a6800 JavaThread "Unconstrained build operations Thread 13" [_thread_blocked, id=14988, stack(0x00000025fe400000,0x00000025fe500000)]
  0x00000161781a7000 JavaThread "Unconstrained build operations Thread 14" [_thread_blocked, id=14756, stack(0x00000025fe500000,0x00000025fe600000)]
  0x00000161781a1800 JavaThread "Unconstrained build operations Thread 15" [_thread_blocked, id=17588, stack(0x00000025fe600000,0x00000025fe700000)]
  0x00000161781a8000 JavaThread "Unconstrained build operations Thread 16" [_thread_blocked, id=3712, stack(0x00000025fe700000,0x00000025fe800000)]
  0x00000161781a2000 JavaThread "Unconstrained build operations Thread 17" [_thread_blocked, id=17744, stack(0x00000025fe800000,0x00000025fe900000)]
  0x00000161781a9800 JavaThread "Unconstrained build operations Thread 18" [_thread_blocked, id=10436, stack(0x00000025fe900000,0x00000025fea00000)]
  0x00000161781ac000 JavaThread "Unconstrained build operations Thread 19" [_thread_blocked, id=33192, stack(0x00000025fea00000,0x00000025feb00000)]
  0x00000161781aa800 JavaThread "Unconstrained build operations Thread 20" [_thread_blocked, id=4452, stack(0x00000025feb00000,0x00000025fec00000)]
  0x00000161781ad000 JavaThread "Unconstrained build operations Thread 21" [_thread_blocked, id=24520, stack(0x00000025fec00000,0x00000025fed00000)]
  0x00000161781ad800 JavaThread "Unconstrained build operations Thread 22" [_thread_blocked, id=23916, stack(0x00000025fed00000,0x00000025fee00000)]
  0x00000161781a9000 JavaThread "Unconstrained build operations Thread 23" [_thread_blocked, id=30484, stack(0x00000025fee00000,0x00000025fef00000)]
  0x00000161781ae800 JavaThread "Unconstrained build operations Thread 24" [_thread_blocked, id=23972, stack(0x00000025fef00000,0x00000025ff000000)]
  0x00000161781ab000 JavaThread "Unconstrained build operations Thread 25" [_thread_blocked, id=14012, stack(0x00000025ff000000,0x00000025ff100000)]
  0x0000016178180800 JavaThread "Unconstrained build operations Thread 26" [_thread_blocked, id=1016, stack(0x00000025ff100000,0x00000025ff200000)]
  0x0000016178182000 JavaThread "Unconstrained build operations Thread 27" [_thread_blocked, id=32856, stack(0x00000025ff200000,0x00000025ff300000)]
  0x0000016178180000 JavaThread "Unconstrained build operations Thread 28" [_thread_blocked, id=9176, stack(0x00000025ff300000,0x00000025ff400000)]
  0x0000016178183000 JavaThread "Unconstrained build operations Thread 29" [_thread_blocked, id=10032, stack(0x00000025ff400000,0x00000025ff500000)]
  0x0000016178184800 JavaThread "Unconstrained build operations Thread 30" [_thread_blocked, id=14340, stack(0x00000025ff500000,0x00000025ff600000)]
  0x0000016178184000 JavaThread "Unconstrained build operations Thread 31" [_thread_blocked, id=15056, stack(0x00000025ff600000,0x00000025ff700000)]
  0x0000016178185800 JavaThread "Unconstrained build operations Thread 32" [_thread_blocked, id=33308, stack(0x00000025ff700000,0x00000025ff800000)]
  0x0000016178186800 JavaThread "Unconstrained build operations Thread 33" [_thread_blocked, id=32804, stack(0x00000025ff800000,0x00000025ff900000)]
  0x0000016178187000 JavaThread "Unconstrained build operations Thread 34" [_thread_blocked, id=22244, stack(0x00000025ff900000,0x00000025ffa00000)]
  0x0000016178181800 JavaThread "Unconstrained build operations Thread 35" [_thread_blocked, id=23068, stack(0x00000025ffa00000,0x00000025ffb00000)]
  0x000001617818d800 JavaThread "Unconstrained build operations Thread 36" [_thread_blocked, id=22124, stack(0x00000025ffb00000,0x00000025ffc00000)]
  0x000001617818a800 JavaThread "Unconstrained build operations Thread 37" [_thread_blocked, id=34636, stack(0x00000025ffc00000,0x00000025ffd00000)]
  0x000001617818b000 JavaThread "Unconstrained build operations Thread 38" [_thread_blocked, id=31656, stack(0x00000025ffd00000,0x00000025ffe00000)]
  0x000001617818c000 JavaThread "Unconstrained build operations Thread 39" [_thread_blocked, id=28652, stack(0x00000025ffe00000,0x00000025fff00000)]
  0x000001617818d000 JavaThread "Unconstrained build operations Thread 40" [_thread_blocked, id=32556, stack(0x00000025fff00000,0x0000002600000000)]
  0x0000016178188000 JavaThread "Unconstrained build operations Thread 41" [_thread_blocked, id=14676, stack(0x0000002580000000,0x0000002580100000)]
  0x000001617818e800 JavaThread "Unconstrained build operations Thread 42" [_thread_blocked, id=24468, stack(0x0000002580100000,0x0000002580200000)]
  0x0000016178189000 JavaThread "Unconstrained build operations Thread 43" [_thread_blocked, id=23800, stack(0x0000002580200000,0x0000002580300000)]
  0x0000016178189800 JavaThread "Unconstrained build operations Thread 44" [_thread_blocked, id=22884, stack(0x0000002580300000,0x0000002580400000)]
  0x0000016178f62000 JavaThread "Unconstrained build operations Thread 45" [_thread_blocked, id=11384, stack(0x0000002580400000,0x0000002580500000)]
  0x0000016178f61000 JavaThread "Unconstrained build operations Thread 46" [_thread_blocked, id=26224, stack(0x0000002580500000,0x0000002580600000)]
  0x0000016178f63000 JavaThread "Unconstrained build operations Thread 47" [_thread_blocked, id=18916, stack(0x0000002580600000,0x0000002580700000)]
  0x0000016178f5d000 JavaThread "Unconstrained build operations Thread 48" [_thread_blocked, id=26828, stack(0x0000002580700000,0x0000002580800000)]
  0x0000016178f5f800 JavaThread "Unconstrained build operations Thread 49" [_thread_blocked, id=13428, stack(0x0000002580800000,0x0000002580900000)]
  0x0000016178f60800 JavaThread "Unconstrained build operations Thread 50" [_thread_blocked, id=31904, stack(0x0000002580900000,0x0000002580a00000)]
  0x0000016178f63800 JavaThread "Unconstrained build operations Thread 51" [_thread_blocked, id=29636, stack(0x0000002580a00000,0x0000002580b00000)]
  0x0000016178f5f000 JavaThread "Unconstrained build operations Thread 52" [_thread_blocked, id=17800, stack(0x0000002580b00000,0x0000002580c00000)]
  0x0000016178f5e000 JavaThread "Unconstrained build operations Thread 53" [_thread_blocked, id=6136, stack(0x0000002580c00000,0x0000002580d00000)]
  0x0000016178f66000 JavaThread "Unconstrained build operations Thread 54" [_thread_blocked, id=31388, stack(0x0000002580d00000,0x0000002580e00000)]
  0x0000016178f68000 JavaThread "Unconstrained build operations Thread 55" [_thread_blocked, id=15152, stack(0x0000002580e00000,0x0000002580f00000)]
  0x0000016178f68800 JavaThread "Unconstrained build operations Thread 56" [_thread_blocked, id=30724, stack(0x0000002580f00000,0x0000002581000000)]
  0x0000016178f69800 JavaThread "Unconstrained build operations Thread 57" [_thread_blocked, id=6432, stack(0x0000002581000000,0x0000002581100000)]
  0x0000016178f64800 JavaThread "Unconstrained build operations Thread 58" [_thread_blocked, id=13304, stack(0x0000002581100000,0x0000002581200000)]
  0x0000016178f6a000 JavaThread "Unconstrained build operations Thread 59" [_thread_blocked, id=25596, stack(0x0000002581200000,0x0000002581300000)]
  0x0000016178f67000 JavaThread "Unconstrained build operations Thread 60" [_thread_blocked, id=14208, stack(0x0000002581300000,0x0000002581400000)]
  0x0000016178f6b000 JavaThread "Unconstrained build operations Thread 61" [_thread_blocked, id=26440, stack(0x0000002581400000,0x0000002581500000)]
  0x0000016178f65800 JavaThread "Unconstrained build operations Thread 62" [_thread_blocked, id=19860, stack(0x0000002581500000,0x0000002581600000)]
  0x0000016178f6c000 JavaThread "Unconstrained build operations Thread 63" [_thread_blocked, id=9100, stack(0x0000002581600000,0x0000002581700000)]
  0x000001617bda8000 JavaThread "Unconstrained build operations Thread 64" [_thread_blocked, id=26172, stack(0x0000002581700000,0x0000002581800000)]
  0x000001617bdac000 JavaThread "Unconstrained build operations Thread 65" [_thread_blocked, id=16600, stack(0x0000002581800000,0x0000002581900000)]
  0x000001617bda9800 JavaThread "Unconstrained build operations Thread 66" [_thread_blocked, id=9480, stack(0x0000002581900000,0x0000002581a00000)]
  0x000001617bdad000 JavaThread "Unconstrained build operations Thread 67" [_thread_blocked, id=1660, stack(0x0000002581a00000,0x0000002581b00000)]
  0x000001617bda9000 JavaThread "Unconstrained build operations Thread 68" [_thread_blocked, id=19124, stack(0x0000002581b00000,0x0000002581c00000)]
  0x000001617bda7800 JavaThread "Unconstrained build operations Thread 69" [_thread_blocked, id=20616, stack(0x0000002581c00000,0x0000002581d00000)]
  0x000001617bdaf800 JavaThread "Unconstrained build operations Thread 70" [_thread_blocked, id=4584, stack(0x0000002581d00000,0x0000002581e00000)]
  0x000001617bdae000 JavaThread "Unconstrained build operations Thread 71" [_thread_blocked, id=13032, stack(0x0000002581e00000,0x0000002581f00000)]
  0x000001617bdb0800 JavaThread "Unconstrained build operations Thread 72" [_thread_blocked, id=15748, stack(0x0000002581f00000,0x0000002582000000)]
  0x000001617bdae800 JavaThread "Unconstrained build operations Thread 73" [_thread_blocked, id=1392, stack(0x0000002582000000,0x0000002582100000)]
  0x000001617bdaa800 JavaThread "Unconstrained build operations Thread 74" [_thread_blocked, id=30548, stack(0x0000002582100000,0x0000002582200000)]
  0x000001617bdb1000 JavaThread "Unconstrained build operations Thread 75" [_thread_blocked, id=28704, stack(0x0000002582200000,0x0000002582300000)]
  0x000001617bdab800 JavaThread "Unconstrained build operations Thread 76" [_thread_blocked, id=13572, stack(0x0000002582300000,0x0000002582400000)]
  0x000001617bdb2000 JavaThread "Unconstrained build operations Thread 77" [_thread_blocked, id=22840, stack(0x0000002582400000,0x0000002582500000)]
  0x000001617bdb3800 JavaThread "Unconstrained build operations Thread 78" [_thread_blocked, id=11180, stack(0x0000002582500000,0x0000002582600000)]
  0x000001617bdb2800 JavaThread "Unconstrained build operations Thread 79" [_thread_blocked, id=1224, stack(0x0000002582600000,0x0000002582700000)]
  0x000001617bdb6000 JavaThread "Unconstrained build operations Thread 80" [_thread_blocked, id=32760, stack(0x0000002582700000,0x0000002582800000)]
  0x000001617bdb4800 JavaThread "jar transforms Thread 4" [_thread_blocked, id=32644, stack(0x0000002582800000,0x0000002582900000)]
  0x000001617bdb5000 JavaThread "jar transforms Thread 5" [_thread_blocked, id=20692, stack(0x0000002582900000,0x0000002582a00000)]
  0x0000016178283800 JavaThread "jar transforms Thread 6" [_thread_blocked, id=1192, stack(0x0000002582a00000,0x0000002582b00000)]
  0x0000016178284000 JavaThread "jar transforms Thread 7" [_thread_blocked, id=19524, stack(0x0000002582b00000,0x0000002582c00000)]
  0x0000016178288800 JavaThread "jar transforms Thread 8" [_thread_blocked, id=17464, stack(0x0000002582c00000,0x0000002582d00000)]
  0x000001617828a800 JavaThread "Memory manager" [_thread_blocked, id=30584, stack(0x0000002582d00000,0x0000002582e00000)]

Other Threads:
  0x00000161738ed800 VMThread "VM Thread" [stack: 0x00000025faa00000,0x00000025fab00000] [id=27312]
  0x0000016174478000 WatcherThread [stack: 0x00000025fb400000,0x00000025fb500000] [id=21996]
  0x00000161574f4800 GCTaskThread "GC Thread#0" [stack: 0x00000025fa500000,0x00000025fa600000] [id=16320]
  0x000001617503d000 GCTaskThread "GC Thread#1" [stack: 0x00000025fb600000,0x00000025fb700000] [id=6200]
  0x0000016174eec000 GCTaskThread "GC Thread#2" [stack: 0x00000025fb700000,0x00000025fb800000] [id=34364]
  0x00000161758e3000 GCTaskThread "GC Thread#3" [stack: 0x00000025fc100000,0x00000025fc200000] [id=16272]
  0x00000161763c1000 GCTaskThread "GC Thread#4" [stack: 0x00000025fc200000,0x00000025fc300000] [id=17680]
  0x00000161765c9800 GCTaskThread "GC Thread#5" [stack: 0x00000025fc300000,0x00000025fc400000] [id=816]
  0x00000161765c1800 GCTaskThread "GC Thread#6" [stack: 0x00000025fc400000,0x00000025fc500000] [id=9340]
  0x00000161765c2800 GCTaskThread "GC Thread#7" [stack: 0x00000025fc500000,0x00000025fc600000] [id=26188]
  0x0000016157526000 ConcurrentGCThread "G1 Main Marker" [stack: 0x00000025fa600000,0x00000025fa700000] [id=22048]
  0x0000016157529000 ConcurrentGCThread "G1 Conc#0" [stack: 0x00000025fa700000,0x00000025fa800000] [id=19616]
  0x0000016174ec7800 ConcurrentGCThread "G1 Conc#1" [stack: 0x00000025fc900000,0x00000025fca00000] [id=14864]
  0x00000161575b6800 ConcurrentGCThread "G1 Refine#0" [stack: 0x00000025fa800000,0x00000025fa900000] [id=17260]
  0x0000016173740800 ConcurrentGCThread "G1 Young RemSet Sampling" [stack: 0x00000025fa900000,0x00000025faa00000] [id=20124]

Threads with active compile tasks:
C2 CompilerThread0  25877 7557 %     4       org.gradle.internal.instantiation.generator.AbstractClassGenerator::inspectType @ 431 (560 bytes)

VM state:not at safepoint (normal execution)

VM Mutex/Monitor currently owned by a thread: None

Heap address: 0x0000000080000000, size: 2048 MB, Compressed Oops mode: 32-bit
Narrow klass base: 0x0000000000000000, Narrow klass shift: 3
Compressed class space size: 1073741824 Address: 0x0000000100000000

Heap:
 garbage-first heap   total 129024K, used 91400K [0x0000000080000000, 0x0000000100000000)
  region size 1024K, 40 young (40960K), 6 survivors (6144K)
 Metaspace       used 76172K, capacity 77935K, committed 78064K, reserved 1116160K
  class space    used 9956K, capacity 10602K, committed 10700K, reserved 1048576K
Heap Regions: E=young(eden), S=young(survivor), O=old, HS=humongous(starts), HC=humongous(continues), CS=collection set, F=free, A=archive, TAMS=top-at-mark-start (previous, next)
|   0|0x0000000080000000, 0x0000000080100000, 0x0000000080100000|100%| O|  |TAMS 0x0000000080100000, 0x0000000080000000| Untracked 
|   1|0x0000000080100000, 0x0000000080200000, 0x0000000080200000|100%| O|  |TAMS 0x0000000080200000, 0x0000000080100000| Untracked 
|   2|0x0000000080200000, 0x0000000080300000, 0x0000000080300000|100%| O|  |TAMS 0x0000000080300000, 0x0000000080200000| Untracked 
|   3|0x0000000080300000, 0x0000000080400000, 0x0000000080400000|100%|HS|  |TAMS 0x0000000080400000, 0x0000000080300000| Complete 
|   4|0x0000000080400000, 0x0000000080500000, 0x0000000080500000|100%|HC|  |TAMS 0x0000000080500000, 0x0000000080400000| Complete 
|   5|0x0000000080500000, 0x0000000080600000, 0x0000000080600000|100%|HC|  |TAMS 0x0000000080600000, 0x0000000080500000| Complete 
|   6|0x0000000080600000, 0x0000000080700000, 0x0000000080700000|100%| O|  |TAMS 0x0000000080700000, 0x0000000080600000| Untracked 
|   7|0x0000000080700000, 0x0000000080800000, 0x0000000080800000|100%| O|  |TAMS 0x0000000080800000, 0x0000000080700000| Untracked 
|   8|0x0000000080800000, 0x0000000080900000, 0x0000000080900000|100%| O|  |TAMS 0x0000000080900000, 0x0000000080800000| Untracked 
|   9|0x0000000080900000, 0x0000000080a00000, 0x0000000080a00000|100%| O|  |TAMS 0x0000000080a00000, 0x0000000080900000| Untracked 
|  10|0x0000000080a00000, 0x0000000080b00000, 0x0000000080b00000|100%| O|  |TAMS 0x0000000080b00000, 0x0000000080a00000| Untracked 
|  11|0x0000000080b00000, 0x0000000080c00000, 0x0000000080c00000|100%| O|  |TAMS 0x0000000080c00000, 0x0000000080b00000| Untracked 
|  12|0x0000000080c00000, 0x0000000080d00000, 0x0000000080d00000|100%| O|  |TAMS 0x0000000080d00000, 0x0000000080c00000| Untracked 
|  13|0x0000000080d00000, 0x0000000080e00000, 0x0000000080e00000|100%| O|  |TAMS 0x0000000080e00000, 0x0000000080d00000| Untracked 
|  14|0x0000000080e00000, 0x0000000080f00000, 0x0000000080f00000|100%| O|  |TAMS 0x0000000080f00000, 0x0000000080e00000| Untracked 
|  15|0x0000000080f00000, 0x0000000081000000, 0x0000000081000000|100%| O|  |TAMS 0x0000000081000000, 0x0000000080f00000| Untracked 
|  16|0x0000000081000000, 0x0000000081100000, 0x0000000081100000|100%|HS|  |TAMS 0x0000000081100000, 0x0000000081000000| Complete 
|  17|0x0000000081100000, 0x0000000081200000, 0x0000000081200000|100%| O|  |TAMS 0x0000000081200000, 0x0000000081100000| Untracked 
|  18|0x0000000081200000, 0x0000000081300000, 0x0000000081300000|100%| O|  |TAMS 0x0000000081300000, 0x0000000081200000| Untracked 
|  19|0x0000000081300000, 0x0000000081400000, 0x0000000081400000|100%| O|  |TAMS 0x0000000081400000, 0x0000000081300000| Untracked 
|  20|0x0000000081400000, 0x0000000081500000, 0x0000000081500000|100%| O|  |TAMS 0x0000000081500000, 0x0000000081400000| Untracked 
|  21|0x0000000081500000, 0x0000000081600000, 0x0000000081600000|100%| O|  |TAMS 0x0000000081600000, 0x0000000081500000| Untracked 
|  22|0x0000000081600000, 0x0000000081700000, 0x0000000081700000|100%| O|  |TAMS 0x0000000081700000, 0x0000000081600000| Untracked 
|  23|0x0000000081700000, 0x0000000081800000, 0x0000000081800000|100%| O|  |TAMS 0x0000000081800000, 0x0000000081700000| Untracked 
|  24|0x0000000081800000, 0x0000000081900000, 0x0000000081900000|100%| O|  |TAMS 0x0000000081900000, 0x0000000081800000| Untracked 
|  25|0x0000000081900000, 0x0000000081a00000, 0x0000000081a00000|100%| O|  |TAMS 0x0000000081a00000, 0x0000000081900000| Untracked 
|  26|0x0000000081a00000, 0x0000000081b00000, 0x0000000081b00000|100%| O|  |TAMS 0x0000000081b00000, 0x0000000081a00000| Untracked 
|  27|0x0000000081b00000, 0x0000000081c00000, 0x0000000081c00000|100%|HS|  |TAMS 0x0000000081c00000, 0x0000000081b00000| Complete 
|  28|0x0000000081c00000, 0x0000000081d00000, 0x0000000081d00000|100%|HS|  |TAMS 0x0000000081d00000, 0x0000000081c00000| Complete 
|  29|0x0000000081d00000, 0x0000000081e00000, 0x0000000081e00000|100%|HS|  |TAMS 0x0000000081e00000, 0x0000000081d00000| Complete 
|  30|0x0000000081e00000, 0x0000000081f00000, 0x0000000081f00000|100%|HC|  |TAMS 0x0000000081f00000, 0x0000000081e00000| Complete 
|  31|0x0000000081f00000, 0x0000000082000000, 0x0000000082000000|100%| O|  |TAMS 0x0000000082000000, 0x0000000081f00000| Untracked 
|  32|0x0000000082000000, 0x0000000082100000, 0x0000000082100000|100%| O|  |TAMS 0x0000000082100000, 0x0000000082000000| Untracked 
|  33|0x0000000082100000, 0x0000000082200000, 0x0000000082200000|100%| O|  |TAMS 0x0000000082200000, 0x0000000082100000| Untracked 
|  34|0x0000000082200000, 0x0000000082300000, 0x0000000082300000|100%| O|  |TAMS 0x0000000082300000, 0x0000000082200000| Untracked 
|  35|0x0000000082300000, 0x0000000082400000, 0x0000000082400000|100%| O|  |TAMS 0x0000000082400000, 0x0000000082300000| Untracked 
|  36|0x0000000082400000, 0x0000000082500000, 0x0000000082500000|100%| O|  |TAMS 0x0000000082500000, 0x0000000082400000| Untracked 
|  37|0x0000000082500000, 0x0000000082600000, 0x0000000082600000|100%| O|  |TAMS 0x0000000082600000, 0x0000000082500000| Untracked 
|  38|0x0000000082600000, 0x0000000082700000, 0x0000000082700000|100%| O|  |TAMS 0x0000000082700000, 0x0000000082600000| Untracked 
|  39|0x0000000082700000, 0x0000000082800000, 0x0000000082800000|100%| O|  |TAMS 0x0000000082800000, 0x0000000082700000| Untracked 
|  40|0x0000000082800000, 0x0000000082900000, 0x0000000082900000|100%| O|  |TAMS 0x0000000082900000, 0x0000000082800000| Untracked 
|  41|0x0000000082900000, 0x0000000082a00000, 0x0000000082a00000|100%| O|  |TAMS 0x0000000082a00000, 0x0000000082900000| Untracked 
|  42|0x0000000082a00000, 0x0000000082b00000, 0x0000000082b00000|100%| O|  |TAMS 0x0000000082b00000, 0x0000000082a00000| Untracked 
|  43|0x0000000082b00000, 0x0000000082c00000, 0x0000000082c00000|100%| O|  |TAMS 0x0000000082b7cc00, 0x0000000082b00000| Untracked 
|  44|0x0000000082c00000, 0x0000000082d00000, 0x0000000082d00000|100%| O|  |TAMS 0x0000000082c00000, 0x0000000082c00000| Untracked 
|  45|0x0000000082d00000, 0x0000000082e00000, 0x0000000082e00000|100%| O|  |TAMS 0x0000000082d00000, 0x0000000082d00000| Untracked 
|  46|0x0000000082e00000, 0x0000000082f00000, 0x0000000082f00000|100%| O|  |TAMS 0x0000000082e00000, 0x0000000082e00000| Untracked 
|  47|0x0000000082f00000, 0x0000000083000000, 0x0000000083000000|100%| O|  |TAMS 0x0000000082f00000, 0x0000000082f00000| Untracked 
|  48|0x0000000083000000, 0x0000000083100000, 0x0000000083100000|100%| O|  |TAMS 0x0000000083000000, 0x0000000083000000| Untracked 
|  49|0x0000000083100000, 0x0000000083200000, 0x0000000083200000|100%| O|  |TAMS 0x0000000083100000, 0x0000000083100000| Untracked 
|  50|0x0000000083200000, 0x000000008328bc00, 0x0000000083300000| 54%| O|  |TAMS 0x0000000083200000, 0x0000000083200000| Untracked 
|  51|0x0000000083300000, 0x0000000083300000, 0x0000000083400000|  0%| F|  |TAMS 0x0000000083300000, 0x0000000083300000| Untracked 
|  52|0x0000000083400000, 0x0000000083400000, 0x0000000083500000|  0%| F|  |TAMS 0x0000000083400000, 0x0000000083400000| Untracked 
|  53|0x0000000083500000, 0x0000000083500000, 0x0000000083600000|  0%| F|  |TAMS 0x0000000083500000, 0x0000000083500000| Untracked 
|  54|0x0000000083600000, 0x0000000083600000, 0x0000000083700000|  0%| F|  |TAMS 0x0000000083600000, 0x0000000083600000| Untracked 
|  55|0x0000000083700000, 0x0000000083700000, 0x0000000083800000|  0%| F|  |TAMS 0x0000000083700000, 0x0000000083700000| Untracked 
|  56|0x0000000083800000, 0x0000000083800000, 0x0000000083900000|  0%| F|  |TAMS 0x0000000083800000, 0x0000000083800000| Untracked 
|  57|0x0000000083900000, 0x0000000083900000, 0x0000000083a00000|  0%| F|  |TAMS 0x0000000083900000, 0x0000000083900000| Untracked 
|  58|0x0000000083a00000, 0x0000000083a00000, 0x0000000083b00000|  0%| F|  |TAMS 0x0000000083a00000, 0x0000000083a00000| Untracked 
|  59|0x0000000083b00000, 0x0000000083b00000, 0x0000000083c00000|  0%| F|  |TAMS 0x0000000083b00000, 0x0000000083b00000| Untracked 
|  60|0x0000000083c00000, 0x0000000083c00000, 0x0000000083d00000|  0%| F|  |TAMS 0x0000000083c00000, 0x0000000083c00000| Untracked 
|  61|0x0000000083d00000, 0x0000000083d00000, 0x0000000083e00000|  0%| F|  |TAMS 0x0000000083d00000, 0x0000000083d00000| Untracked 
|  62|0x0000000083e00000, 0x0000000083e00000, 0x0000000083f00000|  0%| F|  |TAMS 0x0000000083e00000, 0x0000000083e00000| Untracked 
|  63|0x0000000083f00000, 0x0000000083f00000, 0x0000000084000000|  0%| F|  |TAMS 0x0000000083f00000, 0x0000000083f00000| Untracked 
|  64|0x0000000084000000, 0x0000000084000000, 0x0000000084100000|  0%| F|  |TAMS 0x0000000084000000, 0x0000000084000000| Untracked 
|  65|0x0000000084100000, 0x0000000084100000, 0x0000000084200000|  0%| F|  |TAMS 0x0000000084100000, 0x0000000084100000| Untracked 
|  66|0x0000000084200000, 0x0000000084200000, 0x0000000084300000|  0%| F|  |TAMS 0x0000000084200000, 0x0000000084200000| Untracked 
|  67|0x0000000084300000, 0x0000000084300000, 0x0000000084400000|  0%| F|  |TAMS 0x0000000084300000, 0x0000000084300000| Untracked 
|  68|0x0000000084400000, 0x0000000084400000, 0x0000000084500000|  0%| F|  |TAMS 0x0000000084400000, 0x0000000084400000| Untracked 
|  69|0x0000000084500000, 0x0000000084500000, 0x0000000084600000|  0%| F|  |TAMS 0x0000000084500000, 0x0000000084500000| Untracked 
|  70|0x0000000084600000, 0x0000000084600000, 0x0000000084700000|  0%| F|  |TAMS 0x0000000084600000, 0x0000000084600000| Untracked 
|  71|0x0000000084700000, 0x0000000084700000, 0x0000000084800000|  0%| F|  |TAMS 0x0000000084700000, 0x0000000084700000| Untracked 
|  72|0x0000000084800000, 0x0000000084800000, 0x0000000084900000|  0%| F|  |TAMS 0x0000000084800000, 0x0000000084800000| Untracked 
|  73|0x0000000084900000, 0x00000000849b65b0, 0x0000000084a00000| 71%| S|CS|TAMS 0x0000000084900000, 0x0000000084900000| Complete 
|  74|0x0000000084a00000, 0x0000000084b00000, 0x0000000084b00000|100%| S|CS|TAMS 0x0000000084a00000, 0x0000000084a00000| Complete 
|  75|0x0000000084b00000, 0x0000000084c00000, 0x0000000084c00000|100%| S|CS|TAMS 0x0000000084b00000, 0x0000000084b00000| Complete 
|  76|0x0000000084c00000, 0x0000000084c00000, 0x0000000084d00000|  0%| F|  |TAMS 0x0000000084c00000, 0x0000000084c00000| Untracked 
|  77|0x0000000084d00000, 0x0000000084d00000, 0x0000000084e00000|  0%| F|  |TAMS 0x0000000084d00000, 0x0000000084d00000| Untracked 
|  78|0x0000000084e00000, 0x0000000084f00000, 0x0000000084f00000|100%| S|CS|TAMS 0x0000000084e00000, 0x0000000084e00000| Complete 
|  79|0x0000000084f00000, 0x0000000084f00000, 0x0000000085000000|  0%| F|  |TAMS 0x0000000084f00000, 0x0000000084f00000| Untracked 
|  80|0x0000000085000000, 0x0000000085000000, 0x0000000085100000|  0%| F|  |TAMS 0x0000000085000000, 0x0000000085000000| Untracked 
|  81|0x0000000085100000, 0x0000000085100000, 0x0000000085200000|  0%| F|  |TAMS 0x0000000085100000, 0x0000000085100000| Untracked 
|  82|0x0000000085200000, 0x0000000085200000, 0x0000000085300000|  0%| F|  |TAMS 0x0000000085200000, 0x0000000085200000| Untracked 
|  83|0x0000000085300000, 0x0000000085400000, 0x0000000085400000|100%| S|CS|TAMS 0x0000000085300000, 0x0000000085300000| Complete 
|  84|0x0000000085400000, 0x0000000085500000, 0x0000000085500000|100%| S|CS|TAMS 0x0000000085400000, 0x0000000085400000| Complete 
|  85|0x0000000085500000, 0x0000000085500000, 0x0000000085600000|  0%| F|  |TAMS 0x0000000085500000, 0x0000000085500000| Untracked 
|  86|0x0000000085600000, 0x0000000085600000, 0x0000000085700000|  0%| F|  |TAMS 0x0000000085600000, 0x0000000085600000| Untracked 
|  87|0x0000000085700000, 0x0000000085700000, 0x0000000085800000|  0%| F|  |TAMS 0x0000000085700000, 0x0000000085700000| Untracked 
|  88|0x0000000085800000, 0x0000000085800000, 0x0000000085900000|  0%| F|  |TAMS 0x0000000085800000, 0x0000000085800000| Untracked 
|  89|0x0000000085900000, 0x0000000085900000, 0x0000000085a00000|  0%| F|  |TAMS 0x0000000085900000, 0x0000000085900000| Untracked 
|  90|0x0000000085a00000, 0x0000000085a00000, 0x0000000085b00000|  0%| F|  |TAMS 0x0000000085a00000, 0x0000000085a00000| Untracked 
|  91|0x0000000085b00000, 0x0000000085b00000, 0x0000000085c00000|  0%| F|  |TAMS 0x0000000085b00000, 0x0000000085b00000| Untracked 
|  92|0x0000000085c00000, 0x0000000085c80800, 0x0000000085d00000| 50%| E|  |TAMS 0x0000000085c00000, 0x0000000085c00000| Complete 
|  93|0x0000000085d00000, 0x0000000085e00000, 0x0000000085e00000|100%| E|CS|TAMS 0x0000000085d00000, 0x0000000085d00000| Complete 
|  94|0x0000000085e00000, 0x0000000085f00000, 0x0000000085f00000|100%| E|CS|TAMS 0x0000000085e00000, 0x0000000085e00000| Complete 
|  95|0x0000000085f00000, 0x0000000086000000, 0x0000000086000000|100%| E|CS|TAMS 0x0000000085f00000, 0x0000000085f00000| Complete 
|  96|0x0000000086000000, 0x0000000086100000, 0x0000000086100000|100%| E|CS|TAMS 0x0000000086000000, 0x0000000086000000| Complete 
|  97|0x0000000086100000, 0x0000000086200000, 0x0000000086200000|100%| E|CS|TAMS 0x0000000086100000, 0x0000000086100000| Complete 
|  98|0x0000000086200000, 0x0000000086300000, 0x0000000086300000|100%| E|CS|TAMS 0x0000000086200000, 0x0000000086200000| Complete 
|  99|0x0000000086300000, 0x0000000086400000, 0x0000000086400000|100%| E|CS|TAMS 0x0000000086300000, 0x0000000086300000| Complete 
| 100|0x0000000086400000, 0x0000000086500000, 0x0000000086500000|100%| E|CS|TAMS 0x0000000086400000, 0x0000000086400000| Complete 
| 101|0x0000000086500000, 0x0000000086600000, 0x0000000086600000|100%| E|CS|TAMS 0x0000000086500000, 0x0000000086500000| Complete 
| 102|0x0000000086600000, 0x0000000086700000, 0x0000000086700000|100%| E|CS|TAMS 0x0000000086600000, 0x0000000086600000| Complete 
| 103|0x0000000086700000, 0x0000000086800000, 0x0000000086800000|100%| E|CS|TAMS 0x0000000086700000, 0x0000000086700000| Complete 
| 104|0x0000000086800000, 0x0000000086900000, 0x0000000086900000|100%| E|CS|TAMS 0x0000000086800000, 0x0000000086800000| Complete 
| 105|0x0000000086900000, 0x0000000086a00000, 0x0000000086a00000|100%| E|CS|TAMS 0x0000000086900000, 0x0000000086900000| Complete 
| 106|0x0000000086a00000, 0x0000000086b00000, 0x0000000086b00000|100%| E|CS|TAMS 0x0000000086a00000, 0x0000000086a00000| Complete 
| 107|0x0000000086b00000, 0x0000000086c00000, 0x0000000086c00000|100%| E|CS|TAMS 0x0000000086b00000, 0x0000000086b00000| Complete 
| 108|0x0000000086c00000, 0x0000000086d00000, 0x0000000086d00000|100%| E|CS|TAMS 0x0000000086c00000, 0x0000000086c00000| Complete 
| 109|0x0000000086d00000, 0x0000000086e00000, 0x0000000086e00000|100%| E|CS|TAMS 0x0000000086d00000, 0x0000000086d00000| Complete 
| 110|0x0000000086e00000, 0x0000000086f00000, 0x0000000086f00000|100%| E|CS|TAMS 0x0000000086e00000, 0x0000000086e00000| Complete 
| 111|0x0000000086f00000, 0x0000000087000000, 0x0000000087000000|100%| E|CS|TAMS 0x0000000086f00000, 0x0000000086f00000| Complete 
| 112|0x0000000087000000, 0x0000000087100000, 0x0000000087100000|100%| E|CS|TAMS 0x0000000087000000, 0x0000000087000000| Complete 
| 113|0x0000000087100000, 0x0000000087200000, 0x0000000087200000|100%| E|CS|TAMS 0x0000000087100000, 0x0000000087100000| Complete 
| 114|0x0000000087200000, 0x0000000087300000, 0x0000000087300000|100%| E|CS|TAMS 0x0000000087200000, 0x0000000087200000| Complete 
| 115|0x0000000087300000, 0x0000000087400000, 0x0000000087400000|100%| E|CS|TAMS 0x0000000087300000, 0x0000000087300000| Complete 
| 116|0x0000000087400000, 0x0000000087500000, 0x0000000087500000|100%| E|CS|TAMS 0x0000000087400000, 0x0000000087400000| Complete 
| 117|0x0000000087500000, 0x0000000087600000, 0x0000000087600000|100%| E|CS|TAMS 0x0000000087500000, 0x0000000087500000| Complete 
| 118|0x0000000087600000, 0x0000000087700000, 0x0000000087700000|100%| E|CS|TAMS 0x0000000087600000, 0x0000000087600000| Complete 
| 119|0x0000000087700000, 0x0000000087800000, 0x0000000087800000|100%| E|CS|TAMS 0x0000000087700000, 0x0000000087700000| Complete 
| 120|0x0000000087800000, 0x0000000087900000, 0x0000000087900000|100%| E|CS|TAMS 0x0000000087800000, 0x0000000087800000| Complete 
| 121|0x0000000087900000, 0x0000000087a00000, 0x0000000087a00000|100%| E|CS|TAMS 0x0000000087900000, 0x0000000087900000| Complete 
| 122|0x0000000087a00000, 0x0000000087b00000, 0x0000000087b00000|100%| E|CS|TAMS 0x0000000087a00000, 0x0000000087a00000| Complete 
| 123|0x0000000087b00000, 0x0000000087c00000, 0x0000000087c00000|100%| E|CS|TAMS 0x0000000087b00000, 0x0000000087b00000| Complete 
| 124|0x0000000087c00000, 0x0000000087d00000, 0x0000000087d00000|100%| E|CS|TAMS 0x0000000087c00000, 0x0000000087c00000| Complete 
| 125|0x0000000087d00000, 0x0000000087e00000, 0x0000000087e00000|100%| E|CS|TAMS 0x0000000087d00000, 0x0000000087d00000| Complete 

Card table byte_map: [0x000001616c620000,0x000001616ca20000] _byte_map_base: 0x000001616c220000

Marking Bits (Prev, Next): (CMBitMap*) 0x000001615751d160, (CMBitMap*) 0x000001615751d128
 Prev Bits: [0x000001616ee20000, 0x0000016170e20000)
 Next Bits: [0x000001616ce20000, 0x000001616ee20000)

Polling page: 0x0000016158d70000

Metaspace:

Usage:
  Non-class:     65.75 MB capacity,    64.67 MB ( 98%) used,   921.95 KB (  1%) free+waste,   191.88 KB ( <1%) overhead. 
      Class:     10.35 MB capacity,     9.72 MB ( 94%) used,   555.81 KB (  5%) free+waste,    89.25 KB ( <1%) overhead. 
       Both:     76.11 MB capacity,    74.39 MB ( 98%) used,     1.44 MB (  2%) free+waste,   281.13 KB ( <1%) overhead. 

Virtual space:
  Non-class space:       66.00 MB reserved,      65.79 MB (>99%) committed 
      Class space:        1.00 GB reserved,      10.45 MB (  1%) committed 
             Both:        1.06 GB reserved,      76.23 MB (  7%) committed 

Chunk freelists:
   Non-Class:  31.00 KB
       Class:  22.00 KB
        Both:  53.00 KB

MaxMetaspaceSize: 17179869184.00 GB
CompressedClassSpaceSize: 1.00 GB

CodeHeap 'non-profiled nmethods': size=120000Kb used=4634Kb max_used=4634Kb free=115365Kb
 bounds [0x0000016164280000, 0x0000016164710000, 0x000001616b7b0000]
CodeHeap 'profiled nmethods': size=120000Kb used=16323Kb max_used=16323Kb free=103676Kb
 bounds [0x000001615cd50000, 0x000001615dd50000, 0x0000016164280000]
CodeHeap 'non-nmethods': size=5760Kb used=2285Kb max_used=2325Kb free=3474Kb
 bounds [0x000001615c7b0000, 0x000001615ca20000, 0x000001615cd50000]
 total_blobs=8364 nmethods=7496 adapters=779
 compilation: enabled
              stopped_count=0, restarted_count=0
 full_count=0

Compilation events (20 events):
Event: 25.781 Thread 0x000001617428f000 7553       3       org.objectweb.asm.SymbolTable::putBootstrapMethods (56 bytes)
Event: 25.781 Thread 0x000001617428f000 nmethod 7553 0x000001615dd3a390 code [0x000001615dd3a5a0, 0x000001615dd3a888]
Event: 25.783 Thread 0x000001617428d800 nmethod 7548% 0x0000016164703a10 code [0x0000016164703bc0, 0x0000016164703f08]
Event: 25.783 Thread 0x000001617428d800 7550       4       org.objectweb.asm.Type::getMethodDescriptor (66 bytes)
Event: 25.793 Thread 0x000001617428f000 7554       3       java.lang.CharacterDataLatin1::digit (32 bytes)
Event: 25.793 Thread 0x000001617428f000 nmethod 7554 0x000001615dd3aa90 code [0x000001615dd3ac40, 0x000001615dd3ae78]
Event: 25.793 Thread 0x000001617428f000 7555       3       org.gradle.api.internal.provider.AbstractProperty::disallowChanges (8 bytes)
Event: 25.793 Thread 0x000001617428f000 nmethod 7555 0x000001615dd3af90 code [0x000001615dd3b140, 0x000001615dd3b308]
Event: 25.793 Thread 0x000001617428f000 7556       3       org.gradle.api.internal.provider.AbstractProperty$NonFinalizedValue::disallowChanges (6 bytes)
Event: 25.793 Thread 0x000001617428f000 nmethod 7556 0x000001615dd3b410 code [0x000001615dd3b5c0, 0x000001615dd3b6b8]
Event: 25.802 Thread 0x000001617428d800 nmethod 7550 0x0000016164704210 code [0x0000016164704440, 0x0000016164705380]
Event: 25.802 Thread 0x000001617428d800 7549       4       org.objectweb.asm.Type::getTypeInternal (199 bytes)
Event: 25.806 Thread 0x000001617428d800 nmethod 7549 0x0000016164705b90 code [0x0000016164705d40, 0x0000016164706068]
Event: 25.806 Thread 0x000001617428d800 7551       4       org.objectweb.asm.Attribute::computeAttributesSize (62 bytes)
Event: 25.807 Thread 0x000001617428d800 nmethod 7551 0x0000016164706210 code [0x00000161647063c0, 0x00000161647064a8]
Event: 25.807 Thread 0x000001617428d800 7552       4       org.objectweb.asm.AnnotationWriter::computeAnnotationsSize (66 bytes)
Event: 25.808 Thread 0x000001617428d800 nmethod 7552 0x0000016164706610 code [0x00000161647067c0, 0x00000161647068a8]
Event: 25.808 Thread 0x000001617428d800 7557 %     4       org.gradle.internal.instantiation.generator.AbstractClassGenerator::inspectType @ 431 (560 bytes)
Event: 25.830 Thread 0x000001617428f000 7559       3       java.util.ArrayList::add (65 bytes)
Event: 25.831 Thread 0x000001617428f000 nmethod 7559 0x000001615dd3b790 code [0x000001615dd3b9e0, 0x000001615dd3c208]

GC Heap History (20 events):
Event: 6.974 GC heap before
{Heap before GC invocations=5 (full 0):
 garbage-first heap   total 129024K, used 74368K [0x0000000080000000, 0x0000000100000000)
  region size 1024K, 58 young (59392K), 3 survivors (3072K)
 Metaspace       used 34850K, capacity 35642K, committed 35708K, reserved 1081344K
  class space    used 4528K, capacity 4857K, committed 4864K, reserved 1048576K
}
Event: 6.984 GC heap after
{Heap after GC invocations=6 (full 0):
 garbage-first heap   total 129024K, used 22506K [0x0000000080000000, 0x0000000100000000)
  region size 1024K, 7 young (7168K), 7 survivors (7168K)
 Metaspace       used 34850K, capacity 35642K, committed 35708K, reserved 1081344K
  class space    used 4528K, capacity 4857K, committed 4864K, reserved 1048576K
}
Event: 7.660 GC heap before
{Heap before GC invocations=7 (full 0):
 garbage-first heap   total 129024K, used 87018K [0x0000000080000000, 0x0000000100000000)
  region size 1024K, 67 young (68608K), 7 survivors (7168K)
 Metaspace       used 39306K, capacity 40275K, committed 40444K, reserved 1085440K
  class space    used 5039K, capacity 5393K, committed 5504K, reserved 1048576K
}
Event: 7.668 GC heap after
{Heap after GC invocations=8 (full 0):
 garbage-first heap   total 129024K, used 27584K [0x0000000080000000, 0x0000000100000000)
  region size 1024K, 9 young (9216K), 9 survivors (9216K)
 Metaspace       used 39306K, capacity 40275K, committed 40444K, reserved 1085440K
  class space    used 5039K, capacity 5393K, committed 5504K, reserved 1048576K
}
Event: 8.580 GC heap before
{Heap before GC invocations=8 (full 0):
 garbage-first heap   total 129024K, used 89024K [0x0000000080000000, 0x0000000100000000)
  region size 1024K, 69 young (70656K), 9 survivors (9216K)
 Metaspace       used 44913K, capacity 45992K, committed 46332K, reserved 1089536K
  class space    used 5760K, capacity 6160K, committed 6272K, reserved 1048576K
}
Event: 8.589 GC heap after
{Heap after GC invocations=9 (full 0):
 garbage-first heap   total 129024K, used 29509K [0x0000000080000000, 0x0000000100000000)
  region size 1024K, 3 young (3072K), 3 survivors (3072K)
 Metaspace       used 44913K, capacity 45992K, committed 46332K, reserved 1089536K
  class space    used 5760K, capacity 6160K, committed 6272K, reserved 1048576K
}
Event: 13.592 GC heap before
{Heap before GC invocations=9 (full 0):
 garbage-first heap   total 129024K, used 96069K [0x0000000080000000, 0x0000000100000000)
  region size 1024K, 65 young (66560K), 3 survivors (3072K)
 Metaspace       used 47930K, capacity 49113K, committed 49276K, reserved 1091584K
  class space    used 6117K, capacity 6598K, committed 6656K, reserved 1048576K
}
Event: 13.596 GC heap after
{Heap after GC invocations=10 (full 0):
 garbage-first heap   total 129024K, used 36331K [0x0000000080000000, 0x0000000100000000)
  region size 1024K, 7 young (7168K), 7 survivors (7168K)
 Metaspace       used 47930K, capacity 49113K, committed 49276K, reserved 1091584K
  class space    used 6117K, capacity 6598K, committed 6656K, reserved 1048576K
}
Event: 17.808 GC heap before
{Heap before GC invocations=10 (full 0):
 garbage-first heap   total 129024K, used 97771K [0x0000000080000000, 0x0000000100000000)
  region size 1024K, 66 young (67584K), 7 survivors (7168K)
 Metaspace       used 54621K, capacity 55961K, committed 56316K, reserved 1097728K
  class space    used 6954K, capacity 7440K, committed 7552K, reserved 1048576K
}
Event: 17.814 GC heap after
{Heap after GC invocations=11 (full 0):
 garbage-first heap   total 129024K, used 44600K [0x0000000080000000, 0x0000000100000000)
  region size 1024K, 9 young (9216K), 9 survivors (9216K)
 Metaspace       used 54621K, capacity 55961K, committed 56316K, reserved 1097728K
  class space    used 6954K, capacity 7440K, committed 7552K, reserved 1048576K
}
Event: 18.736 GC heap before
{Heap before GC invocations=11 (full 0):
 garbage-first heap   total 129024K, used 66104K [0x0000000080000000, 0x0000000100000000)
  region size 1024K, 31 young (31744K), 9 survivors (9216K)
 Metaspace       used 58419K, capacity 59856K, committed 59940K, reserved 1101824K
  class space    used 7419K, capacity 7924K, committed 7936K, reserved 1048576K
}
Event: 18.746 GC heap after
{Heap after GC invocations=12 (full 0):
 garbage-first heap   total 129024K, used 45995K [0x0000000080000000, 0x0000000100000000)
  region size 1024K, 2 young (2048K), 2 survivors (2048K)
 Metaspace       used 58419K, capacity 59856K, committed 59940K, reserved 1101824K
  class space    used 7419K, capacity 7924K, committed 7936K, reserved 1048576K
}
Event: 19.754 GC heap before
{Heap before GC invocations=13 (full 0):
 garbage-first heap   total 129024K, used 85931K [0x0000000080000000, 0x0000000100000000)
  region size 1024K, 42 young (43008K), 2 survivors (2048K)
 Metaspace       used 62432K, capacity 63945K, committed 64112K, reserved 1105920K
  class space    used 7913K, capacity 8493K, committed 8524K, reserved 1048576K
}
Event: 19.757 GC heap after
{Heap after GC invocations=14 (full 0):
 garbage-first heap   total 129024K, used 49225K [0x0000000080000000, 0x0000000100000000)
  region size 1024K, 5 young (5120K), 5 survivors (5120K)
 Metaspace       used 62432K, capacity 63945K, committed 64112K, reserved 1105920K
  class space    used 7913K, capacity 8493K, committed 8524K, reserved 1048576K
}
Event: 20.715 GC heap before
{Heap before GC invocations=14 (full 0):
 garbage-first heap   total 129024K, used 91209K [0x0000000080000000, 0x0000000100000000)
  region size 1024K, 45 young (46080K), 5 survivors (5120K)
 Metaspace       used 64654K, capacity 66253K, committed 66544K, reserved 1107968K
  class space    used 8225K, capacity 8806K, committed 8908K, reserved 1048576K
}
Event: 20.719 GC heap after
{Heap after GC invocations=15 (full 0):
 garbage-first heap   total 129024K, used 51980K [0x0000000080000000, 0x0000000100000000)
  region size 1024K, 3 young (3072K), 3 survivors (3072K)
 Metaspace       used 64654K, capacity 66253K, committed 66544K, reserved 1107968K
  class space    used 8225K, capacity 8806K, committed 8908K, reserved 1048576K
}
Event: 22.070 GC heap before
{Heap before GC invocations=15 (full 0):
 garbage-first heap   total 129024K, used 93964K [0x0000000080000000, 0x0000000100000000)
  region size 1024K, 44 young (45056K), 3 survivors (3072K)
 Metaspace       used 67929K, capacity 69518K, committed 69616K, reserved 1110016K
  class space    used 8750K, capacity 9361K, committed 9420K, reserved 1048576K
}
Event: 22.074 GC heap after
{Heap after GC invocations=16 (full 0):
 garbage-first heap   total 129024K, used 54847K [0x0000000080000000, 0x0000000100000000)
  region size 1024K, 6 young (6144K), 6 survivors (6144K)
 Metaspace       used 67929K, capacity 69518K, committed 69616K, reserved 1110016K
  class space    used 8750K, capacity 9361K, committed 9420K, reserved 1048576K
}
Event: 23.953 GC heap before
{Heap before GC invocations=16 (full 0):
 garbage-first heap   total 129024K, used 96831K [0x0000000080000000, 0x0000000100000000)
  region size 1024K, 47 young (48128K), 6 survivors (6144K)
 Metaspace       used 71756K, capacity 73465K, committed 73584K, reserved 1114112K
  class space    used 9341K, capacity 9980K, committed 10060K, reserved 1048576K
}
Event: 23.961 GC heap after
{Heap after GC invocations=17 (full 0):
 garbage-first heap   total 129024K, used 57608K [0x0000000080000000, 0x0000000100000000)
  region size 1024K, 6 young (6144K), 6 survivors (6144K)
 Metaspace       used 71756K, capacity 73465K, committed 73584K, reserved 1114112K
  class space    used 9341K, capacity 9980K, committed 10060K, reserved 1048576K
}

Deoptimization events (20 events):
Event: 25.632 Thread 0x0000016175d6f000 DEOPT PACKING pc=0x000001615d8a1163 sp=0x00000025fbdf90d0
Event: 25.632 Thread 0x0000016175d6f000 DEOPT UNPACKING pc=0x000001615c7d7c0e sp=0x00000025fbdf8580 mode 0
Event: 25.632 Thread 0x0000016175d6f000 DEOPT PACKING pc=0x000001615d8a1163 sp=0x00000025fbdf90d0
Event: 25.632 Thread 0x0000016175d6f000 DEOPT UNPACKING pc=0x000001615c7d7c0e sp=0x00000025fbdf8580 mode 0
Event: 25.640 Thread 0x0000016175d6f000 Uncommon trap: trap_request=0xffffff4d fr.pc=0x000001616463d49c relative=0x0000000000001abc
Event: 25.640 Thread 0x0000016175d6f000 Uncommon trap: reason=unstable_if action=reinterpret pc=0x000001616463d49c method=java.util.regex.Pattern.atom()Ljava/util/regex/Pattern$Node; @ 14 c2
Event: 25.640 Thread 0x0000016175d6f000 DEOPT PACKING pc=0x000001616463d49c sp=0x00000025fbdf9030
Event: 25.640 Thread 0x0000016175d6f000 DEOPT UNPACKING pc=0x000001615c7b83af sp=0x00000025fbdf9008 mode 2
Event: 25.642 Thread 0x0000016175d6f000 Uncommon trap: trap_request=0xffffff4d fr.pc=0x00000161645f5358 relative=0x00000000000005b8
Event: 25.642 Thread 0x0000016175d6f000 Uncommon trap: reason=unstable_if action=reinterpret pc=0x00000161645f5358 method=java.util.regex.Matcher.find()Z @ 10 c2
Event: 25.642 Thread 0x0000016175d6f000 DEOPT PACKING pc=0x00000161645f5358 sp=0x00000025fbdf9300
Event: 25.642 Thread 0x0000016175d6f000 DEOPT UNPACKING pc=0x000001615c7b83af sp=0x00000025fbdf92c0 mode 2
Event: 25.655 Thread 0x0000016175d6f000 Uncommon trap: trap_request=0xffffff4d fr.pc=0x00000161645e68b0 relative=0x0000000000000250
Event: 25.655 Thread 0x0000016175d6f000 Uncommon trap: reason=unstable_if action=reinterpret pc=0x00000161645e68b0 method=java.lang.CharacterDataLatin1.digit(II)I @ 12 c2
Event: 25.655 Thread 0x0000016175d6f000 DEOPT PACKING pc=0x00000161645e68b0 sp=0x00000025fbdf9710
Event: 25.655 Thread 0x0000016175d6f000 DEOPT UNPACKING pc=0x000001615c7b83af sp=0x00000025fbdf9530 mode 2
Event: 25.695 Thread 0x0000016175d6f000 Uncommon trap: trap_request=0xffffff4d fr.pc=0x00000161645e6344 relative=0x00000000000000a4
Event: 25.695 Thread 0x0000016175d6f000 Uncommon trap: reason=unstable_if action=reinterpret pc=0x00000161645e6344 method=java.lang.CharacterDataLatin1.digit(II)I @ 12 c2
Event: 25.695 Thread 0x0000016175d6f000 DEOPT PACKING pc=0x00000161645e6344 sp=0x00000025fbdf9550
Event: 25.695 Thread 0x0000016175d6f000 DEOPT UNPACKING pc=0x000001615c7b83af sp=0x00000025fbdf94c8 mode 2

Classes redefined (0 events):
No events

Internal exceptions (20 events):
Event: 20.957 Thread 0x0000016175d6f000 Exception <a 'java/lang/ClassNotFoundException'{0x0000000086ed4cb0}: org/gradle/api/internal/artifacts/dsl/dependencies/DefaultDependencyHandlerCustomizer> (0x0000000086ed4cb0) thrown at [./src/hotspot/share/classfile/systemDictionary.cpp, line 231]
Event: 20.960 Thread 0x0000016175d6f000 Exception <a 'java/lang/ClassNotFoundException'{0x0000000086d467f0}: org/gradle/api/internal/artifacts/dsl/dependencies/DefaultDependencyHandler_DecoratedCustomizer> (0x0000000086d467f0) thrown at [./src/hotspot/share/classfile/systemDictionary.cpp, line 231]
Event: 23.039 Thread 0x0000016175d6f000 Exception <a 'java/lang/ClassNotFoundException'{0x0000000086b4e1f0}: com/android/build/gradle/internal/api/ApkVariantOutputImpl_DecoratedBeanInfo> (0x0000000086b4e1f0) thrown at [./src/hotspot/share/classfile/systemDictionary.cpp, line 231]
Event: 23.044 Thread 0x0000016175d6f000 Exception <a 'java/lang/ClassNotFoundException'{0x0000000086b68a20}: com/android/build/gradle/internal/api/ApkVariantOutputImplBeanInfo> (0x0000000086b68a20) thrown at [./src/hotspot/share/classfile/systemDictionary.cpp, line 231]
Event: 23.058 Thread 0x0000016175d6f000 Exception <a 'java/lang/ClassNotFoundException'{0x0000000086b83d18}: com/android/build/gradle/internal/api/BaseVariantOutputImplBeanInfo> (0x0000000086b83d18) thrown at [./src/hotspot/share/classfile/systemDictionary.cpp, line 231]
Event: 23.059 Thread 0x0000016175d6f000 Exception <a 'java/lang/ClassNotFoundException'{0x0000000086b9edf0}: com/android/build/gradle/internal/api/BaseVariantOutputImplCustomizer> (0x0000000086b9edf0) thrown at [./src/hotspot/share/classfile/systemDictionary.cpp, line 231]
Event: 23.061 Thread 0x0000016175d6f000 Exception <a 'java/lang/ClassNotFoundException'{0x0000000086bcc560}: com/android/build/gradle/internal/api/ApkVariantOutputImplCustomizer> (0x0000000086bcc560) thrown at [./src/hotspot/share/classfile/systemDictionary.cpp, line 231]
Event: 23.064 Thread 0x0000016175d6f000 Exception <a 'java/lang/ClassNotFoundException'{0x0000000086bf61f8}: com/android/build/gradle/internal/api/ApkVariantOutputImpl_DecoratedCustomizer> (0x0000000086bf61f8) thrown at [./src/hotspot/share/classfile/systemDictionary.cpp, line 231]
Event: 23.134 Thread 0x0000016175d6f000 Exception <a 'java/lang/NoClassDefFoundError'{0x0000000086963be0}: org/jetbrains/kotlin/gradle/plugin/KotlinBasePluginWrapper> (0x0000000086963be0) thrown at [./src/hotspot/share/classfile/systemDictionary.cpp, line 220]
Event: 24.092 Thread 0x0000016175d6f000 Exception <a 'sun/nio/fs/WindowsException'{0x0000000087cb10b8}> (0x0000000087cb10b8) thrown at [./src/hotspot/share/prims/jni.cpp, line 615]
Event: 24.092 Thread 0x0000016175d6f000 Exception <a 'sun/nio/fs/WindowsException'{0x0000000087cb1480}> (0x0000000087cb1480) thrown at [./src/hotspot/share/prims/jni.cpp, line 615]
Event: 24.538 Thread 0x0000016175d6f000 Exception <a 'java/lang/NullPointerException'{0x00000000872c64c0}> (0x00000000872c64c0) thrown at [./src/hotspot/share/interpreter/linkResolver.cpp, line 1440]
Event: 24.872 Thread 0x0000016175d6f000 Implicit null exception at 0x000001616469508c to 0x0000016164696c4c
Event: 24.884 Thread 0x0000016175d6f000 Implicit null exception at 0x000001616469a1eb to 0x000001616469bc38
Event: 25.543 Thread 0x0000016175d6f000 Exception <a 'java/lang/NoSuchMethodError'{0x00000000862e3830}: 'int java.lang.invoke.DirectMethodHandle$Holder.invokeStatic(java.lang.Object, java.lang.Object, int, java.lang.Object)'> (0x00000000862e3830) thrown at [./src/hotspot/share/interpreter/linkResolver.cpp, line 773]
Event: 25.546 Thread 0x0000016175d6f000 Exception <a 'java/lang/NoSuchMethodError'{0x00000000862ea6d8}: 'java.lang.Object java.lang.invoke.Invokers$Holder.linkToTargetMethod(java.lang.Object, int, java.lang.Object)'> (0x00000000862ea6d8) thrown at [./src/hotspot/share/interpreter/linkResolver.cpp, line 773]
Event: 25.676 Thread 0x0000016175d6f000 Exception <a 'sun/nio/fs/WindowsException'{0x000000008601c520}> (0x000000008601c520) thrown at [./src/hotspot/share/prims/jni.cpp, line 615]
Event: 25.676 Thread 0x0000016175d6f000 Exception <a 'sun/nio/fs/WindowsException'{0x000000008601d8b0}> (0x000000008601d8b0) thrown at [./src/hotspot/share/prims/jni.cpp, line 615]
Event: 25.676 Thread 0x0000016175d6f000 Exception <a 'sun/nio/fs/WindowsException'{0x000000008601ec78}> (0x000000008601ec78) thrown at [./src/hotspot/share/prims/jni.cpp, line 615]
Event: 25.676 Thread 0x0000016175d6f000 Exception <a 'sun/nio/fs/WindowsException'{0x0000000086020040}> (0x0000000086020040) thrown at [./src/hotspot/share/prims/jni.cpp, line 615]

Events (20 events):
Event: 25.767 loading class com/google/common/collect/ImmutableRangeSet
Event: 25.767 loading class com/google/common/collect/ImmutableRangeSet done
Event: 25.767 loading class com/google/common/collect/ImmutableRangeSet$Builder
Event: 25.767 loading class com/google/common/collect/ImmutableRangeSet$Builder done
Event: 25.767 loading class com/android/build/gradle/internal/api/DefaultAndroidSourceDirectorySet$getSourceDirectoryTrees$1$1
Event: 25.767 loading class com/android/build/gradle/internal/api/DefaultAndroidSourceDirectorySet$getSourceDirectoryTrees$1$1 done
Event: 25.768 loading class org/gradle/api/internal/file/collections/DefaultConfigurableFileTree
Event: 25.768 loading class org/gradle/api/internal/file/collections/DefaultConfigurableFileTree done
Event: 25.772 loading class com/android/ide/common/process/ProcessOutputHandler
Event: 25.772 loading class com/android/ide/common/process/ProcessOutputHandler done
Event: 25.790 loading class com/android/build/gradle/tasks/RenderscriptCompile$CreationAction$configure$1
Event: 25.790 loading class com/android/build/gradle/tasks/RenderscriptCompile$CreationAction$configure$1 done
Event: 25.797 loading class com/android/build/gradle/internal/BuildToolsExecutableInput
Event: 25.797 loading class com/android/build/gradle/internal/BuildToolsExecutableInput done
Event: 25.801 loading class com/android/build/gradle/tasks/AidlCompile$Companion
Event: 25.801 loading class com/android/build/gradle/tasks/AidlCompile$Companion done
Event: 25.831 loading class com/android/build/gradle/tasks/AidlCompile$CreationAction$configure$1
Event: 25.831 loading class com/android/build/gradle/tasks/AidlCompile$CreationAction$configure$1 done
Event: 25.832 loading class com/android/build/gradle/tasks/AidlCompile$CreationAction$configure$2
Event: 25.832 loading class com/android/build/gradle/tasks/AidlCompile$CreationAction$configure$2 done


Dynamic libraries:
0x00007ff7aee20000 - 0x00007ff7aee2a000 	C:\Program Files\Android\Android Studio\jre\bin\java.exe
0x00007ffb1cdf0000 - 0x00007ffb1cfe8000 	C:\WINDOWS\SYSTEM32\ntdll.dll
0x00007ffb1b180000 - 0x00007ffb1b23d000 	C:\WINDOWS\System32\KERNEL32.DLL
0x00007ffb1a8d0000 - 0x00007ffb1ab9e000 	C:\WINDOWS\System32\KERNELBASE.dll
0x00007ffb1a510000 - 0x00007ffb1a610000 	C:\WINDOWS\System32\ucrtbase.dll
0x00007ffb08050000 - 0x00007ffb08067000 	C:\Program Files\Android\Android Studio\jre\bin\VCRUNTIME140.dll
0x00007ffb10050000 - 0x00007ffb10069000 	C:\Program Files\Android\Android Studio\jre\bin\jli.dll
0x00007ffb1ae60000 - 0x00007ffb1b000000 	C:\WINDOWS\System32\USER32.dll
0x00007ffb1a610000 - 0x00007ffb1a632000 	C:\WINDOWS\System32\win32u.dll
0x00007ffb19bd0000 - 0x00007ffb19e6a000 	C:\WINDOWS\WinSxS\amd64_microsoft.windows.common-controls_6595b64144ccf1df_6.0.19041.1110_none_60b5254171f9507e\COMCTL32.dll
0x00007ffb1b660000 - 0x00007ffb1b68a000 	C:\WINDOWS\System32\GDI32.dll
0x00007ffb1be50000 - 0x00007ffb1beee000 	C:\WINDOWS\System32\msvcrt.dll
0x00007ffb1acb0000 - 0x00007ffb1adbb000 	C:\WINDOWS\System32\gdi32full.dll
0x00007ffb1ac10000 - 0x00007ffb1acad000 	C:\WINDOWS\System32\msvcp_win.dll
0x00007ffb1b420000 - 0x00007ffb1b450000 	C:\WINDOWS\System32\IMM32.DLL
0x00007ffaed480000 - 0x00007ffaed51d000 	C:\Program Files\Android\Android Studio\jre\bin\msvcp140.dll
0x00007ffa89020000 - 0x00007ffa89af5000 	C:\Program Files\Android\Android Studio\jre\bin\server\jvm.dll
0x00007ffb1c380000 - 0x00007ffb1c42e000 	C:\WINDOWS\System32\ADVAPI32.dll
0x00007ffb1ccb0000 - 0x00007ffb1cd4c000 	C:\WINDOWS\System32\sechost.dll
0x00007ffb1c430000 - 0x00007ffb1c555000 	C:\WINDOWS\System32\RPCRT4.dll
0x00007ffb1b3b0000 - 0x00007ffb1b3b8000 	C:\WINDOWS\System32\PSAPI.DLL
0x00007ffb17f80000 - 0x00007ffb17f8a000 	C:\WINDOWS\SYSTEM32\VERSION.dll
0x00007ffb01590000 - 0x00007ffb015b7000 	C:\WINDOWS\SYSTEM32\WINMM.dll
0x00007ffad6500000 - 0x00007ffad6509000 	C:\WINDOWS\SYSTEM32\WSOCK32.dll
0x00007ffb1b690000 - 0x00007ffb1b6fb000 	C:\WINDOWS\System32\WS2_32.dll
0x00007ffb175b0000 - 0x00007ffb175c2000 	C:\WINDOWS\SYSTEM32\kernel.appcore.dll
0x00007ffb10030000 - 0x00007ffb10041000 	C:\Program Files\Android\Android Studio\jre\bin\verify.dll
0x00007ffb19f90000 - 0x00007ffb1a174000 	C:\WINDOWS\SYSTEM32\DBGHELP.DLL
0x00007ffb19e90000 - 0x00007ffb19ebc000 	C:\WINDOWS\SYSTEM32\dbgcore.DLL
0x00007ffb1adc0000 - 0x00007ffb1ae42000 	C:\WINDOWS\System32\bcryptPrimitives.dll
0x00007ffb07cc0000 - 0x00007ffb07ce9000 	C:\Program Files\Android\Android Studio\jre\bin\java.dll
0x00007ffb163e0000 - 0x00007ffb163eb000 	C:\Program Files\Android\Android Studio\jre\bin\jimage.dll
0x00007ffb10010000 - 0x00007ffb10028000 	C:\Program Files\Android\Android Studio\jre\bin\zip.dll
0x00007ffb1b700000 - 0x00007ffb1be44000 	C:\WINDOWS\System32\SHELL32.dll
0x00007ffb177d0000 - 0x00007ffb17f64000 	C:\WINDOWS\SYSTEM32\windows.storage.dll
0x00007ffb1bef0000 - 0x00007ffb1c244000 	C:\WINDOWS\System32\combase.dll
0x00007ffb197a0000 - 0x00007ffb197d0000 	C:\WINDOWS\SYSTEM32\Wldp.dll
0x00007ffb1b0d0000 - 0x00007ffb1b17d000 	C:\WINDOWS\System32\SHCORE.dll
0x00007ffb1cd50000 - 0x00007ffb1cda5000 	C:\WINDOWS\System32\shlwapi.dll
0x00007ffb1a450000 - 0x00007ffb1a46f000 	C:\WINDOWS\SYSTEM32\profapi.dll
0x00007ffb0c300000 - 0x00007ffb0c31a000 	C:\Program Files\Android\Android Studio\jre\bin\net.dll
0x00007ffb13f60000 - 0x00007ffb1406a000 	C:\WINDOWS\SYSTEM32\WINHTTP.dll
0x00007ffb19580000 - 0x00007ffb195ea000 	C:\WINDOWS\system32\mswsock.dll
0x00007ffb07ca0000 - 0x00007ffb07cb4000 	C:\Program Files\Android\Android Studio\jre\bin\nio.dll
0x00007ffb07970000 - 0x00007ffb07997000 	C:\Users\User\.gradle\native\e1d6ef7f7dcc3fd88c89a11ec53ec762bb8ba0a96d01ffa2cd45eb1d1d8dd5c5\windows-amd64\native-platform.dll
0x00007ffae0a90000 - 0x00007ffae0bd4000 	C:\Users\User\.gradle\native\5664cfc778a61ccfe75a443a1ab52a65af34e5dc3c78e0209fed803814484fcb\windows-amd64\native-platform-file-events.dll
0x00007ffb11fb0000 - 0x00007ffb11fba000 	C:\Program Files\Android\Android Studio\jre\bin\management.dll
0x00007ffb11e70000 - 0x00007ffb11e7d000 	C:\Program Files\Android\Android Studio\jre\bin\management_ext.dll
0x00007ffb1a2a0000 - 0x00007ffb1a2b8000 	C:\WINDOWS\SYSTEM32\CRYPTSP.dll
0x00007ffb18f40000 - 0x00007ffb18f74000 	C:\WINDOWS\system32\rsaenh.dll
0x00007ffb1a640000 - 0x00007ffb1a667000 	C:\WINDOWS\System32\bcrypt.dll
0x00007ffb1a3d0000 - 0x00007ffb1a3fe000 	C:\WINDOWS\SYSTEM32\USERENV.dll
0x00007ffb19710000 - 0x00007ffb1971c000 	C:\WINDOWS\SYSTEM32\CRYPTBASE.dll
0x00007ffb19290000 - 0x00007ffb192cb000 	C:\WINDOWS\SYSTEM32\IPHLPAPI.DLL
0x00007ffb1c370000 - 0x00007ffb1c378000 	C:\WINDOWS\System32\NSI.dll
0x00007ffb10f50000 - 0x00007ffb10f67000 	C:\WINDOWS\SYSTEM32\dhcpcsvc6.DLL
0x00007ffb10f30000 - 0x00007ffb10f4d000 	C:\WINDOWS\SYSTEM32\dhcpcsvc.DLL
0x00007ffb192d0000 - 0x00007ffb1939b000 	C:\WINDOWS\SYSTEM32\DNSAPI.dll

dbghelp: loaded successfully - version: 4.0.5 - missing functions: none
symbol engine: initialized successfully - sym options: 0x614 - pdb path: .;C:\Program Files\Android\Android Studio\jre\bin;C:\WINDOWS\SYSTEM32;C:\WINDOWS\WinSxS\amd64_microsoft.windows.common-controls_6595b64144ccf1df_6.0.19041.1110_none_60b5254171f9507e;C:\Program Files\Android\Android Studio\jre\bin\server;C:\Users\User\.gradle\native\e1d6ef7f7dcc3fd88c89a11ec53ec762bb8ba0a96d01ffa2cd45eb1d1d8dd5c5\windows-amd64;C:\Users\User\.gradle\native\5664cfc778a61ccfe75a443a1ab52a65af34e5dc3c78e0209fed803814484fcb\windows-amd64

VM Arguments:
jvm_args: --add-opens=java.base/java.util=ALL-UNNAMED --add-opens=java.base/java.lang=ALL-UNNAMED --add-opens=java.base/java.lang.invoke=ALL-UNNAMED --add-opens=java.base/java.util=ALL-UNNAMED --add-opens=java.prefs/java.util.prefs=ALL-UNNAMED --add-opens=java.prefs/java.util.prefs=ALL-UNNAMED --add-opens=java.base/java.nio.charset=ALL-UNNAMED --add-opens=java.base/java.net=ALL-UNNAMED --add-opens=java.base/java.util.concurrent.atomic=ALL-UNNAMED -Xmx2048m -Dfile.encoding=UTF-8 -Duser.country=SG -Duser.language=en -Duser.variant 
java_command: org.gradle.launcher.daemon.bootstrap.GradleDaemon 7.2
java_class_path (initial): C:\Users\User\.gradle\wrapper\dists\gradle-7.2-bin\2dnblmf4td7x66yl1d74lt32g\gradle-7.2\lib\gradle-launcher-7.2.jar
Launcher Type: SUN_STANDARD

[Global flags]
     intx CICompilerCount                          = 4                                         {product} {ergonomic}
     uint ConcGCThreads                            = 2                                         {product} {ergonomic}
     uint G1ConcRefinementThreads                  = 8                                         {product} {ergonomic}
   size_t G1HeapRegionSize                         = 1048576                                   {product} {ergonomic}
    uintx GCDrainStackTargetSize                   = 64                                        {product} {ergonomic}
   size_t InitialHeapSize                          = 132120576                                 {product} {ergonomic}
   size_t MarkStackSize                            = 4194304                                   {product} {ergonomic}
   size_t MaxHeapSize                              = 2147483648                                {product} {command line}
   size_t MaxNewSize                               = 1287651328                                {product} {ergonomic}
   size_t MinHeapDeltaBytes                        = 1048576                                   {product} {ergonomic}
    uintx NonNMethodCodeHeapSize                   = 5836300                                {pd product} {ergonomic}
    uintx NonProfiledCodeHeapSize                  = 122910970                              {pd product} {ergonomic}
    uintx ProfiledCodeHeapSize                     = 122910970                              {pd product} {ergonomic}
    uintx ReservedCodeCacheSize                    = 251658240                              {pd product} {ergonomic}
     bool SegmentedCodeCache                       = true                                      {product} {ergonomic}
     bool UseCompressedClassPointers               = true                                 {lp64_product} {ergonomic}
     bool UseCompressedOops                        = true                                 {lp64_product} {ergonomic}
     bool UseG1GC                                  = true                                      {product} {ergonomic}
     bool UseLargePagesIndividualAllocation        = false                                  {pd product} {ergonomic}

Logging:
Log output configuration:
 #0: stdout all=warning uptime,level,tags
 #1: stderr all=off uptime,level,tags

Environment Variables:
PATH=C:\Program Files (x86)\VMware\VMware Workstation\bin\;C:\WINDOWS\system32;C:\WINDOWS;C:\WINDOWS\System32\Wbem;C:\WINDOWS\System32\WindowsPowerShell\v1.0\;C:\WINDOWS\System32\OpenSSH\;C:\Program Files\Git\cmd;C:\Program Files (x86)\GNU\GnuPG\pub;C:\Users\User\AppData\Local\Microsoft\WindowsApps;;C:\Users\User\AppData\Local\Programs\Microsoft VS Code\bin;C:\Users\User\AppData\Local\Programs\mongosh\
USERNAME=User
OS=Windows_NT
PROCESSOR_IDENTIFIER=Intel64 Family 6 Model 140 Stepping 1, GenuineIntel



---------------  S Y S T E M  ---------------

OS: Windows 10 , 64 bit Build 19041 (10.0.19041.1806)
OS uptime: 8 days 1:42 hours
Hyper-V role detected

CPU:total 8 (initial active 8) (4 cores per cpu, 2 threads per core) family 6 model 140 stepping 1 microcode 0x9a, cmov, cx8, fxsr, mmx, sse, sse2, sse3, ssse3, sse4.1, sse4.2, popcnt, avx, avx2, aes, clmul, erms, 3dnowpref, lzcnt, ht, tsc, tscinvbit, bmi1, bmi2, adx, evex, sha, fma

Memory: 4k page, system-wide physical 7991M (164M free)
TotalPageFile size 32567M (AvailPageFile size 5M)
current process WorkingSet (physical memory assigned to process): 327M, peak: 341M
current process commit charge ("private bytes"): 367M, peak: 381M

vm_info: OpenJDK 64-Bit Server VM (11.0.11+9-b60-7590822) for windows-amd64 JRE (11.0.11+9-b60-7590822), built on Jul 29 2021 21:43:44 by "builder" with MS VC++ 14.0 (VS2015)

END.
