#
# There is insufficient memory for the Java Runtime Environment to continue.
# Native memory allocation (malloc) failed to allocate 1170256 bytes for Chunk::new
# Possible reasons:
#   The system is out of physical RAM or swap space
#   The process is running with CompressedOops enabled, and the Java Heap may be blocking the growth of the native heap
# Possible solutions:
#   Reduce memory load on the system
#   Increase physical memory or swap space
#   Check if swap backing store is full
#   Decrease Java heap size (-Xmx/-Xms)
#   Decrease number of Java threads
#   Decrease Java thread stack sizes (-Xss)
#   Set larger code cache with -XX:ReservedCodeCacheSize=
#   JVM is running with Unscaled Compressed Oops mode in which the Java heap is
#     placed in the first 4GB address space. The Java Heap base address is the
#     maximum limit for the native heap growth. Please use -XX:HeapBaseMinAddress
#     to set the Java Heap base and to place the Java Heap above 4GB virtual address.
# This output file may be truncated or incomplete.
#
#  Out of Memory Error (./src/hotspot/share/memory/arena.cpp:197), pid=28716, tid=17336
#
# JRE version: OpenJDK Runtime Environment (11.0.11+9) (build 11.0.11+9-b60-7590822)
# Java VM: OpenJDK 64-Bit Server VM (11.0.11+9-b60-7590822, mixed mode, tiered, compressed oops, g1 gc, windows-amd64)
# No core dump will be written. Minidumps are not enabled by default on client versions of Windows
#

---------------  S U M M A R Y ------------

Command Line: --add-opens=java.base/java.util=ALL-UNNAMED --add-opens=java.base/java.lang=ALL-UNNAMED --add-opens=java.base/java.lang.invoke=ALL-UNNAMED --add-opens=java.base/java.util=ALL-UNNAMED --add-opens=java.prefs/java.util.prefs=ALL-UNNAMED --add-opens=java.prefs/java.util.prefs=ALL-UNNAMED --add-opens=java.base/java.nio.charset=ALL-UNNAMED --add-opens=java.base/java.net=ALL-UNNAMED --add-opens=java.base/java.util.concurrent.atomic=ALL-UNNAMED -Xmx2048m -Dfile.encoding=UTF-8 -Duser.country=SG -Duser.language=en -Duser.variant org.gradle.launcher.daemon.bootstrap.GradleDaemon 7.2

Host: 11th Gen Intel(R) Core(TM) i5-1135G7 @ 2.40GHz, 8 cores, 7G,  Windows 10 , 64 bit Build 19041 (10.0.19041.1806)
Time: Tue Aug 16 23:22:07 2022 Malay Peninsula Standard Time elapsed time: 12.375091 seconds (0d 0h 0m 12s)

---------------  T H R E A D  ---------------

Current thread (0x00000254840ce000):  JavaThread "C2 CompilerThread1" daemon [_thread_in_native, id=17336, stack(0x000000ec90300000,0x000000ec90400000)]


Current CompileTask:
C2:  12375 6806       4       sun.reflect.generics.parser.SignatureParser::parsePackageNameAndSimpleClassTypeSignature (119 bytes)

Stack: [0x000000ec90300000,0x000000ec90400000]
Native frames: (J=compiled Java code, j=interpreted, Vv=VM code, C=native code)
V  [jvm.dll+0x5f214a]
V  [jvm.dll+0x726fb5]
V  [jvm.dll+0x7285cd]
V  [jvm.dll+0x728c83]
V  [jvm.dll+0x243278]
V  [jvm.dll+0xbc53c]
V  [jvm.dll+0xbca3c]
V  [jvm.dll+0x353e3b]
V  [jvm.dll+0x19875c]
V  [jvm.dll+0x1fc2ee]
V  [jvm.dll+0x1fb3d4]
V  [jvm.dll+0x183d6c]
V  [jvm.dll+0x209a57]
V  [jvm.dll+0x2082a1]
V  [jvm.dll+0x6ef58f]
V  [jvm.dll+0x6e80b5]
V  [jvm.dll+0x5f1036]
C  [ucrtbase.dll+0x21bb2]
C  [KERNEL32.DLL+0x17034]
C  [ntdll.dll+0x52651]


---------------  P R O C E S S  ---------------

Threads class SMR info:
_java_thread_list=0x0000025482fbc7e0, length=123, elements={
0x00000254e60ad800, 0x00000254fed22800, 0x00000254fed2c800, 0x00000254fed3e000,
0x00000254fed3f800, 0x00000254fed40800, 0x00000254fed46800, 0x00000254fed4a800,
0x00000254fed4b800, 0x00000254ff80f800, 0x0000025483a2d800, 0x0000025483aa1800,
0x0000025484055800, 0x0000025484385000, 0x0000025483054000, 0x0000025484116800,
0x0000025483aff000, 0x0000025483c1c800, 0x0000025482f22000, 0x00000254839f6000,
0x00000254839f9000, 0x00000254839f7800, 0x00000254839f8800, 0x00000254839f5000,
0x00000254839fb800, 0x00000254839fa000, 0x00000254839f7000, 0x00000254839fb000,
0x00000254830d7800, 0x00000254830d4800, 0x00000254830d3800, 0x00000254830da000,
0x00000254830e1800, 0x00000254830e2800, 0x00000254830de000, 0x00000254830df000,
0x00000254830dc800, 0x00000254830dd800, 0x00000254853d6000, 0x00000254853d7000,
0x00000254853d1000, 0x00000254853d7800, 0x00000254853d5800, 0x00000254853d2000,
0x00000254853d8800, 0x00000254853d3000, 0x00000254853d9800, 0x00000254853d3800,
0x00000254853da000, 0x00000254853d4800, 0x00000254853de800, 0x00000254853dc800,
0x00000254853db000, 0x00000254853df000, 0x00000254853dc000, 0x00000254853e0000,
0x00000254853dd800, 0x0000025486bfc000, 0x0000025486bff800, 0x0000025486bfd800,
0x0000025486c01000, 0x0000025486bfe800, 0x0000025486c00000, 0x0000025486c01800,
0x0000025486c02800, 0x0000025486bfd000, 0x0000025486c07800, 0x0000025486c06800,
0x0000025486c09000, 0x0000025486c03800, 0x0000025486c04000, 0x0000025486c06000,
0x0000025486c08800, 0x0000025486c0a000, 0x0000025486c0a800, 0x0000025486c05000,
0x0000025486854800, 0x0000025486855800, 0x0000025486859800, 0x0000025486859000,
0x0000025486856800, 0x0000025486857000, 0x0000025486858000, 0x0000025486854000,
0x000002548685c000, 0x000002548685f800, 0x000002548685b000, 0x000002548685d000,
0x000002548685d800, 0x000002548685e800, 0x0000025486860000, 0x000002548685a800,
0x0000025486861000, 0x0000025486861800, 0x0000025486862800, 0x00000254869a6800,
0x00000254869a9000, 0x00000254869a5800, 0x00000254869a9800, 0x00000254869a7000,
0x00000254869a4000, 0x00000254869a8000, 0x00000254869aa800, 0x00000254869a4800,
0x00000254869b1000, 0x00000254869ad800, 0x00000254869ad000, 0x00000254869ab800,
0x00000254869ae800, 0x00000254869b2000, 0x00000254869af800, 0x00000254869b0000,
0x00000254869ac000, 0x00000254869b2800, 0x00000254840cf800, 0x00000254840d1000,
0x00000254840d0000, 0x00000254840cb800, 0x00000254840cc000, 0x00000254840d2000,
0x00000254840d2800, 0x00000254840ce000, 0x00000254840d3800
}

Java Threads: ( => current thread )
  0x00000254e60ad800 JavaThread "main" [_thread_blocked, id=13248, stack(0x000000ec8d200000,0x000000ec8d300000)]
  0x00000254fed22800 JavaThread "Reference Handler" daemon [_thread_blocked, id=34404, stack(0x000000ec8d900000,0x000000ec8da00000)]
  0x00000254fed2c800 JavaThread "Finalizer" daemon [_thread_blocked, id=14040, stack(0x000000ec8da00000,0x000000ec8db00000)]
  0x00000254fed3e000 JavaThread "Signal Dispatcher" daemon [_thread_blocked, id=34760, stack(0x000000ec8db00000,0x000000ec8dc00000)]
  0x00000254fed3f800 JavaThread "Attach Listener" daemon [_thread_blocked, id=32040, stack(0x000000ec8dc00000,0x000000ec8dd00000)]
  0x00000254fed40800 JavaThread "Service Thread" daemon [_thread_blocked, id=30628, stack(0x000000ec8dd00000,0x000000ec8de00000)]
  0x00000254fed46800 JavaThread "C2 CompilerThread0" daemon [_thread_in_native, id=27412, stack(0x000000ec8de00000,0x000000ec8df00000)]
  0x00000254fed4a800 JavaThread "C1 CompilerThread0" daemon [_thread_blocked, id=33420, stack(0x000000ec8df00000,0x000000ec8e000000)]
  0x00000254fed4b800 JavaThread "Sweeper thread" daemon [_thread_blocked, id=29056, stack(0x000000ec8e000000,0x000000ec8e100000)]
  0x00000254ff80f800 JavaThread "Common-Cleaner" daemon [_thread_blocked, id=26068, stack(0x000000ec8e100000,0x000000ec8e200000)]
  0x0000025483a2d800 JavaThread "Daemon health stats" [_thread_blocked, id=1764, stack(0x000000ec8e700000,0x000000ec8e800000)]
  0x0000025483aa1800 JavaThread "Incoming local TCP Connector on port 63481" [_thread_in_native, id=32680, stack(0x000000ec8e300000,0x000000ec8e400000)]
  0x0000025484055800 JavaThread "Daemon periodic checks" [_thread_blocked, id=31464, stack(0x000000ec8e600000,0x000000ec8e700000)]
  0x0000025484385000 JavaThread "Daemon" [_thread_blocked, id=21964, stack(0x000000ec8e800000,0x000000ec8e900000)]
  0x0000025483054000 JavaThread "Handler for socket connection from /127.0.0.1:63481 to /127.0.0.1:63483" [_thread_in_native, id=13092, stack(0x000000ec8e900000,0x000000ec8ea00000)]
  0x0000025484116800 JavaThread "Cancel handler" [_thread_blocked, id=25728, stack(0x000000ec8ea00000,0x000000ec8eb00000)]
  0x0000025483aff000 JavaThread "Daemon worker" [_thread_in_Java, id=29060, stack(0x000000ec8eb00000,0x000000ec8ec00000)]
  0x0000025483c1c800 JavaThread "Asynchronous log dispatcher for DefaultDaemonConnection: socket connection from /127.0.0.1:63481 to /127.0.0.1:63483" [_thread_blocked, id=28320, stack(0x000000ec8ec00000,0x000000ec8ed00000)]
  0x0000025482f22000 JavaThread "Stdin handler" [_thread_blocked, id=32108, stack(0x000000ec8ed00000,0x000000ec8ee00000)]
  0x00000254839f6000 JavaThread "Daemon client event forwarder" [_thread_blocked, id=7108, stack(0x000000ec8ee00000,0x000000ec8ef00000)]
  0x00000254839f9000 JavaThread "Cache worker for journal cache (C:\Users\User\.gradle\caches\journal-1)" [_thread_blocked, id=3344, stack(0x000000ec8f400000,0x000000ec8f500000)]
  0x00000254839f7800 JavaThread "File lock request listener" [_thread_in_native, id=8200, stack(0x000000ec8f500000,0x000000ec8f600000)]
  0x00000254839f8800 JavaThread "Cache worker for file hash cache (C:\Users\User\.gradle\caches\7.2\fileHashes)" [_thread_blocked, id=29000, stack(0x000000ec8f600000,0x000000ec8f700000)]
  0x00000254839f5000 JavaThread "Cache worker for file hash cache (C:\Users\User\AndroidStudioProjects\DemoWeather\.gradle\7.2\fileHashes)" [_thread_blocked, id=14536, stack(0x000000ec8f800000,0x000000ec8f900000)]
  0x00000254839fb800 JavaThread "File watcher server" daemon [_thread_in_native, id=22520, stack(0x000000ec8f900000,0x000000ec8fa00000)]
  0x00000254839fa000 JavaThread "File watcher consumer" daemon [_thread_blocked, id=32096, stack(0x000000ec8fa00000,0x000000ec8fb00000)]
  0x00000254839f7000 JavaThread "Cache worker for checksums cache (C:\Users\User\AndroidStudioProjects\DemoWeather\.gradle\checksums)" [_thread_blocked, id=13308, stack(0x000000ec8fb00000,0x000000ec8fc00000)]
  0x00000254839fb000 JavaThread "Cache worker for cache directory md-supplier (C:\Users\User\.gradle\caches\7.2\md-supplier)" [_thread_blocked, id=25184, stack(0x000000ec8fc00000,0x000000ec8fd00000)]
  0x00000254830d7800 JavaThread "Cache worker for cache directory md-rule (C:\Users\User\.gradle\caches\7.2\md-rule)" [_thread_blocked, id=32224, stack(0x000000ec8fd00000,0x000000ec8fe00000)]
  0x00000254830d4800 JavaThread "Cache worker for execution history cache (C:\Users\User\.gradle\caches\7.2\executionHistory)" [_thread_blocked, id=27112, stack(0x000000ec8fe00000,0x000000ec8ff00000)]
  0x00000254830d3800 JavaThread "jar transforms" [_thread_blocked, id=23696, stack(0x000000ec8ff00000,0x000000ec90000000)]
  0x00000254830da000 JavaThread "Cache worker for file content cache (C:\Users\User\.gradle\caches\7.2\fileContent)" [_thread_blocked, id=5332, stack(0x000000ec90000000,0x000000ec90100000)]
  0x00000254830e1800 JavaThread "jar transforms Thread 2" [_thread_blocked, id=20088, stack(0x000000ec90100000,0x000000ec90200000)]
  0x00000254830e2800 JavaThread "Cache worker for dependencies-accessors (C:\Users\User\AndroidStudioProjects\DemoWeather\.gradle\7.2\dependencies-accessors)" [_thread_blocked, id=5968, stack(0x000000ec90200000,0x000000ec90300000)]
  0x00000254830de000 JavaThread "jar transforms Thread 3" [_thread_blocked, id=8616, stack(0x000000ec90400000,0x000000ec90500000)]
  0x00000254830df000 JavaThread "Cache worker for Build Output Cleanup Cache (C:\Users\User\AndroidStudioProjects\DemoWeather\.gradle\buildOutputCleanup)" [_thread_blocked, id=21380, stack(0x000000ec90500000,0x000000ec90600000)]
  0x00000254830dc800 JavaThread "Unconstrained build operations" [_thread_blocked, id=8792, stack(0x000000ec90600000,0x000000ec90700000)]
  0x00000254830dd800 JavaThread "Unconstrained build operations Thread 2" [_thread_blocked, id=31600, stack(0x000000ec90700000,0x000000ec90800000)]
  0x00000254853d6000 JavaThread "Unconstrained build operations Thread 3" [_thread_blocked, id=9592, stack(0x000000ec90800000,0x000000ec90900000)]
  0x00000254853d7000 JavaThread "Unconstrained build operations Thread 4" [_thread_blocked, id=30904, stack(0x000000ec90900000,0x000000ec90a00000)]
  0x00000254853d1000 JavaThread "Unconstrained build operations Thread 5" [_thread_blocked, id=4304, stack(0x000000ec90a00000,0x000000ec90b00000)]
  0x00000254853d7800 JavaThread "Unconstrained build operations Thread 6" [_thread_blocked, id=14088, stack(0x000000ec90b00000,0x000000ec90c00000)]
  0x00000254853d5800 JavaThread "Unconstrained build operations Thread 7" [_thread_blocked, id=20400, stack(0x000000ec90c00000,0x000000ec90d00000)]
  0x00000254853d2000 JavaThread "Unconstrained build operations Thread 8" [_thread_blocked, id=27688, stack(0x000000ec90d00000,0x000000ec90e00000)]
  0x00000254853d8800 JavaThread "Unconstrained build operations Thread 9" [_thread_blocked, id=20124, stack(0x000000ec90e00000,0x000000ec90f00000)]
  0x00000254853d3000 JavaThread "Unconstrained build operations Thread 10" [_thread_blocked, id=29424, stack(0x000000ec90f00000,0x000000ec91000000)]
  0x00000254853d9800 JavaThread "Unconstrained build operations Thread 11" [_thread_blocked, id=27312, stack(0x000000ec91000000,0x000000ec91100000)]
  0x00000254853d3800 JavaThread "Unconstrained build operations Thread 12" [_thread_blocked, id=28980, stack(0x000000ec91100000,0x000000ec91200000)]
  0x00000254853da000 JavaThread "Unconstrained build operations Thread 13" [_thread_blocked, id=30504, stack(0x000000ec91200000,0x000000ec91300000)]
  0x00000254853d4800 JavaThread "Unconstrained build operations Thread 14" [_thread_blocked, id=33508, stack(0x000000ec91300000,0x000000ec91400000)]
  0x00000254853de800 JavaThread "Unconstrained build operations Thread 15" [_thread_blocked, id=14800, stack(0x000000ec91400000,0x000000ec91500000)]
  0x00000254853dc800 JavaThread "Unconstrained build operations Thread 16" [_thread_blocked, id=33660, stack(0x000000ec91500000,0x000000ec91600000)]
  0x00000254853db000 JavaThread "Unconstrained build operations Thread 17" [_thread_blocked, id=21640, stack(0x000000ec91600000,0x000000ec91700000)]
  0x00000254853df000 JavaThread "Unconstrained build operations Thread 18" [_thread_blocked, id=31720, stack(0x000000ec91700000,0x000000ec91800000)]
  0x00000254853dc000 JavaThread "Unconstrained build operations Thread 19" [_thread_blocked, id=34364, stack(0x000000ec91800000,0x000000ec91900000)]
  0x00000254853e0000 JavaThread "Unconstrained build operations Thread 20" [_thread_blocked, id=21996, stack(0x000000ec91900000,0x000000ec91a00000)]
  0x00000254853dd800 JavaThread "Unconstrained build operations Thread 21" [_thread_blocked, id=30564, stack(0x000000ec91a00000,0x000000ec91b00000)]
  0x0000025486bfc000 JavaThread "Unconstrained build operations Thread 22" [_thread_blocked, id=31540, stack(0x000000ec91b00000,0x000000ec91c00000)]
  0x0000025486bff800 JavaThread "Unconstrained build operations Thread 23" [_thread_blocked, id=16272, stack(0x000000ec91c00000,0x000000ec91d00000)]
  0x0000025486bfd800 JavaThread "Unconstrained build operations Thread 24" [_thread_blocked, id=6200, stack(0x000000ec91d00000,0x000000ec91e00000)]
  0x0000025486c01000 JavaThread "Unconstrained build operations Thread 25" [_thread_blocked, id=1484, stack(0x000000ec91e00000,0x000000ec91f00000)]
  0x0000025486bfe800 JavaThread "Unconstrained build operations Thread 26" [_thread_blocked, id=28456, stack(0x000000ec91f00000,0x000000ec92000000)]
  0x0000025486c00000 JavaThread "Unconstrained build operations Thread 27" [_thread_blocked, id=2676, stack(0x000000ec92000000,0x000000ec92100000)]
  0x0000025486c01800 JavaThread "Unconstrained build operations Thread 28" [_thread_blocked, id=23972, stack(0x000000ec92100000,0x000000ec92200000)]
  0x0000025486c02800 JavaThread "Unconstrained build operations Thread 29" [_thread_blocked, id=33308, stack(0x000000ec92200000,0x000000ec92300000)]
  0x0000025486bfd000 JavaThread "Unconstrained build operations Thread 30" [_thread_blocked, id=32856, stack(0x000000ec92300000,0x000000ec92400000)]
  0x0000025486c07800 JavaThread "Unconstrained build operations Thread 31" [_thread_blocked, id=22244, stack(0x000000ec92400000,0x000000ec92500000)]
  0x0000025486c06800 JavaThread "Unconstrained build operations Thread 32" [_thread_blocked, id=32804, stack(0x000000ec92500000,0x000000ec92600000)]
  0x0000025486c09000 JavaThread "Unconstrained build operations Thread 33" [_thread_blocked, id=34636, stack(0x000000ec92600000,0x000000ec92700000)]
  0x0000025486c03800 JavaThread "Unconstrained build operations Thread 34" [_thread_blocked, id=24468, stack(0x000000ec92700000,0x000000ec92800000)]
  0x0000025486c04000 JavaThread "Unconstrained build operations Thread 35" [_thread_blocked, id=17680, stack(0x000000ec92800000,0x000000ec92900000)]
  0x0000025486c06000 JavaThread "Unconstrained build operations Thread 36" [_thread_blocked, id=21888, stack(0x000000ec92900000,0x000000ec92a00000)]
  0x0000025486c08800 JavaThread "Unconstrained build operations Thread 37" [_thread_blocked, id=4776, stack(0x000000ec92a00000,0x000000ec92b00000)]
  0x0000025486c0a000 JavaThread "Unconstrained build operations Thread 38" [_thread_blocked, id=25376, stack(0x000000ec92b00000,0x000000ec92c00000)]
  0x0000025486c0a800 JavaThread "Unconstrained build operations Thread 39" [_thread_blocked, id=14340, stack(0x000000ec92c00000,0x000000ec92d00000)]
  0x0000025486c05000 JavaThread "Unconstrained build operations Thread 40" [_thread_blocked, id=18916, stack(0x000000ec92d00000,0x000000ec92e00000)]
  0x0000025486854800 JavaThread "Unconstrained build operations Thread 41" [_thread_blocked, id=26224, stack(0x000000ec92e00000,0x000000ec92f00000)]
  0x0000025486855800 JavaThread "Unconstrained build operations Thread 42" [_thread_blocked, id=13428, stack(0x000000ec92f00000,0x000000ec93000000)]
  0x0000025486859800 JavaThread "Unconstrained build operations Thread 43" [_thread_blocked, id=6432, stack(0x000000ec93000000,0x000000ec93100000)]
  0x0000025486859000 JavaThread "Unconstrained build operations Thread 44" [_thread_blocked, id=26440, stack(0x000000ec93100000,0x000000ec93200000)]
  0x0000025486856800 JavaThread "Unconstrained build operations Thread 45" [_thread_blocked, id=14208, stack(0x000000ec93200000,0x000000ec93300000)]
  0x0000025486857000 JavaThread "Unconstrained build operations Thread 46" [_thread_blocked, id=26152, stack(0x000000ec93300000,0x000000ec93400000)]
  0x0000025486858000 JavaThread "Unconstrained build operations Thread 47" [_thread_blocked, id=9480, stack(0x000000ec93400000,0x000000ec93500000)]
  0x0000025486854000 JavaThread "Unconstrained build operations Thread 48" [_thread_blocked, id=1660, stack(0x000000ec93500000,0x000000ec93600000)]
  0x000002548685c000 JavaThread "Unconstrained build operations Thread 49" [_thread_blocked, id=16600, stack(0x000000ec93600000,0x000000ec93700000)]
  0x000002548685f800 JavaThread "Unconstrained build operations Thread 50" [_thread_blocked, id=19860, stack(0x000000ec93700000,0x000000ec93800000)]
  0x000002548685b000 JavaThread "Unconstrained build operations Thread 51" [_thread_blocked, id=17800, stack(0x000000ec93800000,0x000000ec93900000)]
  0x000002548685d000 JavaThread "Unconstrained build operations Thread 52" [_thread_blocked, id=6136, stack(0x000000ec93900000,0x000000ec93a00000)]
  0x000002548685d800 JavaThread "Unconstrained build operations Thread 53" [_thread_blocked, id=26172, stack(0x000000ec93a00000,0x000000ec93b00000)]
  0x000002548685e800 JavaThread "Unconstrained build operations Thread 54" [_thread_blocked, id=25596, stack(0x000000ec93b00000,0x000000ec93c00000)]
  0x0000025486860000 JavaThread "Unconstrained build operations Thread 55" [_thread_blocked, id=9100, stack(0x000000ec93c00000,0x000000ec93d00000)]
  0x000002548685a800 JavaThread "Unconstrained build operations Thread 56" [_thread_blocked, id=32884, stack(0x000000ec93d00000,0x000000ec93e00000)]
  0x0000025486861000 JavaThread "Unconstrained build operations Thread 57" [_thread_blocked, id=10380, stack(0x000000ec93e00000,0x000000ec93f00000)]
  0x0000025486861800 JavaThread "Unconstrained build operations Thread 58" [_thread_blocked, id=25440, stack(0x000000ec93f00000,0x000000ec94000000)]
  0x0000025486862800 JavaThread "Unconstrained build operations Thread 59" [_thread_blocked, id=30584, stack(0x000000ec94000000,0x000000ec94100000)]
  0x00000254869a6800 JavaThread "Unconstrained build operations Thread 60" [_thread_blocked, id=24652, stack(0x000000ec94100000,0x000000ec94200000)]
  0x00000254869a9000 JavaThread "Unconstrained build operations Thread 61" [_thread_blocked, id=33296, stack(0x000000ec94200000,0x000000ec94300000)]
  0x00000254869a5800 JavaThread "Unconstrained build operations Thread 62" [_thread_blocked, id=18788, stack(0x000000ec94300000,0x000000ec94400000)]
  0x00000254869a9800 JavaThread "Unconstrained build operations Thread 63" [_thread_blocked, id=11892, stack(0x000000ec94400000,0x000000ec94500000)]
  0x00000254869a7000 JavaThread "Unconstrained build operations Thread 64" [_thread_blocked, id=11388, stack(0x000000ec94500000,0x000000ec94600000)]
  0x00000254869a4000 JavaThread "Unconstrained build operations Thread 65" [_thread_blocked, id=4568, stack(0x000000ec94600000,0x000000ec94700000)]
  0x00000254869a8000 JavaThread "Unconstrained build operations Thread 66" [_thread_blocked, id=992, stack(0x000000ec94700000,0x000000ec94800000)]
  0x00000254869aa800 JavaThread "Unconstrained build operations Thread 67" [_thread_blocked, id=17540, stack(0x000000ec94800000,0x000000ec94900000)]
  0x00000254869a4800 JavaThread "Unconstrained build operations Thread 68" [_thread_blocked, id=31904, stack(0x000000ec94900000,0x000000ec94a00000)]
  0x00000254869b1000 JavaThread "Unconstrained build operations Thread 69" [_thread_blocked, id=15772, stack(0x000000ec94a00000,0x000000ec94b00000)]
  0x00000254869ad800 JavaThread "Unconstrained build operations Thread 70" [_thread_blocked, id=7428, stack(0x000000ec94b00000,0x000000ec94c00000)]
  0x00000254869ad000 JavaThread "Unconstrained build operations Thread 71" [_thread_blocked, id=32352, stack(0x000000ec94c00000,0x000000ec94d00000)]
  0x00000254869ab800 JavaThread "Unconstrained build operations Thread 72" [_thread_blocked, id=1908, stack(0x000000ec94d00000,0x000000ec94e00000)]
  0x00000254869ae800 JavaThread "Unconstrained build operations Thread 73" [_thread_blocked, id=29668, stack(0x000000ec94e00000,0x000000ec94f00000)]
  0x00000254869b2000 JavaThread "Unconstrained build operations Thread 74" [_thread_blocked, id=21612, stack(0x000000ec94f00000,0x000000ec95000000)]
  0x00000254869af800 JavaThread "Unconstrained build operations Thread 75" [_thread_blocked, id=16596, stack(0x000000ec95000000,0x000000ec95100000)]
  0x00000254869b0000 JavaThread "Unconstrained build operations Thread 76" [_thread_blocked, id=31084, stack(0x000000ec95100000,0x000000ec95200000)]
  0x00000254869ac000 JavaThread "Unconstrained build operations Thread 77" [_thread_blocked, id=18356, stack(0x000000ec95200000,0x000000ec95300000)]
  0x00000254869b2800 JavaThread "Unconstrained build operations Thread 78" [_thread_blocked, id=5056, stack(0x000000ec95300000,0x000000ec95400000)]
  0x00000254840cf800 JavaThread "Unconstrained build operations Thread 79" [_thread_blocked, id=15160, stack(0x000000ec95400000,0x000000ec95500000)]
  0x00000254840d1000 JavaThread "Unconstrained build operations Thread 80" [_thread_blocked, id=24236, stack(0x000000ec95500000,0x000000ec95600000)]
  0x00000254840d0000 JavaThread "jar transforms Thread 4" [_thread_blocked, id=8176, stack(0x000000ec95600000,0x000000ec95700000)]
  0x00000254840cb800 JavaThread "jar transforms Thread 5" [_thread_blocked, id=10096, stack(0x000000ec95700000,0x000000ec95800000)]
  0x00000254840cc000 JavaThread "jar transforms Thread 6" [_thread_blocked, id=2112, stack(0x000000ec95800000,0x000000ec95900000)]
  0x00000254840d2000 JavaThread "jar transforms Thread 7" [_thread_blocked, id=34252, stack(0x000000ec95900000,0x000000ec95a00000)]
  0x00000254840d2800 JavaThread "jar transforms Thread 8" [_thread_blocked, id=2536, stack(0x000000ec95a00000,0x000000ec95b00000)]
=>0x00000254840ce000 JavaThread "C2 CompilerThread1" daemon [_thread_in_native, id=17336, stack(0x000000ec90300000,0x000000ec90400000)]
  0x00000254840d3800 JavaThread "Memory manager" [_thread_blocked, id=6148, stack(0x000000ec95b00000,0x000000ec95c00000)]

Other Threads:
  0x00000254fed1e000 VMThread "VM Thread" [stack: 0x000000ec8d800000,0x000000ec8d900000] [id=31296]
  0x00000254ff81a800 WatcherThread [stack: 0x000000ec8e200000,0x000000ec8e300000] [id=28804]
  0x00000254e60c8000 GCTaskThread "GC Thread#0" [stack: 0x000000ec8d300000,0x000000ec8d400000] [id=32940]
  0x0000025482a98000 GCTaskThread "GC Thread#1" [stack: 0x000000ec8e400000,0x000000ec8e500000] [id=34244]
  0x0000025482a89000 GCTaskThread "GC Thread#2" [stack: 0x000000ec8e500000,0x000000ec8e600000] [id=29980]
  0x0000025482bb0000 GCTaskThread "GC Thread#3" [stack: 0x000000ec8ef00000,0x000000ec8f000000] [id=7072]
  0x00000254839e1800 GCTaskThread "GC Thread#4" [stack: 0x000000ec8f000000,0x000000ec8f100000] [id=30984]
  0x0000025482bb2000 GCTaskThread "GC Thread#5" [stack: 0x000000ec8f100000,0x000000ec8f200000] [id=31768]
  0x0000025483efa000 GCTaskThread "GC Thread#6" [stack: 0x000000ec8f200000,0x000000ec8f300000] [id=16664]
  0x0000025483ad0800 GCTaskThread "GC Thread#7" [stack: 0x000000ec8f300000,0x000000ec8f400000] [id=16860]
  0x00000254e60f7800 ConcurrentGCThread "G1 Main Marker" [stack: 0x000000ec8d400000,0x000000ec8d500000] [id=29120]
  0x00000254e60f9800 ConcurrentGCThread "G1 Conc#0" [stack: 0x000000ec8d500000,0x000000ec8d600000] [id=25956]
  0x0000025484d0e800 ConcurrentGCThread "G1 Conc#1" [stack: 0x000000ec8f700000,0x000000ec8f800000] [id=34304]
  0x00000254feb70800 ConcurrentGCThread "G1 Refine#0" [stack: 0x000000ec8d600000,0x000000ec8d700000] [id=29724]
  0x00000254feb71800 ConcurrentGCThread "G1 Young RemSet Sampling" [stack: 0x000000ec8d700000,0x000000ec8d800000] [id=16088]

Threads with active compile tasks:
C2 CompilerThread0  12406 6917 %     4       org.gradle.internal.instantiation.generator.AbstractClassGenerator::inspectType @ 250 (560 bytes)
C2 CompilerThread1  12406 6806       4       sun.reflect.generics.parser.SignatureParser::parsePackageNameAndSimpleClassTypeSignature (119 bytes)

VM state:not at safepoint (normal execution)

VM Mutex/Monitor currently owned by a thread: None

Heap address: 0x0000000080000000, size: 2048 MB, Compressed Oops mode: 32-bit
Narrow klass base: 0x0000000000000000, Narrow klass shift: 3
Compressed class space size: 1073741824 Address: 0x0000000100000000

Heap:
 garbage-first heap   total 129024K, used 91840K [0x0000000080000000, 0x0000000100000000)
  region size 1024K, 42 young (43008K), 4 survivors (4096K)
 Metaspace       used 69946K, capacity 71473K, committed 71804K, reserved 1112064K
  class space    used 9067K, capacity 9647K, committed 9728K, reserved 1048576K
Heap Regions: E=young(eden), S=young(survivor), O=old, HS=humongous(starts), HC=humongous(continues), CS=collection set, F=free, A=archive, TAMS=top-at-mark-start (previous, next)
|   0|0x0000000080000000, 0x0000000080100000, 0x0000000080100000|100%| O|  |TAMS 0x0000000080100000, 0x0000000080000000| Untracked 
|   1|0x0000000080100000, 0x0000000080200000, 0x0000000080200000|100%| O|  |TAMS 0x0000000080200000, 0x0000000080100000| Untracked 
|   2|0x0000000080200000, 0x0000000080300000, 0x0000000080300000|100%| O|  |TAMS 0x0000000080300000, 0x0000000080200000| Untracked 
|   3|0x0000000080300000, 0x0000000080400000, 0x0000000080400000|100%|HS|  |TAMS 0x0000000080400000, 0x0000000080300000| Complete 
|   4|0x0000000080400000, 0x0000000080500000, 0x0000000080500000|100%|HC|  |TAMS 0x0000000080500000, 0x0000000080400000| Complete 
|   5|0x0000000080500000, 0x0000000080600000, 0x0000000080600000|100%|HC|  |TAMS 0x0000000080600000, 0x0000000080500000| Complete 
|   6|0x0000000080600000, 0x00000000806ffff8, 0x0000000080700000| 99%| O|  |TAMS 0x00000000806ffff8, 0x0000000080600000| Untracked 
|   7|0x0000000080700000, 0x0000000080800000, 0x0000000080800000|100%| O|  |TAMS 0x0000000080800000, 0x0000000080700000| Untracked 
|   8|0x0000000080800000, 0x0000000080900000, 0x0000000080900000|100%| O|  |TAMS 0x0000000080900000, 0x0000000080800000| Untracked 
|   9|0x0000000080900000, 0x0000000080a00000, 0x0000000080a00000|100%| O|  |TAMS 0x0000000080a00000, 0x0000000080900000| Untracked 
|  10|0x0000000080a00000, 0x0000000080b00000, 0x0000000080b00000|100%| O|  |TAMS 0x0000000080b00000, 0x0000000080a00000| Untracked 
|  11|0x0000000080b00000, 0x0000000080c00000, 0x0000000080c00000|100%| O|  |TAMS 0x0000000080c00000, 0x0000000080b00000| Untracked 
|  12|0x0000000080c00000, 0x0000000080d00000, 0x0000000080d00000|100%| O|  |TAMS 0x0000000080d00000, 0x0000000080c00000| Untracked 
|  13|0x0000000080d00000, 0x0000000080e00000, 0x0000000080e00000|100%| O|  |TAMS 0x0000000080e00000, 0x0000000080d00000| Untracked 
|  14|0x0000000080e00000, 0x0000000080f00000, 0x0000000080f00000|100%| O|  |TAMS 0x0000000080f00000, 0x0000000080e00000| Untracked 
|  15|0x0000000080f00000, 0x0000000081000000, 0x0000000081000000|100%| O|  |TAMS 0x0000000081000000, 0x0000000080f00000| Untracked 
|  16|0x0000000081000000, 0x0000000081100000, 0x0000000081100000|100%|HS|  |TAMS 0x0000000081100000, 0x0000000081000000| Complete 
|  17|0x0000000081100000, 0x0000000081200000, 0x0000000081200000|100%| O|  |TAMS 0x0000000081200000, 0x0000000081100000| Untracked 
|  18|0x0000000081200000, 0x0000000081300000, 0x0000000081300000|100%| O|  |TAMS 0x0000000081300000, 0x0000000081200000| Untracked 
|  19|0x0000000081300000, 0x0000000081400000, 0x0000000081400000|100%| O|  |TAMS 0x0000000081400000, 0x0000000081300000| Untracked 
|  20|0x0000000081400000, 0x0000000081500000, 0x0000000081500000|100%| O|  |TAMS 0x0000000081500000, 0x0000000081400000| Untracked 
|  21|0x0000000081500000, 0x0000000081600000, 0x0000000081600000|100%| O|  |TAMS 0x0000000081600000, 0x0000000081500000| Untracked 
|  22|0x0000000081600000, 0x0000000081700000, 0x0000000081700000|100%| O|  |TAMS 0x0000000081700000, 0x0000000081600000| Untracked 
|  23|0x0000000081700000, 0x0000000081800000, 0x0000000081800000|100%| O|  |TAMS 0x0000000081800000, 0x0000000081700000| Untracked 
|  24|0x0000000081800000, 0x0000000081900000, 0x0000000081900000|100%| O|  |TAMS 0x0000000081900000, 0x0000000081800000| Untracked 
|  25|0x0000000081900000, 0x0000000081a00000, 0x0000000081a00000|100%| O|  |TAMS 0x0000000081a00000, 0x0000000081900000| Untracked 
|  26|0x0000000081a00000, 0x0000000081b00000, 0x0000000081b00000|100%| O|  |TAMS 0x0000000081b00000, 0x0000000081a00000| Untracked 
|  27|0x0000000081b00000, 0x0000000081c00000, 0x0000000081c00000|100%| O|  |TAMS 0x0000000081c00000, 0x0000000081b00000| Untracked 
|  28|0x0000000081c00000, 0x0000000081d00000, 0x0000000081d00000|100%|HS|  |TAMS 0x0000000081d00000, 0x0000000081c00000| Complete 
|  29|0x0000000081d00000, 0x0000000081e00000, 0x0000000081e00000|100%|HS|  |TAMS 0x0000000081e00000, 0x0000000081d00000| Complete 
|  30|0x0000000081e00000, 0x0000000081f00000, 0x0000000081f00000|100%|HS|  |TAMS 0x0000000081f00000, 0x0000000081e00000| Complete 
|  31|0x0000000081f00000, 0x0000000082000000, 0x0000000082000000|100%|HC|  |TAMS 0x0000000082000000, 0x0000000081f00000| Complete 
|  32|0x0000000082000000, 0x0000000082100000, 0x0000000082100000|100%| O|  |TAMS 0x0000000082100000, 0x0000000082000000| Untracked 
|  33|0x0000000082100000, 0x0000000082200000, 0x0000000082200000|100%| O|  |TAMS 0x0000000082200000, 0x0000000082100000| Untracked 
|  34|0x0000000082200000, 0x0000000082300000, 0x0000000082300000|100%| O|  |TAMS 0x0000000082300000, 0x0000000082200000| Untracked 
|  35|0x0000000082300000, 0x0000000082400000, 0x0000000082400000|100%| O|  |TAMS 0x0000000082400000, 0x0000000082300000| Untracked 
|  36|0x0000000082400000, 0x0000000082500000, 0x0000000082500000|100%| O|  |TAMS 0x0000000082500000, 0x0000000082400000| Untracked 
|  37|0x0000000082500000, 0x0000000082600000, 0x0000000082600000|100%| O|  |TAMS 0x0000000082600000, 0x0000000082500000| Untracked 
|  38|0x0000000082600000, 0x0000000082700000, 0x0000000082700000|100%| O|  |TAMS 0x0000000082700000, 0x0000000082600000| Untracked 
|  39|0x0000000082700000, 0x0000000082800000, 0x0000000082800000|100%| O|  |TAMS 0x0000000082800000, 0x0000000082700000| Untracked 
|  40|0x0000000082800000, 0x0000000082900000, 0x0000000082900000|100%| O|  |TAMS 0x0000000082900000, 0x0000000082800000| Untracked 
|  41|0x0000000082900000, 0x0000000082a00000, 0x0000000082a00000|100%| O|  |TAMS 0x0000000082a00000, 0x0000000082900000| Untracked 
|  42|0x0000000082a00000, 0x0000000082b00000, 0x0000000082b00000|100%| O|  |TAMS 0x0000000082a1f600, 0x0000000082a00000| Untracked 
|  43|0x0000000082b00000, 0x0000000082b00000, 0x0000000082c00000|  0%| F|  |TAMS 0x0000000082b00000, 0x0000000082b00000| Untracked 
|  44|0x0000000082c00000, 0x0000000082d00000, 0x0000000082d00000|100%| O|  |TAMS 0x0000000082c00000, 0x0000000082c00000| Untracked 
|  45|0x0000000082d00000, 0x0000000082e00000, 0x0000000082e00000|100%| O|  |TAMS 0x0000000082d00000, 0x0000000082d00000| Untracked 
|  46|0x0000000082e00000, 0x0000000082f00000, 0x0000000082f00000|100%| O|  |TAMS 0x0000000082e00000, 0x0000000082e00000| Untracked 
|  47|0x0000000082f00000, 0x0000000083000000, 0x0000000083000000|100%| O|  |TAMS 0x0000000082f00000, 0x0000000082f00000| Untracked 
|  48|0x0000000083000000, 0x0000000083100000, 0x0000000083100000|100%| O|  |TAMS 0x0000000083000000, 0x0000000083000000| Untracked 
|  49|0x0000000083100000, 0x00000000831bb600, 0x0000000083200000| 73%| O|  |TAMS 0x0000000083100000, 0x0000000083100000| Untracked 
|  50|0x0000000083200000, 0x0000000083200000, 0x0000000083300000|  0%| F|  |TAMS 0x0000000083200000, 0x0000000083200000| Untracked 
|  51|0x0000000083300000, 0x0000000083300000, 0x0000000083400000|  0%| F|  |TAMS 0x0000000083300000, 0x0000000083300000| Untracked 
|  52|0x0000000083400000, 0x0000000083400000, 0x0000000083500000|  0%| F|  |TAMS 0x0000000083400000, 0x0000000083400000| Untracked 
|  53|0x0000000083500000, 0x0000000083500000, 0x0000000083600000|  0%| F|  |TAMS 0x0000000083500000, 0x0000000083500000| Untracked 
|  54|0x0000000083600000, 0x0000000083600000, 0x0000000083700000|  0%| F|  |TAMS 0x0000000083600000, 0x0000000083600000| Untracked 
|  55|0x0000000083700000, 0x0000000083700000, 0x0000000083800000|  0%| F|  |TAMS 0x0000000083700000, 0x0000000083700000| Untracked 
|  56|0x0000000083800000, 0x0000000083800000, 0x0000000083900000|  0%| F|  |TAMS 0x0000000083800000, 0x0000000083800000| Untracked 
|  57|0x0000000083900000, 0x0000000083900000, 0x0000000083a00000|  0%| F|  |TAMS 0x0000000083900000, 0x0000000083900000| Untracked 
|  58|0x0000000083a00000, 0x0000000083a00000, 0x0000000083b00000|  0%| F|  |TAMS 0x0000000083a00000, 0x0000000083a00000| Untracked 
|  59|0x0000000083b00000, 0x0000000083b00000, 0x0000000083c00000|  0%| F|  |TAMS 0x0000000083b00000, 0x0000000083b00000| Untracked 
|  60|0x0000000083c00000, 0x0000000083c00000, 0x0000000083d00000|  0%| F|  |TAMS 0x0000000083c00000, 0x0000000083c00000| Untracked 
|  61|0x0000000083d00000, 0x0000000083d00000, 0x0000000083e00000|  0%| F|  |TAMS 0x0000000083d00000, 0x0000000083d00000| Untracked 
|  62|0x0000000083e00000, 0x0000000083e00000, 0x0000000083f00000|  0%| F|  |TAMS 0x0000000083e00000, 0x0000000083e00000| Untracked 
|  63|0x0000000083f00000, 0x0000000083f00000, 0x0000000084000000|  0%| F|  |TAMS 0x0000000083f00000, 0x0000000083f00000| Untracked 
|  64|0x0000000084000000, 0x0000000084000000, 0x0000000084100000|  0%| F|  |TAMS 0x0000000084000000, 0x0000000084000000| Untracked 
|  65|0x0000000084100000, 0x0000000084100000, 0x0000000084200000|  0%| F|  |TAMS 0x0000000084100000, 0x0000000084100000| Untracked 
|  66|0x0000000084200000, 0x0000000084200000, 0x0000000084300000|  0%| F|  |TAMS 0x0000000084200000, 0x0000000084200000| Untracked 
|  67|0x0000000084300000, 0x0000000084300000, 0x0000000084400000|  0%| F|  |TAMS 0x0000000084300000, 0x0000000084300000| Untracked 
|  68|0x0000000084400000, 0x0000000084400000, 0x0000000084500000|  0%| F|  |TAMS 0x0000000084400000, 0x0000000084400000| Untracked 
|  69|0x0000000084500000, 0x0000000084500000, 0x0000000084600000|  0%| F|  |TAMS 0x0000000084500000, 0x0000000084500000| Untracked 
|  70|0x0000000084600000, 0x0000000084600000, 0x0000000084700000|  0%| F|  |TAMS 0x0000000084600000, 0x0000000084600000| Untracked 
|  71|0x0000000084700000, 0x0000000084700000, 0x0000000084800000|  0%| F|  |TAMS 0x0000000084700000, 0x0000000084700000| Untracked 
|  72|0x0000000084800000, 0x00000000848f4ac0, 0x0000000084900000| 95%| S|CS|TAMS 0x0000000084800000, 0x0000000084800000| Complete 
|  73|0x0000000084900000, 0x0000000084a00000, 0x0000000084a00000|100%| S|CS|TAMS 0x0000000084900000, 0x0000000084900000| Complete 
|  74|0x0000000084a00000, 0x0000000084b00000, 0x0000000084b00000|100%| S|CS|TAMS 0x0000000084a00000, 0x0000000084a00000| Complete 
|  75|0x0000000084b00000, 0x0000000084c00000, 0x0000000084c00000|100%| S|CS|TAMS 0x0000000084b00000, 0x0000000084b00000| Complete 
|  76|0x0000000084c00000, 0x0000000084c00000, 0x0000000084d00000|  0%| F|  |TAMS 0x0000000084c00000, 0x0000000084c00000| Untracked 
|  77|0x0000000084d00000, 0x0000000084d00000, 0x0000000084e00000|  0%| F|  |TAMS 0x0000000084d00000, 0x0000000084d00000| Untracked 
|  78|0x0000000084e00000, 0x0000000084e00000, 0x0000000084f00000|  0%| F|  |TAMS 0x0000000084e00000, 0x0000000084e00000| Untracked 
|  79|0x0000000084f00000, 0x0000000084f00000, 0x0000000085000000|  0%| F|  |TAMS 0x0000000084f00000, 0x0000000084f00000| Untracked 
|  80|0x0000000085000000, 0x0000000085000000, 0x0000000085100000|  0%| F|  |TAMS 0x0000000085000000, 0x0000000085000000| Untracked 
|  81|0x0000000085100000, 0x0000000085100000, 0x0000000085200000|  0%| F|  |TAMS 0x0000000085100000, 0x0000000085100000| Untracked 
|  82|0x0000000085200000, 0x0000000085200000, 0x0000000085300000|  0%| F|  |TAMS 0x0000000085200000, 0x0000000085200000| Untracked 
|  83|0x0000000085300000, 0x0000000085300000, 0x0000000085400000|  0%| F|  |TAMS 0x0000000085300000, 0x0000000085300000| Untracked 
|  84|0x0000000085400000, 0x0000000085400000, 0x0000000085500000|  0%| F|  |TAMS 0x0000000085400000, 0x0000000085400000| Untracked 
|  85|0x0000000085500000, 0x0000000085500000, 0x0000000085600000|  0%| F|  |TAMS 0x0000000085500000, 0x0000000085500000| Untracked 
|  86|0x0000000085600000, 0x0000000085600000, 0x0000000085700000|  0%| F|  |TAMS 0x0000000085600000, 0x0000000085600000| Untracked 
|  87|0x0000000085700000, 0x0000000085700000, 0x0000000085800000|  0%| F|  |TAMS 0x0000000085700000, 0x0000000085700000| Untracked 
|  88|0x0000000085800000, 0x0000000085900000, 0x0000000085900000|100%| E|  |TAMS 0x0000000085800000, 0x0000000085800000| Complete 
|  89|0x0000000085900000, 0x0000000085a00000, 0x0000000085a00000|100%| E|CS|TAMS 0x0000000085900000, 0x0000000085900000| Complete 
|  90|0x0000000085a00000, 0x0000000085b00000, 0x0000000085b00000|100%| E|CS|TAMS 0x0000000085a00000, 0x0000000085a00000| Complete 
|  91|0x0000000085b00000, 0x0000000085c00000, 0x0000000085c00000|100%| E|CS|TAMS 0x0000000085b00000, 0x0000000085b00000| Complete 
|  92|0x0000000085c00000, 0x0000000085d00000, 0x0000000085d00000|100%| E|CS|TAMS 0x0000000085c00000, 0x0000000085c00000| Complete 
|  93|0x0000000085d00000, 0x0000000085e00000, 0x0000000085e00000|100%| E|CS|TAMS 0x0000000085d00000, 0x0000000085d00000| Complete 
|  94|0x0000000085e00000, 0x0000000085f00000, 0x0000000085f00000|100%| E|CS|TAMS 0x0000000085e00000, 0x0000000085e00000| Complete 
|  95|0x0000000085f00000, 0x0000000086000000, 0x0000000086000000|100%| E|CS|TAMS 0x0000000085f00000, 0x0000000085f00000| Complete 
|  96|0x0000000086000000, 0x0000000086100000, 0x0000000086100000|100%| E|CS|TAMS 0x0000000086000000, 0x0000000086000000| Complete 
|  97|0x0000000086100000, 0x0000000086200000, 0x0000000086200000|100%| E|CS|TAMS 0x0000000086100000, 0x0000000086100000| Complete 
|  98|0x0000000086200000, 0x0000000086300000, 0x0000000086300000|100%| E|CS|TAMS 0x0000000086200000, 0x0000000086200000| Complete 
|  99|0x0000000086300000, 0x0000000086400000, 0x0000000086400000|100%| E|CS|TAMS 0x0000000086300000, 0x0000000086300000| Complete 
| 100|0x0000000086400000, 0x0000000086500000, 0x0000000086500000|100%| E|CS|TAMS 0x0000000086400000, 0x0000000086400000| Complete 
| 101|0x0000000086500000, 0x0000000086600000, 0x0000000086600000|100%| E|CS|TAMS 0x0000000086500000, 0x0000000086500000| Complete 
| 102|0x0000000086600000, 0x0000000086700000, 0x0000000086700000|100%| E|CS|TAMS 0x0000000086600000, 0x0000000086600000| Complete 
| 103|0x0000000086700000, 0x0000000086800000, 0x0000000086800000|100%| E|CS|TAMS 0x0000000086700000, 0x0000000086700000| Complete 
| 104|0x0000000086800000, 0x0000000086900000, 0x0000000086900000|100%| E|CS|TAMS 0x0000000086800000, 0x0000000086800000| Complete 
| 105|0x0000000086900000, 0x0000000086a00000, 0x0000000086a00000|100%| E|CS|TAMS 0x0000000086900000, 0x0000000086900000| Complete 
| 106|0x0000000086a00000, 0x0000000086b00000, 0x0000000086b00000|100%| E|CS|TAMS 0x0000000086a00000, 0x0000000086a00000| Complete 
| 107|0x0000000086b00000, 0x0000000086c00000, 0x0000000086c00000|100%| E|CS|TAMS 0x0000000086b00000, 0x0000000086b00000| Complete 
| 108|0x0000000086c00000, 0x0000000086d00000, 0x0000000086d00000|100%| E|CS|TAMS 0x0000000086c00000, 0x0000000086c00000| Complete 
| 109|0x0000000086d00000, 0x0000000086e00000, 0x0000000086e00000|100%| E|CS|TAMS 0x0000000086d00000, 0x0000000086d00000| Complete 
| 110|0x0000000086e00000, 0x0000000086f00000, 0x0000000086f00000|100%| E|CS|TAMS 0x0000000086e00000, 0x0000000086e00000| Complete 
| 111|0x0000000086f00000, 0x0000000087000000, 0x0000000087000000|100%| E|CS|TAMS 0x0000000086f00000, 0x0000000086f00000| Complete 
| 112|0x0000000087000000, 0x0000000087100000, 0x0000000087100000|100%| E|CS|TAMS 0x0000000087000000, 0x0000000087000000| Complete 
| 113|0x0000000087100000, 0x0000000087200000, 0x0000000087200000|100%| E|CS|TAMS 0x0000000087100000, 0x0000000087100000| Complete 
| 114|0x0000000087200000, 0x0000000087300000, 0x0000000087300000|100%| E|CS|TAMS 0x0000000087200000, 0x0000000087200000| Complete 
| 115|0x0000000087300000, 0x0000000087400000, 0x0000000087400000|100%| E|CS|TAMS 0x0000000087300000, 0x0000000087300000| Complete 
| 116|0x0000000087400000, 0x0000000087500000, 0x0000000087500000|100%| E|CS|TAMS 0x0000000087400000, 0x0000000087400000| Complete 
| 117|0x0000000087500000, 0x0000000087600000, 0x0000000087600000|100%| E|CS|TAMS 0x0000000087500000, 0x0000000087500000| Complete 
| 118|0x0000000087600000, 0x0000000087700000, 0x0000000087700000|100%| E|CS|TAMS 0x0000000087600000, 0x0000000087600000| Complete 
| 119|0x0000000087700000, 0x0000000087800000, 0x0000000087800000|100%| E|CS|TAMS 0x0000000087700000, 0x0000000087700000| Complete 
| 120|0x0000000087800000, 0x0000000087900000, 0x0000000087900000|100%| E|CS|TAMS 0x0000000087800000, 0x0000000087800000| Complete 
| 121|0x0000000087900000, 0x0000000087a00000, 0x0000000087a00000|100%| E|CS|TAMS 0x0000000087900000, 0x0000000087900000| Complete 
| 122|0x0000000087a00000, 0x0000000087b00000, 0x0000000087b00000|100%| E|CS|TAMS 0x0000000087a00000, 0x0000000087a00000| Complete 
| 123|0x0000000087b00000, 0x0000000087c00000, 0x0000000087c00000|100%| E|CS|TAMS 0x0000000087b00000, 0x0000000087b00000| Complete 
| 124|0x0000000087c00000, 0x0000000087d00000, 0x0000000087d00000|100%| E|CS|TAMS 0x0000000087c00000, 0x0000000087c00000| Complete 
| 125|0x0000000087d00000, 0x0000000087e00000, 0x0000000087e00000|100%| E|CS|TAMS 0x0000000087d00000, 0x0000000087d00000| Complete 

Card table byte_map: [0x00000254f9a50000,0x00000254f9e50000] _byte_map_base: 0x00000254f9650000

Marking Bits (Prev, Next): (CMBitMap*) 0x00000254e60ee900, (CMBitMap*) 0x00000254e60ee8c8
 Prev Bits: [0x00000254fc250000, 0x00000254fe250000)
 Next Bits: [0x00000254fa250000, 0x00000254fc250000)

Polling page: 0x00000254e9bb0000

Metaspace:

Usage:
  Non-class:     60.38 MB capacity,    59.48 MB ( 99%) used,   749.49 KB (  1%) free+waste,   171.13 KB ( <1%) overhead. 
      Class:      9.42 MB capacity,     8.86 MB ( 94%) used,   495.53 KB (  5%) free+waste,    79.94 KB ( <1%) overhead. 
       Both:     69.80 MB capacity,    68.34 MB ( 98%) used,     1.22 MB (  2%) free+waste,   251.06 KB ( <1%) overhead. 

Virtual space:
  Non-class space:       62.00 MB reserved,      60.62 MB ( 98%) committed 
      Class space:        1.00 GB reserved,       9.50 MB ( <1%) committed 
             Both:        1.06 GB reserved,      70.12 MB (  6%) committed 

Chunk freelists:
   Non-Class:  58.00 KB
       Class:  17.00 KB
        Both:  75.00 KB

MaxMetaspaceSize: 17179869184.00 GB
CompressedClassSpaceSize: 1.00 GB

CodeHeap 'non-profiled nmethods': size=120000Kb used=4021Kb max_used=4021Kb free=115978Kb
 bounds [0x00000254f16a0000, 0x00000254f1a90000, 0x00000254f8bd0000]
CodeHeap 'profiled nmethods': size=120000Kb used=14814Kb max_used=14814Kb free=105185Kb
 bounds [0x00000254ea170000, 0x00000254eaff0000, 0x00000254f16a0000]
CodeHeap 'non-nmethods': size=5760Kb used=2278Kb max_used=2316Kb free=3481Kb
 bounds [0x00000254e9bd0000, 0x00000254e9e40000, 0x00000254ea170000]
 total_blobs=7728 nmethods=6869 adapters=770
 compilation: enabled
              stopped_count=0, restarted_count=0
 full_count=0

Compilation events (20 events):
Event: 12.358 Thread 0x00000254fed46800 nmethod 6868 0x00000254f1a89e10 code [0x00000254f1a89fc0, 0x00000254f1a8a3f8]
Event: 12.358 Thread 0x00000254fed46800 6872       4       com.google.common.collect.RegularImmutableMap::size (6 bytes)
Event: 12.359 Thread 0x00000254fed46800 nmethod 6872 0x00000254f1a8a590 code [0x00000254f1a8a720, 0x00000254f1a8a798]
Event: 12.359 Thread 0x00000254fed46800 6873       4       org.gradle.api.internal.provider.AbstractProperty$NonFinalizedValue::explicitValue (7 bytes)
Event: 12.359 Thread 0x00000254fed4a800 nmethod 6906 0x00000254eafd4d10 code [0x00000254eafd4fe0, 0x00000254eafd6288]
Event: 12.359 Thread 0x00000254fed4a800 6907       3       java.lang.invoke.MethodHandles$Lookup::<init> (12 bytes)
Event: 12.359 Thread 0x00000254fed46800 nmethod 6873 0x00000254f1a8a810 code [0x00000254f1a8a9a0, 0x00000254f1a8aa18]
Event: 12.359 Thread 0x00000254fed4a800 nmethod 6907 0x00000254eafd6590 code [0x00000254eafd6760, 0x00000254eafd69a8]
Event: 12.363 Thread 0x00000254fed4a800 6908       1       com.google.common.collect.Maps$KeySet::map (5 bytes)
Event: 12.363 Thread 0x00000254fed4a800 nmethod 6908 0x00000254f1a8aa90 code [0x00000254f1a8ac40, 0x00000254f1a8acf8]
Event: 12.363 Thread 0x00000254fed4a800 6909       1       org.gradle.internal.reflect.annotations.impl.DefaultPropertyAnnotationMetadata::getPropertyName (5 bytes)
Event: 12.363 Thread 0x00000254fed4a800 nmethod 6909 0x00000254f1a8ad90 code [0x00000254f1a8af40, 0x00000254f1a8aff8]
Event: 12.364 Thread 0x00000254fed46800 6910 %     4       org.objectweb.asm.ByteVector::encodeUtf8 @ 159 (337 bytes)
Event: 12.367 Thread 0x00000254fed4a800 6912       3       org.gradle.internal.snapshot.impl.IsolatedArray::<init> (11 bytes)
Event: 12.367 Thread 0x00000254fed4a800 nmethod 6912 0x00000254eafd6a90 code [0x00000254eafd6c60, 0x00000254eafd6ed8]
Event: 12.367 Thread 0x00000254fed4a800 6913       3       org.gradle.internal.snapshot.impl.AbstractArraySnapshot::<init> (10 bytes)
Event: 12.367 Thread 0x00000254fed4a800 nmethod 6913 0x00000254eafd7010 code [0x00000254eafd71c0, 0x00000254eafd7378]
Event: 12.368 Thread 0x00000254fed46800 nmethod 6910% 0x00000254f1a8b090 code [0x00000254f1a8b240, 0x00000254f1a8b588]
Event: 12.368 Thread 0x00000254fed46800 6911       4       org.objectweb.asm.ByteVector::put11 (52 bytes)
Event: 12.369 Thread 0x00000254fed46800 nmethod 6911 0x00000254f1a8b910 code [0x00000254f1a8bac0, 0x00000254f1a8bc28]

GC Heap History (20 events):
Event: 4.272 GC heap before
{Heap before GC invocations=2 (full 0):
 garbage-first heap   total 129024K, used 41671K [0x0000000080000000, 0x0000000100000000)
  region size 1024K, 36 young (36864K), 10 survivors (10240K)
 Metaspace       used 20710K, capacity 21108K, committed 21296K, reserved 1069056K
  class space    used 2533K, capacity 2660K, committed 2688K, reserved 1048576K
}
Event: 4.279 GC heap after
{Heap after GC invocations=3 (full 0):
 garbage-first heap   total 129024K, used 16989K [0x0000000080000000, 0x0000000100000000)
  region size 1024K, 2 young (2048K), 2 survivors (2048K)
 Metaspace       used 20710K, capacity 21108K, committed 21296K, reserved 1069056K
  class space    used 2533K, capacity 2660K, committed 2688K, reserved 1048576K
}
Event: 5.064 GC heap before
{Heap before GC invocations=4 (full 0):
 garbage-first heap   total 129024K, used 75357K [0x0000000080000000, 0x0000000100000000)
  region size 1024K, 59 young (60416K), 2 survivors (2048K)
 Metaspace       used 26490K, capacity 27094K, committed 27184K, reserved 1073152K
  class space    used 3468K, capacity 3683K, committed 3712K, reserved 1048576K
}
Event: 5.068 GC heap after
{Heap after GC invocations=5 (full 0):
 garbage-first heap   total 129024K, used 18942K [0x0000000080000000, 0x0000000100000000)
  region size 1024K, 4 young (4096K), 4 survivors (4096K)
 Metaspace       used 26490K, capacity 27094K, committed 27184K, reserved 1073152K
  class space    used 3468K, capacity 3683K, committed 3712K, reserved 1048576K
}
Event: 5.887 GC heap before
{Heap before GC invocations=5 (full 0):
 garbage-first heap   total 129024K, used 70142K [0x0000000080000000, 0x0000000100000000)
  region size 1024K, 55 young (56320K), 4 survivors (4096K)
 Metaspace       used 34846K, capacity 35641K, committed 35708K, reserved 1081344K
  class space    used 4529K, capacity 4857K, committed 4864K, reserved 1048576K
}
Event: 5.896 GC heap after
{Heap after GC invocations=6 (full 0):
 garbage-first heap   total 129024K, used 22192K [0x0000000080000000, 0x0000000100000000)
  region size 1024K, 7 young (7168K), 7 survivors (7168K)
 Metaspace       used 34846K, capacity 35641K, committed 35708K, reserved 1081344K
  class space    used 4529K, capacity 4857K, committed 4864K, reserved 1048576K
}
Event: 6.611 GC heap before
{Heap before GC invocations=7 (full 0):
 garbage-first heap   total 129024K, used 90800K [0x0000000080000000, 0x0000000100000000)
  region size 1024K, 72 young (73728K), 7 survivors (7168K)
 Metaspace       used 39962K, capacity 40859K, committed 40956K, reserved 1085440K
  class space    used 5107K, capacity 5438K, committed 5504K, reserved 1048576K
}
Event: 6.618 GC heap after
{Heap after GC invocations=8 (full 0):
 garbage-first heap   total 129024K, used 27805K [0x0000000080000000, 0x0000000100000000)
  region size 1024K, 9 young (9216K), 9 survivors (9216K)
 Metaspace       used 39962K, capacity 40859K, committed 40956K, reserved 1085440K
  class space    used 5107K, capacity 5438K, committed 5504K, reserved 1048576K
}
Event: 7.363 GC heap before
{Heap before GC invocations=8 (full 0):
 garbage-first heap   total 129024K, used 92317K [0x0000000080000000, 0x0000000100000000)
  region size 1024K, 72 young (73728K), 9 survivors (9216K)
 Metaspace       used 45887K, capacity 47001K, committed 47228K, reserved 1089536K
  class space    used 5892K, capacity 6324K, committed 6400K, reserved 1048576K
}
Event: 7.371 GC heap after
{Heap after GC invocations=9 (full 0):
 garbage-first heap   total 129024K, used 29134K [0x0000000080000000, 0x0000000100000000)
  region size 1024K, 3 young (3072K), 3 survivors (3072K)
 Metaspace       used 45887K, capacity 47001K, committed 47228K, reserved 1089536K
  class space    used 5892K, capacity 6324K, committed 6400K, reserved 1048576K
}
Event: 9.742 GC heap before
{Heap before GC invocations=9 (full 0):
 garbage-first heap   total 129024K, used 98766K [0x0000000080000000, 0x0000000100000000)
  region size 1024K, 67 young (68608K), 3 survivors (3072K)
 Metaspace       used 48498K, capacity 49691K, committed 49916K, reserved 1093632K
  class space    used 6197K, capacity 6675K, committed 6784K, reserved 1048576K
}
Event: 9.746 GC heap after
{Heap after GC invocations=10 (full 0):
 garbage-first heap   total 129024K, used 42770K [0x0000000080000000, 0x0000000100000000)
  region size 1024K, 9 young (9216K), 9 survivors (9216K)
 Metaspace       used 48498K, capacity 49691K, committed 49916K, reserved 1093632K
  class space    used 6197K, capacity 6675K, committed 6784K, reserved 1048576K
}
Event: 10.495 GC heap before
{Heap before GC invocations=10 (full 0):
 garbage-first heap   total 129024K, used 97042K [0x0000000080000000, 0x0000000100000000)
  region size 1024K, 62 young (63488K), 9 survivors (9216K)
 Metaspace       used 56252K, capacity 57602K, committed 57724K, reserved 1099776K
  class space    used 7127K, capacity 7604K, committed 7680K, reserved 1048576K
}
Event: 10.501 GC heap after
{Heap after GC invocations=11 (full 0):
 garbage-first heap   total 129024K, used 45443K [0x0000000080000000, 0x0000000100000000)
  region size 1024K, 3 young (3072K), 3 survivors (3072K)
 Metaspace       used 56252K, capacity 57602K, committed 57724K, reserved 1099776K
  class space    used 7127K, capacity 7604K, committed 7680K, reserved 1048576K
}
Event: 10.738 GC heap before
{Heap before GC invocations=11 (full 0):
 garbage-first heap   total 129024K, used 58755K [0x0000000080000000, 0x0000000100000000)
  region size 1024K, 17 young (17408K), 3 survivors (3072K)
 Metaspace       used 58397K, capacity 59752K, committed 59900K, reserved 1101824K
  class space    used 7422K, capacity 7955K, committed 8064K, reserved 1048576K
}
Event: 10.742 GC heap after
{Heap after GC invocations=12 (full 0):
 garbage-first heap   total 129024K, used 45988K [0x0000000080000000, 0x0000000100000000)
  region size 1024K, 3 young (3072K), 3 survivors (3072K)
 Metaspace       used 58397K, capacity 59752K, committed 59900K, reserved 1101824K
  class space    used 7422K, capacity 7955K, committed 8064K, reserved 1048576K
}
Event: 11.345 GC heap before
{Heap before GC invocations=13 (full 0):
 garbage-first heap   total 129024K, used 99236K [0x0000000080000000, 0x0000000100000000)
  region size 1024K, 56 young (57344K), 3 survivors (3072K)
 Metaspace       used 63543K, capacity 65084K, committed 65404K, reserved 1105920K
  class space    used 8066K, capacity 8638K, committed 8704K, reserved 1048576K
}
Event: 11.350 GC heap after
{Heap after GC invocations=14 (full 0):
 garbage-first heap   total 129024K, used 50109K [0x0000000080000000, 0x0000000100000000)
  region size 1024K, 7 young (7168K), 7 survivors (7168K)
 Metaspace       used 63543K, capacity 65084K, committed 65404K, reserved 1105920K
  class space    used 8066K, capacity 8638K, committed 8704K, reserved 1048576K
}
Event: 11.759 GC heap before
{Heap before GC invocations=14 (full 0):
 garbage-first heap   total 129024K, used 101309K [0x0000000080000000, 0x0000000100000000)
  region size 1024K, 57 young (58368K), 7 survivors (7168K)
 Metaspace       used 65626K, capacity 67205K, committed 67452K, reserved 1107968K
  class space    used 8337K, capacity 8911K, committed 8960K, reserved 1048576K
}
Event: 11.765 GC heap after
{Heap after GC invocations=15 (full 0):
 garbage-first heap   total 129024K, used 53952K [0x0000000080000000, 0x0000000100000000)
  region size 1024K, 4 young (4096K), 4 survivors (4096K)
 Metaspace       used 65626K, capacity 67205K, committed 67452K, reserved 1107968K
  class space    used 8337K, capacity 8911K, committed 8960K, reserved 1048576K
}

Deoptimization events (20 events):
Event: 11.427 Thread 0x0000025483aff000 DEOPT PACKING pc=0x00000254f16d5eec sp=0x000000ec8ebf6ec0
Event: 11.427 Thread 0x0000025483aff000 DEOPT UNPACKING pc=0x00000254e9bd83af sp=0x000000ec8ebf6e88 mode 2
Event: 11.520 Thread 0x0000025483aff000 Uncommon trap: trap_request=0xffffff4d fr.pc=0x00000254f182c880 relative=0x0000000000000340
Event: 11.520 Thread 0x0000025483aff000 Uncommon trap: reason=unstable_if action=reinterpret pc=0x00000254f182c880 method=java.util.StringJoiner.add(Ljava/lang/CharSequence;)Ljava/util/StringJoiner; @ 33 c2
Event: 11.520 Thread 0x0000025483aff000 DEOPT PACKING pc=0x00000254f182c880 sp=0x000000ec8ebf6150
Event: 11.520 Thread 0x0000025483aff000 DEOPT UNPACKING pc=0x00000254e9bd83af sp=0x000000ec8ebf6100 mode 2
Event: 11.617 Thread 0x0000025483aff000 Uncommon trap: trap_request=0xffffff4d fr.pc=0x00000254f19260b0 relative=0x0000000000005790
Event: 11.617 Thread 0x0000025483aff000 Uncommon trap: reason=unstable_if action=reinterpret pc=0x00000254f19260b0 method=org.codehaus.groovy.runtime.metaclass.MetaMethodIndex.isOverridden(Lgroovy/lang/MetaMethod;Lgroovy/lang/MetaMethod;)Z @ 33 c2
Event: 11.617 Thread 0x0000025483aff000 DEOPT PACKING pc=0x00000254f19260b0 sp=0x000000ec8ebf4f10
Event: 11.617 Thread 0x0000025483aff000 DEOPT UNPACKING pc=0x00000254e9bd83af sp=0x000000ec8ebf4f28 mode 2
Event: 12.243 Thread 0x0000025483aff000 DEOPT PACKING pc=0x00000254eac25076 sp=0x000000ec8ebf8ac0
Event: 12.243 Thread 0x0000025483aff000 DEOPT UNPACKING pc=0x00000254e9bf7c0e sp=0x000000ec8ebf7fe0 mode 0
Event: 12.334 Thread 0x0000025483aff000 Uncommon trap: trap_request=0xffffffde fr.pc=0x00000254f19ec57c relative=0x0000000000000edc
Event: 12.334 Thread 0x0000025483aff000 Uncommon trap: reason=class_check action=maybe_recompile pc=0x00000254f19ec57c method=org.gradle.internal.instantiation.generator.AbstractClassGenerator$InjectionAnnotationValidator.validateMethod(Ljava/lang/reflect/Method;Lorg/gradle/internal/reflect/Pro
Event: 12.334 Thread 0x0000025483aff000 DEOPT PACKING pc=0x00000254f19ec57c sp=0x000000ec8ebf8e20
Event: 12.334 Thread 0x0000025483aff000 DEOPT UNPACKING pc=0x00000254e9bd83af sp=0x000000ec8ebf8dd8 mode 2
Event: 12.361 Thread 0x0000025483aff000 Uncommon trap: trap_request=0xffffffdc fr.pc=0x00000254f1a8a26c relative=0x00000000000002ac
Event: 12.361 Thread 0x0000025483aff000 Uncommon trap: reason=class_check action=make_not_entrant pc=0x00000254f1a8a26c method=java.util.ArrayList.toArray([Ljava/lang/Object;)[Ljava/lang/Object; @ 21 c2
Event: 12.361 Thread 0x0000025483aff000 DEOPT PACKING pc=0x00000254f1a8a26c sp=0x000000ec8ebf9190
Event: 12.361 Thread 0x0000025483aff000 DEOPT UNPACKING pc=0x00000254e9bd83af sp=0x000000ec8ebf9160 mode 2

Classes redefined (0 events):
No events

Internal exceptions (20 events):
Event: 11.620 Thread 0x0000025483aff000 Exception <a 'java/lang/ClassNotFoundException'{0x000000008597d5e0}: com/android/builder/core/AbstractBuildTypeCustomizer> (0x000000008597d5e0) thrown at [./src/hotspot/share/classfile/systemDictionary.cpp, line 231]
Event: 11.621 Thread 0x0000025483aff000 Exception <a 'java/lang/ClassNotFoundException'{0x00000000859b3bc8}: com/android/build/gradle/internal/dsl/BuildTypeCustomizer> (0x00000000859b3bc8) thrown at [./src/hotspot/share/classfile/systemDictionary.cpp, line 231]
Event: 11.622 Thread 0x0000025483aff000 Exception <a 'java/lang/ClassNotFoundException'{0x00000000858490c0}: com/android/build/gradle/internal/dsl/BuildType$AgpDecoratedCustomizer> (0x00000000858490c0) thrown at [./src/hotspot/share/classfile/systemDictionary.cpp, line 231]
Event: 11.623 Thread 0x0000025483aff000 Exception <a 'java/lang/ClassNotFoundException'{0x0000000085896be8}: com/android/build/gradle/internal/dsl/BuildType$AgpDecorated_DecoratedCustomizer> (0x0000000085896be8) thrown at [./src/hotspot/share/classfile/systemDictionary.cpp, line 231]
Event: 11.627 Thread 0x0000025483aff000 Exception <a 'java/lang/ClassNotFoundException'{0x000000008575e6d8}: build_29gnbf25mqnbq18vhbcm2z5py$_run_closure1$_closure4BeanInfo> (0x000000008575e6d8) thrown at [./src/hotspot/share/classfile/systemDictionary.cpp, line 231]
Event: 11.627 Thread 0x0000025483aff000 Exception <a 'java/lang/ClassNotFoundException'{0x000000008576fb00}: build_29gnbf25mqnbq18vhbcm2z5py$_run_closure1$_closure4Customizer> (0x000000008576fb00) thrown at [./src/hotspot/share/classfile/systemDictionary.cpp, line 231]
Event: 11.628 Thread 0x0000025483aff000 Exception <a 'java/lang/ClassNotFoundException'{0x00000000857996b8}: build_29gnbf25mqnbq18vhbcm2z5py$_run_closure1BeanInfo> (0x00000000857996b8) thrown at [./src/hotspot/share/classfile/systemDictionary.cpp, line 231]
Event: 11.629 Thread 0x0000025483aff000 Exception <a 'java/lang/ClassNotFoundException'{0x00000000857aa078}: build_29gnbf25mqnbq18vhbcm2z5py$_run_closure1Customizer> (0x00000000857aa078) thrown at [./src/hotspot/share/classfile/systemDictionary.cpp, line 231]
Event: 11.633 Thread 0x0000025483aff000 Exception <a 'java/lang/ClassNotFoundException'{0x0000000085609c20}: org/gradle/api/JavaVersionBeanInfo> (0x0000000085609c20) thrown at [./src/hotspot/share/classfile/systemDictionary.cpp, line 231]
Event: 11.633 Thread 0x0000025483aff000 Exception <a 'java/lang/ClassNotFoundException'{0x0000000085634978}: org/gradle/api/JavaVersionCustomizer> (0x0000000085634978) thrown at [./src/hotspot/share/classfile/systemDictionary.cpp, line 231]
Event: 11.636 Thread 0x0000025483aff000 Exception <a 'java/lang/ClassNotFoundException'{0x000000008569c558}: com/android/build/gradle/internal/CompileOptions$AgpDecorated_DecoratedBeanInfo> (0x000000008569c558) thrown at [./src/hotspot/share/classfile/systemDictionary.cpp, line 231]
Event: 11.636 Thread 0x0000025483aff000 Exception <a 'java/lang/ClassNotFoundException'{0x00000000856b7760}: com/android/build/gradle/internal/CompileOptions$AgpDecoratedBeanInfo> (0x00000000856b7760) thrown at [./src/hotspot/share/classfile/systemDictionary.cpp, line 231]
Event: 11.636 Thread 0x0000025483aff000 Exception <a 'java/lang/ClassNotFoundException'{0x00000000856d0b18}: com/android/build/gradle/internal/CompileOptionsBeanInfo> (0x00000000856d0b18) thrown at [./src/hotspot/share/classfile/systemDictionary.cpp, line 231]
Event: 11.637 Thread 0x0000025483aff000 Exception <a 'java/lang/ClassNotFoundException'{0x00000000856ea218}: com/android/build/gradle/internal/CompileOptionsCustomizer> (0x00000000856ea218) thrown at [./src/hotspot/share/classfile/systemDictionary.cpp, line 231]
Event: 11.637 Thread 0x0000025483aff000 Exception <a 'java/lang/ClassNotFoundException'{0x0000000085511aa8}: com/android/build/gradle/internal/CompileOptions$AgpDecoratedCustomizer> (0x0000000085511aa8) thrown at [./src/hotspot/share/classfile/systemDictionary.cpp, line 231]
Event: 11.638 Thread 0x0000025483aff000 Exception <a 'java/lang/ClassNotFoundException'{0x000000008553c6c8}: com/android/build/gradle/internal/CompileOptions$AgpDecorated_DecoratedCustomizer> (0x000000008553c6c8) thrown at [./src/hotspot/share/classfile/systemDictionary.cpp, line 231]
Event: 11.642 Thread 0x0000025483aff000 Exception <a 'java/lang/ClassNotFoundException'{0x00000000855fa1b0}: org/gradle/api/internal/artifacts/dsl/dependencies/DefaultDependencyHandler_DecoratedBeanInfo> (0x00000000855fa1b0) thrown at [./src/hotspot/share/classfile/systemDictionary.cpp, line 231]
Event: 11.643 Thread 0x0000025483aff000 Exception <a 'java/lang/ClassNotFoundException'{0x0000000085442d58}: org/gradle/api/internal/artifacts/dsl/dependencies/DefaultDependencyHandlerBeanInfo> (0x0000000085442d58) thrown at [./src/hotspot/share/classfile/systemDictionary.cpp, line 231]
Event: 11.644 Thread 0x0000025483aff000 Exception <a 'java/lang/ClassNotFoundException'{0x000000008548b368}: org/gradle/api/internal/artifacts/dsl/dependencies/DefaultDependencyHandlerCustomizer> (0x000000008548b368) thrown at [./src/hotspot/share/classfile/systemDictionary.cpp, line 231]
Event: 11.646 Thread 0x0000025483aff000 Exception <a 'java/lang/ClassNotFoundException'{0x00000000854fc9c8}: org/gradle/api/internal/artifacts/dsl/dependencies/DefaultDependencyHandler_DecoratedCustomizer> (0x00000000854fc9c8) thrown at [./src/hotspot/share/classfile/systemDictionary.cpp, line 231]

Events (20 events):
Event: 12.367 loading class org/gradle/api/ActionConfiguration
Event: 12.367 loading class org/gradle/api/ActionConfiguration done
Event: 12.367 loading class com/android/build/gradle/internal/dependency/AgpVersionCompatibilityRule
Event: 12.367 loading class com/android/build/gradle/internal/dependency/AgpVersionCompatibilityRule done
Event: 12.367 loading class com/android/build/gradle/internal/ApiObjectFactory
Event: 12.367 loading class com/android/build/gradle/internal/ApiObjectFactory done
Event: 12.368 loading class com/android/build/gradle/internal/api/BaseVariantImpl
Event: 12.368 loading class com/android/build/gradle/internal/api/BaseVariantImpl done
Event: 12.369 loading class com/android/build/gradle/internal/api/TestVariantImpl
Event: 12.369 loading class com/android/build/gradle/internal/api/TestVariantImpl done
Event: 12.369 loading class com/android/build/gradle/internal/api/ApkVariantImpl
Event: 12.369 loading class com/android/build/gradle/internal/api/ApkVariantImpl done
Event: 12.369 loading class com/android/build/gradle/internal/api/InstallableVariantImpl
Event: 12.369 loading class com/android/build/gradle/internal/api/InstallableVariantImpl done
Event: 12.370 loading class com/android/build/gradle/internal/api/AndroidArtifactVariantImpl
Event: 12.370 loading class com/android/build/gradle/internal/api/AndroidArtifactVariantImpl done
Event: 12.370 loading class com/android/build/gradle/internal/api/ApplicationVariantImpl
Event: 12.370 loading class com/android/build/gradle/internal/api/ApplicationVariantImpl done
Event: 12.372 loading class com/android/build/gradle/tasks/ExternalNativeBuildTask
Event: 12.372 loading class com/android/build/gradle/tasks/ExternalNativeBuildTask done


Dynamic libraries:
0x00007ff7943e0000 - 0x00007ff7943ea000 	C:\Program Files\Android\Android Studio\jre\bin\java.exe
0x00007ffb1cdf0000 - 0x00007ffb1cfe8000 	C:\WINDOWS\SYSTEM32\ntdll.dll
0x00007ffb1b180000 - 0x00007ffb1b23d000 	C:\WINDOWS\System32\KERNEL32.DLL
0x00007ffb1a8d0000 - 0x00007ffb1ab9e000 	C:\WINDOWS\System32\KERNELBASE.dll
0x00007ffb1a510000 - 0x00007ffb1a610000 	C:\WINDOWS\System32\ucrtbase.dll
0x00007ffb10090000 - 0x00007ffb100a7000 	C:\Program Files\Android\Android Studio\jre\bin\VCRUNTIME140.dll
0x00007ffb10220000 - 0x00007ffb10239000 	C:\Program Files\Android\Android Studio\jre\bin\jli.dll
0x00007ffb1ae60000 - 0x00007ffb1b000000 	C:\WINDOWS\System32\USER32.dll
0x00007ffb1a610000 - 0x00007ffb1a632000 	C:\WINDOWS\System32\win32u.dll
0x00007ffb1b660000 - 0x00007ffb1b68a000 	C:\WINDOWS\System32\GDI32.dll
0x00007ffb1acb0000 - 0x00007ffb1adbb000 	C:\WINDOWS\System32\gdi32full.dll
0x00007ffb19bd0000 - 0x00007ffb19e6a000 	C:\WINDOWS\WinSxS\amd64_microsoft.windows.common-controls_6595b64144ccf1df_6.0.19041.1110_none_60b5254171f9507e\COMCTL32.dll
0x00007ffb1ac10000 - 0x00007ffb1acad000 	C:\WINDOWS\System32\msvcp_win.dll
0x00007ffb1be50000 - 0x00007ffb1beee000 	C:\WINDOWS\System32\msvcrt.dll
0x00007ffb1b420000 - 0x00007ffb1b450000 	C:\WINDOWS\System32\IMM32.DLL
0x00007ffadd3c0000 - 0x00007ffadd45d000 	C:\Program Files\Android\Android Studio\jre\bin\msvcp140.dll
0x00007ffa89020000 - 0x00007ffa89af5000 	C:\Program Files\Android\Android Studio\jre\bin\server\jvm.dll
0x00007ffb1c380000 - 0x00007ffb1c42e000 	C:\WINDOWS\System32\ADVAPI32.dll
0x00007ffb1ccb0000 - 0x00007ffb1cd4c000 	C:\WINDOWS\System32\sechost.dll
0x00007ffb1c430000 - 0x00007ffb1c555000 	C:\WINDOWS\System32\RPCRT4.dll
0x00007ffb1b3b0000 - 0x00007ffb1b3b8000 	C:\WINDOWS\System32\PSAPI.DLL
0x00007ffb17f80000 - 0x00007ffb17f8a000 	C:\WINDOWS\SYSTEM32\VERSION.dll
0x00007ffb01590000 - 0x00007ffb015b7000 	C:\WINDOWS\SYSTEM32\WINMM.dll
0x00007ffad6500000 - 0x00007ffad6509000 	C:\WINDOWS\SYSTEM32\WSOCK32.dll
0x00007ffb1b690000 - 0x00007ffb1b6fb000 	C:\WINDOWS\System32\WS2_32.dll
0x00007ffb175b0000 - 0x00007ffb175c2000 	C:\WINDOWS\SYSTEM32\kernel.appcore.dll
0x00007ffb10030000 - 0x00007ffb10041000 	C:\Program Files\Android\Android Studio\jre\bin\verify.dll
0x00007ffb19f90000 - 0x00007ffb1a174000 	C:\WINDOWS\SYSTEM32\DBGHELP.DLL
0x00007ffb19e90000 - 0x00007ffb19ebc000 	C:\WINDOWS\SYSTEM32\dbgcore.DLL
0x00007ffb1adc0000 - 0x00007ffb1ae42000 	C:\WINDOWS\System32\bcryptPrimitives.dll
0x00007ffb07cc0000 - 0x00007ffb07ce9000 	C:\Program Files\Android\Android Studio\jre\bin\java.dll
0x00007ffb163e0000 - 0x00007ffb163eb000 	C:\Program Files\Android\Android Studio\jre\bin\jimage.dll
0x00007ffb10010000 - 0x00007ffb10028000 	C:\Program Files\Android\Android Studio\jre\bin\zip.dll
0x00007ffb1b700000 - 0x00007ffb1be44000 	C:\WINDOWS\System32\SHELL32.dll
0x00007ffb177d0000 - 0x00007ffb17f64000 	C:\WINDOWS\SYSTEM32\windows.storage.dll
0x00007ffb1bef0000 - 0x00007ffb1c244000 	C:\WINDOWS\System32\combase.dll
0x00007ffb197a0000 - 0x00007ffb197d0000 	C:\WINDOWS\SYSTEM32\Wldp.dll
0x00007ffb1b0d0000 - 0x00007ffb1b17d000 	C:\WINDOWS\System32\SHCORE.dll
0x00007ffb1cd50000 - 0x00007ffb1cda5000 	C:\WINDOWS\System32\shlwapi.dll
0x00007ffb1a450000 - 0x00007ffb1a46f000 	C:\WINDOWS\SYSTEM32\profapi.dll
0x00007ffb0c300000 - 0x00007ffb0c31a000 	C:\Program Files\Android\Android Studio\jre\bin\net.dll
0x00007ffb13f60000 - 0x00007ffb1406a000 	C:\WINDOWS\SYSTEM32\WINHTTP.dll
0x00007ffb19580000 - 0x00007ffb195ea000 	C:\WINDOWS\system32\mswsock.dll
0x00007ffb07ca0000 - 0x00007ffb07cb4000 	C:\Program Files\Android\Android Studio\jre\bin\nio.dll
0x00007ffb07970000 - 0x00007ffb07997000 	C:\Users\User\.gradle\native\e1d6ef7f7dcc3fd88c89a11ec53ec762bb8ba0a96d01ffa2cd45eb1d1d8dd5c5\windows-amd64\native-platform.dll
0x00007ffad86d0000 - 0x00007ffad8814000 	C:\Users\User\.gradle\native\5664cfc778a61ccfe75a443a1ab52a65af34e5dc3c78e0209fed803814484fcb\windows-amd64\native-platform-file-events.dll
0x00007ffb11fb0000 - 0x00007ffb11fba000 	C:\Program Files\Android\Android Studio\jre\bin\management.dll
0x00007ffb11e70000 - 0x00007ffb11e7d000 	C:\Program Files\Android\Android Studio\jre\bin\management_ext.dll
0x00007ffb1a2a0000 - 0x00007ffb1a2b8000 	C:\WINDOWS\SYSTEM32\CRYPTSP.dll
0x00007ffb18f40000 - 0x00007ffb18f74000 	C:\WINDOWS\system32\rsaenh.dll
0x00007ffb1a640000 - 0x00007ffb1a667000 	C:\WINDOWS\System32\bcrypt.dll
0x00007ffb1a3d0000 - 0x00007ffb1a3fe000 	C:\WINDOWS\SYSTEM32\USERENV.dll
0x00007ffb19710000 - 0x00007ffb1971c000 	C:\WINDOWS\SYSTEM32\CRYPTBASE.dll
0x00007ffb19290000 - 0x00007ffb192cb000 	C:\WINDOWS\SYSTEM32\IPHLPAPI.DLL
0x00007ffb1c370000 - 0x00007ffb1c378000 	C:\WINDOWS\System32\NSI.dll
0x00007ffb10f50000 - 0x00007ffb10f67000 	C:\WINDOWS\SYSTEM32\dhcpcsvc6.DLL
0x00007ffb10f30000 - 0x00007ffb10f4d000 	C:\WINDOWS\SYSTEM32\dhcpcsvc.DLL
0x00007ffb192d0000 - 0x00007ffb1939b000 	C:\WINDOWS\SYSTEM32\DNSAPI.dll

dbghelp: loaded successfully - version: 4.0.5 - missing functions: none
symbol engine: initialized successfully - sym options: 0x614 - pdb path: .;C:\Program Files\Android\Android Studio\jre\bin;C:\WINDOWS\SYSTEM32;C:\WINDOWS\WinSxS\amd64_microsoft.windows.common-controls_6595b64144ccf1df_6.0.19041.1110_none_60b5254171f9507e;C:\Program Files\Android\Android Studio\jre\bin\server;C:\Users\User\.gradle\native\e1d6ef7f7dcc3fd88c89a11ec53ec762bb8ba0a96d01ffa2cd45eb1d1d8dd5c5\windows-amd64;C:\Users\User\.gradle\native\5664cfc778a61ccfe75a443a1ab52a65af34e5dc3c78e0209fed803814484fcb\windows-amd64

VM Arguments:
jvm_args: --add-opens=java.base/java.util=ALL-UNNAMED --add-opens=java.base/java.lang=ALL-UNNAMED --add-opens=java.base/java.lang.invoke=ALL-UNNAMED --add-opens=java.base/java.util=ALL-UNNAMED --add-opens=java.prefs/java.util.prefs=ALL-UNNAMED --add-opens=java.prefs/java.util.prefs=ALL-UNNAMED --add-opens=java.base/java.nio.charset=ALL-UNNAMED --add-opens=java.base/java.net=ALL-UNNAMED --add-opens=java.base/java.util.concurrent.atomic=ALL-UNNAMED -Xmx2048m -Dfile.encoding=UTF-8 -Duser.country=SG -Duser.language=en -Duser.variant 
java_command: org.gradle.launcher.daemon.bootstrap.GradleDaemon 7.2
java_class_path (initial): C:\Users\User\.gradle\wrapper\dists\gradle-7.2-bin\2dnblmf4td7x66yl1d74lt32g\gradle-7.2\lib\gradle-launcher-7.2.jar
Launcher Type: SUN_STANDARD

[Global flags]
     intx CICompilerCount                          = 4                                         {product} {ergonomic}
     uint ConcGCThreads                            = 2                                         {product} {ergonomic}
     uint G1ConcRefinementThreads                  = 8                                         {product} {ergonomic}
   size_t G1HeapRegionSize                         = 1048576                                   {product} {ergonomic}
    uintx GCDrainStackTargetSize                   = 64                                        {product} {ergonomic}
   size_t InitialHeapSize                          = 132120576                                 {product} {ergonomic}
   size_t MarkStackSize                            = 4194304                                   {product} {ergonomic}
   size_t MaxHeapSize                              = 2147483648                                {product} {command line}
   size_t MaxNewSize                               = 1287651328                                {product} {ergonomic}
   size_t MinHeapDeltaBytes                        = 1048576                                   {product} {ergonomic}
    uintx NonNMethodCodeHeapSize                   = 5836300                                {pd product} {ergonomic}
    uintx NonProfiledCodeHeapSize                  = 122910970                              {pd product} {ergonomic}
    uintx ProfiledCodeHeapSize                     = 122910970                              {pd product} {ergonomic}
    uintx ReservedCodeCacheSize                    = 251658240                              {pd product} {ergonomic}
     bool SegmentedCodeCache                       = true                                      {product} {ergonomic}
     bool UseCompressedClassPointers               = true                                 {lp64_product} {ergonomic}
     bool UseCompressedOops                        = true                                 {lp64_product} {ergonomic}
     bool UseG1GC                                  = true                                      {product} {ergonomic}
     bool UseLargePagesIndividualAllocation        = false                                  {pd product} {ergonomic}

Logging:
Log output configuration:
 #0: stdout all=warning uptime,level,tags
 #1: stderr all=off uptime,level,tags

Environment Variables:
PATH=C:\Program Files (x86)\VMware\VMware Workstation\bin\;C:\WINDOWS\system32;C:\WINDOWS;C:\WINDOWS\System32\Wbem;C:\WINDOWS\System32\WindowsPowerShell\v1.0\;C:\WINDOWS\System32\OpenSSH\;C:\Program Files\Git\cmd;C:\Program Files (x86)\GNU\GnuPG\pub;C:\Users\User\AppData\Local\Microsoft\WindowsApps;;C:\Users\User\AppData\Local\Programs\Microsoft VS Code\bin;C:\Users\User\AppData\Local\Programs\mongosh\
USERNAME=User
OS=Windows_NT
PROCESSOR_IDENTIFIER=Intel64 Family 6 Model 140 Stepping 1, GenuineIntel



---------------  S Y S T E M  ---------------

OS: Windows 10 , 64 bit Build 19041 (10.0.19041.1806)
OS uptime: 8 days 1:45 hours
Hyper-V role detected

CPU:total 8 (initial active 8) (4 cores per cpu, 2 threads per core) family 6 model 140 stepping 1 microcode 0x9a, cmov, cx8, fxsr, mmx, sse, sse2, sse3, ssse3, sse4.1, sse4.2, popcnt, avx, avx2, aes, clmul, erms, 3dnowpref, lzcnt, ht, tsc, tscinvbit, bmi1, bmi2, adx, evex, sha, fma

Memory: 4k page, system-wide physical 7991M (432M free)
TotalPageFile size 32567M (AvailPageFile size 3M)
current process WorkingSet (physical memory assigned to process): 343M, peak: 345M
current process commit charge ("private bytes"): 382M, peak: 385M

vm_info: OpenJDK 64-Bit Server VM (11.0.11+9-b60-7590822) for windows-amd64 JRE (11.0.11+9-b60-7590822), built on Jul 29 2021 21:43:44 by "builder" with MS VC++ 14.0 (VS2015)

END.
