#
# There is insufficient memory for the Java Runtime Environment to continue.
# Native memory allocation (mmap) failed to map 153092096 bytes for Failed to commit area from 0x000000008e300000 to 0x0000000097500000 of length 153092096.
# Possible reasons:
#   The system is out of physical RAM or swap space
#   The process is running with CompressedOops enabled, and the Java Heap may be blocking the growth of the native heap
# Possible solutions:
#   Reduce memory load on the system
#   Increase physical memory or swap space
#   Check if swap backing store is full
#   Decrease Java heap size (-Xmx/-Xms)
#   Decrease number of Java threads
#   Decrease Java thread stack sizes (-Xss)
#   Set larger code cache with -XX:ReservedCodeCacheSize=
#   JVM is running with Unscaled Compressed Oops mode in which the Java heap is
#     placed in the first 4GB address space. The Java Heap base address is the
#     maximum limit for the native heap growth. Please use -XX:HeapBaseMinAddress
#     to set the Java Heap base and to place the Java Heap above 4GB virtual address.
# This output file may be truncated or incomplete.
#
#  Out of Memory Error (./src/hotspot/os/windows/os_windows.cpp:3301), pid=30596, tid=34056
#
# JRE version: OpenJDK Runtime Environment (11.0.11+9) (build 11.0.11+9-b60-7590822)
# Java VM: OpenJDK 64-Bit Server VM (11.0.11+9-b60-7590822, mixed mode, tiered, compressed oops, g1 gc, windows-amd64)
# No core dump will be written. Minidumps are not enabled by default on client versions of Windows
#

---------------  S U M M A R Y ------------

Command Line: --add-opens=java.base/java.util=ALL-UNNAMED --add-opens=java.base/java.lang=ALL-UNNAMED --add-opens=java.base/java.lang.invoke=ALL-UNNAMED --add-opens=java.base/java.util=ALL-UNNAMED --add-opens=java.prefs/java.util.prefs=ALL-UNNAMED --add-opens=java.prefs/java.util.prefs=ALL-UNNAMED --add-opens=java.base/java.nio.charset=ALL-UNNAMED --add-opens=java.base/java.net=ALL-UNNAMED --add-opens=java.base/java.util.concurrent.atomic=ALL-UNNAMED -Xmx2048m -Dfile.encoding=UTF-8 -Duser.country=SG -Duser.language=en -Duser.variant org.gradle.launcher.daemon.bootstrap.GradleDaemon 7.2

Host: 11th Gen Intel(R) Core(TM) i5-1135G7 @ 2.40GHz, 8 cores, 7G,  Windows 10 , 64 bit Build 19041 (10.0.19041.1806)
Time: Tue Aug 16 23:24:29 2022 Malay Peninsula Standard Time elapsed time: 24.885097 seconds (0d 0h 0m 24s)

---------------  T H R E A D  ---------------

Current thread (0x000001571af60000):  VMThread "VM Thread" [stack: 0x00000046be000000,0x00000046be100000] [id=34056]

Stack: [0x00000046be000000,0x00000046be100000]
[error occurred during error reporting (printing stack bounds), id 0xc0000005, EXCEPTION_ACCESS_VIOLATION (0xc0000005) at pc=0x0000015704e310e7]

Native frames: (J=compiled Java code, j=interpreted, Vv=VM code, C=native code)
V  [jvm.dll+0x5f214a]
V  [jvm.dll+0x726fb5]
V  [jvm.dll+0x7285cd]
V  [jvm.dll+0x728be5]
V  [jvm.dll+0x728b9b]
V  [jvm.dll+0x5f14e8]
V  [jvm.dll+0x5f1c78]
C  [ntdll.dll+0xa229f]
C  [ntdll.dll+0x51454]
C  [ntdll.dll+0xa0dce]
C  0x0000015704e310e7

VM_Operation (0x00000046c56f9080): G1CollectForAllocation, mode: safepoint, requested by thread 0x0000015721de8800


---------------  P R O C E S S  ---------------

Threads class SMR info:
_java_thread_list=0x000001571c606930, length=134, elements={
0x000001577eecb000, 0x000001571af65000, 0x000001571af66800, 0x000001571af7c800,
0x000001571af80000, 0x000001571af81000, 0x000001571af87000, 0x000001571af8b000,
0x000001571af8c800, 0x000001571ba52000, 0x000001571da7c800, 0x000001571d8be800,
0x000001571d2df800, 0x000001571d932000, 0x000001571d97a000, 0x000001571d97b000,
0x000001571da75000, 0x000001571dac0800, 0x000001571dac1800, 0x000001571bb9b800,
0x000001571bb9b000, 0x000001571bb9c800, 0x000001571bb99000, 0x000001571bb9d000,
0x000001571bb9e000, 0x000001571bb98800, 0x000001571bb9a000, 0x000001571bb9f000,
0x000001571f98e800, 0x000001571f990800, 0x000001571f991000, 0x000001571f98b800,
0x000001571f993000, 0x000001571f98e000, 0x000001571f98d000, 0x000001571f993800,
0x000001571f997000, 0x000001571f996000, 0x000001571f99a000, 0x000001571f998800,
0x000001571f997800, 0x000001571f999800, 0x000001571f994800, 0x000001571f995800,
0x0000015720211000, 0x0000015720211800, 0x0000015720213800, 0x0000015720218000,
0x0000015720212800, 0x0000015720215000, 0x0000015720219000, 0x000001572021a000,
0x0000015720214000, 0x000001572021a800, 0x0000015720215800, 0x000001572021b800,
0x000001572021c800, 0x0000015720216800, 0x000001572021d000, 0x0000015720217800,
0x000001572021e000, 0x000001572021e800, 0x000001572021f800, 0x000001571c987000,
0x000001571c98a000, 0x000001571c98b000, 0x000001571c98c000, 0x000001571c98c800,
0x000001571c98d800, 0x000001571c987800, 0x000001571c988800, 0x000001571c989800,
0x000001571de17800, 0x000001571de18800, 0x000001571de1b000, 0x000001571de1c000,
0x000001571de19800, 0x000001571de17000, 0x000001571de1a000, 0x000001571de16000,
0x000001571de1f000, 0x000001571de1c800, 0x000001571de20000, 0x000001571de20800,
0x000001571de21800, 0x000001571de1e000, 0x000001571de22800, 0x000001571de23000,
0x000001571de1d800, 0x000001571de24000, 0x000001571de24800, 0x0000015721ddb000,
0x0000015721de1800, 0x0000015721ddb800, 0x0000015721ddc800, 0x0000015721de2000,
0x0000015721de3000, 0x0000015721dde000, 0x0000015721ddd000, 0x0000015721de4000,
0x0000015721de4800, 0x0000015721ddf000, 0x0000015721de5800, 0x0000015721ddf800,
0x0000015721de6000, 0x0000015721de0800, 0x0000015721de7000, 0x0000015721de9800,
0x0000015721de8000, 0x0000015721de8800, 0x000001572048e000, 0x000001572048f800,
0x000001572048d800, 0x000001572048f000, 0x0000015720490800, 0x0000015720491800,
0x000001572048b800, 0x0000015720492000, 0x000001572048c800, 0x0000015720496000,
0x0000015720494000, 0x0000015720495800, 0x000001571fc86000, 0x0000015720498000,
0x0000015720498800, 0x0000015720493000, 0x0000015720499800, 0x000001572049a800,
0x0000015723ee4000, 0x0000015723ee8000, 0x0000015723ee7800, 0x0000015723ee9000,
0x0000015723ee5000, 0x0000015723ee5800
}

Java Threads: ( => current thread )
  0x000001577eecb000 JavaThread "main" [_thread_blocked, id=18096, stack(0x00000046bda00000,0x00000046bdb00000)]
  0x000001571af65000 JavaThread "Reference Handler" daemon [_thread_blocked, id=25724, stack(0x00000046be100000,0x00000046be200000)]
  0x000001571af66800 JavaThread "Finalizer" daemon [_thread_blocked, id=7344, stack(0x00000046be200000,0x00000046be300000)]
  0x000001571af7c800 JavaThread "Signal Dispatcher" daemon [_thread_blocked, id=8080, stack(0x00000046be300000,0x00000046be400000)]
  0x000001571af80000 JavaThread "Attach Listener" daemon [_thread_blocked, id=5684, stack(0x00000046be400000,0x00000046be500000)]
  0x000001571af81000 JavaThread "Service Thread" daemon [_thread_blocked, id=24584, stack(0x00000046be500000,0x00000046be600000)]
  0x000001571af87000 JavaThread "C2 CompilerThread0" daemon [_thread_blocked, id=17988, stack(0x00000046be600000,0x00000046be700000)]
  0x000001571af8b000 JavaThread "C1 CompilerThread0" daemon [_thread_blocked, id=17220, stack(0x00000046be700000,0x00000046be800000)]
  0x000001571af8c800 JavaThread "Sweeper thread" daemon [_thread_blocked, id=32840, stack(0x00000046be800000,0x00000046be900000)]
  0x000001571ba52000 JavaThread "Common-Cleaner" daemon [_thread_blocked, id=33900, stack(0x00000046be900000,0x00000046bea00000)]
  0x000001571da7c800 JavaThread "Daemon health stats" [_thread_in_native, id=23360, stack(0x00000046bed00000,0x00000046bee00000)]
  0x000001571d8be800 JavaThread "Incoming local TCP Connector on port 63640" [_thread_in_native, id=28984, stack(0x00000046bee00000,0x00000046bef00000)]
  0x000001571d2df800 JavaThread "Daemon periodic checks" [_thread_blocked, id=28188, stack(0x00000046bef00000,0x00000046bf000000)]
  0x000001571d932000 JavaThread "Daemon" [_thread_blocked, id=30160, stack(0x00000046bf000000,0x00000046bf100000)]
  0x000001571d97a000 JavaThread "Handler for socket connection from /127.0.0.1:63640 to /127.0.0.1:63641" [_thread_in_native, id=12020, stack(0x00000046bf100000,0x00000046bf200000)]
  0x000001571d97b000 JavaThread "Cancel handler" [_thread_blocked, id=10296, stack(0x00000046bf200000,0x00000046bf300000)]
  0x000001571da75000 JavaThread "Daemon worker" [_thread_blocked, id=28928, stack(0x00000046bf300000,0x00000046bf400000)]
  0x000001571dac0800 JavaThread "Asynchronous log dispatcher for DefaultDaemonConnection: socket connection from /127.0.0.1:63640 to /127.0.0.1:63641" [_thread_blocked, id=16696, stack(0x00000046bf400000,0x00000046bf500000)]
  0x000001571dac1800 JavaThread "Stdin handler" [_thread_blocked, id=4364, stack(0x00000046bf500000,0x00000046bf600000)]
  0x000001571bb9b800 JavaThread "Daemon client event forwarder" [_thread_blocked, id=31080, stack(0x00000046bf600000,0x00000046bf700000)]
  0x000001571bb9b000 JavaThread "Cache worker for journal cache (C:\Users\User\.gradle\caches\journal-1)" [_thread_blocked, id=32144, stack(0x00000046bfc00000,0x00000046bfd00000)]
  0x000001571bb9c800 JavaThread "File lock request listener" [_thread_in_native, id=24936, stack(0x00000046bfd00000,0x00000046bfe00000)]
  0x000001571bb99000 JavaThread "Cache worker for file hash cache (C:\Users\User\.gradle\caches\7.2\fileHashes)" [_thread_blocked, id=11092, stack(0x00000046bfe00000,0x00000046bff00000)]
  0x000001571bb9d000 JavaThread "Cache worker for file hash cache (C:\Users\User\AndroidStudioProjects\DemoWeather\.gradle\7.2\fileHashes)" [_thread_blocked, id=33004, stack(0x00000046c0000000,0x00000046c0100000)]
  0x000001571bb9e000 JavaThread "File watcher server" daemon [_thread_blocked, id=13156, stack(0x00000046c0100000,0x00000046c0200000)]
  0x000001571bb98800 JavaThread "File watcher consumer" daemon [_thread_blocked, id=13220, stack(0x00000046c0200000,0x00000046c0300000)]
  0x000001571bb9a000 JavaThread "Cache worker for checksums cache (C:\Users\User\AndroidStudioProjects\DemoWeather\.gradle\checksums)" [_thread_blocked, id=11632, stack(0x00000046c0300000,0x00000046c0400000)]
  0x000001571bb9f000 JavaThread "Cache worker for cache directory md-supplier (C:\Users\User\.gradle\caches\7.2\md-supplier)" [_thread_blocked, id=16704, stack(0x00000046c0400000,0x00000046c0500000)]
  0x000001571f98e800 JavaThread "Cache worker for cache directory md-rule (C:\Users\User\.gradle\caches\7.2\md-rule)" [_thread_blocked, id=16944, stack(0x00000046c0500000,0x00000046c0600000)]
  0x000001571f990800 JavaThread "Cache worker for execution history cache (C:\Users\User\.gradle\caches\7.2\executionHistory)" [_thread_blocked, id=16164, stack(0x00000046c0600000,0x00000046c0700000)]
  0x000001571f991000 JavaThread "jar transforms" [_thread_blocked, id=32908, stack(0x00000046c0700000,0x00000046c0800000)]
  0x000001571f98b800 JavaThread "Cache worker for file content cache (C:\Users\User\.gradle\caches\7.2\fileContent)" [_thread_blocked, id=3540, stack(0x00000046c0800000,0x00000046c0900000)]
  0x000001571f993000 JavaThread "jar transforms Thread 2" [_thread_blocked, id=7088, stack(0x00000046c0900000,0x00000046c0a00000)]
  0x000001571f98e000 JavaThread "Cache worker for dependencies-accessors (C:\Users\User\AndroidStudioProjects\DemoWeather\.gradle\7.2\dependencies-accessors)" [_thread_blocked, id=7596, stack(0x00000046c0a00000,0x00000046c0b00000)]
  0x000001571f98d000 JavaThread "jar transforms Thread 3" [_thread_blocked, id=23648, stack(0x00000046c0b00000,0x00000046c0c00000)]
  0x000001571f993800 JavaThread "Cache worker for Build Output Cleanup Cache (C:\Users\User\AndroidStudioProjects\DemoWeather\.gradle\buildOutputCleanup)" [_thread_blocked, id=32936, stack(0x00000046c0c00000,0x00000046c0d00000)]
  0x000001571f997000 JavaThread "Unconstrained build operations" [_thread_blocked, id=34240, stack(0x00000046c0d00000,0x00000046c0e00000)]
  0x000001571f996000 JavaThread "Unconstrained build operations Thread 2" [_thread_blocked, id=6408, stack(0x00000046c0e00000,0x00000046c0f00000)]
  0x000001571f99a000 JavaThread "Unconstrained build operations Thread 3" [_thread_blocked, id=28716, stack(0x00000046c0f00000,0x00000046c1000000)]
  0x000001571f998800 JavaThread "Unconstrained build operations Thread 4" [_thread_blocked, id=2428, stack(0x00000046c1000000,0x00000046c1100000)]
  0x000001571f997800 JavaThread "Unconstrained build operations Thread 5" [_thread_blocked, id=2624, stack(0x00000046c1100000,0x00000046c1200000)]
  0x000001571f999800 JavaThread "Unconstrained build operations Thread 6" [_thread_blocked, id=13580, stack(0x00000046c1200000,0x00000046c1300000)]
  0x000001571f994800 JavaThread "Unconstrained build operations Thread 7" [_thread_blocked, id=31460, stack(0x00000046c1300000,0x00000046c1400000)]
  0x000001571f995800 JavaThread "Unconstrained build operations Thread 8" [_thread_blocked, id=33344, stack(0x00000046c1400000,0x00000046c1500000)]
  0x0000015720211000 JavaThread "Unconstrained build operations Thread 9" [_thread_blocked, id=3424, stack(0x00000046c1500000,0x00000046c1600000)]
  0x0000015720211800 JavaThread "Unconstrained build operations Thread 10" [_thread_blocked, id=19708, stack(0x00000046c1600000,0x00000046c1700000)]
  0x0000015720213800 JavaThread "Unconstrained build operations Thread 11" [_thread_blocked, id=27552, stack(0x00000046c1700000,0x00000046c1800000)]
  0x0000015720218000 JavaThread "Unconstrained build operations Thread 12" [_thread_blocked, id=15996, stack(0x00000046c1800000,0x00000046c1900000)]
  0x0000015720212800 JavaThread "Unconstrained build operations Thread 13" [_thread_in_native, id=16000, stack(0x00000046c1900000,0x00000046c1a00000)]
  0x0000015720215000 JavaThread "Unconstrained build operations Thread 14" [_thread_blocked, id=17384, stack(0x00000046c1a00000,0x00000046c1b00000)]
  0x0000015720219000 JavaThread "Unconstrained build operations Thread 15" [_thread_blocked, id=26144, stack(0x00000046c1b00000,0x00000046c1c00000)]
  0x000001572021a000 JavaThread "Unconstrained build operations Thread 16" [_thread_blocked, id=30428, stack(0x00000046c1c00000,0x00000046c1d00000)]
  0x0000015720214000 JavaThread "Unconstrained build operations Thread 17" [_thread_blocked, id=13744, stack(0x00000046c1d00000,0x00000046c1e00000)]
  0x000001572021a800 JavaThread "Unconstrained build operations Thread 18" [_thread_blocked, id=11904, stack(0x00000046c1e00000,0x00000046c1f00000)]
  0x0000015720215800 JavaThread "Unconstrained build operations Thread 19" [_thread_blocked, id=5460, stack(0x00000046c1f00000,0x00000046c2000000)]
  0x000001572021b800 JavaThread "Unconstrained build operations Thread 20" [_thread_blocked, id=25052, stack(0x00000046c2000000,0x00000046c2100000)]
  0x000001572021c800 JavaThread "Unconstrained build operations Thread 21" [_thread_blocked, id=16648, stack(0x00000046c2100000,0x00000046c2200000)]
  0x0000015720216800 JavaThread "Unconstrained build operations Thread 22" [_thread_blocked, id=24724, stack(0x00000046c2200000,0x00000046c2300000)]
  0x000001572021d000 JavaThread "Unconstrained build operations Thread 23" [_thread_blocked, id=23860, stack(0x00000046c2300000,0x00000046c2400000)]
  0x0000015720217800 JavaThread "Unconstrained build operations Thread 24" [_thread_blocked, id=20592, stack(0x00000046c2400000,0x00000046c2500000)]
  0x000001572021e000 JavaThread "Unconstrained build operations Thread 25" [_thread_blocked, id=23768, stack(0x00000046c2500000,0x00000046c2600000)]
  0x000001572021e800 JavaThread "Unconstrained build operations Thread 26" [_thread_blocked, id=23376, stack(0x00000046c2600000,0x00000046c2700000)]
  0x000001572021f800 JavaThread "Unconstrained build operations Thread 27" [_thread_blocked, id=19324, stack(0x00000046c2700000,0x00000046c2800000)]
  0x000001571c987000 JavaThread "Unconstrained build operations Thread 28" [_thread_blocked, id=31320, stack(0x00000046c2800000,0x00000046c2900000)]
  0x000001571c98a000 JavaThread "Unconstrained build operations Thread 29" [_thread_blocked, id=16484, stack(0x00000046c2900000,0x00000046c2a00000)]
  0x000001571c98b000 JavaThread "Unconstrained build operations Thread 30" [_thread_blocked, id=8452, stack(0x00000046c2a00000,0x00000046c2b00000)]
  0x000001571c98c000 JavaThread "Unconstrained build operations Thread 31" [_thread_blocked, id=33456, stack(0x00000046c2b00000,0x00000046c2c00000)]
  0x000001571c98c800 JavaThread "Unconstrained build operations Thread 32" [_thread_blocked, id=32320, stack(0x00000046c2c00000,0x00000046c2d00000)]
  0x000001571c98d800 JavaThread "Unconstrained build operations Thread 33" [_thread_blocked, id=9776, stack(0x00000046c2d00000,0x00000046c2e00000)]
  0x000001571c987800 JavaThread "Unconstrained build operations Thread 34" [_thread_blocked, id=24116, stack(0x00000046c2e00000,0x00000046c2f00000)]
  0x000001571c988800 JavaThread "Unconstrained build operations Thread 35" [_thread_blocked, id=13084, stack(0x00000046c2f00000,0x00000046c3000000)]
  0x000001571c989800 JavaThread "Unconstrained build operations Thread 36" [_thread_blocked, id=22332, stack(0x00000046c3000000,0x00000046c3100000)]
  0x000001571de17800 JavaThread "Unconstrained build operations Thread 37" [_thread_blocked, id=18072, stack(0x00000046c3100000,0x00000046c3200000)]
  0x000001571de18800 JavaThread "Unconstrained build operations Thread 38" [_thread_blocked, id=13336, stack(0x00000046c3200000,0x00000046c3300000)]
  0x000001571de1b000 JavaThread "Unconstrained build operations Thread 39" [_thread_blocked, id=26684, stack(0x00000046c3300000,0x00000046c3400000)]
  0x000001571de1c000 JavaThread "Unconstrained build operations Thread 40" [_thread_blocked, id=22092, stack(0x00000046c3400000,0x00000046c3500000)]
  0x000001571de19800 JavaThread "Unconstrained build operations Thread 41" [_thread_blocked, id=7128, stack(0x00000046c3500000,0x00000046c3600000)]
  0x000001571de17000 JavaThread "Unconstrained build operations Thread 42" [_thread_blocked, id=31732, stack(0x00000046c3600000,0x00000046c3700000)]
  0x000001571de1a000 JavaThread "Unconstrained build operations Thread 43" [_thread_blocked, id=18508, stack(0x00000046c3700000,0x00000046c3800000)]
  0x000001571de16000 JavaThread "Unconstrained build operations Thread 44" [_thread_blocked, id=25544, stack(0x00000046c3800000,0x00000046c3900000)]
  0x000001571de1f000 JavaThread "Unconstrained build operations Thread 45" [_thread_blocked, id=3204, stack(0x00000046c3900000,0x00000046c3a00000)]
  0x000001571de1c800 JavaThread "Unconstrained build operations Thread 46" [_thread_blocked, id=9568, stack(0x00000046c3a00000,0x00000046c3b00000)]
  0x000001571de20000 JavaThread "Unconstrained build operations Thread 47" [_thread_blocked, id=6352, stack(0x00000046c3b00000,0x00000046c3c00000)]
  0x000001571de20800 JavaThread "Unconstrained build operations Thread 48" [_thread_blocked, id=26268, stack(0x00000046c3c00000,0x00000046c3d00000)]
  0x000001571de21800 JavaThread "Unconstrained build operations Thread 49" [_thread_blocked, id=23956, stack(0x00000046c3d00000,0x00000046c3e00000)]
  0x000001571de1e000 JavaThread "Unconstrained build operations Thread 50" [_thread_blocked, id=24352, stack(0x00000046c3e00000,0x00000046c3f00000)]
  0x000001571de22800 JavaThread "Unconstrained build operations Thread 51" [_thread_blocked, id=4700, stack(0x00000046c3f00000,0x00000046c4000000)]
  0x000001571de23000 JavaThread "Unconstrained build operations Thread 52" [_thread_blocked, id=12148, stack(0x00000046c4000000,0x00000046c4100000)]
  0x000001571de1d800 JavaThread "Unconstrained build operations Thread 53" [_thread_blocked, id=30816, stack(0x00000046c4100000,0x00000046c4200000)]
  0x000001571de24000 JavaThread "Unconstrained build operations Thread 54" [_thread_blocked, id=22184, stack(0x00000046c4200000,0x00000046c4300000)]
  0x000001571de24800 JavaThread "Unconstrained build operations Thread 55" [_thread_blocked, id=5132, stack(0x00000046c4300000,0x00000046c4400000)]
  0x0000015721ddb000 JavaThread "Unconstrained build operations Thread 56" [_thread_blocked, id=24748, stack(0x00000046c4400000,0x00000046c4500000)]
  0x0000015721de1800 JavaThread "Unconstrained build operations Thread 57" [_thread_blocked, id=27664, stack(0x00000046c4500000,0x00000046c4600000)]
  0x0000015721ddb800 JavaThread "Unconstrained build operations Thread 58" [_thread_blocked, id=25200, stack(0x00000046c4600000,0x00000046c4700000)]
  0x0000015721ddc800 JavaThread "Unconstrained build operations Thread 59" [_thread_blocked, id=29176, stack(0x00000046c4700000,0x00000046c4800000)]
  0x0000015721de2000 JavaThread "Unconstrained build operations Thread 60" [_thread_blocked, id=18980, stack(0x00000046c4800000,0x00000046c4900000)]
  0x0000015721de3000 JavaThread "Unconstrained build operations Thread 61" [_thread_blocked, id=9792, stack(0x00000046c4900000,0x00000046c4a00000)]
  0x0000015721dde000 JavaThread "Unconstrained build operations Thread 62" [_thread_blocked, id=31612, stack(0x00000046c4a00000,0x00000046c4b00000)]
  0x0000015721ddd000 JavaThread "Unconstrained build operations Thread 63" [_thread_blocked, id=15316, stack(0x00000046c4b00000,0x00000046c4c00000)]
  0x0000015721de4000 JavaThread "Unconstrained build operations Thread 64" [_thread_blocked, id=7696, stack(0x00000046c4c00000,0x00000046c4d00000)]
  0x0000015721de4800 JavaThread "Unconstrained build operations Thread 65" [_thread_blocked, id=33528, stack(0x00000046c4d00000,0x00000046c4e00000)]
  0x0000015721ddf000 JavaThread "Unconstrained build operations Thread 66" [_thread_blocked, id=25356, stack(0x00000046c4e00000,0x00000046c4f00000)]
  0x0000015721de5800 JavaThread "Unconstrained build operations Thread 67" [_thread_blocked, id=11380, stack(0x00000046c4f00000,0x00000046c5000000)]
  0x0000015721ddf800 JavaThread "Unconstrained build operations Thread 68" [_thread_blocked, id=27548, stack(0x00000046c5000000,0x00000046c5100000)]
  0x0000015721de6000 JavaThread "Unconstrained build operations Thread 69" [_thread_in_native, id=19776, stack(0x00000046c5100000,0x00000046c5200000)]
  0x0000015721de0800 JavaThread "Unconstrained build operations Thread 70" [_thread_blocked, id=25940, stack(0x00000046c5200000,0x00000046c5300000)]
  0x0000015721de7000 JavaThread "Unconstrained build operations Thread 71" [_thread_blocked, id=23080, stack(0x00000046c5300000,0x00000046c5400000)]
  0x0000015721de9800 JavaThread "Unconstrained build operations Thread 72" [_thread_blocked, id=34452, stack(0x00000046c5400000,0x00000046c5500000)]
  0x0000015721de8000 JavaThread "Unconstrained build operations Thread 73" [_thread_blocked, id=29436, stack(0x00000046c5500000,0x00000046c5600000)]
  0x0000015721de8800 JavaThread "Unconstrained build operations Thread 74" [_thread_blocked, id=26532, stack(0x00000046c5600000,0x00000046c5700000)]
  0x000001572048e000 JavaThread "Unconstrained build operations Thread 75" [_thread_blocked, id=30240, stack(0x00000046c5700000,0x00000046c5800000)]
  0x000001572048f800 JavaThread "Unconstrained build operations Thread 76" [_thread_blocked, id=32184, stack(0x00000046c5800000,0x00000046c5900000)]
  0x000001572048d800 JavaThread "Unconstrained build operations Thread 77" [_thread_blocked, id=27948, stack(0x00000046c5900000,0x00000046c5a00000)]
  0x000001572048f000 JavaThread "Unconstrained build operations Thread 78" [_thread_blocked, id=11720, stack(0x00000046c5a00000,0x00000046c5b00000)]
  0x0000015720490800 JavaThread "Unconstrained build operations Thread 79" [_thread_blocked, id=9628, stack(0x00000046c5b00000,0x00000046c5c00000)]
  0x0000015720491800 JavaThread "Unconstrained build operations Thread 80" [_thread_blocked, id=32068, stack(0x00000046c5c00000,0x00000046c5d00000)]
  0x000001572048b800 JavaThread "jar transforms Thread 4" [_thread_blocked, id=31852, stack(0x00000046c5d00000,0x00000046c5e00000)]
  0x0000015720492000 JavaThread "jar transforms Thread 5" [_thread_blocked, id=28632, stack(0x00000046c5e00000,0x00000046c5f00000)]
  0x000001572048c800 JavaThread "jar transforms Thread 6" [_thread_blocked, id=13840, stack(0x00000046c5f00000,0x00000046c6000000)]
  0x0000015720496000 JavaThread "jar transforms Thread 7" [_thread_blocked, id=26048, stack(0x00000046c6000000,0x00000046c6100000)]
  0x0000015720494000 JavaThread "jar transforms Thread 8" [_thread_blocked, id=23632, stack(0x00000046c6100000,0x00000046c6200000)]
  0x0000015720495800 JavaThread "Memory manager" [_thread_blocked, id=12112, stack(0x00000046c6200000,0x00000046c6300000)]
  0x000001571fc86000 JavaThread "C2 CompilerThread1" daemon [_thread_in_native, id=19160, stack(0x00000046c6300000,0x00000046c6400000)]
  0x0000015720498000 JavaThread "build event listener" [_thread_blocked, id=13904, stack(0x00000046c6500000,0x00000046c6600000)]
  0x0000015720498800 JavaThread "Execution worker for ':'" [_thread_blocked, id=22152, stack(0x00000046c6600000,0x00000046c6700000)]
  0x0000015720493000 JavaThread "Execution worker for ':' Thread 2" [_thread_blocked, id=17076, stack(0x00000046c6700000,0x00000046c6800000)]
  0x0000015720499800 JavaThread "Execution worker for ':' Thread 3" [_thread_blocked, id=11452, stack(0x00000046c6800000,0x00000046c6900000)]
  0x000001572049a800 JavaThread "Execution worker for ':' Thread 4" [_thread_blocked, id=28820, stack(0x00000046c6900000,0x00000046c6a00000)]
  0x0000015723ee4000 JavaThread "Execution worker for ':' Thread 5" [_thread_blocked, id=17956, stack(0x00000046c6a00000,0x00000046c6b00000)]
  0x0000015723ee8000 JavaThread "Execution worker for ':' Thread 6" [_thread_blocked, id=31016, stack(0x00000046c6b00000,0x00000046c6c00000)]
  0x0000015723ee7800 JavaThread "Execution worker for ':' Thread 7" [_thread_blocked, id=27840, stack(0x00000046c6c00000,0x00000046c6d00000)]
  0x0000015723ee9000 JavaThread "Cache worker for execution history cache (C:\Users\User\AndroidStudioProjects\DemoWeather\.gradle\7.2\executionHistory)" [_thread_blocked, id=3872, stack(0x00000046c6d00000,0x00000046c6e00000)]
  0x0000015723ee5000 JavaThread "WorkerExecutor Queue" [_thread_blocked, id=13860, stack(0x00000046c6400000,0x00000046c6500000)]
  0x0000015723ee5800 JavaThread "WorkerExecutor Queue Thread 2" [_thread_blocked, id=10800, stack(0x00000046c6e00000,0x00000046c6f00000)]

Other Threads:
=>0x000001571af60000 VMThread "VM Thread" [stack: 0x00000046be000000,0x00000046be100000] [id=34056]
  0x000001571ba6c000 WatcherThread [stack: 0x00000046bea00000,0x00000046beb00000] [id=23868]
  0x000001577eee5800 GCTaskThread "GC Thread#0" [stack: 0x00000046bdb00000,0x00000046bdc00000] [id=9784]
  0x000001571c9bb000 GCTaskThread "GC Thread#1" [stack: 0x00000046beb00000,0x00000046bec00000] [id=10032]
  0x000001571c686000 GCTaskThread "GC Thread#2" [stack: 0x00000046bec00000,0x00000046bed00000] [id=22124]
  0x000001571c686800 GCTaskThread "GC Thread#3" [stack: 0x00000046bf700000,0x00000046bf800000] [id=17716]
  0x000001571c68b000 GCTaskThread "GC Thread#4" [stack: 0x00000046bf800000,0x00000046bf900000] [id=31736]
  0x000001571c687800 GCTaskThread "GC Thread#5" [stack: 0x00000046bf900000,0x00000046bfa00000] [id=27508]
  0x000001571c688000 GCTaskThread "GC Thread#6" [stack: 0x00000046bfa00000,0x00000046bfb00000] [id=9348]
  0x000001571c689000 GCTaskThread "GC Thread#7" [stack: 0x00000046bfb00000,0x00000046bfc00000] [id=16756]
  0x000001577ef17000 ConcurrentGCThread "G1 Main Marker" [stack: 0x00000046bdc00000,0x00000046bdd00000] [id=8440]
  0x000001577ef1a000 ConcurrentGCThread "G1 Conc#0" [stack: 0x00000046bdd00000,0x00000046bde00000] [id=1048]
  0x000001571c689800 ConcurrentGCThread "G1 Conc#1" [stack: 0x00000046bff00000,0x00000046c0000000] [id=4312]
  0x000001571adb0800 ConcurrentGCThread "G1 Refine#0" [stack: 0x00000046bde00000,0x00000046bdf00000] [id=22260]
  0x000001571adb1800 ConcurrentGCThread "G1 Young RemSet Sampling" [stack: 0x00000046bdf00000,0x00000046be000000] [id=21984]

Threads with active compile tasks:
C2 CompilerThread0  24914 12306       4       com.android.tools.r8.internal.mH0::a (4225 bytes)
C1 CompilerThread0  24914 12817       2       com.android.tools.r8.internal.hI0::s (281 bytes)
C2 CompilerThread1  24914 12085 %     4       com.android.tools.r8.internal.mH0::a @ 80 (6068 bytes)

VM state:at safepoint (normal execution)

VM Mutex/Monitor currently owned by a thread:  ([mutex/lock_event])
[0x000001577eeca270] Threads_lock - owner thread: 0x000001571af60000
[0x000001577eec8d10] Heap_lock - owner thread: 0x0000015721de8800

Heap address: 0x0000000080000000, size: 2048 MB, Compressed Oops mode: 32-bit
Narrow klass base: 0x0000000000000000, Narrow klass shift: 3
Compressed class space size: 1073741824 Address: 0x0000000100000000

Heap:
 garbage-first heap   total 381952K, used 123817K [0x0000000080000000, 0x0000000100000000)
  region size 1024K, 6 young (6144K), 6 survivors (6144K)
 Metaspace       used 99000K, capacity 101568K, committed 101756K, reserved 1136640K
  class space    used 13017K, capacity 14028K, committed 14080K, reserved 1048576K
Heap Regions: E=young(eden), S=young(survivor), O=old, HS=humongous(starts), HC=humongous(continues), CS=collection set, F=free, A=archive, TAMS=top-at-mark-start (previous, next)
|   0|0x0000000080000000, 0x0000000080100000, 0x0000000080100000|100%| O|  |TAMS 0x0000000080100000, 0x0000000080100000| Untracked 
|   1|0x0000000080100000, 0x0000000080200000, 0x0000000080200000|100%| O|  |TAMS 0x0000000080200000, 0x0000000080200000| Untracked 
|   2|0x0000000080200000, 0x0000000080300000, 0x0000000080300000|100%| O|  |TAMS 0x0000000080300000, 0x0000000080300000| Untracked 
|   3|0x0000000080300000, 0x0000000080400000, 0x0000000080400000|100%|HS|  |TAMS 0x0000000080400000, 0x0000000080400000| Complete 
|   4|0x0000000080400000, 0x0000000080500000, 0x0000000080500000|100%|HC|  |TAMS 0x0000000080500000, 0x0000000080500000| Complete 
|   5|0x0000000080500000, 0x0000000080600000, 0x0000000080600000|100%|HC|  |TAMS 0x0000000080600000, 0x0000000080600000| Complete 
|   6|0x0000000080600000, 0x0000000080700000, 0x0000000080700000|100%| O|  |TAMS 0x0000000080700000, 0x0000000080700000| Untracked 
|   7|0x0000000080700000, 0x0000000080800000, 0x0000000080800000|100%| O|  |TAMS 0x0000000080800000, 0x0000000080800000| Untracked 
|   8|0x0000000080800000, 0x0000000080900000, 0x0000000080900000|100%| O|  |TAMS 0x0000000080900000, 0x0000000080900000| Untracked 
|   9|0x0000000080900000, 0x0000000080a00000, 0x0000000080a00000|100%| O|  |TAMS 0x0000000080a00000, 0x0000000080a00000| Untracked 
|  10|0x0000000080a00000, 0x0000000080b00000, 0x0000000080b00000|100%| O|  |TAMS 0x0000000080b00000, 0x0000000080b00000| Untracked 
|  11|0x0000000080b00000, 0x0000000080c00000, 0x0000000080c00000|100%| O|  |TAMS 0x0000000080c00000, 0x0000000080c00000| Untracked 
|  12|0x0000000080c00000, 0x0000000080d00000, 0x0000000080d00000|100%| O|  |TAMS 0x0000000080d00000, 0x0000000080d00000| Untracked 
|  13|0x0000000080d00000, 0x0000000080e00000, 0x0000000080e00000|100%| O|  |TAMS 0x0000000080e00000, 0x0000000080e00000| Untracked 
|  14|0x0000000080e00000, 0x0000000080f00000, 0x0000000080f00000|100%| O|  |TAMS 0x0000000080f00000, 0x0000000080f00000| Untracked 
|  15|0x0000000080f00000, 0x0000000081000000, 0x0000000081000000|100%| O|  |TAMS 0x0000000081000000, 0x0000000081000000| Untracked 
|  16|0x0000000081000000, 0x0000000081100000, 0x0000000081100000|100%| O|  |TAMS 0x0000000081100000, 0x0000000081100000| Untracked 
|  17|0x0000000081100000, 0x0000000081200000, 0x0000000081200000|100%| O|  |TAMS 0x0000000081200000, 0x0000000081200000| Untracked 
|  18|0x0000000081200000, 0x0000000081300000, 0x0000000081300000|100%| O|  |TAMS 0x0000000081300000, 0x0000000081300000| Untracked 
|  19|0x0000000081300000, 0x0000000081400000, 0x0000000081400000|100%| O|  |TAMS 0x0000000081400000, 0x0000000081400000| Untracked 
|  20|0x0000000081400000, 0x0000000081500000, 0x0000000081500000|100%| O|  |TAMS 0x0000000081500000, 0x0000000081500000| Untracked 
|  21|0x0000000081500000, 0x0000000081600000, 0x0000000081600000|100%| O|  |TAMS 0x0000000081600000, 0x0000000081600000| Untracked 
|  22|0x0000000081600000, 0x0000000081700000, 0x0000000081700000|100%| O|  |TAMS 0x0000000081700000, 0x0000000081700000| Untracked 
|  23|0x0000000081700000, 0x0000000081800000, 0x0000000081800000|100%| O|  |TAMS 0x0000000081800000, 0x0000000081800000| Untracked 
|  24|0x0000000081800000, 0x0000000081900000, 0x0000000081900000|100%| O|  |TAMS 0x0000000081900000, 0x0000000081900000| Untracked 
|  25|0x0000000081900000, 0x0000000081a00000, 0x0000000081a00000|100%| O|  |TAMS 0x0000000081a00000, 0x0000000081a00000| Untracked 
|  26|0x0000000081a00000, 0x0000000081b00000, 0x0000000081b00000|100%| O|  |TAMS 0x0000000081b00000, 0x0000000081b00000| Untracked 
|  27|0x0000000081b00000, 0x0000000081c00000, 0x0000000081c00000|100%|HS|  |TAMS 0x0000000081c00000, 0x0000000081c00000| Complete 
|  28|0x0000000081c00000, 0x0000000081d00000, 0x0000000081d00000|100%|HS|  |TAMS 0x0000000081d00000, 0x0000000081d00000| Complete 
|  29|0x0000000081d00000, 0x0000000081e00000, 0x0000000081e00000|100%|HS|  |TAMS 0x0000000081e00000, 0x0000000081e00000| Complete 
|  30|0x0000000081e00000, 0x0000000081f00000, 0x0000000081f00000|100%|HS|  |TAMS 0x0000000081f00000, 0x0000000081f00000| Complete 
|  31|0x0000000081f00000, 0x0000000082000000, 0x0000000082000000|100%|HC|  |TAMS 0x0000000082000000, 0x0000000082000000| Complete 
|  32|0x0000000082000000, 0x0000000082100000, 0x0000000082100000|100%| O|  |TAMS 0x0000000082100000, 0x0000000082100000| Untracked 
|  33|0x0000000082100000, 0x0000000082200000, 0x0000000082200000|100%| O|  |TAMS 0x0000000082200000, 0x0000000082200000| Untracked 
|  34|0x0000000082200000, 0x0000000082300000, 0x0000000082300000|100%| O|  |TAMS 0x0000000082300000, 0x0000000082300000| Untracked 
|  35|0x0000000082300000, 0x0000000082400000, 0x0000000082400000|100%| O|  |TAMS 0x0000000082400000, 0x0000000082400000| Untracked 
|  36|0x0000000082400000, 0x0000000082500000, 0x0000000082500000|100%| O|  |TAMS 0x0000000082500000, 0x0000000082500000| Untracked 
|  37|0x0000000082500000, 0x0000000082600000, 0x0000000082600000|100%| O|  |TAMS 0x0000000082600000, 0x0000000082600000| Untracked 
|  38|0x0000000082600000, 0x0000000082700000, 0x0000000082700000|100%| O|  |TAMS 0x0000000082700000, 0x0000000082700000| Untracked 
|  39|0x0000000082700000, 0x0000000082800000, 0x0000000082800000|100%| O|  |TAMS 0x0000000082800000, 0x0000000082800000| Untracked 
|  40|0x0000000082800000, 0x0000000082900000, 0x0000000082900000|100%| O|  |TAMS 0x0000000082900000, 0x0000000082900000| Untracked 
|  41|0x0000000082900000, 0x0000000082a00000, 0x0000000082a00000|100%| O|  |TAMS 0x0000000082a00000, 0x0000000082a00000| Untracked 
|  42|0x0000000082a00000, 0x0000000082b00000, 0x0000000082b00000|100%| O|  |TAMS 0x0000000082b00000, 0x0000000082b00000| Untracked 
|  43|0x0000000082b00000, 0x0000000082c00000, 0x0000000082c00000|100%| O|  |TAMS 0x0000000082c00000, 0x0000000082c00000| Untracked 
|  44|0x0000000082c00000, 0x0000000082d00000, 0x0000000082d00000|100%| O|  |TAMS 0x0000000082d00000, 0x0000000082d00000| Untracked 
|  45|0x0000000082d00000, 0x0000000082e00000, 0x0000000082e00000|100%| O|  |TAMS 0x0000000082e00000, 0x0000000082e00000| Untracked 
|  46|0x0000000082e00000, 0x0000000082f00000, 0x0000000082f00000|100%| O|  |TAMS 0x0000000082f00000, 0x0000000082f00000| Untracked 
|  47|0x0000000082f00000, 0x0000000083000000, 0x0000000083000000|100%| O|  |TAMS 0x0000000083000000, 0x0000000083000000| Untracked 
|  48|0x0000000083000000, 0x0000000083100000, 0x0000000083100000|100%| O|  |TAMS 0x0000000083100000, 0x0000000083100000| Untracked 
|  49|0x0000000083100000, 0x0000000083200000, 0x0000000083200000|100%| O|  |TAMS 0x0000000083200000, 0x0000000083200000| Untracked 
|  50|0x0000000083200000, 0x0000000083300000, 0x0000000083300000|100%| O|  |TAMS 0x0000000083300000, 0x0000000083300000| Untracked 
|  51|0x0000000083300000, 0x0000000083400000, 0x0000000083400000|100%| O|  |TAMS 0x0000000083400000, 0x0000000083400000| Untracked 
|  52|0x0000000083400000, 0x0000000083500000, 0x0000000083500000|100%| O|  |TAMS 0x0000000083500000, 0x0000000083500000| Untracked 
|  53|0x0000000083500000, 0x0000000083600000, 0x0000000083600000|100%| O|  |TAMS 0x0000000083600000, 0x0000000083600000| Untracked 
|  54|0x0000000083600000, 0x0000000083700000, 0x0000000083700000|100%| O|  |TAMS 0x0000000083700000, 0x0000000083700000| Untracked 
|  55|0x0000000083700000, 0x0000000083800000, 0x0000000083800000|100%| O|  |TAMS 0x0000000083800000, 0x0000000083800000| Untracked 
|  56|0x0000000083800000, 0x0000000083900000, 0x0000000083900000|100%| O|  |TAMS 0x0000000083900000, 0x0000000083900000| Untracked 
|  57|0x0000000083900000, 0x0000000083a00000, 0x0000000083a00000|100%| O|  |TAMS 0x0000000083a00000, 0x0000000083a00000| Untracked 
|  58|0x0000000083a00000, 0x0000000083b00000, 0x0000000083b00000|100%| O|  |TAMS 0x0000000083b00000, 0x0000000083b00000| Untracked 
|  59|0x0000000083b00000, 0x0000000083c00000, 0x0000000083c00000|100%| O|  |TAMS 0x0000000083c00000, 0x0000000083c00000| Untracked 
|  60|0x0000000083c00000, 0x0000000083d00000, 0x0000000083d00000|100%| O|  |TAMS 0x0000000083d00000, 0x0000000083d00000| Untracked 
|  61|0x0000000083d00000, 0x0000000083e00000, 0x0000000083e00000|100%| O|  |TAMS 0x0000000083e00000, 0x0000000083e00000| Untracked 
|  62|0x0000000083e00000, 0x0000000083f00000, 0x0000000083f00000|100%| O|  |TAMS 0x0000000083f00000, 0x0000000083f00000| Untracked 
|  63|0x0000000083f00000, 0x0000000084000000, 0x0000000084000000|100%| O|  |TAMS 0x0000000084000000, 0x0000000084000000| Untracked 
|  64|0x0000000084000000, 0x0000000084100000, 0x0000000084100000|100%| O|  |TAMS 0x0000000084100000, 0x0000000084100000| Untracked 
|  65|0x0000000084100000, 0x0000000084200000, 0x0000000084200000|100%| O|  |TAMS 0x0000000084200000, 0x0000000084200000| Untracked 
|  66|0x0000000084200000, 0x0000000084300000, 0x0000000084300000|100%| O|  |TAMS 0x0000000084300000, 0x0000000084300000| Untracked 
|  67|0x0000000084300000, 0x0000000084400000, 0x0000000084400000|100%| O|  |TAMS 0x0000000084400000, 0x0000000084400000| Untracked 
|  68|0x0000000084400000, 0x0000000084500000, 0x0000000084500000|100%| O|  |TAMS 0x0000000084500000, 0x0000000084500000| Untracked 
|  69|0x0000000084500000, 0x0000000084600000, 0x0000000084600000|100%| O|  |TAMS 0x0000000084600000, 0x0000000084600000| Untracked 
|  70|0x0000000084600000, 0x0000000084700000, 0x0000000084700000|100%| O|  |TAMS 0x0000000084700000, 0x0000000084700000| Untracked 
|  71|0x0000000084700000, 0x0000000084800000, 0x0000000084800000|100%| O|  |TAMS 0x0000000084800000, 0x0000000084800000| Untracked 
|  72|0x0000000084800000, 0x0000000084900000, 0x0000000084900000|100%| O|  |TAMS 0x0000000084900000, 0x0000000084900000| Untracked 
|  73|0x0000000084900000, 0x0000000084a00000, 0x0000000084a00000|100%| O|  |TAMS 0x0000000084a00000, 0x0000000084a00000| Untracked 
|  74|0x0000000084a00000, 0x0000000084b00000, 0x0000000084b00000|100%| O|  |TAMS 0x0000000084b00000, 0x0000000084b00000| Untracked 
|  75|0x0000000084b00000, 0x0000000084c00000, 0x0000000084c00000|100%| O|  |TAMS 0x0000000084c00000, 0x0000000084c00000| Untracked 
|  76|0x0000000084c00000, 0x0000000084d00000, 0x0000000084d00000|100%| O|  |TAMS 0x0000000084d00000, 0x0000000084d00000| Untracked 
|  77|0x0000000084d00000, 0x0000000084e00000, 0x0000000084e00000|100%| O|  |TAMS 0x0000000084e00000, 0x0000000084e00000| Untracked 
|  78|0x0000000084e00000, 0x0000000084f00000, 0x0000000084f00000|100%| O|  |TAMS 0x0000000084f00000, 0x0000000084f00000| Untracked 
|  79|0x0000000084f00000, 0x0000000085000000, 0x0000000085000000|100%| O|  |TAMS 0x0000000085000000, 0x0000000085000000| Untracked 
|  80|0x0000000085000000, 0x0000000085100000, 0x0000000085100000|100%| O|  |TAMS 0x0000000085100000, 0x0000000085100000| Untracked 
|  81|0x0000000085100000, 0x0000000085200000, 0x0000000085200000|100%| O|  |TAMS 0x0000000085200000, 0x0000000085200000| Untracked 
|  82|0x0000000085200000, 0x0000000085300000, 0x0000000085300000|100%| O|  |TAMS 0x0000000085300000, 0x0000000085300000| Untracked 
|  83|0x0000000085300000, 0x0000000085400000, 0x0000000085400000|100%| O|  |TAMS 0x0000000085400000, 0x0000000085400000| Untracked 
|  84|0x0000000085400000, 0x0000000085500000, 0x0000000085500000|100%| O|  |TAMS 0x0000000085500000, 0x0000000085500000| Untracked 
|  85|0x0000000085500000, 0x0000000085600000, 0x0000000085600000|100%| O|  |TAMS 0x0000000085600000, 0x0000000085600000| Untracked 
|  86|0x0000000085600000, 0x0000000085700000, 0x0000000085700000|100%| O|  |TAMS 0x0000000085700000, 0x0000000085700000| Untracked 
|  87|0x0000000085700000, 0x0000000085800000, 0x0000000085800000|100%| O|  |TAMS 0x0000000085800000, 0x0000000085800000| Untracked 
|  88|0x0000000085800000, 0x0000000085900000, 0x0000000085900000|100%| O|  |TAMS 0x0000000085900000, 0x0000000085900000| Untracked 
|  89|0x0000000085900000, 0x0000000085a00000, 0x0000000085a00000|100%| O|  |TAMS 0x0000000085a00000, 0x0000000085a00000| Untracked 
|  90|0x0000000085a00000, 0x0000000085b00000, 0x0000000085b00000|100%| O|  |TAMS 0x0000000085b00000, 0x0000000085b00000| Untracked 
|  91|0x0000000085b00000, 0x0000000085c00000, 0x0000000085c00000|100%| O|  |TAMS 0x0000000085c00000, 0x0000000085c00000| Untracked 
|  92|0x0000000085c00000, 0x0000000085d00000, 0x0000000085d00000|100%| O|  |TAMS 0x0000000085d00000, 0x0000000085d00000| Untracked 
|  93|0x0000000085d00000, 0x0000000085e00000, 0x0000000085e00000|100%| O|  |TAMS 0x0000000085e00000, 0x0000000085e00000| Untracked 
|  94|0x0000000085e00000, 0x0000000085f00000, 0x0000000085f00000|100%| O|  |TAMS 0x0000000085f00000, 0x0000000085f00000| Untracked 
|  95|0x0000000085f00000, 0x0000000086000000, 0x0000000086000000|100%| O|  |TAMS 0x0000000086000000, 0x0000000086000000| Untracked 
|  96|0x0000000086000000, 0x0000000086100000, 0x0000000086100000|100%| O|  |TAMS 0x0000000086100000, 0x0000000086100000| Untracked 
|  97|0x0000000086100000, 0x0000000086200000, 0x0000000086200000|100%| O|  |TAMS 0x0000000086200000, 0x0000000086200000| Untracked 
|  98|0x0000000086200000, 0x0000000086300000, 0x0000000086300000|100%| O|  |TAMS 0x0000000086300000, 0x0000000086300000| Untracked 
|  99|0x0000000086300000, 0x0000000086400000, 0x0000000086400000|100%| O|  |TAMS 0x0000000086400000, 0x0000000086400000| Untracked 
| 100|0x0000000086400000, 0x0000000086500000, 0x0000000086500000|100%| O|  |TAMS 0x0000000086500000, 0x0000000086500000| Untracked 
| 101|0x0000000086500000, 0x0000000086600000, 0x0000000086600000|100%| O|  |TAMS 0x0000000086600000, 0x0000000086600000| Untracked 
| 102|0x0000000086600000, 0x0000000086700000, 0x0000000086700000|100%| O|  |TAMS 0x0000000086700000, 0x0000000086700000| Untracked 
| 103|0x0000000086700000, 0x0000000086800000, 0x0000000086800000|100%| O|  |TAMS 0x0000000086800000, 0x0000000086800000| Untracked 
| 104|0x0000000086800000, 0x0000000086900000, 0x0000000086900000|100%| O|  |TAMS 0x0000000086900000, 0x0000000086900000| Untracked 
| 105|0x0000000086900000, 0x0000000086a00000, 0x0000000086a00000|100%| O|  |TAMS 0x0000000086a00000, 0x0000000086a00000| Untracked 
| 106|0x0000000086a00000, 0x0000000086b00000, 0x0000000086b00000|100%| O|  |TAMS 0x0000000086b00000, 0x0000000086b00000| Untracked 
| 107|0x0000000086b00000, 0x0000000086c00000, 0x0000000086c00000|100%| O|  |TAMS 0x0000000086c00000, 0x0000000086c00000| Untracked 
| 108|0x0000000086c00000, 0x0000000086d00000, 0x0000000086d00000|100%| O|  |TAMS 0x0000000086d00000, 0x0000000086d00000| Untracked 
| 109|0x0000000086d00000, 0x0000000086e00000, 0x0000000086e00000|100%| O|  |TAMS 0x0000000086e00000, 0x0000000086e00000| Untracked 
| 110|0x0000000086e00000, 0x0000000086f00000, 0x0000000086f00000|100%| O|  |TAMS 0x0000000086f00000, 0x0000000086f00000| Untracked 
| 111|0x0000000086f00000, 0x0000000087000000, 0x0000000087000000|100%| O|  |TAMS 0x0000000086fd5a00, 0x0000000087000000| Untracked 
| 112|0x0000000087000000, 0x0000000087100000, 0x0000000087100000|100%| O|  |TAMS 0x0000000087000000, 0x0000000087100000| Untracked 
| 113|0x0000000087100000, 0x0000000087200000, 0x0000000087200000|100%| O|  |TAMS 0x0000000087100000, 0x0000000087200000| Untracked 
| 114|0x0000000087200000, 0x0000000087300000, 0x0000000087300000|100%| O|  |TAMS 0x0000000087200000, 0x0000000087300000| Untracked 
| 115|0x0000000087300000, 0x00000000873cb200, 0x0000000087400000| 79%| O|  |TAMS 0x0000000087300000, 0x00000000873cb200| Untracked 
| 116|0x0000000087400000, 0x0000000087400000, 0x0000000087500000|  0%| F|  |TAMS 0x0000000087400000, 0x0000000087400000| Untracked 
| 117|0x0000000087500000, 0x0000000087500000, 0x0000000087600000|  0%| F|  |TAMS 0x0000000087500000, 0x0000000087500000| Untracked 
| 118|0x0000000087600000, 0x0000000087600000, 0x0000000087700000|  0%| F|  |TAMS 0x0000000087600000, 0x0000000087600000| Untracked 
| 119|0x0000000087700000, 0x0000000087700000, 0x0000000087800000|  0%| F|  |TAMS 0x0000000087700000, 0x0000000087700000| Untracked 
| 120|0x0000000087800000, 0x0000000087800000, 0x0000000087900000|  0%| F|  |TAMS 0x0000000087800000, 0x0000000087800000| Untracked 
| 121|0x0000000087900000, 0x0000000087900000, 0x0000000087a00000|  0%| F|  |TAMS 0x0000000087900000, 0x0000000087900000| Untracked 
| 122|0x0000000087a00000, 0x0000000087a00000, 0x0000000087b00000|  0%| F|  |TAMS 0x0000000087a00000, 0x0000000087a00000| Untracked 
| 123|0x0000000087b00000, 0x0000000087b00000, 0x0000000087c00000|  0%| F|  |TAMS 0x0000000087b00000, 0x0000000087b00000| Untracked 
| 124|0x0000000087c00000, 0x0000000087c00000, 0x0000000087d00000|  0%| F|  |TAMS 0x0000000087c00000, 0x0000000087c00000| Untracked 
| 125|0x0000000087d00000, 0x0000000087d00000, 0x0000000087e00000|  0%| F|  |TAMS 0x0000000087d00000, 0x0000000087d00000| Untracked 
| 126|0x0000000087e00000, 0x0000000087e00000, 0x0000000087f00000|  0%| F|  |TAMS 0x0000000087e00000, 0x0000000087e00000| Untracked 
| 127|0x0000000087f00000, 0x0000000087f00000, 0x0000000088000000|  0%| F|  |TAMS 0x0000000087f00000, 0x0000000087f00000| Untracked 
| 128|0x0000000088000000, 0x0000000088000000, 0x0000000088100000|  0%| F|  |TAMS 0x0000000088000000, 0x0000000088000000| Untracked 
| 129|0x0000000088100000, 0x0000000088100000, 0x0000000088200000|  0%| F|  |TAMS 0x0000000088100000, 0x0000000088100000| Untracked 
| 130|0x0000000088200000, 0x0000000088200000, 0x0000000088300000|  0%| F|  |TAMS 0x0000000088200000, 0x0000000088200000| Untracked 
| 131|0x0000000088300000, 0x0000000088300000, 0x0000000088400000|  0%| F|  |TAMS 0x0000000088300000, 0x0000000088300000| Untracked 
| 132|0x0000000088400000, 0x0000000088400000, 0x0000000088500000|  0%| F|  |TAMS 0x0000000088400000, 0x0000000088400000| Untracked 
| 133|0x0000000088500000, 0x0000000088500000, 0x0000000088600000|  0%| F|  |TAMS 0x0000000088500000, 0x0000000088500000| Untracked 
| 134|0x0000000088600000, 0x0000000088600000, 0x0000000088700000|  0%| F|  |TAMS 0x0000000088600000, 0x0000000088600000| Untracked 
| 135|0x0000000088700000, 0x0000000088700000, 0x0000000088800000|  0%| F|  |TAMS 0x0000000088700000, 0x0000000088700000| Untracked 
| 136|0x0000000088800000, 0x0000000088800000, 0x0000000088900000|  0%| F|  |TAMS 0x0000000088800000, 0x0000000088800000| Untracked 
| 137|0x0000000088900000, 0x0000000088900000, 0x0000000088a00000|  0%| F|  |TAMS 0x0000000088900000, 0x0000000088900000| Untracked 
| 138|0x0000000088a00000, 0x0000000088a00000, 0x0000000088b00000|  0%| F|  |TAMS 0x0000000088a00000, 0x0000000088a00000| Untracked 
| 139|0x0000000088b00000, 0x0000000088b00000, 0x0000000088c00000|  0%| F|  |TAMS 0x0000000088b00000, 0x0000000088b00000| Untracked 
| 140|0x0000000088c00000, 0x0000000088c00000, 0x0000000088d00000|  0%| F|  |TAMS 0x0000000088c00000, 0x0000000088c00000| Untracked 
| 141|0x0000000088d00000, 0x0000000088d00000, 0x0000000088e00000|  0%| F|  |TAMS 0x0000000088d00000, 0x0000000088d00000| Untracked 
| 142|0x0000000088e00000, 0x0000000088e00000, 0x0000000088f00000|  0%| F|  |TAMS 0x0000000088e00000, 0x0000000088e00000| Untracked 
| 143|0x0000000088f00000, 0x0000000088f00000, 0x0000000089000000|  0%| F|  |TAMS 0x0000000088f00000, 0x0000000088f00000| Untracked 
| 144|0x0000000089000000, 0x0000000089000000, 0x0000000089100000|  0%| F|  |TAMS 0x0000000089000000, 0x0000000089000000| Untracked 
| 145|0x0000000089100000, 0x0000000089100000, 0x0000000089200000|  0%| F|  |TAMS 0x0000000089100000, 0x0000000089100000| Untracked 
| 146|0x0000000089200000, 0x0000000089200000, 0x0000000089300000|  0%| F|  |TAMS 0x0000000089200000, 0x0000000089200000| Untracked 
| 147|0x0000000089300000, 0x0000000089300000, 0x0000000089400000|  0%| F|  |TAMS 0x0000000089300000, 0x0000000089300000| Untracked 
| 148|0x0000000089400000, 0x0000000089400000, 0x0000000089500000|  0%| F|  |TAMS 0x0000000089400000, 0x0000000089400000| Untracked 
| 149|0x0000000089500000, 0x0000000089500000, 0x0000000089600000|  0%| F|  |TAMS 0x0000000089500000, 0x0000000089500000| Untracked 
| 150|0x0000000089600000, 0x0000000089600000, 0x0000000089700000|  0%| F|  |TAMS 0x0000000089600000, 0x0000000089600000| Untracked 
| 151|0x0000000089700000, 0x0000000089700000, 0x0000000089800000|  0%| F|  |TAMS 0x0000000089700000, 0x0000000089700000| Untracked 
| 152|0x0000000089800000, 0x0000000089800000, 0x0000000089900000|  0%| F|  |TAMS 0x0000000089800000, 0x0000000089800000| Untracked 
| 153|0x0000000089900000, 0x0000000089900000, 0x0000000089a00000|  0%| F|  |TAMS 0x0000000089900000, 0x0000000089900000| Untracked 
| 154|0x0000000089a00000, 0x0000000089a00000, 0x0000000089b00000|  0%| F|  |TAMS 0x0000000089a00000, 0x0000000089a00000| Untracked 
| 155|0x0000000089b00000, 0x0000000089b00000, 0x0000000089c00000|  0%| F|  |TAMS 0x0000000089b00000, 0x0000000089b00000| Untracked 
| 156|0x0000000089c00000, 0x0000000089c00000, 0x0000000089d00000|  0%| F|  |TAMS 0x0000000089c00000, 0x0000000089c00000| Untracked 
| 157|0x0000000089d00000, 0x0000000089d00000, 0x0000000089e00000|  0%| F|  |TAMS 0x0000000089d00000, 0x0000000089d00000| Untracked 
| 158|0x0000000089e00000, 0x0000000089e00000, 0x0000000089f00000|  0%| F|  |TAMS 0x0000000089e00000, 0x0000000089e00000| Untracked 
| 159|0x0000000089f00000, 0x0000000089f00000, 0x000000008a000000|  0%| F|  |TAMS 0x0000000089f00000, 0x0000000089f00000| Untracked 
| 160|0x000000008a000000, 0x000000008a000000, 0x000000008a100000|  0%| F|  |TAMS 0x000000008a000000, 0x000000008a000000| Untracked 
| 161|0x000000008a100000, 0x000000008a100000, 0x000000008a200000|  0%| F|  |TAMS 0x000000008a100000, 0x000000008a100000| Untracked 
| 162|0x000000008a200000, 0x000000008a200000, 0x000000008a300000|  0%| F|  |TAMS 0x000000008a200000, 0x000000008a200000| Untracked 
| 163|0x000000008a300000, 0x000000008a300000, 0x000000008a400000|  0%| F|  |TAMS 0x000000008a300000, 0x000000008a300000| Untracked 
| 164|0x000000008a400000, 0x000000008a400000, 0x000000008a500000|  0%| F|  |TAMS 0x000000008a400000, 0x000000008a400000| Untracked 
| 165|0x000000008a500000, 0x000000008a500000, 0x000000008a600000|  0%| F|  |TAMS 0x000000008a500000, 0x000000008a500000| Untracked 
| 166|0x000000008a600000, 0x000000008a600000, 0x000000008a700000|  0%| F|  |TAMS 0x000000008a600000, 0x000000008a600000| Untracked 
| 167|0x000000008a700000, 0x000000008a700000, 0x000000008a800000|  0%| F|  |TAMS 0x000000008a700000, 0x000000008a700000| Untracked 
| 168|0x000000008a800000, 0x000000008a800000, 0x000000008a900000|  0%| F|  |TAMS 0x000000008a800000, 0x000000008a800000| Untracked 
| 169|0x000000008a900000, 0x000000008a900000, 0x000000008aa00000|  0%| F|  |TAMS 0x000000008a900000, 0x000000008a900000| Untracked 
| 170|0x000000008aa00000, 0x000000008aa00000, 0x000000008ab00000|  0%| F|  |TAMS 0x000000008aa00000, 0x000000008aa00000| Untracked 
| 171|0x000000008ab00000, 0x000000008ab00000, 0x000000008ac00000|  0%| F|  |TAMS 0x000000008ab00000, 0x000000008ab00000| Untracked 
| 172|0x000000008ac00000, 0x000000008ac00000, 0x000000008ad00000|  0%| F|  |TAMS 0x000000008ac00000, 0x000000008ac00000| Untracked 
| 173|0x000000008ad00000, 0x000000008ad1f380, 0x000000008ae00000| 12%| S|CS|TAMS 0x000000008ad00000, 0x000000008ad00000| Complete 
| 174|0x000000008ae00000, 0x000000008af00000, 0x000000008af00000|100%| S|CS|TAMS 0x000000008ae00000, 0x000000008ae00000| Complete 
| 175|0x000000008af00000, 0x000000008b000000, 0x000000008b000000|100%| S|CS|TAMS 0x000000008af00000, 0x000000008af00000| Complete 
| 176|0x000000008b000000, 0x000000008b100000, 0x000000008b100000|100%| S|CS|TAMS 0x000000008b000000, 0x000000008b000000| Complete 
| 177|0x000000008b100000, 0x000000008b100000, 0x000000008b200000|  0%| F|  |TAMS 0x000000008b100000, 0x000000008b100000| Untracked 
| 178|0x000000008b200000, 0x000000008b200000, 0x000000008b300000|  0%| F|  |TAMS 0x000000008b200000, 0x000000008b200000| Untracked 
| 179|0x000000008b300000, 0x000000008b300000, 0x000000008b400000|  0%| F|  |TAMS 0x000000008b300000, 0x000000008b300000| Untracked 
| 180|0x000000008b400000, 0x000000008b400000, 0x000000008b500000|  0%| F|  |TAMS 0x000000008b400000, 0x000000008b400000| Untracked 
| 181|0x000000008b500000, 0x000000008b500000, 0x000000008b600000|  0%| F|  |TAMS 0x000000008b500000, 0x000000008b500000| Untracked 
| 182|0x000000008b600000, 0x000000008b600000, 0x000000008b700000|  0%| F|  |TAMS 0x000000008b600000, 0x000000008b600000| Untracked 
| 183|0x000000008b700000, 0x000000008b800000, 0x000000008b800000|100%| S|CS|TAMS 0x000000008b700000, 0x000000008b700000| Complete 
| 184|0x000000008b800000, 0x000000008b900000, 0x000000008b900000|100%| S|CS|TAMS 0x000000008b800000, 0x000000008b800000| Complete 
| 185|0x000000008b900000, 0x000000008b900000, 0x000000008ba00000|  0%| F|  |TAMS 0x000000008b900000, 0x000000008b900000| Untracked 
| 186|0x000000008ba00000, 0x000000008ba00000, 0x000000008bb00000|  0%| F|  |TAMS 0x000000008ba00000, 0x000000008ba00000| Untracked 
| 187|0x000000008bb00000, 0x000000008bb00000, 0x000000008bc00000|  0%| F|  |TAMS 0x000000008bb00000, 0x000000008bb00000| Untracked 
| 188|0x000000008bc00000, 0x000000008bc00000, 0x000000008bd00000|  0%| F|  |TAMS 0x000000008bc00000, 0x000000008bc00000| Untracked 
| 189|0x000000008bd00000, 0x000000008bd00000, 0x000000008be00000|  0%| F|  |TAMS 0x000000008bd00000, 0x000000008bd00000| Untracked 
| 190|0x000000008be00000, 0x000000008be00000, 0x000000008bf00000|  0%| F|  |TAMS 0x000000008be00000, 0x000000008be00000| Untracked 
| 191|0x000000008bf00000, 0x000000008bf00000, 0x000000008c000000|  0%| F|  |TAMS 0x000000008bf00000, 0x000000008bf00000| Untracked 
| 192|0x000000008c000000, 0x000000008c000000, 0x000000008c100000|  0%| F|  |TAMS 0x000000008c000000, 0x000000008c000000| Untracked 
| 193|0x000000008c100000, 0x000000008c100000, 0x000000008c200000|  0%| F|  |TAMS 0x000000008c100000, 0x000000008c100000| Untracked 
| 194|0x000000008c200000, 0x000000008c200000, 0x000000008c300000|  0%| F|  |TAMS 0x000000008c200000, 0x000000008c200000| Untracked 
| 195|0x000000008c300000, 0x000000008c300000, 0x000000008c400000|  0%| F|  |TAMS 0x000000008c300000, 0x000000008c300000| Untracked 
| 196|0x000000008c400000, 0x000000008c400000, 0x000000008c500000|  0%| F|  |TAMS 0x000000008c400000, 0x000000008c400000| Untracked 
| 197|0x000000008c500000, 0x000000008c500000, 0x000000008c600000|  0%| F|  |TAMS 0x000000008c500000, 0x000000008c500000| Untracked 
| 198|0x000000008c600000, 0x000000008c600000, 0x000000008c700000|  0%| F|  |TAMS 0x000000008c600000, 0x000000008c600000| Untracked 
| 199|0x000000008c700000, 0x000000008c700000, 0x000000008c800000|  0%| F|  |TAMS 0x000000008c700000, 0x000000008c700000| Untracked 
| 200|0x000000008c800000, 0x000000008c800000, 0x000000008c900000|  0%| F|  |TAMS 0x000000008c800000, 0x000000008c800000| Untracked 
| 201|0x000000008c900000, 0x000000008c900000, 0x000000008ca00000|  0%| F|  |TAMS 0x000000008c900000, 0x000000008c900000| Untracked 
| 202|0x000000008ca00000, 0x000000008ca00000, 0x000000008cb00000|  0%| F|  |TAMS 0x000000008ca00000, 0x000000008ca00000| Untracked 
| 203|0x000000008cb00000, 0x000000008cb00000, 0x000000008cc00000|  0%| F|  |TAMS 0x000000008cb00000, 0x000000008cb00000| Untracked 
| 204|0x000000008cc00000, 0x000000008cc00000, 0x000000008cd00000|  0%| F|  |TAMS 0x000000008cc00000, 0x000000008cc00000| Untracked 
| 205|0x000000008cd00000, 0x000000008cd00000, 0x000000008ce00000|  0%| F|  |TAMS 0x000000008cd00000, 0x000000008cd00000| Untracked 
| 206|0x000000008ce00000, 0x000000008ce00000, 0x000000008cf00000|  0%| F|  |TAMS 0x000000008ce00000, 0x000000008ce00000| Untracked 
| 207|0x000000008cf00000, 0x000000008cf00000, 0x000000008d000000|  0%| F|  |TAMS 0x000000008cf00000, 0x000000008cf00000| Untracked 
| 208|0x000000008d000000, 0x000000008d000000, 0x000000008d100000|  0%| F|  |TAMS 0x000000008d000000, 0x000000008d000000| Untracked 
| 209|0x000000008d100000, 0x000000008d100000, 0x000000008d200000|  0%| F|  |TAMS 0x000000008d100000, 0x000000008d100000| Untracked 
| 210|0x000000008d200000, 0x000000008d200000, 0x000000008d300000|  0%| F|  |TAMS 0x000000008d200000, 0x000000008d200000| Untracked 
| 211|0x000000008d300000, 0x000000008d300000, 0x000000008d400000|  0%| F|  |TAMS 0x000000008d300000, 0x000000008d300000| Untracked 
| 212|0x000000008d400000, 0x000000008d400000, 0x000000008d500000|  0%| F|  |TAMS 0x000000008d400000, 0x000000008d400000| Untracked 
| 213|0x000000008d500000, 0x000000008d500000, 0x000000008d600000|  0%| F|  |TAMS 0x000000008d500000, 0x000000008d500000| Untracked 
| 214|0x000000008d600000, 0x000000008d600000, 0x000000008d700000|  0%| F|  |TAMS 0x000000008d600000, 0x000000008d600000| Untracked 
| 215|0x000000008d700000, 0x000000008d700000, 0x000000008d800000|  0%| F|  |TAMS 0x000000008d700000, 0x000000008d700000| Untracked 
| 216|0x000000008d800000, 0x000000008d800000, 0x000000008d900000|  0%| F|  |TAMS 0x000000008d800000, 0x000000008d800000| Untracked 
| 217|0x000000008d900000, 0x000000008d900000, 0x000000008da00000|  0%| F|  |TAMS 0x000000008d900000, 0x000000008d900000| Untracked 
| 218|0x000000008da00000, 0x000000008da00000, 0x000000008db00000|  0%| F|  |TAMS 0x000000008da00000, 0x000000008da00000| Untracked 
| 219|0x000000008db00000, 0x000000008db00000, 0x000000008dc00000|  0%| F|  |TAMS 0x000000008db00000, 0x000000008db00000| Untracked 
| 220|0x000000008dc00000, 0x000000008dc00000, 0x000000008dd00000|  0%| F|  |TAMS 0x000000008dc00000, 0x000000008dc00000| Untracked 
| 221|0x000000008dd00000, 0x000000008dd00000, 0x000000008de00000|  0%| F|  |TAMS 0x000000008dd00000, 0x000000008dd00000| Untracked 
| 222|0x000000008de00000, 0x000000008de00000, 0x000000008df00000|  0%| F|  |TAMS 0x000000008de00000, 0x000000008de00000| Untracked 
| 223|0x000000008df00000, 0x000000008df00000, 0x000000008e000000|  0%| F|  |TAMS 0x000000008df00000, 0x000000008df00000| Untracked 
| 224|0x000000008e000000, 0x000000008e000000, 0x000000008e100000|  0%| F|  |TAMS 0x000000008e000000, 0x000000008e000000| Untracked 
| 225|0x000000008e100000, 0x000000008e100000, 0x000000008e200000|  0%| F|  |TAMS 0x000000008e100000, 0x000000008e100000| Untracked 
| 226|0x000000008e200000, 0x000000008e200000, 0x000000008e300000|  0%| F|  |TAMS 0x000000008e200000, 0x000000008e200000| Untracked 

Card table byte_map: [0x0000015713e30000,0x0000015714230000] _byte_map_base: 0x0000015713a30000

Marking Bits (Prev, Next): (CMBitMap*) 0x000001577ef0e618, (CMBitMap*) 0x000001577ef0e650
 Prev Bits: [0x0000015714630000, 0x0000015716630000)
 Next Bits: [0x0000015716630000, 0x0000015718630000)

Polling page: 0x000001577ea50000

Metaspace:

Usage:
  Non-class:     85.49 MB capacity,    83.97 MB ( 98%) used,     1.22 MB (  1%) free+waste,   312.00 KB ( <1%) overhead. 
      Class:     13.70 MB capacity,    12.71 MB ( 93%) used,   868.41 KB (  6%) free+waste,   142.56 KB (  1%) overhead. 
       Both:     99.19 MB capacity,    96.68 MB ( 97%) used,     2.06 MB (  2%) free+waste,   454.56 KB ( <1%) overhead. 

Virtual space:
  Non-class space:       86.00 MB reserved,      85.62 MB (>99%) committed 
      Class space:        1.00 GB reserved,      13.75 MB (  1%) committed 
             Both:        1.08 GB reserved,      99.37 MB (  9%) committed 

Chunk freelists:
   Non-Class:  8.00 KB
       Class:  20.00 KB
        Both:  28.00 KB

MaxMetaspaceSize: 17179869184.00 GB
CompressedClassSpaceSize: 1.00 GB

CodeHeap 'non-profiled nmethods': size=120000Kb used=6852Kb max_used=6852Kb free=113147Kb
 bounds [0x000001570c900000, 0x000001570cfc0000, 0x0000015713e30000]
CodeHeap 'profiled nmethods': size=120000Kb used=27361Kb max_used=27361Kb free=92638Kb
 bounds [0x00000157053d0000, 0x0000015706e90000, 0x000001570c900000]
CodeHeap 'non-nmethods': size=5760Kb used=2319Kb max_used=2379Kb free=3440Kb
 bounds [0x0000015704e30000, 0x00000157050a0000, 0x00000157053d0000]
 total_blobs=13521 nmethods=12607 adapters=824
 compilation: enabled
              stopped_count=0, restarted_count=0
 full_count=0

Compilation events (20 events):
Event: 24.789 Thread 0x000001571af8b000 nmethod 12809 0x0000015706e4a390 code [0x0000015706e4ab00, 0x0000015706e4d708]
Event: 24.789 Thread 0x000001571af8b000 12816       2       com.android.tools.r8.internal.WR0::c (1150 bytes)
Event: 24.794 Thread 0x000001571af8b000 nmethod 12816 0x0000015706e4f410 code [0x0000015706e4fae0, 0x0000015706e52668]
Event: 24.794 Thread 0x000001571af8b000 12829       3       com.android.tools.r8.ir.regalloc.b::c (3939 bytes)
Event: 24.837 Thread 0x000001571af8b000 nmethod 12829 0x0000015706e54010 code [0x0000015706e560e0, 0x0000015706e6bc88]
Event: 24.837 Thread 0x000001571af8b000 12837       3       com.android.tools.r8.internal.x::putAll (124 bytes)
Event: 24.837 Thread 0x000001571af8b000 nmethod 12837 0x0000015706e72f10 code [0x0000015706e731e0, 0x0000015706e741d8]
Event: 24.837 Thread 0x000001571af8b000 12834 %     3       com.android.tools.r8.internal.MI0::a @ 3 (80 bytes)
Event: 24.838 Thread 0x000001571af8b000 nmethod 12834% 0x0000015706e74590 code [0x0000015706e747e0, 0x0000015706e75188]
Event: 24.838 Thread 0x000001571af8b000 12843       3       com.android.tools.r8.internal.VE0::a (79 bytes)
Event: 24.838 Thread 0x000001571af8b000 nmethod 12843 0x0000015706e75410 code [0x0000015706e75600, 0x0000015706e75c18]
Event: 24.838 Thread 0x000001571af8b000 12832       3       com.android.tools.r8.internal.TX0::p2 (44 bytes)
Event: 24.838 Thread 0x000001571af8b000 nmethod 12832 0x0000015706e75e90 code [0x0000015706e760a0, 0x0000015706e76638]
Event: 24.838 Thread 0x000001571af8b000 12841       3       com.android.tools.r8.internal.hI0::j (631 bytes)
Event: 24.845 Thread 0x000001571af8b000 nmethod 12841 0x0000015706e76810 code [0x0000015706e77240, 0x0000015706e7e738]
Event: 24.845 Thread 0x000001571af8b000 12851       3       com.android.tools.r8.internal.pe1::a (430 bytes)
Event: 24.849 Thread 0x000001571af8b000 nmethod 12851 0x0000015706e80f10 code [0x0000015706e81680, 0x0000015706e864d8]
Event: 24.849 Thread 0x000001571af8b000 12814       2       java.util.HashMap$EntrySpliterator::forEachRemaining (183 bytes)
Event: 24.850 Thread 0x000001571af8b000 nmethod 12814 0x0000015706e87e10 code [0x0000015706e88000, 0x0000015706e884e8]
Event: 24.850 Thread 0x000001571af8b000 12817       2       com.android.tools.r8.internal.hI0::s (281 bytes)

GC Heap History (20 events):
Event: 23.471 GC heap after
{Heap after GC invocations=33 (full 0):
 garbage-first heap   total 129024K, used 93829K [0x0000000080000000, 0x0000000100000000)
  region size 1024K, 3 young (3072K), 3 survivors (3072K)
 Metaspace       used 94164K, capacity 96595K, committed 96764K, reserved 1132544K
  class space    used 12386K, capacity 13345K, committed 13440K, reserved 1048576K
}
Event: 23.521 GC heap before
{Heap before GC invocations=33 (full 0):
 garbage-first heap   total 129024K, used 108165K [0x0000000080000000, 0x0000000100000000)
  region size 1024K, 17 young (17408K), 3 survivors (3072K)
 Metaspace       used 94752K, capacity 97204K, committed 97404K, reserved 1132544K
  class space    used 12496K, capacity 13461K, committed 13568K, reserved 1048576K
}
Event: 23.528 GC heap after
{Heap after GC invocations=34 (full 0):
 garbage-first heap   total 129024K, used 96797K [0x0000000080000000, 0x0000000100000000)
  region size 1024K, 3 young (3072K), 3 survivors (3072K)
 Metaspace       used 94752K, capacity 97204K, committed 97404K, reserved 1132544K
  class space    used 12496K, capacity 13461K, committed 13568K, reserved 1048576K
}
Event: 23.559 GC heap before
{Heap before GC invocations=34 (full 0):
 garbage-first heap   total 129024K, used 109085K [0x0000000080000000, 0x0000000100000000)
  region size 1024K, 15 young (15360K), 3 survivors (3072K)
 Metaspace       used 95050K, capacity 97531K, committed 97660K, reserved 1134592K
  class space    used 12531K, capacity 13507K, committed 13568K, reserved 1048576K
}
Event: 23.566 GC heap after
{Heap after GC invocations=35 (full 0):
 garbage-first heap   total 155648K, used 98991K [0x0000000080000000, 0x0000000100000000)
  region size 1024K, 2 young (2048K), 2 survivors (2048K)
 Metaspace       used 95050K, capacity 97531K, committed 97660K, reserved 1134592K
  class space    used 12531K, capacity 13507K, committed 13568K, reserved 1048576K
}
Event: 23.676 GC heap before
{Heap before GC invocations=36 (full 0):
 garbage-first heap   total 155648K, used 121519K [0x0000000080000000, 0x0000000100000000)
  region size 1024K, 24 young (24576K), 2 survivors (2048K)
 Metaspace       used 95465K, capacity 97913K, committed 98300K, reserved 1134592K
  class space    used 12595K, capacity 13543K, committed 13696K, reserved 1048576K
}
Event: 23.687 GC heap after
{Heap after GC invocations=37 (full 0):
 garbage-first heap   total 155648K, used 103996K [0x0000000080000000, 0x0000000100000000)
  region size 1024K, 3 young (3072K), 3 survivors (3072K)
 Metaspace       used 95465K, capacity 97913K, committed 98300K, reserved 1134592K
  class space    used 12595K, capacity 13543K, committed 13696K, reserved 1048576K
}
Event: 23.738 GC heap before
{Heap before GC invocations=37 (full 0):
 garbage-first heap   total 155648K, used 124476K [0x0000000080000000, 0x0000000100000000)
  region size 1024K, 23 young (23552K), 3 survivors (3072K)
 Metaspace       used 95891K, capacity 98373K, committed 98556K, reserved 1134592K
  class space    used 12679K, capacity 13632K, committed 13696K, reserved 1048576K
}
Event: 23.749 GC heap after
{Heap after GC invocations=38 (full 0):
 garbage-first heap   total 155648K, used 107693K [0x0000000080000000, 0x0000000100000000)
  region size 1024K, 3 young (3072K), 3 survivors (3072K)
 Metaspace       used 95891K, capacity 98373K, committed 98556K, reserved 1134592K
  class space    used 12679K, capacity 13632K, committed 13696K, reserved 1048576K
}
Event: 23.829 GC heap before
{Heap before GC invocations=38 (full 0):
 garbage-first heap   total 155648K, used 127149K [0x0000000080000000, 0x0000000100000000)
  region size 1024K, 22 young (22528K), 3 survivors (3072K)
 Metaspace       used 96001K, capacity 98481K, committed 98556K, reserved 1134592K
  class space    used 12698K, capacity 13667K, committed 13696K, reserved 1048576K
}
Event: 23.837 GC heap after
{Heap after GC invocations=39 (full 0):
 garbage-first heap   total 155648K, used 111169K [0x0000000080000000, 0x0000000100000000)
  region size 1024K, 3 young (3072K), 3 survivors (3072K)
 Metaspace       used 96001K, capacity 98481K, committed 98556K, reserved 1134592K
  class space    used 12698K, capacity 13667K, committed 13696K, reserved 1048576K
}
Event: 23.974 GC heap before
{Heap before GC invocations=40 (full 0):
 garbage-first heap   total 155648K, used 129601K [0x0000000080000000, 0x0000000100000000)
  region size 1024K, 21 young (21504K), 3 survivors (3072K)
 Metaspace       used 95957K, capacity 98372K, committed 98940K, reserved 1134592K
  class space    used 12647K, capacity 13551K, committed 13824K, reserved 1048576K
}
Event: 23.983 GC heap after
{Heap after GC invocations=41 (full 0):
 garbage-first heap   total 232448K, used 114403K [0x0000000080000000, 0x0000000100000000)
  region size 1024K, 3 young (3072K), 3 survivors (3072K)
 Metaspace       used 95957K, capacity 98372K, committed 98940K, reserved 1134592K
  class space    used 12647K, capacity 13551K, committed 13824K, reserved 1048576K
}
Event: 24.029 GC heap before
{Heap before GC invocations=41 (full 0):
 garbage-first heap   total 232448K, used 122595K [0x0000000080000000, 0x0000000100000000)
  region size 1024K, 11 young (11264K), 3 survivors (3072K)
 Metaspace       used 96139K, capacity 98522K, committed 99196K, reserved 1134592K
  class space    used 12671K, capacity 13557K, committed 13824K, reserved 1048576K
}
Event: 24.035 GC heap after
{Heap after GC invocations=42 (full 0):
 garbage-first heap   total 232448K, used 115765K [0x0000000080000000, 0x0000000100000000)
  region size 1024K, 2 young (2048K), 2 survivors (2048K)
 Metaspace       used 96139K, capacity 98522K, committed 99196K, reserved 1134592K
  class space    used 12671K, capacity 13557K, committed 13824K, reserved 1048576K
}
Event: 24.341 GC heap before
{Heap before GC invocations=42 (full 0):
 garbage-first heap   total 232448K, used 153653K [0x0000000080000000, 0x0000000100000000)
  region size 1024K, 40 young (40960K), 2 survivors (2048K)
 Metaspace       used 98146K, capacity 100608K, committed 100860K, reserved 1136640K
  class space    used 12922K, capacity 13860K, committed 13952K, reserved 1048576K
}
Event: 24.351 GC heap after
{Heap after GC invocations=43 (full 0):
 garbage-first heap   total 232448K, used 118496K [0x0000000080000000, 0x0000000100000000)
  region size 1024K, 4 young (4096K), 4 survivors (4096K)
 Metaspace       used 98146K, capacity 100608K, committed 100860K, reserved 1136640K
  class space    used 12922K, capacity 13860K, committed 13952K, reserved 1048576K
}
Event: 24.621 GC heap before
{Heap before GC invocations=44 (full 0):
 garbage-first heap   total 232448K, used 158432K [0x0000000080000000, 0x0000000100000000)
  region size 1024K, 44 young (45056K), 4 survivors (4096K)
 Metaspace       used 98835K, capacity 101382K, committed 101500K, reserved 1136640K
  class space    used 12996K, capacity 13989K, committed 14080K, reserved 1048576K
}
Event: 24.631 GC heap after
{Heap after GC invocations=45 (full 0):
 garbage-first heap   total 232448K, used 121839K [0x0000000080000000, 0x0000000100000000)
  region size 1024K, 6 young (6144K), 6 survivors (6144K)
 Metaspace       used 98835K, capacity 101382K, committed 101500K, reserved 1136640K
  class space    used 12996K, capacity 13989K, committed 14080K, reserved 1048576K
}
Event: 24.851 GC heap before
{Heap before GC invocations=45 (full 0):
 garbage-first heap   total 232448K, used 163823K [0x0000000080000000, 0x0000000100000000)
  region size 1024K, 48 young (49152K), 6 survivors (6144K)
 Metaspace       used 99000K, capacity 101568K, committed 101756K, reserved 1136640K
  class space    used 13017K, capacity 14028K, committed 14080K, reserved 1048576K
}

Deoptimization events (20 events):
Event: 24.745 Thread 0x000001571f997000 DEOPT PACKING pc=0x00000157067869cc sp=0x00000046c0dff100
Event: 24.745 Thread 0x000001571f997000 DEOPT UNPACKING pc=0x0000015704e57c0e sp=0x00000046c0dfe6d0 mode 0
Event: 24.746 Thread 0x000001571f990800 Uncommon trap: trap_request=0xffffff4d fr.pc=0x000001570cdc01f0 relative=0x0000000000000d50
Event: 24.746 Thread 0x000001571f990800 Uncommon trap: reason=unstable_if action=reinterpret pc=0x000001570cdc01f0 method=com.google.common.collect.MapMakerInternalMap$Segment.drainKeyReferenceQueue(Ljava/lang/ref/ReferenceQueue;)V @ 8 c2
Event: 24.746 Thread 0x000001571f990800 DEOPT PACKING pc=0x000001570cdc01f0 sp=0x00000046c06fde80
Event: 24.746 Thread 0x000001571f990800 DEOPT UNPACKING pc=0x0000015704e383af sp=0x00000046c06fdd80 mode 2
Event: 24.751 Thread 0x000001571c988800 DEOPT PACKING pc=0x0000015706d508c6 sp=0x00000046c2ff99d0
Event: 24.751 Thread 0x000001571c988800 DEOPT UNPACKING pc=0x0000015704e57c0e sp=0x00000046c2ff8e48 mode 0
Event: 24.753 Thread 0x000001572021b800 DEOPT PACKING pc=0x00000157067869cc sp=0x00000046c20ff180
Event: 24.753 Thread 0x000001572021b800 DEOPT UNPACKING pc=0x0000015704e57c0e sp=0x00000046c20fe750 mode 0
Event: 24.754 Thread 0x0000015721ddf000 DEOPT PACKING pc=0x00000157067869cc sp=0x00000046c4eff110
Event: 24.754 Thread 0x0000015721ddf000 DEOPT UNPACKING pc=0x0000015704e57c0e sp=0x00000046c4efe6e0 mode 0
Event: 24.794 Thread 0x0000015720219000 DEOPT PACKING pc=0x0000015706d8fe90 sp=0x00000046c1bf8ca0
Event: 24.794 Thread 0x0000015720219000 DEOPT UNPACKING pc=0x0000015704e57c0e sp=0x00000046c1bf8458 mode 0
Event: 24.818 Thread 0x0000015721de8800 DEOPT PACKING pc=0x0000015706d508c6 sp=0x00000046c56f8e90
Event: 24.818 Thread 0x0000015721de8800 DEOPT UNPACKING pc=0x0000015704e57c0e sp=0x00000046c56f8308 mode 0
Event: 24.835 Thread 0x0000015720219000 DEOPT PACKING pc=0x0000015706c11e63 sp=0x00000046c1bf9550
Event: 24.835 Thread 0x0000015720219000 DEOPT UNPACKING pc=0x0000015704e57c0e sp=0x00000046c1bf8b78 mode 0
Event: 24.841 Thread 0x0000015721de8800 DEOPT PACKING pc=0x0000015706c427ff sp=0x00000046c56f9890
Event: 24.841 Thread 0x0000015721de8800 DEOPT UNPACKING pc=0x0000015704e57c0e sp=0x00000046c56f8e50 mode 0

Classes redefined (0 events):
No events

Internal exceptions (20 events):
Event: 23.096 Thread 0x0000015721de8800 Exception <a 'java/lang/IncompatibleClassChangeError'{0x0000000086d71a98}: Found class java.lang.Object, but interface was expected> (0x0000000086d71a98) thrown at [./src/hotspot/share/interpreter/linkResolver.cpp, line 839]
Event: 23.119 Thread 0x0000015721de8800 Exception <a 'java/lang/NoSuchMethodError'{0x00000000869043f8}: 'int java.lang.invoke.DirectMethodHandle$Holder.invokeVirtual(java.lang.Object, java.lang.Object, java.lang.Object)'> (0x00000000869043f8) thrown at [./src/hotspot/share/interpreter/linkResolver.cpp, line 773]
Event: 23.293 Thread 0x000001571c987800 Exception <a 'java/lang/NoSuchMethodError'{0x0000000087561930}: 'java.lang.Object java.lang.invoke.DirectMethodHandle$Holder.invokeStatic(java.lang.Object, int, java.lang.Object, java.lang.Object)'> (0x0000000087561930) thrown at [./src/hotspot/share/interpreter/linkResolver.cpp, line 773]
Event: 23.293 Thread 0x000001571f997000 Exception <a 'java/lang/NoSuchMethodError'{0x000000008751b468}: 'java.lang.Object java.lang.invoke.DirectMethodHandle$Holder.invokeStatic(java.lang.Object, int, java.lang.Object, java.lang.Object)'> (0x000000008751b468) thrown at [./src/hotspot/share/interpreter/linkResolver.cpp, line 773]
Event: 23.293 Thread 0x0000015721de8800 Exception <a 'java/lang/NoSuchMethodError'{0x0000000087527060}: 'java.lang.Object java.lang.invoke.DirectMethodHandle$Holder.invokeStatic(java.lang.Object, int, java.lang.Object, java.lang.Object)'> (0x0000000087527060) thrown at [./src/hotspot/share/interpreter/linkResolver.cpp, line 773]
Event: 23.365 Thread 0x0000015720219000 Exception <a 'sun/nio/fs/WindowsException'{0x0000000087da5d50}> (0x0000000087da5d50) thrown at [./src/hotspot/share/prims/jni.cpp, line 615]
Event: 23.441 Thread 0x0000015721de8800 Exception <a 'java/lang/NoSuchMethodError'{0x00000000870c2048}: 'java.lang.Object java.lang.invoke.DirectMethodHandle$Holder.invokeVirtual(java.lang.Object, java.lang.Object, int, java.lang.Object)'> (0x00000000870c2048) thrown at [./src/hotspot/share/interpreter/linkResolver.cpp, line 773]
Event: 23.441 Thread 0x000001571c987800 Exception <a 'java/lang/NoSuchMethodError'{0x00000000870f0730}: 'java.lang.Object java.lang.invoke.DirectMethodHandle$Holder.invokeVirtual(java.lang.Object, java.lang.Object, int, java.lang.Object)'> (0x00000000870f0730) thrown at [./src/hotspot/share/interpreter/linkResolver.cpp, line 773]
Event: 23.449 Thread 0x000001571f997000 Exception <a 'java/lang/NoSuchMethodError'{0x0000000086f08a38}: 'java.lang.Object java.lang.invoke.DirectMethodHandle$Holder.invokeVirtual(java.lang.Object, java.lang.Object, int, java.lang.Object)'> (0x0000000086f08a38) thrown at [./src/hotspot/share/interpreter/linkResolver.cpp, line 773]
Event: 23.455 Thread 0x000001571c987800 Exception <a 'java/lang/IncompatibleClassChangeError'{0x0000000086e43278}: Found class java.lang.Object, but interface was expected> (0x0000000086e43278) thrown at [./src/hotspot/share/interpreter/linkResolver.cpp, line 839]
Event: 23.456 Thread 0x000001571c987800 Exception <a 'java/lang/IncompatibleClassChangeError'{0x0000000086e98f70}: Found class java.lang.Object, but interface was expected> (0x0000000086e98f70) thrown at [./src/hotspot/share/interpreter/linkResolver.cpp, line 839]
Event: 23.495 Thread 0x000001571f997000 Exception <a 'java/lang/NoSuchMethodError'{0x0000000087cab840}: 'void java.lang.invoke.DirectMethodHandle$Holder.invokeVirtual(java.lang.Object, java.lang.Object, int, java.lang.Object)'> (0x0000000087cab840) thrown at [./src/hotspot/share/interpreter/linkResolver.cpp, line 773]
Event: 23.624 Thread 0x0000015721de8800 Exception <a 'java/lang/NoSuchMethodError'{0x0000000088e052f0}: 'java.lang.Object java.lang.invoke.DirectMethodHandle$Holder.newInvokeSpecial(java.lang.Object, int)'> (0x0000000088e052f0) thrown at [./src/hotspot/share/interpreter/linkResolver.cpp, line 773]
Event: 24.185 Thread 0x000001571f997000 Exception <a 'java/lang/NoSuchMethodError'{0x000000008c9e6980}: 'java.lang.Object java.lang.invoke.Invokers$Holder.linkToTargetMethod(java.lang.Object, int, java.lang.Object, java.lang.Object, java.lang.Object, java.lang.Object)'> (0x000000008c9e6980) thrown at [./src/hotspot/share/interpreter/linkResolver.cpp, line 773]
Event: 24.187 Thread 0x000001571f997000 Exception <a 'java/lang/NoSuchMethodError'{0x000000008c814a18}: 'java.lang.Object java.lang.invoke.Invokers$Holder.linkToTargetMethod(java.lang.Object, java.lang.Object, java.lang.Object, int, java.lang.Object, java.lang.Object, java.lang.Object)'> (0x000000008c814a18) thrown at [./src/hotspot/share/interpreter/linkResolver.cpp, line 773]
Event: 24.189 Thread 0x000001571f997000 Exception <a 'java/lang/NoSuchMethodError'{0x000000008c836908}: 'void java.lang.invoke.DirectMethodHandle$Holder.invokeStatic(java.lang.Object, java.lang.Object, java.lang.Object, java.lang.Object, java.lang.Object, java.lang.Object, java.lang.Object, java.lang.Object)'> (0x000000008c836908) thrown at [./src/hotspot/share/interpreter/linkResolver.cpp, line 773]
Event: 24.323 Thread 0x000001571f997000 Exception <a 'java/lang/IncompatibleClassChangeError'{0x000000008be14110}: Found class java.lang.Object, but interface was expected> (0x000000008be14110) thrown at [./src/hotspot/share/interpreter/linkResolver.cpp, line 839]
Event: 24.506 Thread 0x000001571f997000 Exception <a 'java/lang/NoSuchMethodError'{0x000000008c61b490}: 'void java.lang.invoke.DirectMethodHandle$Holder.invokeVirtual(java.lang.Object, java.lang.Object, int)'> (0x000000008c61b490) thrown at [./src/hotspot/share/interpreter/linkResolver.cpp, line 773]
Event: 24.676 Thread 0x000001571f997000 Exception <a 'sun/nio/fs/WindowsException'{0x000000008e269e08}> (0x000000008e269e08) thrown at [./src/hotspot/share/prims/jni.cpp, line 615]
Event: 24.743 Thread 0x000001571c987800 Exception <a 'sun/nio/fs/WindowsException'{0x000000008cb8efd0}> (0x000000008cb8efd0) thrown at [./src/hotspot/share/prims/jni.cpp, line 615]

Events (20 events):
Event: 24.664 loading class com/android/tools/r8/graph/H1 done
Event: 24.673 loading class com/android/tools/r8/dex/u
Event: 24.673 loading class com/android/tools/r8/dex/u done
Event: 24.674 loading class com/android/tools/r8/ByteDataView
Event: 24.674 loading class com/android/tools/r8/ByteDataView done
Event: 24.675 loading class com/android/tools/r8/internal/xM0
Event: 24.675 loading class com/android/tools/r8/internal/xM0 done
Event: 24.676 loading class com/android/tools/r8/internal/WH0
Event: 24.676 loading class com/android/tools/r8/internal/WH0 done
Event: 24.676 loading class com/android/tools/r8/internal/VH0
Event: 24.676 loading class com/android/tools/r8/internal/VH0 done
Event: 24.677 loading class com/android/tools/r8/internal/UH0
Event: 24.677 loading class com/android/tools/r8/internal/UH0 done
Event: 24.712 Executing VM operation: ICBufferFull
Event: 24.713 Executing VM operation: ICBufferFull done
Event: 24.771 loading class com/android/tools/r8/internal/A91
Event: 24.771 loading class com/android/tools/r8/internal/A91 done
Event: 24.771 loading class com/android/tools/r8/internal/A91
Event: 24.771 loading class com/android/tools/r8/internal/A91 done
Event: 24.850 Executing VM operation: G1CollectForAllocation


Dynamic libraries:
0x00007ff6b5170000 - 0x00007ff6b517a000 	C:\Program Files\Android\Android Studio\jre\bin\java.exe
0x00007ffb1cdf0000 - 0x00007ffb1cfe8000 	C:\WINDOWS\SYSTEM32\ntdll.dll
0x00007ffb1b180000 - 0x00007ffb1b23d000 	C:\WINDOWS\System32\KERNEL32.DLL
0x00007ffb1a8d0000 - 0x00007ffb1ab9e000 	C:\WINDOWS\System32\KERNELBASE.dll
0x00007ffb1a510000 - 0x00007ffb1a610000 	C:\WINDOWS\System32\ucrtbase.dll
0x00007ffb07cf0000 - 0x00007ffb07d09000 	C:\Program Files\Android\Android Studio\jre\bin\jli.dll
0x00007ffb1ae60000 - 0x00007ffb1b000000 	C:\WINDOWS\System32\USER32.dll
0x00007ffb1a610000 - 0x00007ffb1a632000 	C:\WINDOWS\System32\win32u.dll
0x00007ffb1b660000 - 0x00007ffb1b68a000 	C:\WINDOWS\System32\GDI32.dll
0x00007ffb1acb0000 - 0x00007ffb1adbb000 	C:\WINDOWS\System32\gdi32full.dll
0x00007ffb1ac10000 - 0x00007ffb1acad000 	C:\WINDOWS\System32\msvcp_win.dll
0x00007ffb19bd0000 - 0x00007ffb19e6a000 	C:\WINDOWS\WinSxS\amd64_microsoft.windows.common-controls_6595b64144ccf1df_6.0.19041.1110_none_60b5254171f9507e\COMCTL32.dll
0x00007ffb1be50000 - 0x00007ffb1beee000 	C:\WINDOWS\System32\msvcrt.dll
0x00007ffb07710000 - 0x00007ffb07727000 	C:\Program Files\Android\Android Studio\jre\bin\VCRUNTIME140.dll
0x00007ffb1b420000 - 0x00007ffb1b450000 	C:\WINDOWS\System32\IMM32.DLL
0x00007ffae9840000 - 0x00007ffae98dd000 	C:\Program Files\Android\Android Studio\jre\bin\msvcp140.dll
0x00007ffa89020000 - 0x00007ffa89af5000 	C:\Program Files\Android\Android Studio\jre\bin\server\jvm.dll
0x00007ffb1c380000 - 0x00007ffb1c42e000 	C:\WINDOWS\System32\ADVAPI32.dll
0x00007ffb1ccb0000 - 0x00007ffb1cd4c000 	C:\WINDOWS\System32\sechost.dll
0x00007ffb1c430000 - 0x00007ffb1c555000 	C:\WINDOWS\System32\RPCRT4.dll
0x00007ffb1b3b0000 - 0x00007ffb1b3b8000 	C:\WINDOWS\System32\PSAPI.DLL
0x00007ffb17f80000 - 0x00007ffb17f8a000 	C:\WINDOWS\SYSTEM32\VERSION.dll
0x00007ffad6500000 - 0x00007ffad6509000 	C:\WINDOWS\SYSTEM32\WSOCK32.dll
0x00007ffb1b690000 - 0x00007ffb1b6fb000 	C:\WINDOWS\System32\WS2_32.dll
0x00007ffb01590000 - 0x00007ffb015b7000 	C:\WINDOWS\SYSTEM32\WINMM.dll
0x00007ffb175b0000 - 0x00007ffb175c2000 	C:\WINDOWS\SYSTEM32\kernel.appcore.dll
0x00007ffb10030000 - 0x00007ffb10041000 	C:\Program Files\Android\Android Studio\jre\bin\verify.dll
0x00007ffb19f90000 - 0x00007ffb1a174000 	C:\WINDOWS\SYSTEM32\DBGHELP.DLL
0x00007ffb19e90000 - 0x00007ffb19ebc000 	C:\WINDOWS\SYSTEM32\dbgcore.DLL
0x00007ffb1adc0000 - 0x00007ffb1ae42000 	C:\WINDOWS\System32\bcryptPrimitives.dll
0x00007ffb07cc0000 - 0x00007ffb07ce9000 	C:\Program Files\Android\Android Studio\jre\bin\java.dll
0x00007ffb163e0000 - 0x00007ffb163eb000 	C:\Program Files\Android\Android Studio\jre\bin\jimage.dll
0x00007ffb10010000 - 0x00007ffb10028000 	C:\Program Files\Android\Android Studio\jre\bin\zip.dll
0x00007ffb1b700000 - 0x00007ffb1be44000 	C:\WINDOWS\System32\SHELL32.dll
0x00007ffb177d0000 - 0x00007ffb17f64000 	C:\WINDOWS\SYSTEM32\windows.storage.dll
0x00007ffb1bef0000 - 0x00007ffb1c244000 	C:\WINDOWS\System32\combase.dll
0x00007ffb197a0000 - 0x00007ffb197d0000 	C:\WINDOWS\SYSTEM32\Wldp.dll
0x00007ffb1b0d0000 - 0x00007ffb1b17d000 	C:\WINDOWS\System32\SHCORE.dll
0x00007ffb1cd50000 - 0x00007ffb1cda5000 	C:\WINDOWS\System32\shlwapi.dll
0x00007ffb1a450000 - 0x00007ffb1a46f000 	C:\WINDOWS\SYSTEM32\profapi.dll
0x00007ffb0c300000 - 0x00007ffb0c31a000 	C:\Program Files\Android\Android Studio\jre\bin\net.dll
0x00007ffb13f60000 - 0x00007ffb1406a000 	C:\WINDOWS\SYSTEM32\WINHTTP.dll
0x00007ffb19580000 - 0x00007ffb195ea000 	C:\WINDOWS\system32\mswsock.dll
0x00007ffb07ca0000 - 0x00007ffb07cb4000 	C:\Program Files\Android\Android Studio\jre\bin\nio.dll
0x00007ffb07970000 - 0x00007ffb07997000 	C:\Users\User\.gradle\native\e1d6ef7f7dcc3fd88c89a11ec53ec762bb8ba0a96d01ffa2cd45eb1d1d8dd5c5\windows-amd64\native-platform.dll
0x00007ffad86d0000 - 0x00007ffad8814000 	C:\Users\User\.gradle\native\5664cfc778a61ccfe75a443a1ab52a65af34e5dc3c78e0209fed803814484fcb\windows-amd64\native-platform-file-events.dll
0x00007ffb11fb0000 - 0x00007ffb11fba000 	C:\Program Files\Android\Android Studio\jre\bin\management.dll
0x00007ffb11e70000 - 0x00007ffb11e7d000 	C:\Program Files\Android\Android Studio\jre\bin\management_ext.dll
0x00007ffb1a2a0000 - 0x00007ffb1a2b8000 	C:\WINDOWS\SYSTEM32\CRYPTSP.dll
0x00007ffb18f40000 - 0x00007ffb18f74000 	C:\WINDOWS\system32\rsaenh.dll
0x00007ffb1a640000 - 0x00007ffb1a667000 	C:\WINDOWS\System32\bcrypt.dll
0x00007ffb1a3d0000 - 0x00007ffb1a3fe000 	C:\WINDOWS\SYSTEM32\USERENV.dll
0x00007ffb19710000 - 0x00007ffb1971c000 	C:\WINDOWS\SYSTEM32\CRYPTBASE.dll
0x00007ffb19290000 - 0x00007ffb192cb000 	C:\WINDOWS\SYSTEM32\IPHLPAPI.DLL
0x00007ffb1c370000 - 0x00007ffb1c378000 	C:\WINDOWS\System32\NSI.dll
0x00007ffb10f50000 - 0x00007ffb10f67000 	C:\WINDOWS\SYSTEM32\dhcpcsvc6.DLL
0x00007ffb10f30000 - 0x00007ffb10f4d000 	C:\WINDOWS\SYSTEM32\dhcpcsvc.DLL
0x00007ffb192d0000 - 0x00007ffb1939b000 	C:\WINDOWS\SYSTEM32\DNSAPI.dll

dbghelp: loaded successfully - version: 4.0.5 - missing functions: none
symbol engine: initialized successfully - sym options: 0x614 - pdb path: .;C:\Program Files\Android\Android Studio\jre\bin;C:\WINDOWS\SYSTEM32;C:\WINDOWS\WinSxS\amd64_microsoft.windows.common-controls_6595b64144ccf1df_6.0.19041.1110_none_60b5254171f9507e;C:\Program Files\Android\Android Studio\jre\bin\server;C:\Users\User\.gradle\native\e1d6ef7f7dcc3fd88c89a11ec53ec762bb8ba0a96d01ffa2cd45eb1d1d8dd5c5\windows-amd64;C:\Users\User\.gradle\native\5664cfc778a61ccfe75a443a1ab52a65af34e5dc3c78e0209fed803814484fcb\windows-amd64

VM Arguments:
jvm_args: --add-opens=java.base/java.util=ALL-UNNAMED --add-opens=java.base/java.lang=ALL-UNNAMED --add-opens=java.base/java.lang.invoke=ALL-UNNAMED --add-opens=java.base/java.util=ALL-UNNAMED --add-opens=java.prefs/java.util.prefs=ALL-UNNAMED --add-opens=java.prefs/java.util.prefs=ALL-UNNAMED --add-opens=java.base/java.nio.charset=ALL-UNNAMED --add-opens=java.base/java.net=ALL-UNNAMED --add-opens=java.base/java.util.concurrent.atomic=ALL-UNNAMED -Xmx2048m -Dfile.encoding=UTF-8 -Duser.country=SG -Duser.language=en -Duser.variant 
java_command: org.gradle.launcher.daemon.bootstrap.GradleDaemon 7.2
java_class_path (initial): C:\Users\User\.gradle\wrapper\dists\gradle-7.2-bin\2dnblmf4td7x66yl1d74lt32g\gradle-7.2\lib\gradle-launcher-7.2.jar
Launcher Type: SUN_STANDARD

[Global flags]
     intx CICompilerCount                          = 4                                         {product} {ergonomic}
     uint ConcGCThreads                            = 2                                         {product} {ergonomic}
     uint G1ConcRefinementThreads                  = 8                                         {product} {ergonomic}
   size_t G1HeapRegionSize                         = 1048576                                   {product} {ergonomic}
    uintx GCDrainStackTargetSize                   = 64                                        {product} {ergonomic}
   size_t InitialHeapSize                          = 132120576                                 {product} {ergonomic}
   size_t MarkStackSize                            = 4194304                                   {product} {ergonomic}
   size_t MaxHeapSize                              = 2147483648                                {product} {command line}
   size_t MaxNewSize                               = 1287651328                                {product} {ergonomic}
   size_t MinHeapDeltaBytes                        = 1048576                                   {product} {ergonomic}
    uintx NonNMethodCodeHeapSize                   = 5836300                                {pd product} {ergonomic}
    uintx NonProfiledCodeHeapSize                  = 122910970                              {pd product} {ergonomic}
    uintx ProfiledCodeHeapSize                     = 122910970                              {pd product} {ergonomic}
    uintx ReservedCodeCacheSize                    = 251658240                              {pd product} {ergonomic}
     bool SegmentedCodeCache                       = true                                      {product} {ergonomic}
     bool UseCompressedClassPointers               = true                                 {lp64_product} {ergonomic}
     bool UseCompressedOops                        = true                                 {lp64_product} {ergonomic}
     bool UseG1GC                                  = true                                      {product} {ergonomic}
     bool UseLargePagesIndividualAllocation        = false                                  {pd product} {ergonomic}

Logging:
Log output configuration:
 #0: stdout all=warning uptime,level,tags
 #1: stderr all=off uptime,level,tags

Environment Variables:
PATH=C:\Program Files (x86)\VMware\VMware Workstation\bin\;C:\WINDOWS\system32;C:\WINDOWS;C:\WINDOWS\System32\Wbem;C:\WINDOWS\System32\WindowsPowerShell\v1.0\;C:\WINDOWS\System32\OpenSSH\;C:\Program Files\Git\cmd;C:\Program Files (x86)\GNU\GnuPG\pub;C:\Users\User\AppData\Local\Microsoft\WindowsApps;;C:\Users\User\AppData\Local\Programs\Microsoft VS Code\bin;C:\Users\User\AppData\Local\Programs\mongosh\
USERNAME=User
OS=Windows_NT
PROCESSOR_IDENTIFIER=Intel64 Family 6 Model 140 Stepping 1, GenuineIntel



---------------  S Y S T E M  ---------------

OS: Windows 10 , 64 bit Build 19041 (10.0.19041.1806)
OS uptime: 8 days 1:47 hours
Hyper-V role detected

CPU:total 8 (initial active 8) (4 cores per cpu, 2 threads per core) family 6 model 140 stepping 1 microcode 0x9a, cmov, cx8, fxsr, mmx, sse, sse2, sse3, ssse3, sse4.1, sse4.2, popcnt, avx, avx2, aes, clmul, erms, 3dnowpref, lzcnt, ht, tsc, tscinvbit, bmi1, bmi2, adx, evex, sha, fma

Memory: 4k page, system-wide physical 7991M (387M free)
TotalPageFile size 32567M (AvailPageFile size 56M)
current process WorkingSet (physical memory assigned to process): 393M, peak: 455M
current process commit charge ("private bytes"): 606M, peak: 756M

vm_info: OpenJDK 64-Bit Server VM (11.0.11+9-b60-7590822) for windows-amd64 JRE (11.0.11+9-b60-7590822), built on Jul 29 2021 21:43:44 by "builder" with MS VC++ 14.0 (VS2015)

END.
