#
# There is insufficient memory for the Java Runtime Environment to continue.
# Native memory allocation (malloc) failed to allocate 638656 bytes for Chunk::new
# Possible reasons:
#   The system is out of physical RAM or swap space
#   The process is running with CompressedOops enabled, and the Java Heap may be blocking the growth of the native heap
# Possible solutions:
#   Reduce memory load on the system
#   Increase physical memory or swap space
#   Check if swap backing store is full
#   Decrease Java heap size (-Xmx/-Xms)
#   Decrease number of Java threads
#   Decrease Java thread stack sizes (-Xss)
#   Set larger code cache with -XX:ReservedCodeCacheSize=
#   JVM is running with Unscaled Compressed Oops mode in which the Java heap is
#     placed in the first 4GB address space. The Java Heap base address is the
#     maximum limit for the native heap growth. Please use -XX:HeapBaseMinAddress
#     to set the Java Heap base and to place the Java Heap above 4GB virtual address.
# This output file may be truncated or incomplete.
#
#  Out of Memory Error (./src/hotspot/share/memory/arena.cpp:197), pid=9480, tid=31084
#
# JRE version: OpenJDK Runtime Environment (11.0.11+9) (build 11.0.11+9-b60-7590822)
# Java VM: OpenJDK 64-Bit Server VM (11.0.11+9-b60-7590822, mixed mode, tiered, compressed oops, g1 gc, windows-amd64)
# No core dump will be written. Minidumps are not enabled by default on client versions of Windows
#

---------------  S U M M A R Y ------------

Command Line: --add-opens=java.base/java.util=ALL-UNNAMED --add-opens=java.base/java.lang=ALL-UNNAMED --add-opens=java.base/java.lang.invoke=ALL-UNNAMED --add-opens=java.base/java.util=ALL-UNNAMED --add-opens=java.prefs/java.util.prefs=ALL-UNNAMED --add-opens=java.prefs/java.util.prefs=ALL-UNNAMED --add-opens=java.base/java.nio.charset=ALL-UNNAMED --add-opens=java.base/java.net=ALL-UNNAMED --add-opens=java.base/java.util.concurrent.atomic=ALL-UNNAMED -Xmx2048m -Dfile.encoding=UTF-8 -Duser.country=SG -Duser.language=en -Duser.variant org.gradle.launcher.daemon.bootstrap.GradleDaemon 7.2

Host: 11th Gen Intel(R) Core(TM) i5-1135G7 @ 2.40GHz, 8 cores, 7G,  Windows 10 , 64 bit Build 19041 (10.0.19041.1806)
Time: Tue Aug 16 23:23:25 2022 Malay Peninsula Standard Time elapsed time: 13.977435 seconds (0d 0h 0m 13s)

---------------  T H R E A D  ---------------

Current thread (0x00000240e2f25800):  JavaThread "C2 CompilerThread0" daemon [_thread_in_native, id=31084, stack(0x0000006dcb300000,0x0000006dcb400000)]


Current CompileTask:
C2:  13977 3935       4       jdk.internal.org.objectweb.asm.Frame::execute (2264 bytes)

Stack: [0x0000006dcb300000,0x0000006dcb400000]
Native frames: (J=compiled Java code, j=interpreted, Vv=VM code, C=native code)
V  [jvm.dll+0x5f214a]
V  [jvm.dll+0x726fb5]
V  [jvm.dll+0x7285cd]
V  [jvm.dll+0x728c83]
V  [jvm.dll+0x243278]
V  [jvm.dll+0xbc53c]
V  [jvm.dll+0xbca3c]
V  [jvm.dll+0x2b5c34]
V  [jvm.dll+0x508488]
V  [jvm.dll+0x1fd826]
V  [jvm.dll+0x1fb35f]
V  [jvm.dll+0x183d6c]
V  [jvm.dll+0x209a57]
V  [jvm.dll+0x2082a1]
V  [jvm.dll+0x6ef58f]
V  [jvm.dll+0x6e80b5]
V  [jvm.dll+0x5f1036]
C  [ucrtbase.dll+0x21bb2]
C  [KERNEL32.DLL+0x17034]
C  [ntdll.dll+0x52651]


---------------  P R O C E S S  ---------------

Threads class SMR info:
_java_thread_list=0x00000240e736a790, length=37, elements={
0x00000240c6a8d800, 0x00000240e2f03800, 0x00000240e2f04800, 0x00000240e3883800,
0x00000240e2f1d800, 0x00000240e2f1e800, 0x00000240e2f25800, 0x00000240e2f29800,
0x00000240e2f3b000, 0x00000240e39d7000, 0x00000240e5cbf000, 0x00000240e38cd800,
0x00000240e4a2c000, 0x00000240e5d31800, 0x00000240e6005800, 0x00000240e493a800,
0x00000240e38da800, 0x00000240e58ac000, 0x00000240e58ac800, 0x00000240e5fbb800,
0x00000240e5fb9000, 0x00000240e5fb6800, 0x00000240e5fb6000, 0x00000240e5fb8800,
0x00000240e5fba000, 0x00000240e5fbc800, 0x00000240e5fb7800, 0x00000240e5fba800,
0x00000240e59d5800, 0x00000240e59d2000, 0x00000240e3ac6800, 0x00000240e59d3000,
0x00000240e59d4800, 0x00000240e59d0000, 0x00000240e59d6800, 0x00000240e59d0800,
0x00000240e7e54800
}

Java Threads: ( => current thread )
  0x00000240c6a8d800 JavaThread "main" [_thread_blocked, id=11388, stack(0x0000006dca700000,0x0000006dca800000)]
  0x00000240e2f03800 JavaThread "Reference Handler" daemon [_thread_blocked, id=32352, stack(0x0000006dcae00000,0x0000006dcaf00000)]
  0x00000240e2f04800 JavaThread "Finalizer" daemon [_thread_blocked, id=1908, stack(0x0000006dcaf00000,0x0000006dcb000000)]
  0x00000240e3883800 JavaThread "Signal Dispatcher" daemon [_thread_blocked, id=29668, stack(0x0000006dcb000000,0x0000006dcb100000)]
  0x00000240e2f1d800 JavaThread "Attach Listener" daemon [_thread_blocked, id=21612, stack(0x0000006dcb100000,0x0000006dcb200000)]
  0x00000240e2f1e800 JavaThread "Service Thread" daemon [_thread_blocked, id=16596, stack(0x0000006dcb200000,0x0000006dcb300000)]
=>0x00000240e2f25800 JavaThread "C2 CompilerThread0" daemon [_thread_in_native, id=31084, stack(0x0000006dcb300000,0x0000006dcb400000)]
  0x00000240e2f29800 JavaThread "C1 CompilerThread0" daemon [_thread_in_native, id=18356, stack(0x0000006dcb400000,0x0000006dcb500000)]
  0x00000240e2f3b000 JavaThread "Sweeper thread" daemon [_thread_blocked, id=5056, stack(0x0000006dcb500000,0x0000006dcb600000)]
  0x00000240e39d7000 JavaThread "Common-Cleaner" daemon [_thread_blocked, id=15160, stack(0x0000006dcb600000,0x0000006dcb700000)]
  0x00000240e5cbf000 JavaThread "Daemon health stats" [_thread_blocked, id=14228, stack(0x0000006dcbb00000,0x0000006dcbc00000)]
  0x00000240e38cd800 JavaThread "Incoming local TCP Connector on port 63582" [_thread_in_native, id=9692, stack(0x0000006dcba00000,0x0000006dcbb00000)]
  0x00000240e4a2c000 JavaThread "Daemon periodic checks" [_thread_blocked, id=33024, stack(0x0000006dcbc00000,0x0000006dcbd00000)]
  0x00000240e5d31800 JavaThread "Daemon" [_thread_blocked, id=14264, stack(0x0000006dcbd00000,0x0000006dcbe00000)]
  0x00000240e6005800 JavaThread "Handler for socket connection from /127.0.0.1:63582 to /127.0.0.1:63583" [_thread_in_native, id=19076, stack(0x0000006dcbe00000,0x0000006dcbf00000)]
  0x00000240e493a800 JavaThread "Cancel handler" [_thread_blocked, id=28612, stack(0x0000006dcbf00000,0x0000006dcc000000)]
  0x00000240e38da800 JavaThread "Daemon worker" [_thread_in_Java, id=29680, stack(0x0000006dcc000000,0x0000006dcc100000)]
  0x00000240e58ac000 JavaThread "Asynchronous log dispatcher for DefaultDaemonConnection: socket connection from /127.0.0.1:63582 to /127.0.0.1:63583" [_thread_blocked, id=15168, stack(0x0000006dcc100000,0x0000006dcc200000)]
  0x00000240e58ac800 JavaThread "Stdin handler" [_thread_blocked, id=33204, stack(0x0000006dcc200000,0x0000006dcc300000)]
  0x00000240e5fbb800 JavaThread "Daemon client event forwarder" [_thread_blocked, id=5964, stack(0x0000006dcc300000,0x0000006dcc400000)]
  0x00000240e5fb9000 JavaThread "Cache worker for journal cache (C:\Users\User\.gradle\caches\journal-1)" [_thread_blocked, id=32724, stack(0x0000006dcc900000,0x0000006dcca00000)]
  0x00000240e5fb6800 JavaThread "File lock request listener" [_thread_in_native, id=22784, stack(0x0000006dcca00000,0x0000006dccb00000)]
  0x00000240e5fb6000 JavaThread "Cache worker for file hash cache (C:\Users\User\.gradle\caches\7.2\fileHashes)" [_thread_blocked, id=21776, stack(0x0000006dccb00000,0x0000006dccc00000)]
  0x00000240e5fb8800 JavaThread "Cache worker for file hash cache (C:\Users\User\AndroidStudioProjects\DemoWeather\.gradle\7.2\fileHashes)" [_thread_blocked, id=32132, stack(0x0000006dcce00000,0x0000006dccf00000)]
  0x00000240e5fba000 JavaThread "File watcher server" daemon [_thread_in_native, id=33408, stack(0x0000006dccf00000,0x0000006dcd000000)]
  0x00000240e5fbc800 JavaThread "File watcher consumer" daemon [_thread_blocked, id=13268, stack(0x0000006dcd000000,0x0000006dcd100000)]
  0x00000240e5fb7800 JavaThread "Cache worker for checksums cache (C:\Users\User\AndroidStudioProjects\DemoWeather\.gradle\checksums)" [_thread_blocked, id=11024, stack(0x0000006dccd00000,0x0000006dcce00000)]
  0x00000240e5fba800 JavaThread "Cache worker for cache directory md-supplier (C:\Users\User\.gradle\caches\7.2\md-supplier)" [_thread_blocked, id=30476, stack(0x0000006dcd100000,0x0000006dcd200000)]
  0x00000240e59d5800 JavaThread "Cache worker for cache directory md-rule (C:\Users\User\.gradle\caches\7.2\md-rule)" [_thread_blocked, id=28852, stack(0x0000006dcd300000,0x0000006dcd400000)]
  0x00000240e59d2000 JavaThread "Cache worker for execution history cache (C:\Users\User\.gradle\caches\7.2\executionHistory)" [_thread_blocked, id=15748, stack(0x0000006dcd400000,0x0000006dcd500000)]
  0x00000240e3ac6800 JavaThread "C2 CompilerThread1" daemon [_thread_in_native, id=33872, stack(0x0000006dcd200000,0x0000006dcd300000)]
  0x00000240e59d3000 JavaThread "jar transforms" [_thread_blocked, id=29700, stack(0x0000006dcd500000,0x0000006dcd600000)]
  0x00000240e59d4800 JavaThread "Cache worker for file content cache (C:\Users\User\.gradle\caches\7.2\fileContent)" [_thread_blocked, id=33992, stack(0x0000006dcd600000,0x0000006dcd700000)]
  0x00000240e59d0000 JavaThread "jar transforms Thread 2" [_thread_blocked, id=10956, stack(0x0000006dcd700000,0x0000006dcd800000)]
  0x00000240e59d6800 JavaThread "Cache worker for dependencies-accessors (C:\Users\User\AndroidStudioProjects\DemoWeather\.gradle\7.2\dependencies-accessors)" [_thread_blocked, id=34116, stack(0x0000006dcd800000,0x0000006dcd900000)]
  0x00000240e59d0800 JavaThread "jar transforms Thread 3" [_thread_blocked, id=21668, stack(0x0000006dcd900000,0x0000006dcda00000)]
  0x00000240e7e54800 JavaThread "Cache worker for Build Output Cleanup Cache (C:\Users\User\AndroidStudioProjects\DemoWeather\.gradle\buildOutputCleanup)" [_thread_blocked, id=10332, stack(0x0000006dcda00000,0x0000006dcdb00000)]

Other Threads:
  0x00000240e2efe000 VMThread "VM Thread" [stack: 0x0000006dcad00000,0x0000006dcae00000] [id=7428]
  0x00000240e3a32000 WatcherThread [stack: 0x0000006dcb700000,0x0000006dcb800000] [id=24236]
  0x00000240c6aa7800 GCTaskThread "GC Thread#0" [stack: 0x0000006dca800000,0x0000006dca900000] [id=4568]
  0x00000240e461a800 GCTaskThread "GC Thread#1" [stack: 0x0000006dcb800000,0x0000006dcb900000] [id=29692]
  0x00000240e469b000 GCTaskThread "GC Thread#2" [stack: 0x0000006dcb900000,0x0000006dcba00000] [id=2828]
  0x00000240e485b000 GCTaskThread "GC Thread#3" [stack: 0x0000006dcc400000,0x0000006dcc500000] [id=4948]
  0x00000240e4a23000 GCTaskThread "GC Thread#4" [stack: 0x0000006dcc500000,0x0000006dcc600000] [id=816]
  0x00000240e5d0c000 GCTaskThread "GC Thread#5" [stack: 0x0000006dcc600000,0x0000006dcc700000] [id=4736]
  0x00000240e5d44800 GCTaskThread "GC Thread#6" [stack: 0x0000006dcc700000,0x0000006dcc800000] [id=27720]
  0x00000240e65de800 GCTaskThread "GC Thread#7" [stack: 0x0000006dcc800000,0x0000006dcc900000] [id=24580]
  0x00000240c6ad8800 ConcurrentGCThread "G1 Main Marker" [stack: 0x0000006dca900000,0x0000006dcaa00000] [id=992]
  0x00000240c6adb000 ConcurrentGCThread "G1 Conc#0" [stack: 0x0000006dcaa00000,0x0000006dcab00000] [id=17540]
  0x00000240e571c800 ConcurrentGCThread "G1 Conc#1" [stack: 0x0000006dccc00000,0x0000006dccd00000] [id=31116]
  0x00000240e2d50800 ConcurrentGCThread "G1 Refine#0" [stack: 0x0000006dcab00000,0x0000006dcac00000] [id=31904]
  0x00000240e2d51800 ConcurrentGCThread "G1 Young RemSet Sampling" [stack: 0x0000006dcac00000,0x0000006dcad00000] [id=15772]

Threads with active compile tasks:
C2 CompilerThread0  14016 3935       4       jdk.internal.org.objectweb.asm.Frame::execute (2264 bytes)
C1 CompilerThread0  14016 4006       3       jdk.internal.misc.Unsafe::getAndAddLong (27 bytes)
C2 CompilerThread1  14016 3954       4       jdk.internal.org.objectweb.asm.ClassWriter::newStringishItem (68 bytes)

VM state:not at safepoint (normal execution)

VM Mutex/Monitor currently owned by a thread: None

Heap address: 0x0000000080000000, size: 2048 MB, Compressed Oops mode: 32-bit
Narrow klass base: 0x0000000000000000, Narrow klass shift: 3
Compressed class space size: 1073741824 Address: 0x0000000100000000

Heap:
 garbage-first heap   total 129024K, used 38541K [0x0000000080000000, 0x0000000100000000)
  region size 1024K, 12 young (12288K), 3 survivors (3072K)
 Metaspace       used 46731K, capacity 47869K, committed 48124K, reserved 1091584K
  class space    used 6017K, capacity 6467K, committed 6528K, reserved 1048576K
Heap Regions: E=young(eden), S=young(survivor), O=old, HS=humongous(starts), HC=humongous(continues), CS=collection set, F=free, A=archive, TAMS=top-at-mark-start (previous, next)
|   0|0x0000000080000000, 0x0000000080100000, 0x0000000080100000|100%| O|  |TAMS 0x0000000080100000, 0x0000000080000000| Untracked 
|   1|0x0000000080100000, 0x0000000080200000, 0x0000000080200000|100%| O|  |TAMS 0x0000000080200000, 0x0000000080100000| Untracked 
|   2|0x0000000080200000, 0x0000000080300000, 0x0000000080300000|100%| O|  |TAMS 0x0000000080300000, 0x0000000080200000| Untracked 
|   3|0x0000000080300000, 0x0000000080400000, 0x0000000080400000|100%|HS|  |TAMS 0x0000000080400000, 0x0000000080300000| Complete 
|   4|0x0000000080400000, 0x0000000080500000, 0x0000000080500000|100%|HC|  |TAMS 0x0000000080500000, 0x0000000080400000| Complete 
|   5|0x0000000080500000, 0x0000000080600000, 0x0000000080600000|100%|HC|  |TAMS 0x0000000080600000, 0x0000000080500000| Complete 
|   6|0x0000000080600000, 0x0000000080700000, 0x0000000080700000|100%| O|  |TAMS 0x0000000080700000, 0x0000000080600000| Untracked 
|   7|0x0000000080700000, 0x0000000080800000, 0x0000000080800000|100%| O|  |TAMS 0x0000000080800000, 0x0000000080700000| Untracked 
|   8|0x0000000080800000, 0x0000000080900000, 0x0000000080900000|100%| O|  |TAMS 0x0000000080900000, 0x0000000080800000| Untracked 
|   9|0x0000000080900000, 0x0000000080a00000, 0x0000000080a00000|100%| O|  |TAMS 0x0000000080a00000, 0x0000000080900000| Untracked 
|  10|0x0000000080a00000, 0x0000000080b00000, 0x0000000080b00000|100%| O|  |TAMS 0x0000000080b00000, 0x0000000080a00000| Untracked 
|  11|0x0000000080b00000, 0x0000000080c00000, 0x0000000080c00000|100%| O|  |TAMS 0x0000000080c00000, 0x0000000080b00000| Untracked 
|  12|0x0000000080c00000, 0x0000000080d00000, 0x0000000080d00000|100%| O|  |TAMS 0x0000000080d00000, 0x0000000080c00000| Untracked 
|  13|0x0000000080d00000, 0x0000000080e00000, 0x0000000080e00000|100%| O|  |TAMS 0x0000000080e00000, 0x0000000080d00000| Untracked 
|  14|0x0000000080e00000, 0x0000000080f00000, 0x0000000080f00000|100%| O|  |TAMS 0x0000000080f00000, 0x0000000080e00000| Untracked 
|  15|0x0000000080f00000, 0x0000000081000000, 0x0000000081000000|100%| O|  |TAMS 0x0000000081000000, 0x0000000080f00000| Untracked 
|  16|0x0000000081000000, 0x0000000081100000, 0x0000000081100000|100%| O|  |TAMS 0x0000000081005a00, 0x0000000081000000| Untracked 
|  17|0x0000000081100000, 0x0000000081100000, 0x0000000081200000|  0%| F|  |TAMS 0x0000000081100000, 0x0000000081100000| Untracked 
|  18|0x0000000081200000, 0x0000000081300000, 0x0000000081300000|100%| O|  |TAMS 0x0000000081200000, 0x0000000081200000| Untracked 
|  19|0x0000000081300000, 0x0000000081400000, 0x0000000081400000|100%| O|  |TAMS 0x0000000081300000, 0x0000000081300000| Untracked 
|  20|0x0000000081400000, 0x0000000081500000, 0x0000000081500000|100%| O|  |TAMS 0x0000000081400000, 0x0000000081400000| Untracked 
|  21|0x0000000081500000, 0x0000000081600000, 0x0000000081600000|100%| O|  |TAMS 0x0000000081500000, 0x0000000081500000| Untracked 
|  22|0x0000000081600000, 0x0000000081700000, 0x0000000081700000|100%| O|  |TAMS 0x0000000081600000, 0x0000000081600000| Untracked 
|  23|0x0000000081700000, 0x0000000081800000, 0x0000000081800000|100%| O|  |TAMS 0x0000000081700000, 0x0000000081700000| Untracked 
|  24|0x0000000081800000, 0x0000000081900000, 0x0000000081900000|100%| O|  |TAMS 0x0000000081800000, 0x0000000081800000| Untracked 
|  25|0x0000000081900000, 0x0000000081a00000, 0x0000000081a00000|100%| O|  |TAMS 0x0000000081900000, 0x0000000081900000| Untracked 
|  26|0x0000000081a00000, 0x0000000081b00000, 0x0000000081b00000|100%| O|  |TAMS 0x0000000081a00000, 0x0000000081a00000| Untracked 
|  27|0x0000000081b00000, 0x0000000081bc3000, 0x0000000081c00000| 76%| O|  |TAMS 0x0000000081b00000, 0x0000000081b00000| Untracked 
|  28|0x0000000081c00000, 0x0000000081c00000, 0x0000000081d00000|  0%| F|  |TAMS 0x0000000081c00000, 0x0000000081c00000| Untracked 
|  29|0x0000000081d00000, 0x0000000081d00000, 0x0000000081e00000|  0%| F|  |TAMS 0x0000000081d00000, 0x0000000081d00000| Untracked 
|  30|0x0000000081e00000, 0x0000000081e00000, 0x0000000081f00000|  0%| F|  |TAMS 0x0000000081e00000, 0x0000000081e00000| Untracked 
|  31|0x0000000081f00000, 0x0000000081f00000, 0x0000000082000000|  0%| F|  |TAMS 0x0000000081f00000, 0x0000000081f00000| Untracked 
|  32|0x0000000082000000, 0x0000000082000000, 0x0000000082100000|  0%| F|  |TAMS 0x0000000082000000, 0x0000000082000000| Untracked 
|  33|0x0000000082100000, 0x0000000082100000, 0x0000000082200000|  0%| F|  |TAMS 0x0000000082100000, 0x0000000082100000| Untracked 
|  34|0x0000000082200000, 0x0000000082200000, 0x0000000082300000|  0%| F|  |TAMS 0x0000000082200000, 0x0000000082200000| Untracked 
|  35|0x0000000082300000, 0x0000000082300000, 0x0000000082400000|  0%| F|  |TAMS 0x0000000082300000, 0x0000000082300000| Untracked 
|  36|0x0000000082400000, 0x0000000082400000, 0x0000000082500000|  0%| F|  |TAMS 0x0000000082400000, 0x0000000082400000| Untracked 
|  37|0x0000000082500000, 0x0000000082500000, 0x0000000082600000|  0%| F|  |TAMS 0x0000000082500000, 0x0000000082500000| Untracked 
|  38|0x0000000082600000, 0x0000000082600000, 0x0000000082700000|  0%| F|  |TAMS 0x0000000082600000, 0x0000000082600000| Untracked 
|  39|0x0000000082700000, 0x0000000082700000, 0x0000000082800000|  0%| F|  |TAMS 0x0000000082700000, 0x0000000082700000| Untracked 
|  40|0x0000000082800000, 0x0000000082800000, 0x0000000082900000|  0%| F|  |TAMS 0x0000000082800000, 0x0000000082800000| Untracked 
|  41|0x0000000082900000, 0x0000000082900000, 0x0000000082a00000|  0%| F|  |TAMS 0x0000000082900000, 0x0000000082900000| Untracked 
|  42|0x0000000082a00000, 0x0000000082a00000, 0x0000000082b00000|  0%| F|  |TAMS 0x0000000082a00000, 0x0000000082a00000| Untracked 
|  43|0x0000000082b00000, 0x0000000082b00000, 0x0000000082c00000|  0%| F|  |TAMS 0x0000000082b00000, 0x0000000082b00000| Untracked 
|  44|0x0000000082c00000, 0x0000000082c00000, 0x0000000082d00000|  0%| F|  |TAMS 0x0000000082c00000, 0x0000000082c00000| Untracked 
|  45|0x0000000082d00000, 0x0000000082d00000, 0x0000000082e00000|  0%| F|  |TAMS 0x0000000082d00000, 0x0000000082d00000| Untracked 
|  46|0x0000000082e00000, 0x0000000082e00000, 0x0000000082f00000|  0%| F|  |TAMS 0x0000000082e00000, 0x0000000082e00000| Untracked 
|  47|0x0000000082f00000, 0x0000000082f00000, 0x0000000083000000|  0%| F|  |TAMS 0x0000000082f00000, 0x0000000082f00000| Untracked 
|  48|0x0000000083000000, 0x0000000083000000, 0x0000000083100000|  0%| F|  |TAMS 0x0000000083000000, 0x0000000083000000| Untracked 
|  49|0x0000000083100000, 0x0000000083100000, 0x0000000083200000|  0%| F|  |TAMS 0x0000000083100000, 0x0000000083100000| Untracked 
|  50|0x0000000083200000, 0x0000000083200000, 0x0000000083300000|  0%| F|  |TAMS 0x0000000083200000, 0x0000000083200000| Untracked 
|  51|0x0000000083300000, 0x0000000083300000, 0x0000000083400000|  0%| F|  |TAMS 0x0000000083300000, 0x0000000083300000| Untracked 
|  52|0x0000000083400000, 0x0000000083400000, 0x0000000083500000|  0%| F|  |TAMS 0x0000000083400000, 0x0000000083400000| Untracked 
|  53|0x0000000083500000, 0x0000000083500000, 0x0000000083600000|  0%| F|  |TAMS 0x0000000083500000, 0x0000000083500000| Untracked 
|  54|0x0000000083600000, 0x0000000083600000, 0x0000000083700000|  0%| F|  |TAMS 0x0000000083600000, 0x0000000083600000| Untracked 
|  55|0x0000000083700000, 0x0000000083700000, 0x0000000083800000|  0%| F|  |TAMS 0x0000000083700000, 0x0000000083700000| Untracked 
|  56|0x0000000083800000, 0x0000000083800000, 0x0000000083900000|  0%| F|  |TAMS 0x0000000083800000, 0x0000000083800000| Untracked 
|  57|0x0000000083900000, 0x0000000083900000, 0x0000000083a00000|  0%| F|  |TAMS 0x0000000083900000, 0x0000000083900000| Untracked 
|  58|0x0000000083a00000, 0x0000000083a00000, 0x0000000083b00000|  0%| F|  |TAMS 0x0000000083a00000, 0x0000000083a00000| Untracked 
|  59|0x0000000083b00000, 0x0000000083be06a0, 0x0000000083c00000| 87%| S|CS|TAMS 0x0000000083b00000, 0x0000000083b00000| Complete 
|  60|0x0000000083c00000, 0x0000000083d00000, 0x0000000083d00000|100%| S|CS|TAMS 0x0000000083c00000, 0x0000000083c00000| Complete 
|  61|0x0000000083d00000, 0x0000000083e00000, 0x0000000083e00000|100%| S|CS|TAMS 0x0000000083d00000, 0x0000000083d00000| Complete 
|  62|0x0000000083e00000, 0x0000000083e00000, 0x0000000083f00000|  0%| F|  |TAMS 0x0000000083e00000, 0x0000000083e00000| Untracked 
|  63|0x0000000083f00000, 0x0000000083f00000, 0x0000000084000000|  0%| F|  |TAMS 0x0000000083f00000, 0x0000000083f00000| Untracked 
|  64|0x0000000084000000, 0x0000000084000000, 0x0000000084100000|  0%| F|  |TAMS 0x0000000084000000, 0x0000000084000000| Untracked 
|  65|0x0000000084100000, 0x0000000084100000, 0x0000000084200000|  0%| F|  |TAMS 0x0000000084100000, 0x0000000084100000| Untracked 
|  66|0x0000000084200000, 0x0000000084200000, 0x0000000084300000|  0%| F|  |TAMS 0x0000000084200000, 0x0000000084200000| Untracked 
|  67|0x0000000084300000, 0x0000000084300000, 0x0000000084400000|  0%| F|  |TAMS 0x0000000084300000, 0x0000000084300000| Untracked 
|  68|0x0000000084400000, 0x0000000084400000, 0x0000000084500000|  0%| F|  |TAMS 0x0000000084400000, 0x0000000084400000| Untracked 
|  69|0x0000000084500000, 0x0000000084500000, 0x0000000084600000|  0%| F|  |TAMS 0x0000000084500000, 0x0000000084500000| Untracked 
|  70|0x0000000084600000, 0x0000000084600000, 0x0000000084700000|  0%| F|  |TAMS 0x0000000084600000, 0x0000000084600000| Untracked 
|  71|0x0000000084700000, 0x0000000084700000, 0x0000000084800000|  0%| F|  |TAMS 0x0000000084700000, 0x0000000084700000| Untracked 
|  72|0x0000000084800000, 0x0000000084800000, 0x0000000084900000|  0%| F|  |TAMS 0x0000000084800000, 0x0000000084800000| Untracked 
|  73|0x0000000084900000, 0x0000000084900000, 0x0000000084a00000|  0%| F|  |TAMS 0x0000000084900000, 0x0000000084900000| Untracked 
|  74|0x0000000084a00000, 0x0000000084a00000, 0x0000000084b00000|  0%| F|  |TAMS 0x0000000084a00000, 0x0000000084a00000| Untracked 
|  75|0x0000000084b00000, 0x0000000084b00000, 0x0000000084c00000|  0%| F|  |TAMS 0x0000000084b00000, 0x0000000084b00000| Untracked 
|  76|0x0000000084c00000, 0x0000000084c00000, 0x0000000084d00000|  0%| F|  |TAMS 0x0000000084c00000, 0x0000000084c00000| Untracked 
|  77|0x0000000084d00000, 0x0000000084d00000, 0x0000000084e00000|  0%| F|  |TAMS 0x0000000084d00000, 0x0000000084d00000| Untracked 
|  78|0x0000000084e00000, 0x0000000084e00000, 0x0000000084f00000|  0%| F|  |TAMS 0x0000000084e00000, 0x0000000084e00000| Untracked 
|  79|0x0000000084f00000, 0x0000000084f00000, 0x0000000085000000|  0%| F|  |TAMS 0x0000000084f00000, 0x0000000084f00000| Untracked 
|  80|0x0000000085000000, 0x0000000085000000, 0x0000000085100000|  0%| F|  |TAMS 0x0000000085000000, 0x0000000085000000| Untracked 
|  81|0x0000000085100000, 0x0000000085100000, 0x0000000085200000|  0%| F|  |TAMS 0x0000000085100000, 0x0000000085100000| Untracked 
|  82|0x0000000085200000, 0x0000000085200000, 0x0000000085300000|  0%| F|  |TAMS 0x0000000085200000, 0x0000000085200000| Untracked 
|  83|0x0000000085300000, 0x0000000085300000, 0x0000000085400000|  0%| F|  |TAMS 0x0000000085300000, 0x0000000085300000| Untracked 
|  84|0x0000000085400000, 0x0000000085400000, 0x0000000085500000|  0%| F|  |TAMS 0x0000000085400000, 0x0000000085400000| Untracked 
|  85|0x0000000085500000, 0x0000000085500000, 0x0000000085600000|  0%| F|  |TAMS 0x0000000085500000, 0x0000000085500000| Untracked 
|  86|0x0000000085600000, 0x0000000085600000, 0x0000000085700000|  0%| F|  |TAMS 0x0000000085600000, 0x0000000085600000| Untracked 
|  87|0x0000000085700000, 0x0000000085700000, 0x0000000085800000|  0%| F|  |TAMS 0x0000000085700000, 0x0000000085700000| Untracked 
|  88|0x0000000085800000, 0x0000000085800000, 0x0000000085900000|  0%| F|  |TAMS 0x0000000085800000, 0x0000000085800000| Untracked 
|  89|0x0000000085900000, 0x0000000085900000, 0x0000000085a00000|  0%| F|  |TAMS 0x0000000085900000, 0x0000000085900000| Untracked 
|  90|0x0000000085a00000, 0x0000000085a00000, 0x0000000085b00000|  0%| F|  |TAMS 0x0000000085a00000, 0x0000000085a00000| Untracked 
|  91|0x0000000085b00000, 0x0000000085b00000, 0x0000000085c00000|  0%| F|  |TAMS 0x0000000085b00000, 0x0000000085b00000| Untracked 
|  92|0x0000000085c00000, 0x0000000085c00000, 0x0000000085d00000|  0%| F|  |TAMS 0x0000000085c00000, 0x0000000085c00000| Untracked 
|  93|0x0000000085d00000, 0x0000000085d00000, 0x0000000085e00000|  0%| F|  |TAMS 0x0000000085d00000, 0x0000000085d00000| Untracked 
|  94|0x0000000085e00000, 0x0000000085e00000, 0x0000000085f00000|  0%| F|  |TAMS 0x0000000085e00000, 0x0000000085e00000| Untracked 
|  95|0x0000000085f00000, 0x0000000085f00000, 0x0000000086000000|  0%| F|  |TAMS 0x0000000085f00000, 0x0000000085f00000| Untracked 
|  96|0x0000000086000000, 0x0000000086000000, 0x0000000086100000|  0%| F|  |TAMS 0x0000000086000000, 0x0000000086000000| Untracked 
|  97|0x0000000086100000, 0x0000000086100000, 0x0000000086200000|  0%| F|  |TAMS 0x0000000086100000, 0x0000000086100000| Untracked 
|  98|0x0000000086200000, 0x0000000086200000, 0x0000000086300000|  0%| F|  |TAMS 0x0000000086200000, 0x0000000086200000| Untracked 
|  99|0x0000000086300000, 0x0000000086300000, 0x0000000086400000|  0%| F|  |TAMS 0x0000000086300000, 0x0000000086300000| Untracked 
| 100|0x0000000086400000, 0x0000000086400000, 0x0000000086500000|  0%| F|  |TAMS 0x0000000086400000, 0x0000000086400000| Untracked 
| 101|0x0000000086500000, 0x0000000086500000, 0x0000000086600000|  0%| F|  |TAMS 0x0000000086500000, 0x0000000086500000| Untracked 
| 102|0x0000000086600000, 0x0000000086600000, 0x0000000086700000|  0%| F|  |TAMS 0x0000000086600000, 0x0000000086600000| Untracked 
| 103|0x0000000086700000, 0x0000000086700000, 0x0000000086800000|  0%| F|  |TAMS 0x0000000086700000, 0x0000000086700000| Untracked 
| 104|0x0000000086800000, 0x0000000086800000, 0x0000000086900000|  0%| F|  |TAMS 0x0000000086800000, 0x0000000086800000| Untracked 
| 105|0x0000000086900000, 0x0000000086900000, 0x0000000086a00000|  0%| F|  |TAMS 0x0000000086900000, 0x0000000086900000| Untracked 
| 106|0x0000000086a00000, 0x0000000086a00000, 0x0000000086b00000|  0%| F|  |TAMS 0x0000000086a00000, 0x0000000086a00000| Untracked 
| 107|0x0000000086b00000, 0x0000000086b00000, 0x0000000086c00000|  0%| F|  |TAMS 0x0000000086b00000, 0x0000000086b00000| Untracked 
| 108|0x0000000086c00000, 0x0000000086c00000, 0x0000000086d00000|  0%| F|  |TAMS 0x0000000086c00000, 0x0000000086c00000| Untracked 
| 109|0x0000000086d00000, 0x0000000086d00000, 0x0000000086e00000|  0%| F|  |TAMS 0x0000000086d00000, 0x0000000086d00000| Untracked 
| 110|0x0000000086e00000, 0x0000000086e00000, 0x0000000086f00000|  0%| F|  |TAMS 0x0000000086e00000, 0x0000000086e00000| Untracked 
| 111|0x0000000086f00000, 0x0000000086f00000, 0x0000000087000000|  0%| F|  |TAMS 0x0000000086f00000, 0x0000000086f00000| Untracked 
| 112|0x0000000087000000, 0x0000000087000000, 0x0000000087100000|  0%| F|  |TAMS 0x0000000087000000, 0x0000000087000000| Untracked 
| 113|0x0000000087100000, 0x0000000087100000, 0x0000000087200000|  0%| F|  |TAMS 0x0000000087100000, 0x0000000087100000| Untracked 
| 114|0x0000000087200000, 0x0000000087200000, 0x0000000087300000|  0%| F|  |TAMS 0x0000000087200000, 0x0000000087200000| Untracked 
| 115|0x0000000087300000, 0x0000000087300000, 0x0000000087400000|  0%| F|  |TAMS 0x0000000087300000, 0x0000000087300000| Untracked 
| 116|0x0000000087400000, 0x0000000087480800, 0x0000000087500000| 50%| E|  |TAMS 0x0000000087400000, 0x0000000087400000| Complete 
| 117|0x0000000087500000, 0x0000000087600000, 0x0000000087600000|100%| E|CS|TAMS 0x0000000087500000, 0x0000000087500000| Complete 
| 118|0x0000000087600000, 0x0000000087700000, 0x0000000087700000|100%| E|CS|TAMS 0x0000000087600000, 0x0000000087600000| Complete 
| 119|0x0000000087700000, 0x0000000087800000, 0x0000000087800000|100%| E|CS|TAMS 0x0000000087700000, 0x0000000087700000| Complete 
| 120|0x0000000087800000, 0x0000000087900000, 0x0000000087900000|100%| E|CS|TAMS 0x0000000087800000, 0x0000000087800000| Complete 
| 121|0x0000000087900000, 0x0000000087a00000, 0x0000000087a00000|100%| E|CS|TAMS 0x0000000087900000, 0x0000000087900000| Complete 
| 122|0x0000000087a00000, 0x0000000087b00000, 0x0000000087b00000|100%| E|CS|TAMS 0x0000000087a00000, 0x0000000087a00000| Complete 
| 123|0x0000000087b00000, 0x0000000087c00000, 0x0000000087c00000|100%| E|CS|TAMS 0x0000000087b00000, 0x0000000087b00000| Complete 
| 124|0x0000000087c00000, 0x0000000087d00000, 0x0000000087d00000|100%| E|CS|TAMS 0x0000000087c00000, 0x0000000087c00000| Complete 
| 125|0x0000000087d00000, 0x0000000087e00000, 0x0000000087e00000|100%| E|CS|TAMS 0x0000000087d00000, 0x0000000087d00000| Complete 

Card table byte_map: [0x00000240dbc20000,0x00000240dc020000] _byte_map_base: 0x00000240db820000

Marking Bits (Prev, Next): (CMBitMap*) 0x00000240c6acfbc8, (CMBitMap*) 0x00000240c6acfc00
 Prev Bits: [0x00000240dc420000, 0x00000240de420000)
 Next Bits: [0x00000240de420000, 0x00000240e0420000)

Polling page: 0x00000240c6940000

Metaspace:

Usage:
  Non-class:     40.43 MB capacity,    39.76 MB ( 98%) used,   569.86 KB (  1%) free+waste,   116.94 KB ( <1%) overhead. 
      Class:      6.32 MB capacity,     5.88 MB ( 93%) used,   392.86 KB (  6%) free+waste,    56.38 KB ( <1%) overhead. 
       Both:     46.75 MB capacity,    45.64 MB ( 98%) used,   962.72 KB (  2%) free+waste,   173.31 KB ( <1%) overhead. 

Virtual space:
  Non-class space:       42.00 MB reserved,      40.62 MB ( 97%) committed 
      Class space:        1.00 GB reserved,       6.38 MB ( <1%) committed 
             Both:        1.04 GB reserved,      47.00 MB (  4%) committed 

Chunk freelists:
   Non-Class:  2.00 KB
       Class:  29.00 KB
        Both:  31.00 KB

MaxMetaspaceSize: 17179869184.00 GB
CompressedClassSpaceSize: 1.00 GB

CodeHeap 'non-profiled nmethods': size=120000Kb used=2327Kb max_used=2327Kb free=117672Kb
 bounds [0x00000240d3870000, 0x00000240d3ae0000, 0x00000240dada0000]
CodeHeap 'profiled nmethods': size=120000Kb used=8502Kb max_used=8502Kb free=111497Kb
 bounds [0x00000240cc340000, 0x00000240ccb90000, 0x00000240d3870000]
CodeHeap 'non-nmethods': size=5760Kb used=2226Kb max_used=2265Kb free=3533Kb
 bounds [0x00000240cbda0000, 0x00000240cc010000, 0x00000240cc340000]
 total_blobs=4791 nmethods=4007 adapters=695
 compilation: enabled
              stopped_count=0, restarted_count=0
 full_count=0

Compilation events (20 events):
Event: 13.952 Thread 0x00000240e2f29800 3950       3       java.lang.invoke.DirectMethodHandle::make (21 bytes)
Event: 13.952 Thread 0x00000240e2f29800 nmethod 3950 0x00000240ccb75b10 code [0x00000240ccb75ce0, 0x00000240ccb75ec8]
Event: 13.954 Thread 0x00000240e2f29800 3952       3       java.lang.invoke.LambdaFormEditor$Transform::of (49 bytes)
Event: 13.954 Thread 0x00000240e2f29800 nmethod 3952 0x00000240ccb76010 code [0x00000240ccb76260, 0x00000240ccb76b38]
Event: 13.954 Thread 0x00000240e2f29800 3953       3       java.lang.invoke.LambdaFormEditor$Transform::packedBytes (32 bytes)
Event: 13.954 Thread 0x00000240e2f29800 nmethod 3953 0x00000240ccb76e90 code [0x00000240ccb77040, 0x00000240ccb77138]
Event: 13.963 Thread 0x00000240e2f29800 3955       3       java.util.HashMap$Values::iterator (12 bytes)
Event: 13.963 Thread 0x00000240e2f29800 nmethod 3955 0x00000240ccb77210 code [0x00000240ccb773e0, 0x00000240ccb77648]
Event: 13.964 Thread 0x00000240e2f29800 3956       3       java.util.HashMap$ValueIterator::<init> (11 bytes)
Event: 13.964 Thread 0x00000240e2f29800 nmethod 3956 0x00000240ccb77710 code [0x00000240ccb778c0, 0x00000240ccb77a48]
Event: 13.966 Thread 0x00000240e2f29800 3957       3       com.google.common.collect.CollectPreconditions::checkNonnegative (48 bytes)
Event: 13.967 Thread 0x00000240e2f29800 nmethod 3957 0x00000240ccb77b10 code [0x00000240ccb77dc0, 0x00000240ccb788e8]
Event: 13.967 Thread 0x00000240e2f29800 3958       3       com.google.common.reflect.TypeResolver::resolveType (74 bytes)
Event: 13.968 Thread 0x00000240e2f29800 nmethod 3958 0x00000240ccb78d90 code [0x00000240ccb790a0, 0x00000240ccb7a588]
Event: 13.968 Thread 0x00000240e2f29800 3960       3       java.util.regex.Matcher::appendExpandedReplacement (510 bytes)
Event: 13.973 Thread 0x00000240e2f29800 nmethod 3960 0x00000240ccb7aa10 code [0x00000240ccb7b2e0, 0x00000240ccb804f8]
Event: 13.973 Thread 0x00000240e2f29800 3961       3       com.google.common.collect.AbstractMapBasedMultimap$WrappedCollection$WrappedIterator::hasNext (14 bytes)
Event: 13.973 Thread 0x00000240e2f29800 nmethod 3961 0x00000240ccb82290 code [0x00000240ccb82480, 0x00000240ccb82888]
Event: 13.973 Thread 0x00000240e2f29800 3959       3       java.util.regex.Matcher::appendReplacement (75 bytes)
Event: 13.974 Thread 0x00000240e2f29800 nmethod 3959 0x00000240ccb82a10 code [0x00000240ccb82c20, 0x00000240ccb830c8]

GC Heap History (14 events):
Event: 3.192 GC heap before
{Heap before GC invocations=0 (full 0):
 garbage-first heap   total 129024K, used 29696K [0x0000000080000000, 0x0000000100000000)
  region size 1024K, 24 young (24576K), 0 survivors (0K)
 Metaspace       used 10259K, capacity 10495K, committed 10624K, reserved 1058816K
  class space    used 1072K, capacity 1141K, committed 1152K, reserved 1048576K
}
Event: 3.201 GC heap after
{Heap after GC invocations=1 (full 0):
 garbage-first heap   total 129024K, used 9528K [0x0000000080000000, 0x0000000100000000)
  region size 1024K, 3 young (3072K), 3 survivors (3072K)
 Metaspace       used 10259K, capacity 10495K, committed 10624K, reserved 1058816K
  class space    used 1072K, capacity 1141K, committed 1152K, reserved 1048576K
}
Event: 8.332 GC heap before
{Heap before GC invocations=1 (full 0):
 garbage-first heap   total 129024K, used 83256K [0x0000000080000000, 0x0000000100000000)
  region size 1024K, 75 young (76800K), 3 survivors (3072K)
 Metaspace       used 17628K, capacity 18000K, committed 18176K, reserved 1064960K
  class space    used 2079K, capacity 2219K, committed 2304K, reserved 1048576K
}
Event: 8.345 GC heap after
{Heap after GC invocations=2 (full 0):
 garbage-first heap   total 129024K, used 16165K [0x0000000080000000, 0x0000000100000000)
  region size 1024K, 10 young (10240K), 10 survivors (10240K)
 Metaspace       used 17628K, capacity 18000K, committed 18176K, reserved 1064960K
  class space    used 2079K, capacity 2219K, committed 2304K, reserved 1048576K
}
Event: 8.869 GC heap before
{Heap before GC invocations=2 (full 0):
 garbage-first heap   total 129024K, used 41765K [0x0000000080000000, 0x0000000100000000)
  region size 1024K, 36 young (36864K), 10 survivors (10240K)
 Metaspace       used 20685K, capacity 21112K, committed 21296K, reserved 1069056K
  class space    used 2533K, capacity 2660K, committed 2688K, reserved 1048576K
}
Event: 8.876 GC heap after
{Heap after GC invocations=3 (full 0):
 garbage-first heap   total 129024K, used 17709K [0x0000000080000000, 0x0000000100000000)
  region size 1024K, 2 young (2048K), 2 survivors (2048K)
 Metaspace       used 20685K, capacity 21112K, committed 21296K, reserved 1069056K
  class space    used 2533K, capacity 2660K, committed 2688K, reserved 1048576K
}
Event: 10.121 GC heap before
{Heap before GC invocations=4 (full 0):
 garbage-first heap   total 129024K, used 76077K [0x0000000080000000, 0x0000000100000000)
  region size 1024K, 59 young (60416K), 2 survivors (2048K)
 Metaspace       used 26469K, capacity 27034K, committed 27184K, reserved 1073152K
  class space    used 3467K, capacity 3683K, committed 3712K, reserved 1048576K
}
Event: 10.123 GC heap after
{Heap after GC invocations=5 (full 0):
 garbage-first heap   total 129024K, used 19517K [0x0000000080000000, 0x0000000100000000)
  region size 1024K, 4 young (4096K), 4 survivors (4096K)
 Metaspace       used 26469K, capacity 27034K, committed 27184K, reserved 1073152K
  class space    used 3467K, capacity 3683K, committed 3712K, reserved 1048576K
}
Event: 11.383 GC heap before
{Heap before GC invocations=5 (full 0):
 garbage-first heap   total 129024K, used 70717K [0x0000000080000000, 0x0000000100000000)
  region size 1024K, 55 young (56320K), 4 survivors (4096K)
 Metaspace       used 34852K, capacity 35647K, committed 35708K, reserved 1081344K
  class space    used 4527K, capacity 4857K, committed 4864K, reserved 1048576K
}
Event: 11.392 GC heap after
{Heap after GC invocations=6 (full 0):
 garbage-first heap   total 129024K, used 22922K [0x0000000080000000, 0x0000000100000000)
  region size 1024K, 7 young (7168K), 7 survivors (7168K)
 Metaspace       used 34852K, capacity 35647K, committed 35708K, reserved 1081344K
  class space    used 4527K, capacity 4857K, committed 4864K, reserved 1048576K
}
Event: 12.670 GC heap before
{Heap before GC invocations=7 (full 0):
 garbage-first heap   total 129024K, used 91530K [0x0000000080000000, 0x0000000100000000)
  region size 1024K, 72 young (73728K), 7 survivors (7168K)
 Metaspace       used 40088K, capacity 41024K, committed 41212K, reserved 1085440K
  class space    used 5114K, capacity 5471K, committed 5504K, reserved 1048576K
}
Event: 12.677 GC heap after
{Heap after GC invocations=8 (full 0):
 garbage-first heap   total 129024K, used 28287K [0x0000000080000000, 0x0000000100000000)
  region size 1024K, 9 young (9216K), 9 survivors (9216K)
 Metaspace       used 40088K, capacity 41024K, committed 41212K, reserved 1085440K
  class space    used 5114K, capacity 5471K, committed 5504K, reserved 1048576K
}
Event: 13.823 GC heap before
{Heap before GC invocations=8 (full 0):
 garbage-first heap   total 129024K, used 93823K [0x0000000080000000, 0x0000000100000000)
  region size 1024K, 73 young (74752K), 9 survivors (9216K)
 Metaspace       used 45976K, capacity 47135K, committed 47228K, reserved 1089536K
  class space    used 5903K, capacity 6326K, committed 6400K, reserved 1048576K
}
Event: 13.829 GC heap after
{Heap after GC invocations=9 (full 0):
 garbage-first heap   total 129024K, used 30349K [0x0000000080000000, 0x0000000100000000)
  region size 1024K, 3 young (3072K), 3 survivors (3072K)
 Metaspace       used 45976K, capacity 47135K, committed 47228K, reserved 1089536K
  class space    used 5903K, capacity 6326K, committed 6400K, reserved 1048576K
}

Deoptimization events (20 events):
Event: 13.370 Thread 0x00000240e38da800 Uncommon trap: trap_request=0xffffff4d fr.pc=0x00000240d38ca110 relative=0x00000000000001d0
Event: 13.370 Thread 0x00000240e38da800 Uncommon trap: reason=unstable_if action=reinterpret pc=0x00000240d38ca110 method=java.net.URI$Parser.scan(IILjava/lang/String;)I @ 26 c2
Event: 13.370 Thread 0x00000240e38da800 DEOPT PACKING pc=0x00000240d38ca110 sp=0x0000006dcc0f8cc0
Event: 13.370 Thread 0x00000240e38da800 DEOPT UNPACKING pc=0x00000240cbda83af sp=0x0000006dcc0f8c50 mode 2
Event: 13.370 Thread 0x00000240e38da800 Uncommon trap: trap_request=0xffffff4d fr.pc=0x00000240d38c4bdc relative=0x000000000000011c
Event: 13.370 Thread 0x00000240e38da800 Uncommon trap: reason=unstable_if action=reinterpret pc=0x00000240d38c4bdc method=java.net.URI.match(CJJ)Z @ 45 c2
Event: 13.370 Thread 0x00000240e38da800 DEOPT PACKING pc=0x00000240d38c4bdc sp=0x0000006dcc0f8a30
Event: 13.370 Thread 0x00000240e38da800 DEOPT UNPACKING pc=0x00000240cbda83af sp=0x0000006dcc0f8968 mode 2
Event: 13.370 Thread 0x00000240e38da800 Uncommon trap: trap_request=0xffffff4d fr.pc=0x00000240d388e368 relative=0x0000000000000048
Event: 13.370 Thread 0x00000240e38da800 Uncommon trap: reason=unstable_if action=reinterpret pc=0x00000240d388e368 method=java.net.URI.match(CJJ)Z @ 19 c2
Event: 13.370 Thread 0x00000240e38da800 DEOPT PACKING pc=0x00000240d388e368 sp=0x0000006dcc0f8a40
Event: 13.370 Thread 0x00000240e38da800 DEOPT UNPACKING pc=0x00000240cbda83af sp=0x0000006dcc0f89f0 mode 2
Event: 13.719 Thread 0x00000240e38da800 Uncommon trap: trap_request=0xffffffc6 fr.pc=0x00000240d3a3e990 relative=0x0000000000000b70
Event: 13.720 Thread 0x00000240e38da800 Uncommon trap: reason=bimorphic_or_optimized_type_check action=maybe_recompile pc=0x00000240d3a3e990 method=java.io.BufferedInputStream.read([BII)I @ 101 c2
Event: 13.720 Thread 0x00000240e38da800 DEOPT PACKING pc=0x00000240d3a3e990 sp=0x0000006dcc0f7df0
Event: 13.720 Thread 0x00000240e38da800 DEOPT UNPACKING pc=0x00000240cbda83af sp=0x0000006dcc0f7da8 mode 2
Event: 13.768 Thread 0x00000240e38da800 Uncommon trap: trap_request=0xffffffde fr.pc=0x00000240d39f1c28 relative=0x0000000000000528
Event: 13.768 Thread 0x00000240e38da800 Uncommon trap: reason=class_check action=maybe_recompile pc=0x00000240d39f1c28 method=java.util.stream.ReferencePipeline.forEachWithCancel(Ljava/util/Spliterator;Ljava/util/stream/Sink;)Z @ 1 c2
Event: 13.768 Thread 0x00000240e38da800 DEOPT PACKING pc=0x00000240d39f1c28 sp=0x0000006dcc0f8750
Event: 13.768 Thread 0x00000240e38da800 DEOPT UNPACKING pc=0x00000240cbda83af sp=0x0000006dcc0f86f0 mode 2

Classes redefined (0 events):
No events

Internal exceptions (20 events):
Event: 12.994 Thread 0x00000240e38da800 Implicit null exception at 0x00000240d3953874 to 0x00000240d3953a84
Event: 12.994 Thread 0x00000240e38da800 Implicit null exception at 0x00000240d38b2378 to 0x00000240d38b240a
Event: 13.218 Thread 0x00000240e38da800 Exception <a 'java/lang/ClassNotFoundException'{0x00000000862c60f0}: build_4zak27m6rcivxvojnz2sz0ysyBeanInfo> (0x00000000862c60f0) thrown at [./src/hotspot/share/classfile/systemDictionary.cpp, line 231]
Event: 13.218 Thread 0x00000240e38da800 Exception <a 'java/lang/ClassNotFoundException'{0x00000000862dc5e8}: org/gradle/api/internal/project/ProjectScriptBeanInfo> (0x00000000862dc5e8) thrown at [./src/hotspot/share/classfile/systemDictionary.cpp, line 231]
Event: 13.219 Thread 0x00000240e38da800 Exception <a 'java/lang/ClassNotFoundException'{0x00000000862f29a0}: org/gradle/api/internal/project/ProjectScriptCustomizer> (0x00000000862f29a0) thrown at [./src/hotspot/share/classfile/systemDictionary.cpp, line 231]
Event: 13.220 Thread 0x00000240e38da800 Exception <a 'java/lang/ClassNotFoundException'{0x000000008610e0b8}: build_4zak27m6rcivxvojnz2sz0ysyCustomizer> (0x000000008610e0b8) thrown at [./src/hotspot/share/classfile/systemDictionary.cpp, line 231]
Event: 13.231 Thread 0x00000240e38da800 Exception <a 'java/lang/ClassNotFoundException'{0x00000000861975b8}: org/gradle/plugin/use/internal/PluginRequestCollector$PluginDependenciesSpecImplBeanInfo> (0x00000000861975b8) thrown at [./src/hotspot/share/classfile/systemDictionary.cpp, line 231]
Event: 13.232 Thread 0x00000240e38da800 Exception <a 'java/lang/ClassNotFoundException'{0x00000000861c6440}: org/gradle/plugin/use/internal/PluginRequestCollector$PluginDependenciesSpecImplCustomizer> (0x00000000861c6440) thrown at [./src/hotspot/share/classfile/systemDictionary.cpp, line 231]
Event: 13.238 Thread 0x00000240e38da800 Exception <a 'java/lang/ClassNotFoundException'{0x000000008602c650}: org/gradle/plugin/use/internal/PluginRequestCollector$PluginDependencySpecImplBeanInfo> (0x000000008602c650) thrown at [./src/hotspot/share/classfile/systemDictionary.cpp, line 231]
Event: 13.240 Thread 0x00000240e38da800 Exception <a 'java/lang/ClassNotFoundException'{0x000000008605a6c0}: org/gradle/plugin/use/internal/PluginRequestCollector$PluginDependencySpecImplCustomizer> (0x000000008605a6c0) thrown at [./src/hotspot/share/classfile/systemDictionary.cpp, line 231]
Event: 13.657 Thread 0x00000240e38da800 Exception <a 'java/lang/IncompatibleClassChangeError'{0x000000008485f180}: Found class java.lang.Object, but interface was expected> (0x000000008485f180) thrown at [./src/hotspot/share/interpreter/linkResolver.cpp, line 839]
Event: 13.774 Thread 0x00000240e38da800 Exception <a 'java/lang/NoSuchMethodError'{0x0000000084059e98}: 'int java.lang.invoke.DirectMethodHandle$Holder.invokeStaticInit(java.lang.Object)'> (0x0000000084059e98) thrown at [./src/hotspot/share/interpreter/linkResolver.cpp, line 773]
Event: 13.830 Thread 0x00000240e38da800 Exception <a 'java/lang/NoSuchMethodError'{0x0000000087d10870}: 'void java.lang.invoke.DirectMethodHandle$Holder.invokeStatic(java.lang.Object, java.lang.Object, java.lang.Object, int, java.lang.Object)'> (0x0000000087d10870) thrown at [./src/hotspot/share/interpreter/linkResolver.cpp, line 773]
Event: 13.944 Thread 0x00000240e38da800 Exception <a 'java/lang/NoSuchMethodError'{0x00000000878cceb0}: 'java.lang.Object java.lang.invoke.DelegatingMethodHandle$Holder.reinvoke_L(java.lang.Object, java.lang.Object, java.lang.Object, java.lang.Object, java.lang.Object, java.lang.Object, java.lang.Object, java.lang.Object, java.lang.Object, java.lang.Object, java.lang.Object, java.lang.Object, java.lang.Object, java.lang.Object, java.lang.Object, java.lang.Object, java.lang.Object, java.lang.Object, java.lang.Object, java.lang.Object)'> (0x000000
Event: 13.945 Thread 0x00000240e38da800 Exception <a 'java/lang/NoSuchMethodError'{0x00000000878d8950}: 'java.lang.Object java.lang.invoke.DirectMethodHandle$Holder.invokeSpecial(java.lang.Object, java.lang.Object, java.lang.Object, java.lang.Object, java.lang.Object, java.lang.Object, java.lang.Object, java.lang.Object, java.lang.Object, java.lang.Object, java.lang.Object, java.lang.Object, java.lang.Object, java.lang.Object, java.lang.Object, java.lang.Object, java.lang.Object, java.lang.Object, java.lang.Object, java.lang.Object)'> (0x0000000
Event: 13.945 Thread 0x00000240e38da800 Exception <a 'java/lang/NoSuchMethodError'{0x00000000878de890}: 'java.lang.Object java.lang.invoke.Invokers$Holder.invoker(java.lang.Object, java.lang.Object, java.lang.Object, java.lang.Object, java.lang.Object, java.lang.Object, java.lang.Object, java.lang.Object, java.lang.Object, java.lang.Object, java.lang.Object, java.lang.Object, java.lang.Object, java.lang.Object, java.lang.Object, java.lang.Object, java.lang.Object, java.lang.Object, java.lang.Object, java.lang.Object)'> (0x00000000878de890) throw
Event: 13.945 Thread 0x00000240e38da800 Exception <a 'java/lang/NoSuchMethodError'{0x00000000878e59a0}: 'java.lang.Object java.lang.invoke.DelegatingMethodHandle$Holder.delegate(java.lang.Object, java.lang.Object, java.lang.Object, java.lang.Object, java.lang.Object, java.lang.Object, java.lang.Object, java.lang.Object, java.lang.Object, java.lang.Object, java.lang.Object, java.lang.Object, java.lang.Object, java.lang.Object, java.lang.Object, java.lang.Object, java.lang.Object, java.lang.Object, java.lang.Object, java.lang.Object)'> (0x00000000
Event: 13.950 Thread 0x00000240e38da800 Exception <a 'java/lang/NoSuchMethodError'{0x000000008772e4f8}: 'java.lang.Object java.lang.invoke.DirectMethodHandle$Holder.invokeStatic(java.lang.Object, java.lang.Object, java.lang.Object, java.lang.Object, java.lang.Object, java.lang.Object, java.lang.Object, java.lang.Object, java.lang.Object, java.lang.Object, java.lang.Object, java.lang.Object, java.lang.Object, java.lang.Object, java.lang.Object)'> (0x000000008772e4f8) thrown at [./src/hotspot/share/interpreter/linkResolver.cpp, line 773]
Event: 13.951 Thread 0x00000240e38da800 Exception <a 'java/lang/NoSuchMethodError'{0x000000008773ec48}: 'java.lang.Object java.lang.invoke.DirectMethodHandle$Holder.invokeStatic(java.lang.Object, java.lang.Object, java.lang.Object, java.lang.Object, java.lang.Object, java.lang.Object, java.lang.Object, java.lang.Object, java.lang.Object, java.lang.Object, java.lang.Object, java.lang.Object, java.lang.Object, java.lang.Object, java.lang.Object, java.lang.Object)'> (0x000000008773ec48) thrown at [./src/hotspot/share/interpreter/linkResolver.cpp, l
Event: 13.952 Thread 0x00000240e38da800 Exception <a 'java/lang/NoSuchMethodError'{0x000000008774f120}: 'java.lang.Object java.lang.invoke.DelegatingMethodHandle$Holder.reinvoke_L(java.lang.Object, java.lang.Object, java.lang.Object, java.lang.Object, java.lang.Object, java.lang.Object, java.lang.Object, java.lang.Object, java.lang.Object, java.lang.Object, java.lang.Object, java.lang.Object, java.lang.Object, java.lang.Object, java.lang.Object, java.lang.Object, java.lang.Object, java.lang.Object, java.lang.Object)'> (0x000000008774f120) thrown

Events (20 events):
Event: 13.962 loading class org/gradle/caching/internal/CacheableEntity
Event: 13.962 loading class org/gradle/caching/internal/CacheableEntity done
Event: 13.962 loading class org/gradle/internal/execution/steps/CancelExecutionStep
Event: 13.962 loading class org/gradle/internal/execution/steps/CancelExecutionStep done
Event: 13.964 loading class org/gradle/internal/service/scopes/DefaultProjectFinder
Event: 13.964 loading class org/gradle/internal/service/scopes/DefaultProjectFinder done
Event: 13.965 loading class org/gradle/api/internal/project/ProjectInternal
Event: 13.965 loading class org/gradle/api/internal/project/ProjectInternal done
Event: 13.965 loading class org/gradle/api/internal/project/ProjectInternal
Event: 13.965 loading class org/gradle/api/internal/project/ProjectInternal done
Event: 13.965 loading class org/gradle/internal/service/scopes/ProjectScopeServices
Event: 13.965 loading class org/gradle/internal/service/scopes/ProjectScopeServices done
Event: 13.970 loading class org/gradle/api/internal/collections/FilteredCollection
Event: 13.970 loading class org/gradle/api/internal/collections/FilteredCollection done
Event: 13.971 loading class org/gradle/api/internal/collections/DefaultCollectionEventRegister$FilteredEventRegister
Event: 13.971 loading class org/gradle/api/internal/collections/DefaultCollectionEventRegister$FilteredEventRegister done
Event: 13.972 loading class org/gradle/api/internal/DefaultNamedDomainObjectCollection$FilteredIndex
Event: 13.972 loading class org/gradle/api/internal/DefaultNamedDomainObjectCollection$FilteredIndex done
Event: 13.972 loading class org/gradle/api/internal/collections/FilteredCollection$FilteringIterator
Event: 13.972 loading class org/gradle/api/internal/collections/FilteredCollection$FilteringIterator done


Dynamic libraries:
0x00007ff644740000 - 0x00007ff64474a000 	C:\Program Files\Android\Android Studio\jre\bin\java.exe
0x00007ffb1cdf0000 - 0x00007ffb1cfe8000 	C:\WINDOWS\SYSTEM32\ntdll.dll
0x00007ffb1b180000 - 0x00007ffb1b23d000 	C:\WINDOWS\System32\KERNEL32.DLL
0x00007ffb1a8d0000 - 0x00007ffb1ab9e000 	C:\WINDOWS\System32\KERNELBASE.dll
0x00007ffb1a510000 - 0x00007ffb1a610000 	C:\WINDOWS\System32\ucrtbase.dll
0x00007ffb07cf0000 - 0x00007ffb07d09000 	C:\Program Files\Android\Android Studio\jre\bin\jli.dll
0x00007ffb07710000 - 0x00007ffb07727000 	C:\Program Files\Android\Android Studio\jre\bin\VCRUNTIME140.dll
0x00007ffb1ae60000 - 0x00007ffb1b000000 	C:\WINDOWS\System32\USER32.dll
0x00007ffb1a610000 - 0x00007ffb1a632000 	C:\WINDOWS\System32\win32u.dll
0x00007ffb1b660000 - 0x00007ffb1b68a000 	C:\WINDOWS\System32\GDI32.dll
0x00007ffb1acb0000 - 0x00007ffb1adbb000 	C:\WINDOWS\System32\gdi32full.dll
0x00007ffb19bd0000 - 0x00007ffb19e6a000 	C:\WINDOWS\WinSxS\amd64_microsoft.windows.common-controls_6595b64144ccf1df_6.0.19041.1110_none_60b5254171f9507e\COMCTL32.dll
0x00007ffb1ac10000 - 0x00007ffb1acad000 	C:\WINDOWS\System32\msvcp_win.dll
0x00007ffb1be50000 - 0x00007ffb1beee000 	C:\WINDOWS\System32\msvcrt.dll
0x00007ffb1b420000 - 0x00007ffb1b450000 	C:\WINDOWS\System32\IMM32.DLL
0x00007ffad8780000 - 0x00007ffad881d000 	C:\Program Files\Android\Android Studio\jre\bin\msvcp140.dll
0x00007ffa89020000 - 0x00007ffa89af5000 	C:\Program Files\Android\Android Studio\jre\bin\server\jvm.dll
0x00007ffb1c380000 - 0x00007ffb1c42e000 	C:\WINDOWS\System32\ADVAPI32.dll
0x00007ffb1ccb0000 - 0x00007ffb1cd4c000 	C:\WINDOWS\System32\sechost.dll
0x00007ffb1c430000 - 0x00007ffb1c555000 	C:\WINDOWS\System32\RPCRT4.dll
0x00007ffb17f80000 - 0x00007ffb17f8a000 	C:\WINDOWS\SYSTEM32\VERSION.dll
0x00007ffb1b3b0000 - 0x00007ffb1b3b8000 	C:\WINDOWS\System32\PSAPI.DLL
0x00007ffb01590000 - 0x00007ffb015b7000 	C:\WINDOWS\SYSTEM32\WINMM.dll
0x00007ffad6500000 - 0x00007ffad6509000 	C:\WINDOWS\SYSTEM32\WSOCK32.dll
0x00007ffb1b690000 - 0x00007ffb1b6fb000 	C:\WINDOWS\System32\WS2_32.dll
0x00007ffb175b0000 - 0x00007ffb175c2000 	C:\WINDOWS\SYSTEM32\kernel.appcore.dll
0x00007ffb10030000 - 0x00007ffb10041000 	C:\Program Files\Android\Android Studio\jre\bin\verify.dll
0x00007ffb19f90000 - 0x00007ffb1a174000 	C:\WINDOWS\SYSTEM32\DBGHELP.DLL
0x00007ffb19e90000 - 0x00007ffb19ebc000 	C:\WINDOWS\SYSTEM32\dbgcore.DLL
0x00007ffb1adc0000 - 0x00007ffb1ae42000 	C:\WINDOWS\System32\bcryptPrimitives.dll
0x00007ffb07cc0000 - 0x00007ffb07ce9000 	C:\Program Files\Android\Android Studio\jre\bin\java.dll
0x00007ffb163e0000 - 0x00007ffb163eb000 	C:\Program Files\Android\Android Studio\jre\bin\jimage.dll
0x00007ffb10010000 - 0x00007ffb10028000 	C:\Program Files\Android\Android Studio\jre\bin\zip.dll
0x00007ffb1b700000 - 0x00007ffb1be44000 	C:\WINDOWS\System32\SHELL32.dll
0x00007ffb177d0000 - 0x00007ffb17f64000 	C:\WINDOWS\SYSTEM32\windows.storage.dll
0x00007ffb1bef0000 - 0x00007ffb1c244000 	C:\WINDOWS\System32\combase.dll
0x00007ffb197a0000 - 0x00007ffb197d0000 	C:\WINDOWS\SYSTEM32\Wldp.dll
0x00007ffb1b0d0000 - 0x00007ffb1b17d000 	C:\WINDOWS\System32\SHCORE.dll
0x00007ffb1cd50000 - 0x00007ffb1cda5000 	C:\WINDOWS\System32\shlwapi.dll
0x00007ffb1a450000 - 0x00007ffb1a46f000 	C:\WINDOWS\SYSTEM32\profapi.dll
0x00007ffb0c300000 - 0x00007ffb0c31a000 	C:\Program Files\Android\Android Studio\jre\bin\net.dll
0x00007ffb13f60000 - 0x00007ffb1406a000 	C:\WINDOWS\SYSTEM32\WINHTTP.dll
0x00007ffb19580000 - 0x00007ffb195ea000 	C:\WINDOWS\system32\mswsock.dll
0x00007ffb07ca0000 - 0x00007ffb07cb4000 	C:\Program Files\Android\Android Studio\jre\bin\nio.dll
0x00007ffb07970000 - 0x00007ffb07997000 	C:\Users\User\.gradle\native\e1d6ef7f7dcc3fd88c89a11ec53ec762bb8ba0a96d01ffa2cd45eb1d1d8dd5c5\windows-amd64\native-platform.dll
0x00007ffad78f0000 - 0x00007ffad7a34000 	C:\Users\User\.gradle\native\5664cfc778a61ccfe75a443a1ab52a65af34e5dc3c78e0209fed803814484fcb\windows-amd64\native-platform-file-events.dll
0x00007ffb11fb0000 - 0x00007ffb11fba000 	C:\Program Files\Android\Android Studio\jre\bin\management.dll
0x00007ffb11e70000 - 0x00007ffb11e7d000 	C:\Program Files\Android\Android Studio\jre\bin\management_ext.dll
0x00007ffb1a2a0000 - 0x00007ffb1a2b8000 	C:\WINDOWS\SYSTEM32\CRYPTSP.dll
0x00007ffb18f40000 - 0x00007ffb18f74000 	C:\WINDOWS\system32\rsaenh.dll
0x00007ffb1a640000 - 0x00007ffb1a667000 	C:\WINDOWS\System32\bcrypt.dll
0x00007ffb1a3d0000 - 0x00007ffb1a3fe000 	C:\WINDOWS\SYSTEM32\USERENV.dll
0x00007ffb19710000 - 0x00007ffb1971c000 	C:\WINDOWS\SYSTEM32\CRYPTBASE.dll
0x00007ffb19290000 - 0x00007ffb192cb000 	C:\WINDOWS\SYSTEM32\IPHLPAPI.DLL
0x00007ffb1c370000 - 0x00007ffb1c378000 	C:\WINDOWS\System32\NSI.dll
0x00007ffb10f50000 - 0x00007ffb10f67000 	C:\WINDOWS\SYSTEM32\dhcpcsvc6.DLL
0x00007ffb10f30000 - 0x00007ffb10f4d000 	C:\WINDOWS\SYSTEM32\dhcpcsvc.DLL
0x00007ffb192d0000 - 0x00007ffb1939b000 	C:\WINDOWS\SYSTEM32\DNSAPI.dll

dbghelp: loaded successfully - version: 4.0.5 - missing functions: none
symbol engine: initialized successfully - sym options: 0x614 - pdb path: .;C:\Program Files\Android\Android Studio\jre\bin;C:\WINDOWS\SYSTEM32;C:\WINDOWS\WinSxS\amd64_microsoft.windows.common-controls_6595b64144ccf1df_6.0.19041.1110_none_60b5254171f9507e;C:\Program Files\Android\Android Studio\jre\bin\server;C:\Users\User\.gradle\native\e1d6ef7f7dcc3fd88c89a11ec53ec762bb8ba0a96d01ffa2cd45eb1d1d8dd5c5\windows-amd64;C:\Users\User\.gradle\native\5664cfc778a61ccfe75a443a1ab52a65af34e5dc3c78e0209fed803814484fcb\windows-amd64

VM Arguments:
jvm_args: --add-opens=java.base/java.util=ALL-UNNAMED --add-opens=java.base/java.lang=ALL-UNNAMED --add-opens=java.base/java.lang.invoke=ALL-UNNAMED --add-opens=java.base/java.util=ALL-UNNAMED --add-opens=java.prefs/java.util.prefs=ALL-UNNAMED --add-opens=java.prefs/java.util.prefs=ALL-UNNAMED --add-opens=java.base/java.nio.charset=ALL-UNNAMED --add-opens=java.base/java.net=ALL-UNNAMED --add-opens=java.base/java.util.concurrent.atomic=ALL-UNNAMED -Xmx2048m -Dfile.encoding=UTF-8 -Duser.country=SG -Duser.language=en -Duser.variant 
java_command: org.gradle.launcher.daemon.bootstrap.GradleDaemon 7.2
java_class_path (initial): C:\Users\User\.gradle\wrapper\dists\gradle-7.2-bin\2dnblmf4td7x66yl1d74lt32g\gradle-7.2\lib\gradle-launcher-7.2.jar
Launcher Type: SUN_STANDARD

[Global flags]
     intx CICompilerCount                          = 4                                         {product} {ergonomic}
     uint ConcGCThreads                            = 2                                         {product} {ergonomic}
     uint G1ConcRefinementThreads                  = 8                                         {product} {ergonomic}
   size_t G1HeapRegionSize                         = 1048576                                   {product} {ergonomic}
    uintx GCDrainStackTargetSize                   = 64                                        {product} {ergonomic}
   size_t InitialHeapSize                          = 132120576                                 {product} {ergonomic}
   size_t MarkStackSize                            = 4194304                                   {product} {ergonomic}
   size_t MaxHeapSize                              = 2147483648                                {product} {command line}
   size_t MaxNewSize                               = 1287651328                                {product} {ergonomic}
   size_t MinHeapDeltaBytes                        = 1048576                                   {product} {ergonomic}
    uintx NonNMethodCodeHeapSize                   = 5836300                                {pd product} {ergonomic}
    uintx NonProfiledCodeHeapSize                  = 122910970                              {pd product} {ergonomic}
    uintx ProfiledCodeHeapSize                     = 122910970                              {pd product} {ergonomic}
    uintx ReservedCodeCacheSize                    = 251658240                              {pd product} {ergonomic}
     bool SegmentedCodeCache                       = true                                      {product} {ergonomic}
     bool UseCompressedClassPointers               = true                                 {lp64_product} {ergonomic}
     bool UseCompressedOops                        = true                                 {lp64_product} {ergonomic}
     bool UseG1GC                                  = true                                      {product} {ergonomic}
     bool UseLargePagesIndividualAllocation        = false                                  {pd product} {ergonomic}

Logging:
Log output configuration:
 #0: stdout all=warning uptime,level,tags
 #1: stderr all=off uptime,level,tags

Environment Variables:
PATH=C:\Program Files (x86)\VMware\VMware Workstation\bin\;C:\WINDOWS\system32;C:\WINDOWS;C:\WINDOWS\System32\Wbem;C:\WINDOWS\System32\WindowsPowerShell\v1.0\;C:\WINDOWS\System32\OpenSSH\;C:\Program Files\Git\cmd;C:\Program Files (x86)\GNU\GnuPG\pub;C:\Users\User\AppData\Local\Microsoft\WindowsApps;;C:\Users\User\AppData\Local\Programs\Microsoft VS Code\bin;C:\Users\User\AppData\Local\Programs\mongosh\
USERNAME=User
OS=Windows_NT
PROCESSOR_IDENTIFIER=Intel64 Family 6 Model 140 Stepping 1, GenuineIntel



---------------  S Y S T E M  ---------------

OS: Windows 10 , 64 bit Build 19041 (10.0.19041.1806)
OS uptime: 8 days 1:46 hours
Hyper-V role detected

CPU:total 8 (initial active 8) (4 cores per cpu, 2 threads per core) family 6 model 140 stepping 1 microcode 0x9a, cmov, cx8, fxsr, mmx, sse, sse2, sse3, ssse3, sse4.1, sse4.2, popcnt, avx, avx2, aes, clmul, erms, 3dnowpref, lzcnt, ht, tsc, tscinvbit, bmi1, bmi2, adx, evex, sha, fma

Memory: 4k page, system-wide physical 7991M (412M free)
TotalPageFile size 32567M (AvailPageFile size 4M)
current process WorkingSet (physical memory assigned to process): 262M, peak: 262M
current process commit charge ("private bytes"): 325M, peak: 330M

vm_info: OpenJDK 64-Bit Server VM (11.0.11+9-b60-7590822) for windows-amd64 JRE (11.0.11+9-b60-7590822), built on Jul 29 2021 21:43:44 by "builder" with MS VC++ 14.0 (VS2015)

END.
