#
# There is insufficient memory for the Java Runtime Environment to continue.
# Native memory allocation (mmap) failed to map 182452224 bytes for Failed to commit area from 0x000000008c600000 to 0x0000000097400000 of length 182452224.
# Possible reasons:
#   The system is out of physical RAM or swap space
#   The process is running with CompressedOops enabled, and the Java Heap may be blocking the growth of the native heap
# Possible solutions:
#   Reduce memory load on the system
#   Increase physical memory or swap space
#   Check if swap backing store is full
#   Decrease Java heap size (-Xmx/-Xms)
#   Decrease number of Java threads
#   Decrease Java thread stack sizes (-Xss)
#   Set larger code cache with -XX:ReservedCodeCacheSize=
#   JVM is running with Unscaled Compressed Oops mode in which the Java heap is
#     placed in the first 4GB address space. The Java Heap base address is the
#     maximum limit for the native heap growth. Please use -XX:HeapBaseMinAddress
#     to set the Java Heap base and to place the Java Heap above 4GB virtual address.
# This output file may be truncated or incomplete.
#
#  Out of Memory Error (./src/hotspot/os/windows/os_windows.cpp:3301), pid=28940, tid=30740
#
# JRE version: OpenJDK Runtime Environment (11.0.11+9) (build 11.0.11+9-b60-7590822)
# Java VM: OpenJDK 64-Bit Server VM (11.0.11+9-b60-7590822, mixed mode, tiered, compressed oops, g1 gc, windows-amd64)
# No core dump will be written. Minidumps are not enabled by default on client versions of Windows
#

---------------  S U M M A R Y ------------

Command Line: --add-opens=java.base/java.util=ALL-UNNAMED --add-opens=java.base/java.lang=ALL-UNNAMED --add-opens=java.base/java.lang.invoke=ALL-UNNAMED --add-opens=java.base/java.util=ALL-UNNAMED --add-opens=java.prefs/java.util.prefs=ALL-UNNAMED --add-opens=java.prefs/java.util.prefs=ALL-UNNAMED --add-opens=java.base/java.nio.charset=ALL-UNNAMED --add-opens=java.base/java.net=ALL-UNNAMED --add-opens=java.base/java.util.concurrent.atomic=ALL-UNNAMED -Xmx2048m -Dfile.encoding=UTF-8 -Duser.country=SG -Duser.language=en -Duser.variant org.gradle.launcher.daemon.bootstrap.GradleDaemon 7.2

Host: 11th Gen Intel(R) Core(TM) i5-1135G7 @ 2.40GHz, 8 cores, 7G,  Windows 10 , 64 bit Build 19041 (10.0.19041.1806)
Time: Tue Aug 16 23:25:14 2022 Malay Peninsula Standard Time elapsed time: 24.292467 seconds (0d 0h 0m 24s)

---------------  T H R E A D  ---------------

Current thread (0x0000014eb326e800):  VMThread "VM Thread" [stack: 0x0000000e75900000,0x0000000e75a00000] [id=30740]

Stack: [0x0000000e75900000,0x0000000e75a00000]
[error occurred during error reporting (printing stack bounds), id 0xc0000005, EXCEPTION_ACCESS_VIOLATION (0xc0000005) at pc=0x0000014e9c1410e7]

Native frames: (J=compiled Java code, j=interpreted, Vv=VM code, C=native code)
V  [jvm.dll+0x5f214a]
V  [jvm.dll+0x726fb5]
V  [jvm.dll+0x7285cd]
V  [jvm.dll+0x728be5]
V  [jvm.dll+0x728b9b]
V  [jvm.dll+0x5f14e8]
V  [jvm.dll+0x5f1c78]
C  [ntdll.dll+0xa229f]
C  [ntdll.dll+0x51454]
C  [ntdll.dll+0xa0dce]
C  0x0000014e9c1410e7

VM_Operation (0x0000000e789f90b0): G1CollectForAllocation, mode: safepoint, requested by thread 0x0000014eb631b000


---------------  P R O C E S S  ---------------

Threads class SMR info:
_java_thread_list=0x0000014eb5f602d0, length=133, elements={
0x0000014e9863b000, 0x0000014eb3273800, 0x0000014eb3275000, 0x0000014eb3bf6000,
0x0000014eb3bf7000, 0x0000014eb3bf8000, 0x0000014eb3bfa800, 0x0000014eb3bfb800,
0x0000014eb3bfc800, 0x0000014eb3d67800, 0x0000014eb5f85000, 0x0000014eb5c60800,
0x0000014eb4bd8800, 0x0000014eb558e800, 0x0000014eb558f000, 0x0000014eb5166000,
0x0000014eb5766000, 0x0000014eb5fa6000, 0x0000014eb55be800, 0x0000014eb5496800,
0x0000014eb5499000, 0x0000014eb5495000, 0x0000014eb5493000, 0x0000014eb549a000,
0x0000014eb5497800, 0x0000014eb5495800, 0x0000014eb5498000, 0x0000014eb5494000,
0x0000014eb6318800, 0x0000014eb6316800, 0x0000014eb6315800, 0x0000014eb6313000,
0x0000014eb6318000, 0x0000014eb6319800, 0x0000014eb6314000, 0x0000014eb631f000,
0x0000014eb6320000, 0x0000014eb631d000, 0x0000014eb631e800, 0x0000014eb631b000,
0x0000014eb631c000, 0x0000014eb631d800, 0x0000014eb631a800, 0x0000014eb6321000,
0x0000014eb6321800, 0x0000014eb82a1800, 0x0000014eb82a5000, 0x0000014eb82a0000,
0x0000014eb82a1000, 0x0000014eb82a3800, 0x0000014eb82a6000, 0x0000014eb82a6800,
0x0000014eb82a7800, 0x0000014eb82a4000, 0x0000014eb82a8000, 0x0000014eb82a2800,
0x0000014eb82a9000, 0x0000014eb82ab800, 0x0000014eb82ae000, 0x0000014eb82aa000,
0x0000014eb82ac800, 0x0000014eb82aa800, 0x0000014eb82ad000, 0x0000014eb82af000,
0x0000014eb9a72000, 0x0000014eb9a73000, 0x0000014eb9a75000, 0x0000014eb9a73800,
0x0000014eb9a74800, 0x0000014eb9a76000, 0x0000014eb9a70800, 0x0000014eb9a77000,
0x0000014eb9a71000, 0x0000014eb8318000, 0x0000014eb8319000, 0x0000014eb8319800,
0x0000014eb831c000, 0x0000014eb8317800, 0x0000014eb831e000, 0x0000014eb831e800,
0x0000014eb831d000, 0x0000014eb831f800, 0x0000014eb8320000, 0x0000014eb831a800,
0x0000014eb8321000, 0x0000014eb831b800, 0x0000014eb8322000, 0x0000014eb8322800,
0x0000014eb8323800, 0x0000014eb8325000, 0x0000014eb8324800, 0x0000014eb8326000,
0x0000014eb854b000, 0x0000014eb8545800, 0x0000014eb854a000, 0x0000014eb8549800,
0x0000014eb8547000, 0x0000014eb8548000, 0x0000014eb8548800, 0x0000014eb854c000,
0x0000014eb8546000, 0x0000014eb8552800, 0x0000014eb854c800, 0x0000014eb854d800,
0x0000014eb8554000, 0x0000014eb854f000, 0x0000014eb8550000, 0x0000014eb854e800,
0x0000014eb8553000, 0x0000014eb8551000, 0x0000014eb8551800, 0x0000014eb8567000,
0x0000014eb856b000, 0x0000014eb8568800, 0x0000014eb8566000, 0x0000014eb856a800,
0x0000014eb8568000, 0x0000014eb8569800, 0x0000014eb8565800, 0x0000014eb8571000,
0x0000014eb856f000, 0x0000014eb8570000, 0x0000014eb8571800, 0x0000014eb856c000,
0x0000014eb856c800, 0x0000014eb8573000, 0x0000014eb8572800, 0x0000014eb856d800,
0x0000014eb8574000, 0x0000014ebc613000, 0x0000014ebc60e800, 0x0000014ebc60f000,
0x0000014ebc614000
}

Java Threads: ( => current thread )
  0x0000014e9863b000 JavaThread "main" [_thread_blocked, id=24240, stack(0x0000000e75300000,0x0000000e75400000)]
  0x0000014eb3273800 JavaThread "Reference Handler" daemon [_thread_blocked, id=20148, stack(0x0000000e75a00000,0x0000000e75b00000)]
  0x0000014eb3275000 JavaThread "Finalizer" daemon [_thread_blocked, id=2060, stack(0x0000000e75b00000,0x0000000e75c00000)]
  0x0000014eb3bf6000 JavaThread "Signal Dispatcher" daemon [_thread_blocked, id=30192, stack(0x0000000e75c00000,0x0000000e75d00000)]
  0x0000014eb3bf7000 JavaThread "Attach Listener" daemon [_thread_blocked, id=19376, stack(0x0000000e75d00000,0x0000000e75e00000)]
  0x0000014eb3bf8000 JavaThread "Service Thread" daemon [_thread_blocked, id=25900, stack(0x0000000e75e00000,0x0000000e75f00000)]
  0x0000014eb3bfa800 JavaThread "C2 CompilerThread0" daemon [_thread_in_native, id=23260, stack(0x0000000e75f00000,0x0000000e76000000)]
  0x0000014eb3bfb800 JavaThread "C1 CompilerThread0" daemon [_thread_blocked, id=23192, stack(0x0000000e76000000,0x0000000e76100000)]
  0x0000014eb3bfc800 JavaThread "Sweeper thread" daemon [_thread_blocked, id=5836, stack(0x0000000e76100000,0x0000000e76200000)]
  0x0000014eb3d67800 JavaThread "Common-Cleaner" daemon [_thread_blocked, id=14372, stack(0x0000000e76200000,0x0000000e76300000)]
  0x0000014eb5f85000 JavaThread "Daemon health stats" [_thread_blocked, id=14660, stack(0x0000000e76600000,0x0000000e76700000)]
  0x0000014eb5c60800 JavaThread "Incoming local TCP Connector on port 63676" [_thread_in_native, id=18280, stack(0x0000000e76700000,0x0000000e76800000)]
  0x0000014eb4bd8800 JavaThread "Daemon periodic checks" [_thread_blocked, id=2552, stack(0x0000000e76800000,0x0000000e76900000)]
  0x0000014eb558e800 JavaThread "Daemon" [_thread_blocked, id=23720, stack(0x0000000e76900000,0x0000000e76a00000)]
  0x0000014eb558f000 JavaThread "Handler for socket connection from /127.0.0.1:63676 to /127.0.0.1:63677" [_thread_in_native, id=28588, stack(0x0000000e76a00000,0x0000000e76b00000)]
  0x0000014eb5166000 JavaThread "Cancel handler" [_thread_blocked, id=29380, stack(0x0000000e76b00000,0x0000000e76c00000)]
  0x0000014eb5766000 JavaThread "Daemon worker" [_thread_blocked, id=6760, stack(0x0000000e76c00000,0x0000000e76d00000)]
  0x0000014eb5fa6000 JavaThread "Asynchronous log dispatcher for DefaultDaemonConnection: socket connection from /127.0.0.1:63676 to /127.0.0.1:63677" [_thread_blocked, id=16584, stack(0x0000000e76d00000,0x0000000e76e00000)]
  0x0000014eb55be800 JavaThread "Stdin handler" [_thread_blocked, id=4320, stack(0x0000000e76e00000,0x0000000e76f00000)]
  0x0000014eb5496800 JavaThread "Daemon client event forwarder" [_thread_blocked, id=15416, stack(0x0000000e76f00000,0x0000000e77000000)]
  0x0000014eb5499000 JavaThread "Cache worker for journal cache (C:\Users\User\.gradle\caches\journal-1)" [_thread_blocked, id=21100, stack(0x0000000e77500000,0x0000000e77600000)]
  0x0000014eb5495000 JavaThread "File lock request listener" [_thread_in_native, id=32036, stack(0x0000000e77600000,0x0000000e77700000)]
  0x0000014eb5493000 JavaThread "Cache worker for file hash cache (C:\Users\User\.gradle\caches\7.2\fileHashes)" [_thread_blocked, id=29768, stack(0x0000000e77700000,0x0000000e77800000)]
  0x0000014eb549a000 JavaThread "Cache worker for file hash cache (C:\Users\User\AndroidStudioProjects\DemoWeather\.gradle\7.2\fileHashes)" [_thread_blocked, id=5584, stack(0x0000000e77900000,0x0000000e77a00000)]
  0x0000014eb5497800 JavaThread "File watcher server" daemon [_thread_blocked, id=32340, stack(0x0000000e77a00000,0x0000000e77b00000)]
  0x0000014eb5495800 JavaThread "File watcher consumer" daemon [_thread_blocked, id=2936, stack(0x0000000e77b00000,0x0000000e77c00000)]
  0x0000014eb5498000 JavaThread "Cache worker for checksums cache (C:\Users\User\AndroidStudioProjects\DemoWeather\.gradle\checksums)" [_thread_blocked, id=1332, stack(0x0000000e77c00000,0x0000000e77d00000)]
  0x0000014eb5494000 JavaThread "Cache worker for cache directory md-supplier (C:\Users\User\.gradle\caches\7.2\md-supplier)" [_thread_blocked, id=21012, stack(0x0000000e77d00000,0x0000000e77e00000)]
  0x0000014eb6318800 JavaThread "Cache worker for cache directory md-rule (C:\Users\User\.gradle\caches\7.2\md-rule)" [_thread_blocked, id=4348, stack(0x0000000e77e00000,0x0000000e77f00000)]
  0x0000014eb6316800 JavaThread "Cache worker for execution history cache (C:\Users\User\.gradle\caches\7.2\executionHistory)" [_thread_blocked, id=25020, stack(0x0000000e77f00000,0x0000000e78000000)]
  0x0000014eb6315800 JavaThread "jar transforms" [_thread_blocked, id=31416, stack(0x0000000e78000000,0x0000000e78100000)]
  0x0000014eb6313000 JavaThread "Cache worker for file content cache (C:\Users\User\.gradle\caches\7.2\fileContent)" [_thread_blocked, id=14544, stack(0x0000000e78100000,0x0000000e78200000)]
  0x0000014eb6318000 JavaThread "jar transforms Thread 2" [_thread_blocked, id=23656, stack(0x0000000e78200000,0x0000000e78300000)]
  0x0000014eb6319800 JavaThread "Cache worker for dependencies-accessors (C:\Users\User\AndroidStudioProjects\DemoWeather\.gradle\7.2\dependencies-accessors)" [_thread_blocked, id=33384, stack(0x0000000e78300000,0x0000000e78400000)]
  0x0000014eb6314000 JavaThread "jar transforms Thread 3" [_thread_blocked, id=24680, stack(0x0000000e78400000,0x0000000e78500000)]
  0x0000014eb631f000 JavaThread "Cache worker for Build Output Cleanup Cache (C:\Users\User\AndroidStudioProjects\DemoWeather\.gradle\buildOutputCleanup)" [_thread_blocked, id=8800, stack(0x0000000e78500000,0x0000000e78600000)]
  0x0000014eb6320000 JavaThread "Unconstrained build operations" [_thread_blocked, id=18080, stack(0x0000000e78600000,0x0000000e78700000)]
  0x0000014eb631d000 JavaThread "Unconstrained build operations Thread 2" [_thread_blocked, id=20788, stack(0x0000000e78700000,0x0000000e78800000)]
  0x0000014eb631e800 JavaThread "Unconstrained build operations Thread 3" [_thread_blocked, id=7692, stack(0x0000000e78800000,0x0000000e78900000)]
  0x0000014eb631b000 JavaThread "Unconstrained build operations Thread 4" [_thread_blocked, id=11276, stack(0x0000000e78900000,0x0000000e78a00000)]
  0x0000014eb631c000 JavaThread "Unconstrained build operations Thread 5" [_thread_blocked, id=29792, stack(0x0000000e78a00000,0x0000000e78b00000)]
  0x0000014eb631d800 JavaThread "Unconstrained build operations Thread 6" [_thread_blocked, id=31700, stack(0x0000000e78b00000,0x0000000e78c00000)]
  0x0000014eb631a800 JavaThread "Unconstrained build operations Thread 7" [_thread_blocked, id=18176, stack(0x0000000e78c00000,0x0000000e78d00000)]
  0x0000014eb6321000 JavaThread "Unconstrained build operations Thread 8" [_thread_blocked, id=13508, stack(0x0000000e78d00000,0x0000000e78e00000)]
  0x0000014eb6321800 JavaThread "Unconstrained build operations Thread 9" [_thread_blocked, id=27944, stack(0x0000000e78e00000,0x0000000e78f00000)]
  0x0000014eb82a1800 JavaThread "Unconstrained build operations Thread 10" [_thread_blocked, id=30468, stack(0x0000000e78f00000,0x0000000e79000000)]
  0x0000014eb82a5000 JavaThread "Unconstrained build operations Thread 11" [_thread_blocked, id=33676, stack(0x0000000e79000000,0x0000000e79100000)]
  0x0000014eb82a0000 JavaThread "Unconstrained build operations Thread 12" [_thread_blocked, id=18540, stack(0x0000000e79100000,0x0000000e79200000)]
  0x0000014eb82a1000 JavaThread "Unconstrained build operations Thread 13" [_thread_blocked, id=14244, stack(0x0000000e79200000,0x0000000e79300000)]
  0x0000014eb82a3800 JavaThread "Unconstrained build operations Thread 14" [_thread_blocked, id=7668, stack(0x0000000e79300000,0x0000000e79400000)]
  0x0000014eb82a6000 JavaThread "Unconstrained build operations Thread 15" [_thread_blocked, id=21608, stack(0x0000000e79400000,0x0000000e79500000)]
  0x0000014eb82a6800 JavaThread "Unconstrained build operations Thread 16" [_thread_blocked, id=33668, stack(0x0000000e79500000,0x0000000e79600000)]
  0x0000014eb82a7800 JavaThread "Unconstrained build operations Thread 17" [_thread_blocked, id=31356, stack(0x0000000e79600000,0x0000000e79700000)]
  0x0000014eb82a4000 JavaThread "Unconstrained build operations Thread 18" [_thread_blocked, id=31536, stack(0x0000000e79700000,0x0000000e79800000)]
  0x0000014eb82a8000 JavaThread "Unconstrained build operations Thread 19" [_thread_blocked, id=26564, stack(0x0000000e79800000,0x0000000e79900000)]
  0x0000014eb82a2800 JavaThread "Unconstrained build operations Thread 20" [_thread_blocked, id=14408, stack(0x0000000e79900000,0x0000000e79a00000)]
  0x0000014eb82a9000 JavaThread "Unconstrained build operations Thread 21" [_thread_blocked, id=7488, stack(0x0000000e79a00000,0x0000000e79b00000)]
  0x0000014eb82ab800 JavaThread "Unconstrained build operations Thread 22" [_thread_blocked, id=11876, stack(0x0000000e79b00000,0x0000000e79c00000)]
  0x0000014eb82ae000 JavaThread "Unconstrained build operations Thread 23" [_thread_blocked, id=10452, stack(0x0000000e79c00000,0x0000000e79d00000)]
  0x0000014eb82aa000 JavaThread "Unconstrained build operations Thread 24" [_thread_blocked, id=22232, stack(0x0000000e79d00000,0x0000000e79e00000)]
  0x0000014eb82ac800 JavaThread "Unconstrained build operations Thread 25" [_thread_blocked, id=9736, stack(0x0000000e79e00000,0x0000000e79f00000)]
  0x0000014eb82aa800 JavaThread "Unconstrained build operations Thread 26" [_thread_blocked, id=22156, stack(0x0000000e79f00000,0x0000000e7a000000)]
  0x0000014eb82ad000 JavaThread "Unconstrained build operations Thread 27" [_thread_blocked, id=6644, stack(0x0000000e7a000000,0x0000000e7a100000)]
  0x0000014eb82af000 JavaThread "Unconstrained build operations Thread 28" [_thread_blocked, id=33780, stack(0x0000000e7a100000,0x0000000e7a200000)]
  0x0000014eb9a72000 JavaThread "Unconstrained build operations Thread 29" [_thread_blocked, id=17496, stack(0x0000000e7a200000,0x0000000e7a300000)]
  0x0000014eb9a73000 JavaThread "Unconstrained build operations Thread 30" [_thread_blocked, id=31144, stack(0x0000000e7a300000,0x0000000e7a400000)]
  0x0000014eb9a75000 JavaThread "Unconstrained build operations Thread 31" [_thread_blocked, id=19724, stack(0x0000000e7a400000,0x0000000e7a500000)]
  0x0000014eb9a73800 JavaThread "Unconstrained build operations Thread 32" [_thread_blocked, id=26752, stack(0x0000000e7a500000,0x0000000e7a600000)]
  0x0000014eb9a74800 JavaThread "Unconstrained build operations Thread 33" [_thread_blocked, id=33156, stack(0x0000000e7a600000,0x0000000e7a700000)]
  0x0000014eb9a76000 JavaThread "Unconstrained build operations Thread 34" [_thread_blocked, id=23036, stack(0x0000000e7a700000,0x0000000e7a800000)]
  0x0000014eb9a70800 JavaThread "Unconstrained build operations Thread 35" [_thread_blocked, id=28348, stack(0x0000000e7a800000,0x0000000e7a900000)]
  0x0000014eb9a77000 JavaThread "Unconstrained build operations Thread 36" [_thread_blocked, id=14680, stack(0x0000000e7a900000,0x0000000e7aa00000)]
  0x0000014eb9a71000 JavaThread "Unconstrained build operations Thread 37" [_thread_blocked, id=15388, stack(0x0000000e7aa00000,0x0000000e7ab00000)]
  0x0000014eb8318000 JavaThread "Unconstrained build operations Thread 38" [_thread_blocked, id=20248, stack(0x0000000e7ab00000,0x0000000e7ac00000)]
  0x0000014eb8319000 JavaThread "Unconstrained build operations Thread 39" [_thread_blocked, id=27800, stack(0x0000000e7ac00000,0x0000000e7ad00000)]
  0x0000014eb8319800 JavaThread "Unconstrained build operations Thread 40" [_thread_blocked, id=8980, stack(0x0000000e7ad00000,0x0000000e7ae00000)]
  0x0000014eb831c000 JavaThread "Unconstrained build operations Thread 41" [_thread_blocked, id=12300, stack(0x0000000e7ae00000,0x0000000e7af00000)]
  0x0000014eb8317800 JavaThread "Unconstrained build operations Thread 42" [_thread_blocked, id=11940, stack(0x0000000e7af00000,0x0000000e7b000000)]
  0x0000014eb831e000 JavaThread "Unconstrained build operations Thread 43" [_thread_blocked, id=3696, stack(0x0000000e7b000000,0x0000000e7b100000)]
  0x0000014eb831e800 JavaThread "Unconstrained build operations Thread 44" [_thread_blocked, id=12852, stack(0x0000000e7b100000,0x0000000e7b200000)]
  0x0000014eb831d000 JavaThread "Unconstrained build operations Thread 45" [_thread_blocked, id=236, stack(0x0000000e7b200000,0x0000000e7b300000)]
  0x0000014eb831f800 JavaThread "Unconstrained build operations Thread 46" [_thread_blocked, id=22228, stack(0x0000000e7b300000,0x0000000e7b400000)]
  0x0000014eb8320000 JavaThread "Unconstrained build operations Thread 47" [_thread_blocked, id=13212, stack(0x0000000e7b400000,0x0000000e7b500000)]
  0x0000014eb831a800 JavaThread "Unconstrained build operations Thread 48" [_thread_blocked, id=29928, stack(0x0000000e7b500000,0x0000000e7b600000)]
  0x0000014eb8321000 JavaThread "Unconstrained build operations Thread 49" [_thread_blocked, id=26952, stack(0x0000000e7b600000,0x0000000e7b700000)]
  0x0000014eb831b800 JavaThread "Unconstrained build operations Thread 50" [_thread_blocked, id=33912, stack(0x0000000e7b700000,0x0000000e7b800000)]
  0x0000014eb8322000 JavaThread "Unconstrained build operations Thread 51" [_thread_blocked, id=10160, stack(0x0000000e7b800000,0x0000000e7b900000)]
  0x0000014eb8322800 JavaThread "Unconstrained build operations Thread 52" [_thread_blocked, id=30412, stack(0x0000000e7b900000,0x0000000e7ba00000)]
  0x0000014eb8323800 JavaThread "Unconstrained build operations Thread 53" [_thread_blocked, id=10724, stack(0x0000000e7ba00000,0x0000000e7bb00000)]
  0x0000014eb8325000 JavaThread "Unconstrained build operations Thread 54" [_thread_blocked, id=12716, stack(0x0000000e7bb00000,0x0000000e7bc00000)]
  0x0000014eb8324800 JavaThread "Unconstrained build operations Thread 55" [_thread_blocked, id=19328, stack(0x0000000e7bc00000,0x0000000e7bd00000)]
  0x0000014eb8326000 JavaThread "Unconstrained build operations Thread 56" [_thread_blocked, id=27792, stack(0x0000000e7bd00000,0x0000000e7be00000)]
  0x0000014eb854b000 JavaThread "Unconstrained build operations Thread 57" [_thread_blocked, id=19948, stack(0x0000000e7be00000,0x0000000e7bf00000)]
  0x0000014eb8545800 JavaThread "Unconstrained build operations Thread 58" [_thread_blocked, id=30056, stack(0x0000000e7bf00000,0x0000000e7c000000)]
  0x0000014eb854a000 JavaThread "Unconstrained build operations Thread 59" [_thread_blocked, id=22628, stack(0x0000000e7c000000,0x0000000e7c100000)]
  0x0000014eb8549800 JavaThread "Unconstrained build operations Thread 60" [_thread_blocked, id=4448, stack(0x0000000e7c100000,0x0000000e7c200000)]
  0x0000014eb8547000 JavaThread "Unconstrained build operations Thread 61" [_thread_blocked, id=11900, stack(0x0000000e7c200000,0x0000000e7c300000)]
  0x0000014eb8548000 JavaThread "Unconstrained build operations Thread 62" [_thread_blocked, id=34808, stack(0x0000000e7c300000,0x0000000e7c400000)]
  0x0000014eb8548800 JavaThread "Unconstrained build operations Thread 63" [_thread_blocked, id=1472, stack(0x0000000e7c400000,0x0000000e7c500000)]
  0x0000014eb854c000 JavaThread "Unconstrained build operations Thread 64" [_thread_blocked, id=26700, stack(0x0000000e7c500000,0x0000000e7c600000)]
  0x0000014eb8546000 JavaThread "Unconstrained build operations Thread 65" [_thread_blocked, id=30620, stack(0x0000000e7c600000,0x0000000e7c700000)]
  0x0000014eb8552800 JavaThread "Unconstrained build operations Thread 66" [_thread_blocked, id=23708, stack(0x0000000e7c700000,0x0000000e7c800000)]
  0x0000014eb854c800 JavaThread "Unconstrained build operations Thread 67" [_thread_blocked, id=2288, stack(0x0000000e7c800000,0x0000000e7c900000)]
  0x0000014eb854d800 JavaThread "Unconstrained build operations Thread 68" [_thread_blocked, id=33492, stack(0x0000000e7c900000,0x0000000e7ca00000)]
  0x0000014eb8554000 JavaThread "Unconstrained build operations Thread 69" [_thread_blocked, id=4796, stack(0x0000000e7ca00000,0x0000000e7cb00000)]
  0x0000014eb854f000 JavaThread "Unconstrained build operations Thread 70" [_thread_blocked, id=29220, stack(0x0000000e7cb00000,0x0000000e7cc00000)]
  0x0000014eb8550000 JavaThread "Unconstrained build operations Thread 71" [_thread_blocked, id=2932, stack(0x0000000e7cc00000,0x0000000e7cd00000)]
  0x0000014eb854e800 JavaThread "Unconstrained build operations Thread 72" [_thread_blocked, id=14816, stack(0x0000000e7cd00000,0x0000000e7ce00000)]
  0x0000014eb8553000 JavaThread "Unconstrained build operations Thread 73" [_thread_blocked, id=26676, stack(0x0000000e7ce00000,0x0000000e7cf00000)]
  0x0000014eb8551000 JavaThread "Unconstrained build operations Thread 74" [_thread_blocked, id=27216, stack(0x0000000e7cf00000,0x0000000e7d000000)]
  0x0000014eb8551800 JavaThread "Unconstrained build operations Thread 75" [_thread_blocked, id=18820, stack(0x0000000e7d000000,0x0000000e7d100000)]
  0x0000014eb8567000 JavaThread "Unconstrained build operations Thread 76" [_thread_blocked, id=25460, stack(0x0000000e7d100000,0x0000000e7d200000)]
  0x0000014eb856b000 JavaThread "Unconstrained build operations Thread 77" [_thread_blocked, id=15004, stack(0x0000000e7d200000,0x0000000e7d300000)]
  0x0000014eb8568800 JavaThread "Unconstrained build operations Thread 78" [_thread_blocked, id=31524, stack(0x0000000e7d300000,0x0000000e7d400000)]
  0x0000014eb8566000 JavaThread "Unconstrained build operations Thread 79" [_thread_blocked, id=19748, stack(0x0000000e7d400000,0x0000000e7d500000)]
  0x0000014eb856a800 JavaThread "Unconstrained build operations Thread 80" [_thread_blocked, id=31556, stack(0x0000000e7d500000,0x0000000e7d600000)]
  0x0000014eb8568000 JavaThread "jar transforms Thread 4" [_thread_blocked, id=19756, stack(0x0000000e7d600000,0x0000000e7d700000)]
  0x0000014eb8569800 JavaThread "jar transforms Thread 5" [_thread_blocked, id=4408, stack(0x0000000e7d700000,0x0000000e7d800000)]
  0x0000014eb8565800 JavaThread "jar transforms Thread 6" [_thread_blocked, id=1168, stack(0x0000000e7d800000,0x0000000e7d900000)]
  0x0000014eb8571000 JavaThread "jar transforms Thread 7" [_thread_blocked, id=9404, stack(0x0000000e7d900000,0x0000000e7da00000)]
  0x0000014eb856f000 JavaThread "jar transforms Thread 8" [_thread_blocked, id=23336, stack(0x0000000e7da00000,0x0000000e7db00000)]
  0x0000014eb8570000 JavaThread "Memory manager" [_thread_blocked, id=18116, stack(0x0000000e7db00000,0x0000000e7dc00000)]
  0x0000014eb8571800 JavaThread "build event listener" [_thread_blocked, id=14696, stack(0x0000000e7dc00000,0x0000000e7dd00000)]
  0x0000014eb856c000 JavaThread "Execution worker for ':'" [_thread_blocked, id=17836, stack(0x0000000e7dd00000,0x0000000e7de00000)]
  0x0000014eb856c800 JavaThread "Execution worker for ':' Thread 2" [_thread_blocked, id=26228, stack(0x0000000e7de00000,0x0000000e7df00000)]
  0x0000014eb8573000 JavaThread "Execution worker for ':' Thread 3" [_thread_blocked, id=19068, stack(0x0000000e7df00000,0x0000000e7e000000)]
  0x0000014eb8572800 JavaThread "Execution worker for ':' Thread 4" [_thread_blocked, id=20692, stack(0x0000000e7e000000,0x0000000e7e100000)]
  0x0000014eb856d800 JavaThread "Execution worker for ':' Thread 5" [_thread_blocked, id=16412, stack(0x0000000e7e100000,0x0000000e7e200000)]
  0x0000014eb8574000 JavaThread "Execution worker for ':' Thread 6" [_thread_blocked, id=8920, stack(0x0000000e7e200000,0x0000000e7e300000)]
  0x0000014ebc613000 JavaThread "Execution worker for ':' Thread 7" [_thread_blocked, id=27824, stack(0x0000000e7e300000,0x0000000e7e400000)]
  0x0000014ebc60e800 JavaThread "Cache worker for execution history cache (C:\Users\User\AndroidStudioProjects\DemoWeather\.gradle\7.2\executionHistory)" [_thread_blocked, id=7688, stack(0x0000000e7e400000,0x0000000e7e500000)]
  0x0000014ebc60f000 JavaThread "WorkerExecutor Queue" [_thread_blocked, id=32748, stack(0x0000000e7e500000,0x0000000e7e600000)]
  0x0000014ebc614000 JavaThread "WorkerExecutor Queue Thread 2" [_thread_blocked, id=16724, stack(0x0000000e7e600000,0x0000000e7e700000)]

Other Threads:
=>0x0000014eb326e800 VMThread "VM Thread" [stack: 0x0000000e75900000,0x0000000e75a00000] [id=30740]
  0x0000014eb3dd0800 WatcherThread [stack: 0x0000000e76300000,0x0000000e76400000] [id=6384]
  0x0000014e98657000 GCTaskThread "GC Thread#0" [stack: 0x0000000e75400000,0x0000000e75500000] [id=12684]
  0x0000014eb49ec800 GCTaskThread "GC Thread#1" [stack: 0x0000000e76400000,0x0000000e76500000] [id=2200]
  0x0000014eb48d7800 GCTaskThread "GC Thread#2" [stack: 0x0000000e76500000,0x0000000e76600000] [id=7180]
  0x0000014eb5f40000 GCTaskThread "GC Thread#3" [stack: 0x0000000e77000000,0x0000000e77100000] [id=24768]
  0x0000014eb6034800 GCTaskThread "GC Thread#4" [stack: 0x0000000e77100000,0x0000000e77200000] [id=22716]
  0x0000014eb5ca9000 GCTaskThread "GC Thread#5" [stack: 0x0000000e77200000,0x0000000e77300000] [id=24340]
  0x0000014eb605e000 GCTaskThread "GC Thread#6" [stack: 0x0000000e77300000,0x0000000e77400000] [id=8112]
  0x0000014eb605e800 GCTaskThread "GC Thread#7" [stack: 0x0000000e77400000,0x0000000e77500000] [id=18596]
  0x0000014e98688000 ConcurrentGCThread "G1 Main Marker" [stack: 0x0000000e75500000,0x0000000e75600000] [id=3336]
  0x0000014e98689000 ConcurrentGCThread "G1 Conc#0" [stack: 0x0000000e75600000,0x0000000e75700000] [id=5908]
  0x0000014eb466a800 ConcurrentGCThread "G1 Conc#1" [stack: 0x0000000e77800000,0x0000000e77900000] [id=20476]
  0x0000014eb30c0800 ConcurrentGCThread "G1 Refine#0" [stack: 0x0000000e75700000,0x0000000e75800000] [id=19372]
  0x0000014eb30c1000 ConcurrentGCThread "G1 Young RemSet Sampling" [stack: 0x0000000e75800000,0x0000000e75900000] [id=23012]

Threads with active compile tasks:
C2 CompilerThread0  24324 11044 %     4       com.android.tools.r8.internal.mH0::a @ 2258 (6068 bytes)
C1 CompilerThread0  24324 11863       2       com.android.tools.r8.internal.qe1::a (455 bytes)

VM state:at safepoint (normal execution)

VM Mutex/Monitor currently owned by a thread:  ([mutex/lock_event])
[0x0000014e986374a0] Threads_lock - owner thread: 0x0000014eb326e800
[0x0000014e98637800] Heap_lock - owner thread: 0x0000014eb631b000

Heap address: 0x0000000080000000, size: 2048 MB, Compressed Oops mode: 32-bit
Narrow klass base: 0x0000000000000000, Narrow klass shift: 3
Compressed class space size: 1073741824 Address: 0x0000000100000000

Heap:
 garbage-first heap   total 380928K, used 123229K [0x0000000080000000, 0x0000000100000000)
  region size 1024K, 3 young (3072K), 3 survivors (3072K)
 Metaspace       used 96986K, capacity 99451K, committed 99708K, reserved 1134592K
  class space    used 12814K, capacity 13748K, committed 13824K, reserved 1048576K
Heap Regions: E=young(eden), S=young(survivor), O=old, HS=humongous(starts), HC=humongous(continues), CS=collection set, F=free, A=archive, TAMS=top-at-mark-start (previous, next)
|   0|0x0000000080000000, 0x0000000080100000, 0x0000000080100000|100%| O|  |TAMS 0x0000000080100000, 0x0000000080000000| Untracked 
|   1|0x0000000080100000, 0x0000000080200000, 0x0000000080200000|100%| O|  |TAMS 0x0000000080200000, 0x0000000080100000| Untracked 
|   2|0x0000000080200000, 0x0000000080300000, 0x0000000080300000|100%| O|  |TAMS 0x0000000080300000, 0x0000000080200000| Untracked 
|   3|0x0000000080300000, 0x0000000080400000, 0x0000000080400000|100%|HS|  |TAMS 0x0000000080400000, 0x0000000080300000| Complete 
|   4|0x0000000080400000, 0x0000000080500000, 0x0000000080500000|100%|HC|  |TAMS 0x0000000080500000, 0x0000000080400000| Complete 
|   5|0x0000000080500000, 0x0000000080600000, 0x0000000080600000|100%|HC|  |TAMS 0x0000000080600000, 0x0000000080500000| Complete 
|   6|0x0000000080600000, 0x0000000080700000, 0x0000000080700000|100%| O|  |TAMS 0x0000000080700000, 0x0000000080600000| Untracked 
|   7|0x0000000080700000, 0x0000000080800000, 0x0000000080800000|100%| O|  |TAMS 0x0000000080800000, 0x0000000080700000| Untracked 
|   8|0x0000000080800000, 0x0000000080900000, 0x0000000080900000|100%| O|  |TAMS 0x0000000080900000, 0x0000000080800000| Untracked 
|   9|0x0000000080900000, 0x0000000080a00000, 0x0000000080a00000|100%| O|  |TAMS 0x0000000080a00000, 0x0000000080900000| Untracked 
|  10|0x0000000080a00000, 0x0000000080b00000, 0x0000000080b00000|100%| O|  |TAMS 0x0000000080b00000, 0x0000000080a00000| Untracked 
|  11|0x0000000080b00000, 0x0000000080c00000, 0x0000000080c00000|100%| O|  |TAMS 0x0000000080c00000, 0x0000000080b00000| Untracked 
|  12|0x0000000080c00000, 0x0000000080d00000, 0x0000000080d00000|100%| O|  |TAMS 0x0000000080d00000, 0x0000000080c00000| Untracked 
|  13|0x0000000080d00000, 0x0000000080e00000, 0x0000000080e00000|100%| O|  |TAMS 0x0000000080e00000, 0x0000000080d00000| Untracked 
|  14|0x0000000080e00000, 0x0000000080f00000, 0x0000000080f00000|100%| O|  |TAMS 0x0000000080f00000, 0x0000000080e00000| Untracked 
|  15|0x0000000080f00000, 0x0000000081000000, 0x0000000081000000|100%| O|  |TAMS 0x0000000081000000, 0x0000000080f00000| Untracked 
|  16|0x0000000081000000, 0x0000000081100000, 0x0000000081100000|100%| O|  |TAMS 0x0000000081100000, 0x0000000081000000| Untracked 
|  17|0x0000000081100000, 0x0000000081200000, 0x0000000081200000|100%|HS|  |TAMS 0x0000000081200000, 0x0000000081100000| Complete 
|  18|0x0000000081200000, 0x0000000081300000, 0x0000000081300000|100%| O|  |TAMS 0x0000000081300000, 0x0000000081200000| Untracked 
|  19|0x0000000081300000, 0x0000000081400000, 0x0000000081400000|100%| O|  |TAMS 0x0000000081400000, 0x0000000081300000| Untracked 
|  20|0x0000000081400000, 0x0000000081500000, 0x0000000081500000|100%| O|  |TAMS 0x0000000081500000, 0x0000000081400000| Untracked 
|  21|0x0000000081500000, 0x0000000081600000, 0x0000000081600000|100%| O|  |TAMS 0x0000000081600000, 0x0000000081500000| Untracked 
|  22|0x0000000081600000, 0x0000000081700000, 0x0000000081700000|100%| O|  |TAMS 0x0000000081700000, 0x0000000081600000| Untracked 
|  23|0x0000000081700000, 0x0000000081800000, 0x0000000081800000|100%| O|  |TAMS 0x0000000081800000, 0x0000000081700000| Untracked 
|  24|0x0000000081800000, 0x0000000081900000, 0x0000000081900000|100%| O|  |TAMS 0x0000000081900000, 0x0000000081800000| Untracked 
|  25|0x0000000081900000, 0x0000000081a00000, 0x0000000081a00000|100%| O|  |TAMS 0x0000000081a00000, 0x0000000081900000| Untracked 
|  26|0x0000000081a00000, 0x0000000081b00000, 0x0000000081b00000|100%| O|  |TAMS 0x0000000081b00000, 0x0000000081a00000| Untracked 
|  27|0x0000000081b00000, 0x0000000081c00000, 0x0000000081c00000|100%| O|  |TAMS 0x0000000081c00000, 0x0000000081b00000| Untracked 
|  28|0x0000000081c00000, 0x0000000081d00000, 0x0000000081d00000|100%|HS|  |TAMS 0x0000000081d00000, 0x0000000081c00000| Complete 
|  29|0x0000000081d00000, 0x0000000081e00000, 0x0000000081e00000|100%|HS|  |TAMS 0x0000000081e00000, 0x0000000081d00000| Complete 
|  30|0x0000000081e00000, 0x0000000081f00000, 0x0000000081f00000|100%|HS|  |TAMS 0x0000000081f00000, 0x0000000081e00000| Complete 
|  31|0x0000000081f00000, 0x0000000082000000, 0x0000000082000000|100%|HC|  |TAMS 0x0000000082000000, 0x0000000081f00000| Complete 
|  32|0x0000000082000000, 0x0000000082100000, 0x0000000082100000|100%| O|  |TAMS 0x0000000082100000, 0x0000000082000000| Untracked 
|  33|0x0000000082100000, 0x0000000082200000, 0x0000000082200000|100%| O|  |TAMS 0x0000000082200000, 0x0000000082100000| Untracked 
|  34|0x0000000082200000, 0x0000000082300000, 0x0000000082300000|100%| O|  |TAMS 0x0000000082300000, 0x0000000082200000| Untracked 
|  35|0x0000000082300000, 0x0000000082400000, 0x0000000082400000|100%| O|  |TAMS 0x0000000082400000, 0x0000000082300000| Untracked 
|  36|0x0000000082400000, 0x0000000082500000, 0x0000000082500000|100%| O|  |TAMS 0x0000000082500000, 0x0000000082400000| Untracked 
|  37|0x0000000082500000, 0x0000000082600000, 0x0000000082600000|100%| O|  |TAMS 0x0000000082600000, 0x0000000082500000| Untracked 
|  38|0x0000000082600000, 0x0000000082700000, 0x0000000082700000|100%| O|  |TAMS 0x0000000082700000, 0x0000000082600000| Untracked 
|  39|0x0000000082700000, 0x0000000082800000, 0x0000000082800000|100%| O|  |TAMS 0x0000000082800000, 0x0000000082700000| Untracked 
|  40|0x0000000082800000, 0x0000000082900000, 0x0000000082900000|100%| O|  |TAMS 0x0000000082900000, 0x0000000082800000| Untracked 
|  41|0x0000000082900000, 0x0000000082a00000, 0x0000000082a00000|100%| O|  |TAMS 0x0000000082a00000, 0x0000000082900000| Untracked 
|  42|0x0000000082a00000, 0x0000000082b00000, 0x0000000082b00000|100%| O|  |TAMS 0x0000000082b00000, 0x0000000082a00000| Untracked 
|  43|0x0000000082b00000, 0x0000000082c00000, 0x0000000082c00000|100%| O|  |TAMS 0x0000000082c00000, 0x0000000082b00000| Untracked 
|  44|0x0000000082c00000, 0x0000000082d00000, 0x0000000082d00000|100%| O|  |TAMS 0x0000000082d00000, 0x0000000082c00000| Untracked 
|  45|0x0000000082d00000, 0x0000000082e00000, 0x0000000082e00000|100%| O|  |TAMS 0x0000000082e00000, 0x0000000082d00000| Untracked 
|  46|0x0000000082e00000, 0x0000000082f00000, 0x0000000082f00000|100%| O|  |TAMS 0x0000000082f00000, 0x0000000082e00000| Untracked 
|  47|0x0000000082f00000, 0x0000000083000000, 0x0000000083000000|100%| O|  |TAMS 0x0000000083000000, 0x0000000082f00000| Untracked 
|  48|0x0000000083000000, 0x0000000083100000, 0x0000000083100000|100%| O|  |TAMS 0x0000000083100000, 0x0000000083000000| Untracked 
|  49|0x0000000083100000, 0x0000000083200000, 0x0000000083200000|100%| O|  |TAMS 0x0000000083200000, 0x0000000083100000| Untracked 
|  50|0x0000000083200000, 0x0000000083300000, 0x0000000083300000|100%| O|  |TAMS 0x0000000083300000, 0x0000000083200000| Untracked 
|  51|0x0000000083300000, 0x0000000083400000, 0x0000000083400000|100%| O|  |TAMS 0x0000000083400000, 0x0000000083300000| Untracked 
|  52|0x0000000083400000, 0x0000000083500000, 0x0000000083500000|100%| O|  |TAMS 0x0000000083500000, 0x0000000083400000| Untracked 
|  53|0x0000000083500000, 0x0000000083600000, 0x0000000083600000|100%| O|  |TAMS 0x0000000083600000, 0x0000000083500000| Untracked 
|  54|0x0000000083600000, 0x0000000083700000, 0x0000000083700000|100%| O|  |TAMS 0x0000000083700000, 0x0000000083600000| Untracked 
|  55|0x0000000083700000, 0x0000000083800000, 0x0000000083800000|100%| O|  |TAMS 0x0000000083800000, 0x0000000083700000| Untracked 
|  56|0x0000000083800000, 0x0000000083900000, 0x0000000083900000|100%| O|  |TAMS 0x0000000083900000, 0x0000000083800000| Untracked 
|  57|0x0000000083900000, 0x0000000083a00000, 0x0000000083a00000|100%| O|  |TAMS 0x0000000083a00000, 0x0000000083900000| Untracked 
|  58|0x0000000083a00000, 0x0000000083b00000, 0x0000000083b00000|100%| O|  |TAMS 0x0000000083b00000, 0x0000000083a00000| Untracked 
|  59|0x0000000083b00000, 0x0000000083c00000, 0x0000000083c00000|100%| O|  |TAMS 0x0000000083c00000, 0x0000000083b00000| Untracked 
|  60|0x0000000083c00000, 0x0000000083d00000, 0x0000000083d00000|100%| O|  |TAMS 0x0000000083d00000, 0x0000000083c00000| Untracked 
|  61|0x0000000083d00000, 0x0000000083e00000, 0x0000000083e00000|100%| O|  |TAMS 0x0000000083e00000, 0x0000000083d00000| Untracked 
|  62|0x0000000083e00000, 0x0000000083f00000, 0x0000000083f00000|100%| O|  |TAMS 0x0000000083f00000, 0x0000000083e00000| Untracked 
|  63|0x0000000083f00000, 0x0000000084000000, 0x0000000084000000|100%| O|  |TAMS 0x0000000084000000, 0x0000000083f00000| Untracked 
|  64|0x0000000084000000, 0x0000000084100000, 0x0000000084100000|100%| O|  |TAMS 0x0000000084100000, 0x0000000084000000| Untracked 
|  65|0x0000000084100000, 0x0000000084200000, 0x0000000084200000|100%| O|  |TAMS 0x0000000084200000, 0x0000000084100000| Untracked 
|  66|0x0000000084200000, 0x0000000084300000, 0x0000000084300000|100%| O|  |TAMS 0x0000000084300000, 0x0000000084200000| Untracked 
|  67|0x0000000084300000, 0x0000000084400000, 0x0000000084400000|100%| O|  |TAMS 0x0000000084400000, 0x0000000084300000| Untracked 
|  68|0x0000000084400000, 0x0000000084500000, 0x0000000084500000|100%| O|  |TAMS 0x0000000084500000, 0x0000000084400000| Untracked 
|  69|0x0000000084500000, 0x0000000084600000, 0x0000000084600000|100%| O|  |TAMS 0x0000000084600000, 0x0000000084500000| Untracked 
|  70|0x0000000084600000, 0x0000000084700000, 0x0000000084700000|100%| O|  |TAMS 0x0000000084700000, 0x0000000084600000| Untracked 
|  71|0x0000000084700000, 0x0000000084800000, 0x0000000084800000|100%| O|  |TAMS 0x0000000084800000, 0x0000000084700000| Untracked 
|  72|0x0000000084800000, 0x0000000084900000, 0x0000000084900000|100%| O|  |TAMS 0x0000000084900000, 0x0000000084800000| Untracked 
|  73|0x0000000084900000, 0x0000000084a00000, 0x0000000084a00000|100%| O|  |TAMS 0x0000000084a00000, 0x0000000084900000| Untracked 
|  74|0x0000000084a00000, 0x0000000084b00000, 0x0000000084b00000|100%| O|  |TAMS 0x0000000084b00000, 0x0000000084a00000| Untracked 
|  75|0x0000000084b00000, 0x0000000084c00000, 0x0000000084c00000|100%| O|  |TAMS 0x0000000084c00000, 0x0000000084b00000| Untracked 
|  76|0x0000000084c00000, 0x0000000084d00000, 0x0000000084d00000|100%| O|  |TAMS 0x0000000084d00000, 0x0000000084c00000| Untracked 
|  77|0x0000000084d00000, 0x0000000084e00000, 0x0000000084e00000|100%| O|  |TAMS 0x0000000084e00000, 0x0000000084d00000| Untracked 
|  78|0x0000000084e00000, 0x0000000084f00000, 0x0000000084f00000|100%| O|  |TAMS 0x0000000084f00000, 0x0000000084e00000| Untracked 
|  79|0x0000000084f00000, 0x0000000085000000, 0x0000000085000000|100%| O|  |TAMS 0x0000000085000000, 0x0000000084f00000| Untracked 
|  80|0x0000000085000000, 0x0000000085100000, 0x0000000085100000|100%| O|  |TAMS 0x0000000085100000, 0x0000000085000000| Untracked 
|  81|0x0000000085100000, 0x0000000085200000, 0x0000000085200000|100%| O|  |TAMS 0x0000000085200000, 0x0000000085100000| Untracked 
|  82|0x0000000085200000, 0x0000000085300000, 0x0000000085300000|100%| O|  |TAMS 0x0000000085300000, 0x0000000085200000| Untracked 
|  83|0x0000000085300000, 0x0000000085400000, 0x0000000085400000|100%| O|  |TAMS 0x0000000085400000, 0x0000000085300000| Untracked 
|  84|0x0000000085400000, 0x0000000085500000, 0x0000000085500000|100%| O|  |TAMS 0x0000000085500000, 0x0000000085400000| Untracked 
|  85|0x0000000085500000, 0x0000000085600000, 0x0000000085600000|100%| O|  |TAMS 0x0000000085600000, 0x0000000085500000| Untracked 
|  86|0x0000000085600000, 0x0000000085700000, 0x0000000085700000|100%| O|  |TAMS 0x0000000085700000, 0x0000000085600000| Untracked 
|  87|0x0000000085700000, 0x0000000085800000, 0x0000000085800000|100%| O|  |TAMS 0x0000000085800000, 0x0000000085700000| Untracked 
|  88|0x0000000085800000, 0x0000000085900000, 0x0000000085900000|100%| O|  |TAMS 0x0000000085900000, 0x0000000085800000| Untracked 
|  89|0x0000000085900000, 0x0000000085a00000, 0x0000000085a00000|100%| O|  |TAMS 0x0000000085a00000, 0x0000000085900000| Untracked 
|  90|0x0000000085a00000, 0x0000000085b00000, 0x0000000085b00000|100%| O|  |TAMS 0x0000000085b00000, 0x0000000085a00000| Untracked 
|  91|0x0000000085b00000, 0x0000000085c00000, 0x0000000085c00000|100%| O|  |TAMS 0x0000000085c00000, 0x0000000085b00000| Untracked 
|  92|0x0000000085c00000, 0x0000000085d00000, 0x0000000085d00000|100%| O|  |TAMS 0x0000000085d00000, 0x0000000085c00000| Untracked 
|  93|0x0000000085d00000, 0x0000000085e00000, 0x0000000085e00000|100%| O|  |TAMS 0x0000000085e00000, 0x0000000085d00000| Untracked 
|  94|0x0000000085e00000, 0x0000000085f00000, 0x0000000085f00000|100%| O|  |TAMS 0x0000000085f00000, 0x0000000085e00000| Untracked 
|  95|0x0000000085f00000, 0x0000000086000000, 0x0000000086000000|100%| O|  |TAMS 0x0000000086000000, 0x0000000085f00000| Untracked 
|  96|0x0000000086000000, 0x0000000086100000, 0x0000000086100000|100%| O|  |TAMS 0x0000000086100000, 0x0000000086000000| Untracked 
|  97|0x0000000086100000, 0x0000000086200000, 0x0000000086200000|100%| O|  |TAMS 0x0000000086200000, 0x0000000086100000| Untracked 
|  98|0x0000000086200000, 0x0000000086300000, 0x0000000086300000|100%| O|  |TAMS 0x0000000086300000, 0x0000000086200000| Untracked 
|  99|0x0000000086300000, 0x0000000086400000, 0x0000000086400000|100%| O|  |TAMS 0x0000000086400000, 0x0000000086300000| Untracked 
| 100|0x0000000086400000, 0x0000000086500000, 0x0000000086500000|100%| O|  |TAMS 0x0000000086500000, 0x0000000086400000| Untracked 
| 101|0x0000000086500000, 0x0000000086600000, 0x0000000086600000|100%| O|  |TAMS 0x0000000086600000, 0x0000000086500000| Untracked 
| 102|0x0000000086600000, 0x0000000086700000, 0x0000000086700000|100%| O|  |TAMS 0x0000000086700000, 0x0000000086600000| Untracked 
| 103|0x0000000086700000, 0x0000000086800000, 0x0000000086800000|100%| O|  |TAMS 0x0000000086800000, 0x0000000086700000| Untracked 
| 104|0x0000000086800000, 0x0000000086900000, 0x0000000086900000|100%| O|  |TAMS 0x0000000086900000, 0x0000000086800000| Untracked 
| 105|0x0000000086900000, 0x0000000086a00000, 0x0000000086a00000|100%| O|  |TAMS 0x0000000086a00000, 0x0000000086900000| Untracked 
| 106|0x0000000086a00000, 0x0000000086b00000, 0x0000000086b00000|100%| O|  |TAMS 0x0000000086b00000, 0x0000000086a00000| Untracked 
| 107|0x0000000086b00000, 0x0000000086c00000, 0x0000000086c00000|100%| O|  |TAMS 0x0000000086c00000, 0x0000000086b00000| Untracked 
| 108|0x0000000086c00000, 0x0000000086d00000, 0x0000000086d00000|100%| O|  |TAMS 0x0000000086d00000, 0x0000000086c00000| Untracked 
| 109|0x0000000086d00000, 0x0000000086e00000, 0x0000000086e00000|100%| O|  |TAMS 0x0000000086d5c000, 0x0000000086d00000| Untracked 
| 110|0x0000000086e00000, 0x0000000086f00000, 0x0000000086f00000|100%| O|  |TAMS 0x0000000086e00000, 0x0000000086e00000| Untracked 
| 111|0x0000000086f00000, 0x0000000087000000, 0x0000000087000000|100%| O|  |TAMS 0x0000000086f00000, 0x0000000086f00000| Untracked 
| 112|0x0000000087000000, 0x0000000087100000, 0x0000000087100000|100%| O|  |TAMS 0x0000000087000000, 0x0000000087000000| Untracked 
| 113|0x0000000087100000, 0x0000000087200000, 0x0000000087200000|100%| O|  |TAMS 0x0000000087100000, 0x0000000087100000| Untracked 
| 114|0x0000000087200000, 0x0000000087300000, 0x0000000087300000|100%| O|  |TAMS 0x0000000087200000, 0x0000000087200000| Untracked 
| 115|0x0000000087300000, 0x0000000087400000, 0x0000000087400000|100%| O|  |TAMS 0x0000000087300000, 0x0000000087300000| Untracked 
| 116|0x0000000087400000, 0x0000000087500000, 0x0000000087500000|100%| O|  |TAMS 0x0000000087400000, 0x0000000087400000| Untracked 
| 117|0x0000000087500000, 0x00000000875f1a00, 0x0000000087600000| 94%| O|  |TAMS 0x0000000087500000, 0x0000000087500000| Untracked 
| 118|0x0000000087600000, 0x0000000087600000, 0x0000000087700000|  0%| F|  |TAMS 0x0000000087600000, 0x0000000087600000| Untracked 
| 119|0x0000000087700000, 0x0000000087700000, 0x0000000087800000|  0%| F|  |TAMS 0x0000000087700000, 0x0000000087700000| Untracked 
| 120|0x0000000087800000, 0x0000000087800000, 0x0000000087900000|  0%| F|  |TAMS 0x0000000087800000, 0x0000000087800000| Untracked 
| 121|0x0000000087900000, 0x0000000087900000, 0x0000000087a00000|  0%| F|  |TAMS 0x0000000087900000, 0x0000000087900000| Untracked 
| 122|0x0000000087a00000, 0x0000000087a00000, 0x0000000087b00000|  0%| F|  |TAMS 0x0000000087a00000, 0x0000000087a00000| Untracked 
| 123|0x0000000087b00000, 0x0000000087b00000, 0x0000000087c00000|  0%| F|  |TAMS 0x0000000087b00000, 0x0000000087b00000| Untracked 
| 124|0x0000000087c00000, 0x0000000087c00000, 0x0000000087d00000|  0%| F|  |TAMS 0x0000000087c00000, 0x0000000087c00000| Untracked 
| 125|0x0000000087d00000, 0x0000000087d00000, 0x0000000087e00000|  0%| F|  |TAMS 0x0000000087d00000, 0x0000000087d00000| Untracked 
| 126|0x0000000087e00000, 0x0000000087e00000, 0x0000000087f00000|  0%| F|  |TAMS 0x0000000087e00000, 0x0000000087e00000| Untracked 
| 127|0x0000000087f00000, 0x0000000087f00000, 0x0000000088000000|  0%| F|  |TAMS 0x0000000087f00000, 0x0000000087f00000| Untracked 
| 128|0x0000000088000000, 0x0000000088000000, 0x0000000088100000|  0%| F|  |TAMS 0x0000000088000000, 0x0000000088000000| Untracked 
| 129|0x0000000088100000, 0x0000000088100000, 0x0000000088200000|  0%| F|  |TAMS 0x0000000088100000, 0x0000000088100000| Untracked 
| 130|0x0000000088200000, 0x0000000088200000, 0x0000000088300000|  0%| F|  |TAMS 0x0000000088200000, 0x0000000088200000| Untracked 
| 131|0x0000000088300000, 0x0000000088300000, 0x0000000088400000|  0%| F|  |TAMS 0x0000000088300000, 0x0000000088300000| Untracked 
| 132|0x0000000088400000, 0x0000000088400000, 0x0000000088500000|  0%| F|  |TAMS 0x0000000088400000, 0x0000000088400000| Untracked 
| 133|0x0000000088500000, 0x0000000088500000, 0x0000000088600000|  0%| F|  |TAMS 0x0000000088500000, 0x0000000088500000| Untracked 
| 134|0x0000000088600000, 0x0000000088600000, 0x0000000088700000|  0%| F|  |TAMS 0x0000000088600000, 0x0000000088600000| Untracked 
| 135|0x0000000088700000, 0x0000000088700000, 0x0000000088800000|  0%| F|  |TAMS 0x0000000088700000, 0x0000000088700000| Untracked 
| 136|0x0000000088800000, 0x0000000088800000, 0x0000000088900000|  0%| F|  |TAMS 0x0000000088800000, 0x0000000088800000| Untracked 
| 137|0x0000000088900000, 0x0000000088900000, 0x0000000088a00000|  0%| F|  |TAMS 0x0000000088900000, 0x0000000088900000| Untracked 
| 138|0x0000000088a00000, 0x0000000088a00000, 0x0000000088b00000|  0%| F|  |TAMS 0x0000000088a00000, 0x0000000088a00000| Untracked 
| 139|0x0000000088b00000, 0x0000000088b00000, 0x0000000088c00000|  0%| F|  |TAMS 0x0000000088b00000, 0x0000000088b00000| Untracked 
| 140|0x0000000088c00000, 0x0000000088c00000, 0x0000000088d00000|  0%| F|  |TAMS 0x0000000088c00000, 0x0000000088c00000| Untracked 
| 141|0x0000000088d00000, 0x0000000088d00000, 0x0000000088e00000|  0%| F|  |TAMS 0x0000000088d00000, 0x0000000088d00000| Untracked 
| 142|0x0000000088e00000, 0x0000000088e00000, 0x0000000088f00000|  0%| F|  |TAMS 0x0000000088e00000, 0x0000000088e00000| Untracked 
| 143|0x0000000088f00000, 0x0000000088f00000, 0x0000000089000000|  0%| F|  |TAMS 0x0000000088f00000, 0x0000000088f00000| Untracked 
| 144|0x0000000089000000, 0x0000000089000000, 0x0000000089100000|  0%| F|  |TAMS 0x0000000089000000, 0x0000000089000000| Untracked 
| 145|0x0000000089100000, 0x0000000089100000, 0x0000000089200000|  0%| F|  |TAMS 0x0000000089100000, 0x0000000089100000| Untracked 
| 146|0x0000000089200000, 0x0000000089200000, 0x0000000089300000|  0%| F|  |TAMS 0x0000000089200000, 0x0000000089200000| Untracked 
| 147|0x0000000089300000, 0x0000000089300000, 0x0000000089400000|  0%| F|  |TAMS 0x0000000089300000, 0x0000000089300000| Untracked 
| 148|0x0000000089400000, 0x0000000089400000, 0x0000000089500000|  0%| F|  |TAMS 0x0000000089400000, 0x0000000089400000| Untracked 
| 149|0x0000000089500000, 0x0000000089500000, 0x0000000089600000|  0%| F|  |TAMS 0x0000000089500000, 0x0000000089500000| Untracked 
| 150|0x0000000089600000, 0x0000000089600000, 0x0000000089700000|  0%| F|  |TAMS 0x0000000089600000, 0x0000000089600000| Untracked 
| 151|0x0000000089700000, 0x0000000089700000, 0x0000000089800000|  0%| F|  |TAMS 0x0000000089700000, 0x0000000089700000| Untracked 
| 152|0x0000000089800000, 0x0000000089800000, 0x0000000089900000|  0%| F|  |TAMS 0x0000000089800000, 0x0000000089800000| Untracked 
| 153|0x0000000089900000, 0x0000000089900000, 0x0000000089a00000|  0%| F|  |TAMS 0x0000000089900000, 0x0000000089900000| Untracked 
| 154|0x0000000089a00000, 0x0000000089a00000, 0x0000000089b00000|  0%| F|  |TAMS 0x0000000089a00000, 0x0000000089a00000| Untracked 
| 155|0x0000000089b00000, 0x0000000089b00000, 0x0000000089c00000|  0%| F|  |TAMS 0x0000000089b00000, 0x0000000089b00000| Untracked 
| 156|0x0000000089c00000, 0x0000000089c00000, 0x0000000089d00000|  0%| F|  |TAMS 0x0000000089c00000, 0x0000000089c00000| Untracked 
| 157|0x0000000089d00000, 0x0000000089d00000, 0x0000000089e00000|  0%| F|  |TAMS 0x0000000089d00000, 0x0000000089d00000| Untracked 
| 158|0x0000000089e00000, 0x0000000089e00000, 0x0000000089f00000|  0%| F|  |TAMS 0x0000000089e00000, 0x0000000089e00000| Untracked 
| 159|0x0000000089f00000, 0x0000000089f00000, 0x000000008a000000|  0%| F|  |TAMS 0x0000000089f00000, 0x0000000089f00000| Untracked 
| 160|0x000000008a000000, 0x000000008a000000, 0x000000008a100000|  0%| F|  |TAMS 0x000000008a000000, 0x000000008a000000| Untracked 
| 161|0x000000008a100000, 0x000000008a100000, 0x000000008a200000|  0%| F|  |TAMS 0x000000008a100000, 0x000000008a100000| Untracked 
| 162|0x000000008a200000, 0x000000008a200000, 0x000000008a300000|  0%| F|  |TAMS 0x000000008a200000, 0x000000008a200000| Untracked 
| 163|0x000000008a300000, 0x000000008a365ba0, 0x000000008a400000| 39%| S|CS|TAMS 0x000000008a300000, 0x000000008a300000| Complete 
| 164|0x000000008a400000, 0x000000008a500000, 0x000000008a500000|100%| S|CS|TAMS 0x000000008a400000, 0x000000008a400000| Complete 
| 165|0x000000008a500000, 0x000000008a600000, 0x000000008a600000|100%| S|CS|TAMS 0x000000008a500000, 0x000000008a500000| Complete 
| 166|0x000000008a600000, 0x000000008a600000, 0x000000008a700000|  0%| F|  |TAMS 0x000000008a600000, 0x000000008a600000| Untracked 
| 167|0x000000008a700000, 0x000000008a700000, 0x000000008a800000|  0%| F|  |TAMS 0x000000008a700000, 0x000000008a700000| Untracked 
| 168|0x000000008a800000, 0x000000008a800000, 0x000000008a900000|  0%| F|  |TAMS 0x000000008a800000, 0x000000008a800000| Untracked 
| 169|0x000000008a900000, 0x000000008a900000, 0x000000008aa00000|  0%| F|  |TAMS 0x000000008a900000, 0x000000008a900000| Untracked 
| 170|0x000000008aa00000, 0x000000008aa00000, 0x000000008ab00000|  0%| F|  |TAMS 0x000000008aa00000, 0x000000008aa00000| Untracked 
| 171|0x000000008ab00000, 0x000000008ab00000, 0x000000008ac00000|  0%| F|  |TAMS 0x000000008ab00000, 0x000000008ab00000| Untracked 
| 172|0x000000008ac00000, 0x000000008ac00000, 0x000000008ad00000|  0%| F|  |TAMS 0x000000008ac00000, 0x000000008ac00000| Untracked 
| 173|0x000000008ad00000, 0x000000008ad00000, 0x000000008ae00000|  0%| F|  |TAMS 0x000000008ad00000, 0x000000008ad00000| Untracked 
| 174|0x000000008ae00000, 0x000000008ae00000, 0x000000008af00000|  0%| F|  |TAMS 0x000000008ae00000, 0x000000008ae00000| Untracked 
| 175|0x000000008af00000, 0x000000008af00000, 0x000000008b000000|  0%| F|  |TAMS 0x000000008af00000, 0x000000008af00000| Untracked 
| 176|0x000000008b000000, 0x000000008b000000, 0x000000008b100000|  0%| F|  |TAMS 0x000000008b000000, 0x000000008b000000| Untracked 
| 177|0x000000008b100000, 0x000000008b100000, 0x000000008b200000|  0%| F|  |TAMS 0x000000008b100000, 0x000000008b100000| Untracked 
| 178|0x000000008b200000, 0x000000008b200000, 0x000000008b300000|  0%| F|  |TAMS 0x000000008b200000, 0x000000008b200000| Untracked 
| 179|0x000000008b300000, 0x000000008b300000, 0x000000008b400000|  0%| F|  |TAMS 0x000000008b300000, 0x000000008b300000| Untracked 
| 180|0x000000008b400000, 0x000000008b400000, 0x000000008b500000|  0%| F|  |TAMS 0x000000008b400000, 0x000000008b400000| Untracked 
| 181|0x000000008b500000, 0x000000008b500000, 0x000000008b600000|  0%| F|  |TAMS 0x000000008b500000, 0x000000008b500000| Untracked 
| 182|0x000000008b600000, 0x000000008b600000, 0x000000008b700000|  0%| F|  |TAMS 0x000000008b600000, 0x000000008b600000| Untracked 
| 183|0x000000008b700000, 0x000000008b700000, 0x000000008b800000|  0%| F|  |TAMS 0x000000008b700000, 0x000000008b700000| Untracked 
| 184|0x000000008b800000, 0x000000008b800000, 0x000000008b900000|  0%| F|  |TAMS 0x000000008b800000, 0x000000008b800000| Untracked 
| 185|0x000000008b900000, 0x000000008b900000, 0x000000008ba00000|  0%| F|  |TAMS 0x000000008b900000, 0x000000008b900000| Untracked 
| 186|0x000000008ba00000, 0x000000008ba00000, 0x000000008bb00000|  0%| F|  |TAMS 0x000000008ba00000, 0x000000008ba00000| Untracked 
| 187|0x000000008bb00000, 0x000000008bb00000, 0x000000008bc00000|  0%| F|  |TAMS 0x000000008bb00000, 0x000000008bb00000| Untracked 
| 188|0x000000008bc00000, 0x000000008bc00000, 0x000000008bd00000|  0%| F|  |TAMS 0x000000008bc00000, 0x000000008bc00000| Untracked 
| 189|0x000000008bd00000, 0x000000008bd00000, 0x000000008be00000|  0%| F|  |TAMS 0x000000008bd00000, 0x000000008bd00000| Untracked 
| 190|0x000000008be00000, 0x000000008be00000, 0x000000008bf00000|  0%| F|  |TAMS 0x000000008be00000, 0x000000008be00000| Untracked 
| 191|0x000000008bf00000, 0x000000008bf00000, 0x000000008c000000|  0%| F|  |TAMS 0x000000008bf00000, 0x000000008bf00000| Untracked 
| 192|0x000000008c000000, 0x000000008c000000, 0x000000008c100000|  0%| F|  |TAMS 0x000000008c000000, 0x000000008c000000| Untracked 
| 193|0x000000008c100000, 0x000000008c100000, 0x000000008c200000|  0%| F|  |TAMS 0x000000008c100000, 0x000000008c100000| Untracked 
| 194|0x000000008c200000, 0x000000008c200000, 0x000000008c300000|  0%| F|  |TAMS 0x000000008c200000, 0x000000008c200000| Untracked 
| 195|0x000000008c300000, 0x000000008c300000, 0x000000008c400000|  0%| F|  |TAMS 0x000000008c300000, 0x000000008c300000| Untracked 
| 196|0x000000008c400000, 0x000000008c400000, 0x000000008c500000|  0%| F|  |TAMS 0x000000008c400000, 0x000000008c400000| Untracked 
| 197|0x000000008c500000, 0x000000008c500000, 0x000000008c600000|  0%| F|  |TAMS 0x000000008c500000, 0x000000008c500000| Untracked 

Card table byte_map: [0x0000014eabfa0000,0x0000014eac3a0000] _byte_map_base: 0x0000014eabba0000

Marking Bits (Prev, Next): (CMBitMap*) 0x0000014e9867f5c8, (CMBitMap*) 0x0000014e9867f600
 Prev Bits: [0x0000014eac7a0000, 0x0000014eae7a0000)
 Next Bits: [0x0000014eae7a0000, 0x0000014eb07a0000)

Polling page: 0x0000014e96e10000

Metaspace:

Usage:
  Non-class:     83.69 MB capacity,    82.20 MB ( 98%) used,     1.21 MB (  1%) free+waste,   295.63 KB ( <1%) overhead. 
      Class:     13.43 MB capacity,    12.51 MB ( 93%) used,   796.70 KB (  6%) free+waste,   136.69 KB ( <1%) overhead. 
       Both:     97.12 MB capacity,    94.71 MB ( 98%) used,     1.98 MB (  2%) free+waste,   432.31 KB ( <1%) overhead. 

Virtual space:
  Non-class space:       84.00 MB reserved,      83.87 MB (>99%) committed 
      Class space:        1.00 GB reserved,      13.50 MB (  1%) committed 
             Both:        1.08 GB reserved,      97.37 MB (  9%) committed 

Chunk freelists:
   Non-Class:  53.00 KB
       Class:  0 bytes
        Both:  53.00 KB

MaxMetaspaceSize: 17179869184.00 GB
CompressedClassSpaceSize: 1.00 GB

CodeHeap 'non-profiled nmethods': size=120000Kb used=5385Kb max_used=5385Kb free=114614Kb
 bounds [0x0000014ea3c10000, 0x0000014ea4160000, 0x0000014eab140000]
CodeHeap 'profiled nmethods': size=120000Kb used=24895Kb max_used=24895Kb free=95104Kb
 bounds [0x0000014e9c6e0000, 0x0000014e9df30000, 0x0000014ea3c10000]
CodeHeap 'non-nmethods': size=5760Kb used=2315Kb max_used=2349Kb free=3444Kb
 bounds [0x0000014e9c140000, 0x0000014e9c3b0000, 0x0000014e9c6e0000]
 total_blobs=12495 nmethods=11585 adapters=821
 compilation: enabled
              stopped_count=0, restarted_count=0
 full_count=0

Compilation events (20 events):
Event: 24.274 Thread 0x0000014eb3bfb800 nmethod 11844 0x0000014e9df2de10 code [0x0000014e9df2e060, 0x0000014e9df2e488]
Event: 24.274 Thread 0x0000014eb3bfb800 11840       2       com.android.tools.r8.internal.rW0::<init> (32 bytes)
Event: 24.274 Thread 0x0000014eb3bfb800 nmethod 11840 0x0000014e9df2e790 code [0x0000014e9df2e960, 0x0000014e9df2ec38]
Event: 24.274 Thread 0x0000014eb3bfb800 11856       2       com.android.tools.r8.internal.uL0::<init> (11 bytes)
Event: 24.275 Thread 0x0000014eb3bfb800 nmethod 11856 0x0000014e9df2ed90 code [0x0000014e9df2ef40, 0x0000014e9df2f0a8]
Event: 24.275 Thread 0x0000014eb3bfb800 11855       2       com.android.tools.r8.internal.TV0::<init> (9 bytes)
Event: 24.275 Thread 0x0000014eb3bfb800 nmethod 11855 0x0000014e9df2f190 code [0x0000014e9df2f360, 0x0000014e9df2f488]
Event: 24.275 Thread 0x0000014eb3bfb800 11841       2       com.android.tools.r8.internal.E::<init> (5 bytes)
Event: 24.275 Thread 0x0000014eb3bfb800 nmethod 11841 0x0000014e9df2f510 code [0x0000014e9df2f6c0, 0x0000014e9df2f7b8]
Event: 24.275 Thread 0x0000014eb3bfb800 11852       1       com.android.tools.r8.code.J2::u (2 bytes)
Event: 24.275 Thread 0x0000014eb3bfb800 nmethod 11852 0x0000014ea4151910 code [0x0000014ea4151ac0, 0x0000014ea4151b78]
Event: 24.275 Thread 0x0000014eb3bfb800 11849       1       com.android.tools.r8.internal.QE0::d (4 bytes)
Event: 24.275 Thread 0x0000014eb3bfb800 nmethod 11849 0x0000014ea4151c10 code [0x0000014ea4151dc0, 0x0000014ea4151e78]
Event: 24.275 Thread 0x0000014eb3bfb800 11850       1       com.android.tools.r8.internal.z81::e2 (3 bytes)
Event: 24.275 Thread 0x0000014eb3bfb800 nmethod 11850 0x0000014ea4151f10 code [0x0000014ea41520c0, 0x0000014ea4152178]
Event: 24.275 Thread 0x0000014eb3bfb800 11851       1       com.android.tools.r8.internal.PR0::c (5 bytes)
Event: 24.275 Thread 0x0000014eb3bfb800 nmethod 11851 0x0000014ea4152210 code [0x0000014ea41523c0, 0x0000014ea4152458]
Event: 24.275 Thread 0x0000014eb3bfb800 11860       2       com.android.tools.r8.internal.JS0::hashCode (44 bytes)
Event: 24.275 Thread 0x0000014eb3bfb800 nmethod 11860 0x0000014e9df2f890 code [0x0000014e9df2fa60, 0x0000014e9df2fc68]
Event: 24.275 Thread 0x0000014eb3bfb800 11863       2       com.android.tools.r8.internal.qe1::a (455 bytes)

GC Heap History (20 events):
Event: 23.249 GC heap after
{Heap after GC invocations=33 (full 0):
 garbage-first heap   total 129024K, used 91136K [0x0000000080000000, 0x0000000100000000)
  region size 1024K, 3 young (3072K), 3 survivors (3072K)
 Metaspace       used 91283K, capacity 93543K, committed 93820K, reserved 1130496K
  class space    used 11891K, capacity 12722K, committed 12800K, reserved 1048576K
}
Event: 23.365 GC heap before
{Heap before GC invocations=33 (full 0):
 garbage-first heap   total 129024K, used 107520K [0x0000000080000000, 0x0000000100000000)
  region size 1024K, 19 young (19456K), 3 survivors (3072K)
 Metaspace       used 91667K, capacity 93889K, committed 94076K, reserved 1130496K
  class space    used 11931K, capacity 12748K, committed 12800K, reserved 1048576K
}
Event: 23.372 GC heap after
{Heap after GC invocations=34 (full 0):
 garbage-first heap   total 129024K, used 94522K [0x0000000080000000, 0x0000000100000000)
  region size 1024K, 3 young (3072K), 3 survivors (3072K)
 Metaspace       used 91667K, capacity 93889K, committed 94076K, reserved 1130496K
  class space    used 11931K, capacity 12748K, committed 12800K, reserved 1048576K
}
Event: 23.434 GC heap before
{Heap before GC invocations=35 (full 0):
 garbage-first heap   total 129024K, used 107834K [0x0000000080000000, 0x0000000100000000)
  region size 1024K, 16 young (16384K), 3 survivors (3072K)
 Metaspace       used 92036K, capacity 94243K, committed 94716K, reserved 1130496K
  class space    used 11961K, capacity 12780K, committed 12928K, reserved 1048576K
}
Event: 23.443 GC heap after
{Heap after GC invocations=36 (full 0):
 garbage-first heap   total 155648K, used 97866K [0x0000000080000000, 0x0000000100000000)
  region size 1024K, 2 young (2048K), 2 survivors (2048K)
 Metaspace       used 92036K, capacity 94243K, committed 94716K, reserved 1130496K
  class space    used 11961K, capacity 12780K, committed 12928K, reserved 1048576K
}
Event: 23.471 GC heap before
{Heap before GC invocations=36 (full 0):
 garbage-first heap   total 155648K, used 102986K [0x0000000080000000, 0x0000000100000000)
  region size 1024K, 7 young (7168K), 2 survivors (2048K)
 Metaspace       used 92241K, capacity 94413K, committed 94716K, reserved 1130496K
  class space    used 12010K, capacity 12815K, committed 12928K, reserved 1048576K
}
Event: 23.476 GC heap after
{Heap after GC invocations=37 (full 0):
 garbage-first heap   total 155648K, used 98975K [0x0000000080000000, 0x0000000100000000)
  region size 1024K, 1 young (1024K), 1 survivors (1024K)
 Metaspace       used 92241K, capacity 94413K, committed 94716K, reserved 1130496K
  class space    used 12010K, capacity 12815K, committed 12928K, reserved 1048576K
}
Event: 23.561 GC heap before
{Heap before GC invocations=37 (full 0):
 garbage-first heap   total 155648K, used 118431K [0x0000000080000000, 0x0000000100000000)
  region size 1024K, 21 young (21504K), 1 survivors (1024K)
 Metaspace       used 92901K, capacity 95137K, committed 95356K, reserved 1132544K
  class space    used 12108K, capacity 12959K, committed 13056K, reserved 1048576K
}
Event: 23.567 GC heap after
{Heap after GC invocations=38 (full 0):
 garbage-first heap   total 155648K, used 102688K [0x0000000080000000, 0x0000000100000000)
  region size 1024K, 3 young (3072K), 3 survivors (3072K)
 Metaspace       used 92901K, capacity 95137K, committed 95356K, reserved 1132544K
  class space    used 12108K, capacity 12959K, committed 13056K, reserved 1048576K
}
Event: 23.658 GC heap before
{Heap before GC invocations=38 (full 0):
 garbage-first heap   total 155648K, used 121120K [0x0000000080000000, 0x0000000100000000)
  region size 1024K, 22 young (22528K), 3 survivors (3072K)
 Metaspace       used 93137K, capacity 95417K, committed 95612K, reserved 1132544K
  class space    used 12138K, capacity 13009K, committed 13056K, reserved 1048576K
}
Event: 23.665 GC heap after
{Heap after GC invocations=39 (full 0):
 garbage-first heap   total 155648K, used 106427K [0x0000000080000000, 0x0000000100000000)
  region size 1024K, 3 young (3072K), 3 survivors (3072K)
 Metaspace       used 93137K, capacity 95417K, committed 95612K, reserved 1132544K
  class space    used 12138K, capacity 13009K, committed 13056K, reserved 1048576K
}
Event: 23.771 GC heap before
{Heap before GC invocations=40 (full 0):
 garbage-first heap   total 155648K, used 124859K [0x0000000080000000, 0x0000000100000000)
  region size 1024K, 21 young (21504K), 3 survivors (3072K)
 Metaspace       used 93572K, capacity 95822K, committed 95996K, reserved 1132544K
  class space    used 12231K, capacity 13095K, committed 13184K, reserved 1048576K
}
Event: 23.780 GC heap after
{Heap after GC invocations=41 (full 0):
 garbage-first heap   total 202752K, used 110025K [0x0000000080000000, 0x0000000100000000)
  region size 1024K, 3 young (3072K), 3 survivors (3072K)
 Metaspace       used 93572K, capacity 95822K, committed 95996K, reserved 1132544K
  class space    used 12231K, capacity 13095K, committed 13184K, reserved 1048576K
}
Event: 23.799 GC heap before
{Heap before GC invocations=41 (full 0):
 garbage-first heap   total 202752K, used 116169K [0x0000000080000000, 0x0000000100000000)
  region size 1024K, 9 young (9216K), 3 survivors (3072K)
 Metaspace       used 93702K, capacity 96005K, committed 96252K, reserved 1132544K
  class space    used 12254K, capacity 13135K, committed 13184K, reserved 1048576K
}
Event: 23.805 GC heap after
{Heap after GC invocations=42 (full 0):
 garbage-first heap   total 202752K, used 111654K [0x0000000080000000, 0x0000000100000000)
  region size 1024K, 2 young (2048K), 2 survivors (2048K)
 Metaspace       used 93702K, capacity 96005K, committed 96252K, reserved 1132544K
  class space    used 12254K, capacity 13135K, committed 13184K, reserved 1048576K
}
Event: 23.919 GC heap before
{Heap before GC invocations=42 (full 0):
 garbage-first heap   total 202752K, used 142374K [0x0000000080000000, 0x0000000100000000)
  region size 1024K, 32 young (32768K), 2 survivors (2048K)
 Metaspace       used 94769K, capacity 97090K, committed 97276K, reserved 1132544K
  class space    used 12474K, capacity 13380K, committed 13440K, reserved 1048576K
}
Event: 23.927 GC heap after
{Heap after GC invocations=43 (full 0):
 garbage-first heap   total 202752K, used 116080K [0x0000000080000000, 0x0000000100000000)
  region size 1024K, 4 young (4096K), 4 survivors (4096K)
 Metaspace       used 94769K, capacity 97090K, committed 97276K, reserved 1132544K
  class space    used 12474K, capacity 13380K, committed 13440K, reserved 1048576K
}
Event: 24.097 GC heap before
{Heap before GC invocations=43 (full 0):
 garbage-first heap   total 202752K, used 146800K [0x0000000080000000, 0x0000000100000000)
  region size 1024K, 35 young (35840K), 4 survivors (4096K)
 Metaspace       used 96010K, capacity 98421K, committed 98556K, reserved 1134592K
  class space    used 12689K, capacity 13602K, committed 13696K, reserved 1048576K
}
Event: 24.109 GC heap after
{Heap after GC invocations=44 (full 0):
 garbage-first heap   total 202752K, used 120985K [0x0000000080000000, 0x0000000100000000)
  region size 1024K, 5 young (5120K), 5 survivors (5120K)
 Metaspace       used 96010K, capacity 98421K, committed 98556K, reserved 1134592K
  class space    used 12689K, capacity 13602K, committed 13696K, reserved 1048576K
}
Event: 24.276 GC heap before
{Heap before GC invocations=45 (full 0):
 garbage-first heap   total 202752K, used 151705K [0x0000000080000000, 0x0000000100000000)
  region size 1024K, 36 young (36864K), 5 survivors (5120K)
 Metaspace       used 96986K, capacity 99451K, committed 99708K, reserved 1134592K
  class space    used 12814K, capacity 13748K, committed 13824K, reserved 1048576K
}

Deoptimization events (20 events):
Event: 24.027 Thread 0x0000014eb631a800 Uncommon trap: trap_request=0xffffffc6 fr.pc=0x0000014ea40ce240 relative=0x00000000000004c0
Event: 24.027 Thread 0x0000014eb631a800 Uncommon trap: reason=bimorphic_or_optimized_type_check action=maybe_recompile pc=0x0000014ea40ce240 method=java.util.Spliterators$IteratorSpliterator.tryAdvance(Ljava/util/function/Consumer;)Z @ 68 c2
Event: 24.027 Thread 0x0000014eb631a800 DEOPT PACKING pc=0x0000014ea40ce240 sp=0x0000000e78cf9800
Event: 24.027 Thread 0x0000014eb631a800 DEOPT UNPACKING pc=0x0000014e9c1483af sp=0x0000000e78cf9798 mode 2
Event: 24.080 Thread 0x0000014eb8320000 Uncommon trap: trap_request=0xffffff4d fr.pc=0x0000014ea404ffd4 relative=0x0000000000000394
Event: 24.080 Thread 0x0000014eb8320000 Uncommon trap: reason=unstable_if action=reinterpret pc=0x0000014ea404ffd4 method=java.util.WeakHashMap.remove(Ljava/lang/Object;)Ljava/lang/Object; @ 94 c2
Event: 24.080 Thread 0x0000014eb8320000 DEOPT PACKING pc=0x0000014ea404ffd4 sp=0x0000000e7b4f60e0
Event: 24.080 Thread 0x0000014eb8320000 DEOPT UNPACKING pc=0x0000014e9c1483af sp=0x0000000e7b4f6028 mode 2
Event: 24.095 Thread 0x0000014eb631b000 DEOPT PACKING pc=0x0000014e9de613c7 sp=0x0000000e789f9120
Event: 24.095 Thread 0x0000014eb631b000 DEOPT UNPACKING pc=0x0000014e9c167c0e sp=0x0000000e789f8588 mode 0
Event: 24.240 Thread 0x0000014eb631b000 DEOPT PACKING pc=0x0000014e9ded3763 sp=0x0000000e789f99b0
Event: 24.240 Thread 0x0000014eb631b000 DEOPT UNPACKING pc=0x0000014e9c167c0e sp=0x0000000e789f8e48 mode 0
Event: 24.249 Thread 0x0000014eb8546000 Uncommon trap: trap_request=0xffffff4d fr.pc=0x0000014ea3f42564 relative=0x0000000000000664
Event: 24.249 Thread 0x0000014eb8546000 Uncommon trap: reason=unstable_if action=reinterpret pc=0x0000014ea3f42564 method=java.util.HashMap$HashIterator.<init>(Ljava/util/HashMap;)V @ 45 c2
Event: 24.249 Thread 0x0000014eb8546000 DEOPT PACKING pc=0x0000014ea3f42564 sp=0x0000000e7c6f9850
Event: 24.249 Thread 0x0000014eb8546000 DEOPT UNPACKING pc=0x0000014e9c1483af sp=0x0000000e7c6f96d8 mode 2
Event: 24.264 Thread 0x0000014eb8546000 Uncommon trap: trap_request=0xffffff4d fr.pc=0x0000014ea3fd7198 relative=0x0000000000001378
Event: 24.264 Thread 0x0000014eb8546000 Uncommon trap: reason=unstable_if action=reinterpret pc=0x0000014ea3fd7198 method=java.util.TreeMap.put(Ljava/lang/Object;Ljava/lang/Object;)Ljava/lang/Object; @ 163 c2
Event: 24.264 Thread 0x0000014eb8546000 DEOPT PACKING pc=0x0000014ea3fd7198 sp=0x0000000e7c6f98a0
Event: 24.264 Thread 0x0000014eb8546000 DEOPT UNPACKING pc=0x0000014e9c1483af sp=0x0000000e7c6f9860 mode 2

Classes redefined (0 events):
No events

Internal exceptions (20 events):
Event: 23.036 Thread 0x0000014eb8546000 Exception <a 'sun/nio/fs/WindowsException'{0x00000000874b4168}> (0x00000000874b4168) thrown at [./src/hotspot/share/prims/jni.cpp, line 615]
Event: 23.157 Thread 0x0000014eb631a800 Exception <a 'java/lang/NoSuchMethodError'{0x0000000087944bf8}: 'int java.lang.invoke.DirectMethodHandle$Holder.invokeVirtual(java.lang.Object, java.lang.Object, java.lang.Object, java.lang.Object)'> (0x0000000087944bf8) thrown at [./src/hotspot/share/interpreter/linkResolver.cpp, line 773]
Event: 23.215 Thread 0x0000014eb631b000 Exception <a 'java/lang/IncompatibleClassChangeError'{0x0000000087018998}: Found class java.lang.Object, but interface was expected> (0x0000000087018998) thrown at [./src/hotspot/share/interpreter/linkResolver.cpp, line 839]
Event: 23.215 Thread 0x0000014eb8320000 Exception <a 'java/lang/IncompatibleClassChangeError'{0x00000000870170f8}: Found class java.lang.Object, but interface was expected> (0x00000000870170f8) thrown at [./src/hotspot/share/interpreter/linkResolver.cpp, line 839]
Event: 23.454 Thread 0x0000014eb854e800 Exception <a 'java/lang/NoSuchMethodError'{0x0000000089530c68}: 'int java.lang.invoke.DirectMethodHandle$Holder.invokeVirtual(java.lang.Object, java.lang.Object, java.lang.Object)'> (0x0000000089530c68) thrown at [./src/hotspot/share/interpreter/linkResolver.cpp, line 773]
Event: 23.545 Thread 0x0000014eb631b000 Exception <a 'java/lang/NoSuchMethodError'{0x00000000888e8610}: 'java.lang.Object java.lang.invoke.DirectMethodHandle$Holder.invokeStatic(java.lang.Object, int, java.lang.Object, java.lang.Object)'> (0x00000000888e8610) thrown at [./src/hotspot/share/interpreter/linkResolver.cpp, line 773]
Event: 23.545 Thread 0x0000014eb631a800 Exception <a 'java/lang/NoSuchMethodError'{0x00000000888df480}: 'java.lang.Object java.lang.invoke.DirectMethodHandle$Holder.invokeStatic(java.lang.Object, int, java.lang.Object, java.lang.Object)'> (0x00000000888df480) thrown at [./src/hotspot/share/interpreter/linkResolver.cpp, line 773]
Event: 23.546 Thread 0x0000014eb8320000 Exception <a 'java/lang/NoSuchMethodError'{0x00000000888eb308}: 'java.lang.Object java.lang.invoke.DirectMethodHandle$Holder.invokeStatic(java.lang.Object, int, java.lang.Object, java.lang.Object)'> (0x00000000888eb308) thrown at [./src/hotspot/share/interpreter/linkResolver.cpp, line 773]
Event: 23.839 Thread 0x0000014eb631a800 Exception <a 'java/lang/NoSuchMethodError'{0x000000008b9e6140}: 'java.lang.Object java.lang.invoke.DirectMethodHandle$Holder.invokeVirtual(java.lang.Object, java.lang.Object, int, java.lang.Object)'> (0x000000008b9e6140) thrown at [./src/hotspot/share/interpreter/linkResolver.cpp, line 773]
Event: 23.839 Thread 0x0000014eb8320000 Exception <a 'java/lang/NoSuchMethodError'{0x000000008baeaab8}: 'java.lang.Object java.lang.invoke.DirectMethodHandle$Holder.invokeVirtual(java.lang.Object, java.lang.Object, int, java.lang.Object)'> (0x000000008baeaab8) thrown at [./src/hotspot/share/interpreter/linkResolver.cpp, line 773]
Event: 23.846 Thread 0x0000014eb631b000 Exception <a 'java/lang/NoSuchMethodError'{0x000000008ba4c300}: 'java.lang.Object java.lang.invoke.DirectMethodHandle$Holder.invokeVirtual(java.lang.Object, java.lang.Object, int, java.lang.Object)'> (0x000000008ba4c300) thrown at [./src/hotspot/share/interpreter/linkResolver.cpp, line 773]
Event: 23.864 Thread 0x0000014eb8320000 Exception <a 'java/lang/IncompatibleClassChangeError'{0x000000008b25f5a0}: Found class java.lang.Object, but interface was expected> (0x000000008b25f5a0) thrown at [./src/hotspot/share/interpreter/linkResolver.cpp, line 839]
Event: 23.864 Thread 0x0000014eb631a800 Exception <a 'java/lang/IncompatibleClassChangeError'{0x000000008b262020}: Found class java.lang.Object, but interface was expected> (0x000000008b262020) thrown at [./src/hotspot/share/interpreter/linkResolver.cpp, line 839]
Event: 23.864 Thread 0x0000014eb631b000 Exception <a 'java/lang/IncompatibleClassChangeError'{0x000000008b25b390}: Found class java.lang.Object, but interface was expected> (0x000000008b25b390) thrown at [./src/hotspot/share/interpreter/linkResolver.cpp, line 839]
Event: 23.865 Thread 0x0000014eb8320000 Exception <a 'java/lang/IncompatibleClassChangeError'{0x000000008b2c11a8}: Found class java.lang.Object, but interface was expected> (0x000000008b2c11a8) thrown at [./src/hotspot/share/interpreter/linkResolver.cpp, line 839]
Event: 23.865 Thread 0x0000014eb631b000 Exception <a 'java/lang/IncompatibleClassChangeError'{0x000000008b2b19f0}: Found class java.lang.Object, but interface was expected> (0x000000008b2b19f0) thrown at [./src/hotspot/share/interpreter/linkResolver.cpp, line 839]
Event: 23.865 Thread 0x0000014eb631a800 Exception <a 'java/lang/IncompatibleClassChangeError'{0x000000008b265ab0}: Found class java.lang.Object, but interface was expected> (0x000000008b265ab0) thrown at [./src/hotspot/share/interpreter/linkResolver.cpp, line 839]
Event: 23.896 Thread 0x0000014eb631b000 Exception <a 'java/lang/NoSuchMethodError'{0x000000008a8008a8}: 'void java.lang.invoke.DirectMethodHandle$Holder.invokeVirtual(java.lang.Object, java.lang.Object, int, java.lang.Object)'> (0x000000008a8008a8) thrown at [./src/hotspot/share/interpreter/linkResolver.cpp, line 773]
Event: 24.037 Thread 0x0000014eb8320000 Exception <a 'java/lang/NoSuchMethodError'{0x000000008b3696d0}: 'java.lang.Object java.lang.invoke.DirectMethodHandle$Holder.newInvokeSpecial(java.lang.Object, int)'> (0x000000008b3696d0) thrown at [./src/hotspot/share/interpreter/linkResolver.cpp, line 773]
Event: 24.038 Thread 0x0000014eb854e800 Exception <a 'java/lang/NoSuchMethodError'{0x000000008b74ed60}: 'java.lang.Object java.lang.invoke.DirectMethodHandle$Holder.newInvokeSpecial(java.lang.Object, int)'> (0x000000008b74ed60) thrown at [./src/hotspot/share/interpreter/linkResolver.cpp, line 773]

Events (20 events):
Event: 24.272 loading class com/android/tools/r8/internal/ci1 done
Event: 24.272 loading class com/android/tools/r8/internal/oS0
Event: 24.272 loading class com/android/tools/r8/internal/oS0 done
Event: 24.273 loading class com/android/tools/r8/internal/di1
Event: 24.273 loading class com/android/tools/r8/internal/di1 done
Event: 24.273 loading class com/android/tools/r8/graph/X0
Event: 24.273 loading class com/android/tools/r8/graph/X0 done
Event: 24.273 loading class com/android/tools/r8/internal/r41
Event: 24.273 loading class com/android/tools/r8/internal/r41 done
Event: 24.273 loading class com/android/tools/r8/graph/X0
Event: 24.273 loading class com/android/tools/r8/graph/X0 done
Event: 24.273 loading class com/android/tools/r8/synthesis/b
Event: 24.273 loading class com/android/tools/r8/synthesis/b done
Event: 24.274 loading class com/android/tools/r8/graph/X0
Event: 24.274 loading class com/android/tools/r8/graph/X0 done
Event: 24.274 loading class java/util/IdentityHashMap$EntrySet
Event: 24.275 loading class java/util/IdentityHashMap$EntrySet done
Event: 24.275 loading class com/android/tools/r8/internal/H61
Event: 24.275 loading class com/android/tools/r8/internal/H61 done
Event: 24.276 Executing VM operation: G1CollectForAllocation


Dynamic libraries:
0x00007ff62f820000 - 0x00007ff62f82a000 	C:\Program Files\Android\Android Studio\jre\bin\java.exe
0x00007ffb1cdf0000 - 0x00007ffb1cfe8000 	C:\WINDOWS\SYSTEM32\ntdll.dll
0x00007ffb1b180000 - 0x00007ffb1b23d000 	C:\WINDOWS\System32\KERNEL32.DLL
0x00007ffb1a8d0000 - 0x00007ffb1ab9e000 	C:\WINDOWS\System32\KERNELBASE.dll
0x00007ffb1a510000 - 0x00007ffb1a610000 	C:\WINDOWS\System32\ucrtbase.dll
0x00007ffb07cf0000 - 0x00007ffb07d09000 	C:\Program Files\Android\Android Studio\jre\bin\jli.dll
0x00007ffb1ae60000 - 0x00007ffb1b000000 	C:\WINDOWS\System32\USER32.dll
0x00007ffb1a610000 - 0x00007ffb1a632000 	C:\WINDOWS\System32\win32u.dll
0x00007ffb1b660000 - 0x00007ffb1b68a000 	C:\WINDOWS\System32\GDI32.dll
0x00007ffb1acb0000 - 0x00007ffb1adbb000 	C:\WINDOWS\System32\gdi32full.dll
0x00007ffb1ac10000 - 0x00007ffb1acad000 	C:\WINDOWS\System32\msvcp_win.dll
0x00007ffb07710000 - 0x00007ffb07727000 	C:\Program Files\Android\Android Studio\jre\bin\VCRUNTIME140.dll
0x00007ffb19bd0000 - 0x00007ffb19e6a000 	C:\WINDOWS\WinSxS\amd64_microsoft.windows.common-controls_6595b64144ccf1df_6.0.19041.1110_none_60b5254171f9507e\COMCTL32.dll
0x00007ffb1be50000 - 0x00007ffb1beee000 	C:\WINDOWS\System32\msvcrt.dll
0x00007ffb1b420000 - 0x00007ffb1b450000 	C:\WINDOWS\System32\IMM32.DLL
0x00007ffae9840000 - 0x00007ffae98dd000 	C:\Program Files\Android\Android Studio\jre\bin\msvcp140.dll
0x00007ffa89020000 - 0x00007ffa89af5000 	C:\Program Files\Android\Android Studio\jre\bin\server\jvm.dll
0x00007ffb1c380000 - 0x00007ffb1c42e000 	C:\WINDOWS\System32\ADVAPI32.dll
0x00007ffb1ccb0000 - 0x00007ffb1cd4c000 	C:\WINDOWS\System32\sechost.dll
0x00007ffb1c430000 - 0x00007ffb1c555000 	C:\WINDOWS\System32\RPCRT4.dll
0x00007ffb17f80000 - 0x00007ffb17f8a000 	C:\WINDOWS\SYSTEM32\VERSION.dll
0x00007ffb1b3b0000 - 0x00007ffb1b3b8000 	C:\WINDOWS\System32\PSAPI.DLL
0x00007ffb01590000 - 0x00007ffb015b7000 	C:\WINDOWS\SYSTEM32\WINMM.dll
0x00007ffad6500000 - 0x00007ffad6509000 	C:\WINDOWS\SYSTEM32\WSOCK32.dll
0x00007ffb1b690000 - 0x00007ffb1b6fb000 	C:\WINDOWS\System32\WS2_32.dll
0x00007ffb175b0000 - 0x00007ffb175c2000 	C:\WINDOWS\SYSTEM32\kernel.appcore.dll
0x00007ffb10030000 - 0x00007ffb10041000 	C:\Program Files\Android\Android Studio\jre\bin\verify.dll
0x00007ffb19f90000 - 0x00007ffb1a174000 	C:\WINDOWS\SYSTEM32\DBGHELP.DLL
0x00007ffb19e90000 - 0x00007ffb19ebc000 	C:\WINDOWS\SYSTEM32\dbgcore.DLL
0x00007ffb1adc0000 - 0x00007ffb1ae42000 	C:\WINDOWS\System32\bcryptPrimitives.dll
0x00007ffb07cc0000 - 0x00007ffb07ce9000 	C:\Program Files\Android\Android Studio\jre\bin\java.dll
0x00007ffb163e0000 - 0x00007ffb163eb000 	C:\Program Files\Android\Android Studio\jre\bin\jimage.dll
0x00007ffb10010000 - 0x00007ffb10028000 	C:\Program Files\Android\Android Studio\jre\bin\zip.dll
0x00007ffb1b700000 - 0x00007ffb1be44000 	C:\WINDOWS\System32\SHELL32.dll
0x00007ffb177d0000 - 0x00007ffb17f64000 	C:\WINDOWS\SYSTEM32\windows.storage.dll
0x00007ffb1bef0000 - 0x00007ffb1c244000 	C:\WINDOWS\System32\combase.dll
0x00007ffb197a0000 - 0x00007ffb197d0000 	C:\WINDOWS\SYSTEM32\Wldp.dll
0x00007ffb1b0d0000 - 0x00007ffb1b17d000 	C:\WINDOWS\System32\SHCORE.dll
0x00007ffb1cd50000 - 0x00007ffb1cda5000 	C:\WINDOWS\System32\shlwapi.dll
0x00007ffb1a450000 - 0x00007ffb1a46f000 	C:\WINDOWS\SYSTEM32\profapi.dll
0x00007ffb0c300000 - 0x00007ffb0c31a000 	C:\Program Files\Android\Android Studio\jre\bin\net.dll
0x00007ffb13f60000 - 0x00007ffb1406a000 	C:\WINDOWS\SYSTEM32\WINHTTP.dll
0x00007ffb19580000 - 0x00007ffb195ea000 	C:\WINDOWS\system32\mswsock.dll
0x00007ffb07ca0000 - 0x00007ffb07cb4000 	C:\Program Files\Android\Android Studio\jre\bin\nio.dll
0x00007ffb07970000 - 0x00007ffb07997000 	C:\Users\User\.gradle\native\e1d6ef7f7dcc3fd88c89a11ec53ec762bb8ba0a96d01ffa2cd45eb1d1d8dd5c5\windows-amd64\native-platform.dll
0x00007ffae0a90000 - 0x00007ffae0bd4000 	C:\Users\User\.gradle\native\5664cfc778a61ccfe75a443a1ab52a65af34e5dc3c78e0209fed803814484fcb\windows-amd64\native-platform-file-events.dll
0x00007ffb11fb0000 - 0x00007ffb11fba000 	C:\Program Files\Android\Android Studio\jre\bin\management.dll
0x00007ffb11e70000 - 0x00007ffb11e7d000 	C:\Program Files\Android\Android Studio\jre\bin\management_ext.dll
0x00007ffb1a2a0000 - 0x00007ffb1a2b8000 	C:\WINDOWS\SYSTEM32\CRYPTSP.dll
0x00007ffb18f40000 - 0x00007ffb18f74000 	C:\WINDOWS\system32\rsaenh.dll
0x00007ffb1a640000 - 0x00007ffb1a667000 	C:\WINDOWS\System32\bcrypt.dll
0x00007ffb1a3d0000 - 0x00007ffb1a3fe000 	C:\WINDOWS\SYSTEM32\USERENV.dll
0x00007ffb19710000 - 0x00007ffb1971c000 	C:\WINDOWS\SYSTEM32\CRYPTBASE.dll
0x00007ffb19290000 - 0x00007ffb192cb000 	C:\WINDOWS\SYSTEM32\IPHLPAPI.DLL
0x00007ffb1c370000 - 0x00007ffb1c378000 	C:\WINDOWS\System32\NSI.dll
0x00007ffb10f50000 - 0x00007ffb10f67000 	C:\WINDOWS\SYSTEM32\dhcpcsvc6.DLL
0x00007ffb10f30000 - 0x00007ffb10f4d000 	C:\WINDOWS\SYSTEM32\dhcpcsvc.DLL
0x00007ffb192d0000 - 0x00007ffb1939b000 	C:\WINDOWS\SYSTEM32\DNSAPI.dll

dbghelp: loaded successfully - version: 4.0.5 - missing functions: none
symbol engine: initialized successfully - sym options: 0x614 - pdb path: .;C:\Program Files\Android\Android Studio\jre\bin;C:\WINDOWS\SYSTEM32;C:\WINDOWS\WinSxS\amd64_microsoft.windows.common-controls_6595b64144ccf1df_6.0.19041.1110_none_60b5254171f9507e;C:\Program Files\Android\Android Studio\jre\bin\server;C:\Users\User\.gradle\native\e1d6ef7f7dcc3fd88c89a11ec53ec762bb8ba0a96d01ffa2cd45eb1d1d8dd5c5\windows-amd64;C:\Users\User\.gradle\native\5664cfc778a61ccfe75a443a1ab52a65af34e5dc3c78e0209fed803814484fcb\windows-amd64

VM Arguments:
jvm_args: --add-opens=java.base/java.util=ALL-UNNAMED --add-opens=java.base/java.lang=ALL-UNNAMED --add-opens=java.base/java.lang.invoke=ALL-UNNAMED --add-opens=java.base/java.util=ALL-UNNAMED --add-opens=java.prefs/java.util.prefs=ALL-UNNAMED --add-opens=java.prefs/java.util.prefs=ALL-UNNAMED --add-opens=java.base/java.nio.charset=ALL-UNNAMED --add-opens=java.base/java.net=ALL-UNNAMED --add-opens=java.base/java.util.concurrent.atomic=ALL-UNNAMED -Xmx2048m -Dfile.encoding=UTF-8 -Duser.country=SG -Duser.language=en -Duser.variant 
java_command: org.gradle.launcher.daemon.bootstrap.GradleDaemon 7.2
java_class_path (initial): C:\Users\User\.gradle\wrapper\dists\gradle-7.2-bin\2dnblmf4td7x66yl1d74lt32g\gradle-7.2\lib\gradle-launcher-7.2.jar
Launcher Type: SUN_STANDARD

[Global flags]
     intx CICompilerCount                          = 4                                         {product} {ergonomic}
     uint ConcGCThreads                            = 2                                         {product} {ergonomic}
     uint G1ConcRefinementThreads                  = 8                                         {product} {ergonomic}
   size_t G1HeapRegionSize                         = 1048576                                   {product} {ergonomic}
    uintx GCDrainStackTargetSize                   = 64                                        {product} {ergonomic}
   size_t InitialHeapSize                          = 132120576                                 {product} {ergonomic}
   size_t MarkStackSize                            = 4194304                                   {product} {ergonomic}
   size_t MaxHeapSize                              = 2147483648                                {product} {command line}
   size_t MaxNewSize                               = 1287651328                                {product} {ergonomic}
   size_t MinHeapDeltaBytes                        = 1048576                                   {product} {ergonomic}
    uintx NonNMethodCodeHeapSize                   = 5836300                                {pd product} {ergonomic}
    uintx NonProfiledCodeHeapSize                  = 122910970                              {pd product} {ergonomic}
    uintx ProfiledCodeHeapSize                     = 122910970                              {pd product} {ergonomic}
    uintx ReservedCodeCacheSize                    = 251658240                              {pd product} {ergonomic}
     bool SegmentedCodeCache                       = true                                      {product} {ergonomic}
     bool UseCompressedClassPointers               = true                                 {lp64_product} {ergonomic}
     bool UseCompressedOops                        = true                                 {lp64_product} {ergonomic}
     bool UseG1GC                                  = true                                      {product} {ergonomic}
     bool UseLargePagesIndividualAllocation        = false                                  {pd product} {ergonomic}

Logging:
Log output configuration:
 #0: stdout all=warning uptime,level,tags
 #1: stderr all=off uptime,level,tags

Environment Variables:
PATH=C:\Program Files (x86)\VMware\VMware Workstation\bin\;C:\WINDOWS\system32;C:\WINDOWS;C:\WINDOWS\System32\Wbem;C:\WINDOWS\System32\WindowsPowerShell\v1.0\;C:\WINDOWS\System32\OpenSSH\;C:\Program Files\Git\cmd;C:\Program Files (x86)\GNU\GnuPG\pub;C:\Users\User\AppData\Local\Microsoft\WindowsApps;;C:\Users\User\AppData\Local\Programs\Microsoft VS Code\bin;C:\Users\User\AppData\Local\Programs\mongosh\
USERNAME=User
OS=Windows_NT
PROCESSOR_IDENTIFIER=Intel64 Family 6 Model 140 Stepping 1, GenuineIntel



---------------  S Y S T E M  ---------------

OS: Windows 10 , 64 bit Build 19041 (10.0.19041.1806)
OS uptime: 8 days 1:48 hours
Hyper-V role detected

CPU:total 8 (initial active 8) (4 cores per cpu, 2 threads per core) family 6 model 140 stepping 1 microcode 0x9a, cmov, cx8, fxsr, mmx, sse, sse2, sse3, ssse3, sse4.1, sse4.2, popcnt, avx, avx2, aes, clmul, erms, 3dnowpref, lzcnt, ht, tsc, tscinvbit, bmi1, bmi2, adx, evex, sha, fma

Memory: 4k page, system-wide physical 7991M (158M free)
TotalPageFile size 32567M (AvailPageFile size 127M)
current process WorkingSet (physical memory assigned to process): 438M, peak: 438M
current process commit charge ("private bytes"): 546M, peak: 720M

vm_info: OpenJDK 64-Bit Server VM (11.0.11+9-b60-7590822) for windows-amd64 JRE (11.0.11+9-b60-7590822), built on Jul 29 2021 21:43:44 by "builder" with MS VC++ 14.0 (VS2015)

END.
