#
# There is insufficient memory for the Java Runtime Environment to continue.
# Native memory allocation (mmap) failed to map 214958080 bytes for Failed to commit area from 0x000000008cd00000 to 0x0000000099a00000 of length 214958080.
# Possible reasons:
#   The system is out of physical RAM or swap space
#   The process is running with CompressedOops enabled, and the Java Heap may be blocking the growth of the native heap
# Possible solutions:
#   Reduce memory load on the system
#   Increase physical memory or swap space
#   Check if swap backing store is full
#   Decrease Java heap size (-Xmx/-Xms)
#   Decrease number of Java threads
#   Decrease Java thread stack sizes (-Xss)
#   Set larger code cache with -XX:ReservedCodeCacheSize=
#   JVM is running with Unscaled Compressed Oops mode in which the Java heap is
#     placed in the first 4GB address space. The Java Heap base address is the
#     maximum limit for the native heap growth. Please use -XX:HeapBaseMinAddress
#     to set the Java Heap base and to place the Java Heap above 4GB virtual address.
# This output file may be truncated or incomplete.
#
#  Out of Memory Error (./src/hotspot/os/windows/os_windows.cpp:3301), pid=32704, tid=20808
#
# JRE version: OpenJDK Runtime Environment (11.0.11+9) (build 11.0.11+9-b60-7590822)
# Java VM: OpenJDK 64-Bit Server VM (11.0.11+9-b60-7590822, mixed mode, tiered, compressed oops, g1 gc, windows-amd64)
# No core dump will be written. Minidumps are not enabled by default on client versions of Windows
#

---------------  S U M M A R Y ------------

Command Line: --add-opens=java.base/java.util=ALL-UNNAMED --add-opens=java.base/java.lang=ALL-UNNAMED --add-opens=java.base/java.lang.invoke=ALL-UNNAMED --add-opens=java.base/java.util=ALL-UNNAMED --add-opens=java.prefs/java.util.prefs=ALL-UNNAMED --add-opens=java.prefs/java.util.prefs=ALL-UNNAMED --add-opens=java.base/java.nio.charset=ALL-UNNAMED --add-opens=java.base/java.net=ALL-UNNAMED --add-opens=java.base/java.util.concurrent.atomic=ALL-UNNAMED -Xmx2048m -Dfile.encoding=UTF-8 -Duser.country=SG -Duser.language=en -Duser.variant org.gradle.launcher.daemon.bootstrap.GradleDaemon 7.2

Host: 11th Gen Intel(R) Core(TM) i5-1135G7 @ 2.40GHz, 8 cores, 7G,  Windows 10 , 64 bit Build 19041 (10.0.19041.1806)
Time: Tue Aug 16 23:28:15 2022 Malay Peninsula Standard Time elapsed time: 15.789039 seconds (0d 0h 0m 15s)

---------------  T H R E A D  ---------------

Current thread (0x0000022a7ee3f800):  VMThread "VM Thread" [stack: 0x000000bbc1c00000,0x000000bbc1d00000] [id=20808]

Stack: [0x000000bbc1c00000,0x000000bbc1d00000]
[error occurred during error reporting (printing stack bounds), id 0xc0000005, EXCEPTION_ACCESS_VIOLATION (0xc0000005) at pc=0x0000022a6c4c10e7]

Native frames: (J=compiled Java code, j=interpreted, Vv=VM code, C=native code)
V  [jvm.dll+0x5f214a]
V  [jvm.dll+0x726fb5]
V  [jvm.dll+0x7285cd]
V  [jvm.dll+0x728be5]
V  [jvm.dll+0x728b9b]
V  [jvm.dll+0x5f14e8]
V  [jvm.dll+0x5f1c78]
C  [ntdll.dll+0xa229f]
C  [ntdll.dll+0x51454]
C  [ntdll.dll+0xa0dce]
C  0x0000022a6c4c10e7

VM_Operation (0x000000bbc71f8d00): G1CollectForAllocation, mode: safepoint, requested by thread 0x0000022a06deb000


---------------  P R O C E S S  ---------------

Threads class SMR info:
_java_thread_list=0x0000022a0b330490, length=134, elements={
0x0000022a6693c000, 0x0000022a7ee46000, 0x0000022a7ee4f800, 0x0000022a7f7c5800,
0x0000022a7f7c8800, 0x0000022a7f7ca800, 0x0000022a7f7d0800, 0x0000022a7ee5c800,
0x0000022a7ee68000, 0x0000022a7f92e800, 0x0000022a05b8b000, 0x0000022a040b1000,
0x0000022a0680a800, 0x0000022a05709800, 0x0000022a05ccb000, 0x0000022a05718800,
0x0000022a04c91000, 0x0000022a06054000, 0x0000022a06084000, 0x0000022a05667800,
0x0000022a05662000, 0x0000022a05668800, 0x0000022a05665000, 0x0000022a05662800,
0x0000022a05663800, 0x0000022a05664800, 0x0000022a05666000, 0x0000022a05667000,
0x0000022a07085000, 0x0000022a07089000, 0x0000022a07086800, 0x0000022a07084000,
0x0000022a0708d000, 0x0000022a0708b800, 0x0000022a0708a800, 0x0000022a07089800,
0x0000022a0708e000, 0x0000022a0708f800, 0x0000022a0708e800, 0x0000022a07090800,
0x0000022a07091000, 0x0000022a07092000, 0x0000022a0708c000, 0x0000022a059a0000,
0x0000022a0599e000, 0x0000022a059a0800, 0x0000022a0599d800, 0x0000022a059a1800,
0x0000022a0599f000, 0x0000022a059a2000, 0x0000022a0599c800, 0x0000022a059a4800,
0x0000022a059a5800, 0x0000022a059a7000, 0x0000022a059a6800, 0x0000022a059a3000,
0x0000022a059a8000, 0x0000022a059a9000, 0x0000022a059a9800, 0x0000022a059a4000,
0x0000022a059aa800, 0x0000022a059ab000, 0x0000022a06ddd000, 0x0000022a06de1800,
0x0000022a06dde000, 0x0000022a06de2000, 0x0000022a06ddc800, 0x0000022a06de4800,
0x0000022a06de3800, 0x0000022a06ddf000, 0x0000022a06de5800, 0x0000022a06de3000,
0x0000022a06ddf800, 0x0000022a06de6000, 0x0000022a06de0800, 0x0000022a06deb000,
0x0000022a06de9800, 0x0000022a06de7000, 0x0000022a06dea800, 0x0000022a06de8000,
0x0000022a06de8800, 0x0000022a0a904800, 0x0000022a0a907800, 0x0000022a0a905000,
0x0000022a0a908800, 0x0000022a0a909000, 0x0000022a0a903800, 0x0000022a0a90a000,
0x0000022a0a90b000, 0x0000022a0a90b800, 0x0000022a0a906000, 0x0000022a0a90c800,
0x0000022a0a907000, 0x0000022a0a90e000, 0x0000022a0a912000, 0x0000022a0a910000,
0x0000022a0a911800, 0x0000022a0a90d800, 0x0000022a0a90f000, 0x0000022a0a910800,
0x0000022a075a2000, 0x0000022a075a1000, 0x0000022a0759e800, 0x0000022a075a5000,
0x0000022a075a2800, 0x0000022a075a3800, 0x0000022a075a4800, 0x0000022a0759f800,
0x0000022a075a6000, 0x0000022a075a0800, 0x0000022a075ab800, 0x0000022a075ac800,
0x0000022a075a7000, 0x0000022a075aa000, 0x0000022a075ad800, 0x0000022a075a7800,
0x0000022a075a9800, 0x0000022a075a8800, 0x0000022a075ab000, 0x0000022a07420000,
0x0000022a0741f800, 0x0000022a0710d000, 0x0000022a07426800, 0x0000022a07421000,
0x0000022a07424000, 0x0000022a07422800, 0x0000022a07425000, 0x0000022a07421800,
0x0000022a0742a800, 0x0000022a07429000, 0x0000022a0742b800, 0x0000022a07426000,
0x0000022a0742c800, 0x0000022a0742a000
}

Java Threads: ( => current thread )
  0x0000022a6693c000 JavaThread "main" [_thread_blocked, id=33740, stack(0x000000bbc1600000,0x000000bbc1700000)]
  0x0000022a7ee46000 JavaThread "Reference Handler" daemon [_thread_blocked, id=29200, stack(0x000000bbc1d00000,0x000000bbc1e00000)]
  0x0000022a7ee4f800 JavaThread "Finalizer" daemon [_thread_blocked, id=4876, stack(0x000000bbc1e00000,0x000000bbc1f00000)]
  0x0000022a7f7c5800 JavaThread "Signal Dispatcher" daemon [_thread_blocked, id=27988, stack(0x000000bbc1f00000,0x000000bbc2000000)]
  0x0000022a7f7c8800 JavaThread "Attach Listener" daemon [_thread_blocked, id=11048, stack(0x000000bbc2000000,0x000000bbc2100000)]
  0x0000022a7f7ca800 JavaThread "Service Thread" daemon [_thread_blocked, id=4892, stack(0x000000bbc2100000,0x000000bbc2200000)]
  0x0000022a7f7d0800 JavaThread "C2 CompilerThread0" daemon [_thread_blocked, id=21480, stack(0x000000bbc2200000,0x000000bbc2300000)]
  0x0000022a7ee5c800 JavaThread "C1 CompilerThread0" daemon [_thread_blocked, id=9804, stack(0x000000bbc2300000,0x000000bbc2400000)]
  0x0000022a7ee68000 JavaThread "Sweeper thread" daemon [_thread_blocked, id=30072, stack(0x000000bbc2400000,0x000000bbc2500000)]
  0x0000022a7f92e800 JavaThread "Common-Cleaner" daemon [_thread_blocked, id=33400, stack(0x000000bbc2500000,0x000000bbc2600000)]
  0x0000022a05b8b000 JavaThread "Daemon health stats" [_thread_blocked, id=4148, stack(0x000000bbc2a00000,0x000000bbc2b00000)]
  0x0000022a040b1000 JavaThread "Incoming local TCP Connector on port 63762" [_thread_in_native, id=30964, stack(0x000000bbc2700000,0x000000bbc2800000)]
  0x0000022a0680a800 JavaThread "Daemon periodic checks" [_thread_blocked, id=20128, stack(0x000000bbc2b00000,0x000000bbc2c00000)]
  0x0000022a05709800 JavaThread "Daemon" [_thread_blocked, id=17828, stack(0x000000bbc2c00000,0x000000bbc2d00000)]
  0x0000022a05ccb000 JavaThread "Handler for socket connection from /127.0.0.1:63762 to /127.0.0.1:63763" [_thread_in_native, id=33648, stack(0x000000bbc2d00000,0x000000bbc2e00000)]
  0x0000022a05718800 JavaThread "Cancel handler" [_thread_blocked, id=34124, stack(0x000000bbc2e00000,0x000000bbc2f00000)]
  0x0000022a04c91000 JavaThread "Daemon worker" [_thread_blocked, id=5400, stack(0x000000bbc2f00000,0x000000bbc3000000)]
  0x0000022a06054000 JavaThread "Asynchronous log dispatcher for DefaultDaemonConnection: socket connection from /127.0.0.1:63762 to /127.0.0.1:63763" [_thread_blocked, id=23620, stack(0x000000bbc3000000,0x000000bbc3100000)]
  0x0000022a06084000 JavaThread "Stdin handler" [_thread_blocked, id=14268, stack(0x000000bbc3100000,0x000000bbc3200000)]
  0x0000022a05667800 JavaThread "Daemon client event forwarder" [_thread_blocked, id=19856, stack(0x000000bbc3200000,0x000000bbc3300000)]
  0x0000022a05662000 JavaThread "Cache worker for journal cache (C:\Users\User\.gradle\caches\journal-1)" [_thread_blocked, id=32896, stack(0x000000bbc3800000,0x000000bbc3900000)]
  0x0000022a05668800 JavaThread "File lock request listener" [_thread_in_native, id=21628, stack(0x000000bbc3900000,0x000000bbc3a00000)]
  0x0000022a05665000 JavaThread "Cache worker for file hash cache (C:\Users\User\.gradle\caches\7.2\fileHashes)" [_thread_blocked, id=6168, stack(0x000000bbc3a00000,0x000000bbc3b00000)]
  0x0000022a05662800 JavaThread "Cache worker for file hash cache (C:\Users\User\AndroidStudioProjects\DemoWeather\.gradle\7.2\fileHashes)" [_thread_blocked, id=19444, stack(0x000000bbc3c00000,0x000000bbc3d00000)]
  0x0000022a05663800 JavaThread "File watcher server" daemon [_thread_blocked, id=13088, stack(0x000000bbc3d00000,0x000000bbc3e00000)]
  0x0000022a05664800 JavaThread "File watcher consumer" daemon [_thread_blocked, id=996, stack(0x000000bbc3e00000,0x000000bbc3f00000)]
  0x0000022a05666000 JavaThread "Cache worker for checksums cache (C:\Users\User\AndroidStudioProjects\DemoWeather\.gradle\checksums)" [_thread_blocked, id=14900, stack(0x000000bbc3f00000,0x000000bbc4000000)]
  0x0000022a05667000 JavaThread "Cache worker for cache directory md-supplier (C:\Users\User\.gradle\caches\7.2\md-supplier)" [_thread_blocked, id=24980, stack(0x000000bbc4000000,0x000000bbc4100000)]
  0x0000022a07085000 JavaThread "Cache worker for cache directory md-rule (C:\Users\User\.gradle\caches\7.2\md-rule)" [_thread_blocked, id=19380, stack(0x000000bbc4100000,0x000000bbc4200000)]
  0x0000022a07089000 JavaThread "Cache worker for execution history cache (C:\Users\User\.gradle\caches\7.2\executionHistory)" [_thread_blocked, id=13944, stack(0x000000bbc4200000,0x000000bbc4300000)]
  0x0000022a07086800 JavaThread "jar transforms" [_thread_blocked, id=16568, stack(0x000000bbc4400000,0x000000bbc4500000)]
  0x0000022a07084000 JavaThread "Cache worker for file content cache (C:\Users\User\.gradle\caches\7.2\fileContent)" [_thread_blocked, id=30980, stack(0x000000bbc4500000,0x000000bbc4600000)]
  0x0000022a0708d000 JavaThread "jar transforms Thread 2" [_thread_blocked, id=25128, stack(0x000000bbc4600000,0x000000bbc4700000)]
  0x0000022a0708b800 JavaThread "Cache worker for dependencies-accessors (C:\Users\User\AndroidStudioProjects\DemoWeather\.gradle\7.2\dependencies-accessors)" [_thread_blocked, id=22428, stack(0x000000bbc4700000,0x000000bbc4800000)]
  0x0000022a0708a800 JavaThread "jar transforms Thread 3" [_thread_blocked, id=32120, stack(0x000000bbc4800000,0x000000bbc4900000)]
  0x0000022a07089800 JavaThread "Cache worker for Build Output Cleanup Cache (C:\Users\User\AndroidStudioProjects\DemoWeather\.gradle\buildOutputCleanup)" [_thread_blocked, id=23960, stack(0x000000bbc4900000,0x000000bbc4a00000)]
  0x0000022a0708e000 JavaThread "Unconstrained build operations" [_thread_blocked, id=24256, stack(0x000000bbc4a00000,0x000000bbc4b00000)]
  0x0000022a0708f800 JavaThread "Unconstrained build operations Thread 2" [_thread_blocked, id=26208, stack(0x000000bbc4b00000,0x000000bbc4c00000)]
  0x0000022a0708e800 JavaThread "Unconstrained build operations Thread 3" [_thread_blocked, id=8932, stack(0x000000bbc4c00000,0x000000bbc4d00000)]
  0x0000022a07090800 JavaThread "Unconstrained build operations Thread 4" [_thread_blocked, id=33708, stack(0x000000bbc4d00000,0x000000bbc4e00000)]
  0x0000022a07091000 JavaThread "Unconstrained build operations Thread 5" [_thread_blocked, id=19492, stack(0x000000bbc4e00000,0x000000bbc4f00000)]
  0x0000022a07092000 JavaThread "Unconstrained build operations Thread 6" [_thread_blocked, id=27064, stack(0x000000bbc4f00000,0x000000bbc5000000)]
  0x0000022a0708c000 JavaThread "Unconstrained build operations Thread 7" [_thread_blocked, id=31588, stack(0x000000bbc5000000,0x000000bbc5100000)]
  0x0000022a059a0000 JavaThread "Unconstrained build operations Thread 8" [_thread_blocked, id=34064, stack(0x000000bbc5100000,0x000000bbc5200000)]
  0x0000022a0599e000 JavaThread "Unconstrained build operations Thread 9" [_thread_blocked, id=33588, stack(0x000000bbc5200000,0x000000bbc5300000)]
  0x0000022a059a0800 JavaThread "Unconstrained build operations Thread 10" [_thread_blocked, id=8968, stack(0x000000bbc5300000,0x000000bbc5400000)]
  0x0000022a0599d800 JavaThread "Unconstrained build operations Thread 11" [_thread_blocked, id=14296, stack(0x000000bbc5400000,0x000000bbc5500000)]
  0x0000022a059a1800 JavaThread "Unconstrained build operations Thread 12" [_thread_blocked, id=23640, stack(0x000000bbc5500000,0x000000bbc5600000)]
  0x0000022a0599f000 JavaThread "Unconstrained build operations Thread 13" [_thread_blocked, id=13284, stack(0x000000bbc5600000,0x000000bbc5700000)]
  0x0000022a059a2000 JavaThread "Unconstrained build operations Thread 14" [_thread_blocked, id=26360, stack(0x000000bbc5700000,0x000000bbc5800000)]
  0x0000022a0599c800 JavaThread "Unconstrained build operations Thread 15" [_thread_blocked, id=15844, stack(0x000000bbc5800000,0x000000bbc5900000)]
  0x0000022a059a4800 JavaThread "Unconstrained build operations Thread 16" [_thread_blocked, id=10604, stack(0x000000bbc5900000,0x000000bbc5a00000)]
  0x0000022a059a5800 JavaThread "Unconstrained build operations Thread 17" [_thread_blocked, id=30140, stack(0x000000bbc5a00000,0x000000bbc5b00000)]
  0x0000022a059a7000 JavaThread "Unconstrained build operations Thread 18" [_thread_blocked, id=13484, stack(0x000000bbc5b00000,0x000000bbc5c00000)]
  0x0000022a059a6800 JavaThread "Unconstrained build operations Thread 19" [_thread_blocked, id=6900, stack(0x000000bbc5c00000,0x000000bbc5d00000)]
  0x0000022a059a3000 JavaThread "Unconstrained build operations Thread 20" [_thread_blocked, id=14036, stack(0x000000bbc5d00000,0x000000bbc5e00000)]
  0x0000022a059a8000 JavaThread "Unconstrained build operations Thread 21" [_thread_blocked, id=18352, stack(0x000000bbc5e00000,0x000000bbc5f00000)]
  0x0000022a059a9000 JavaThread "Unconstrained build operations Thread 22" [_thread_blocked, id=6592, stack(0x000000bbc5f00000,0x000000bbc6000000)]
  0x0000022a059a9800 JavaThread "Unconstrained build operations Thread 23" [_thread_blocked, id=624, stack(0x000000bbc6000000,0x000000bbc6100000)]
  0x0000022a059a4000 JavaThread "Unconstrained build operations Thread 24" [_thread_blocked, id=2656, stack(0x000000bbc6100000,0x000000bbc6200000)]
  0x0000022a059aa800 JavaThread "Unconstrained build operations Thread 25" [_thread_blocked, id=17296, stack(0x000000bbc6200000,0x000000bbc6300000)]
  0x0000022a059ab000 JavaThread "Unconstrained build operations Thread 26" [_thread_blocked, id=24932, stack(0x000000bbc6300000,0x000000bbc6400000)]
  0x0000022a06ddd000 JavaThread "Unconstrained build operations Thread 27" [_thread_blocked, id=33140, stack(0x000000bbc6400000,0x000000bbc6500000)]
  0x0000022a06de1800 JavaThread "Unconstrained build operations Thread 28" [_thread_blocked, id=468, stack(0x000000bbc6500000,0x000000bbc6600000)]
  0x0000022a06dde000 JavaThread "Unconstrained build operations Thread 29" [_thread_blocked, id=23316, stack(0x000000bbc6600000,0x000000bbc6700000)]
  0x0000022a06de2000 JavaThread "Unconstrained build operations Thread 30" [_thread_blocked, id=30324, stack(0x000000bbc6700000,0x000000bbc6800000)]
  0x0000022a06ddc800 JavaThread "Unconstrained build operations Thread 31" [_thread_blocked, id=76, stack(0x000000bbc6800000,0x000000bbc6900000)]
  0x0000022a06de4800 JavaThread "Unconstrained build operations Thread 32" [_thread_blocked, id=28500, stack(0x000000bbc6900000,0x000000bbc6a00000)]
  0x0000022a06de3800 JavaThread "Unconstrained build operations Thread 33" [_thread_blocked, id=13596, stack(0x000000bbc6a00000,0x000000bbc6b00000)]
  0x0000022a06ddf000 JavaThread "Unconstrained build operations Thread 34" [_thread_blocked, id=1584, stack(0x000000bbc6b00000,0x000000bbc6c00000)]
  0x0000022a06de5800 JavaThread "Unconstrained build operations Thread 35" [_thread_blocked, id=5716, stack(0x000000bbc6c00000,0x000000bbc6d00000)]
  0x0000022a06de3000 JavaThread "Unconstrained build operations Thread 36" [_thread_blocked, id=29356, stack(0x000000bbc6d00000,0x000000bbc6e00000)]
  0x0000022a06ddf800 JavaThread "Unconstrained build operations Thread 37" [_thread_blocked, id=21648, stack(0x000000bbc6e00000,0x000000bbc6f00000)]
  0x0000022a06de6000 JavaThread "Unconstrained build operations Thread 38" [_thread_blocked, id=14300, stack(0x000000bbc6f00000,0x000000bbc7000000)]
  0x0000022a06de0800 JavaThread "Unconstrained build operations Thread 39" [_thread_blocked, id=28876, stack(0x000000bbc7000000,0x000000bbc7100000)]
  0x0000022a06deb000 JavaThread "Unconstrained build operations Thread 40" [_thread_blocked, id=32644, stack(0x000000bbc7100000,0x000000bbc7200000)]
  0x0000022a06de9800 JavaThread "Unconstrained build operations Thread 41" [_thread_blocked, id=9280, stack(0x000000bbc7200000,0x000000bbc7300000)]
  0x0000022a06de7000 JavaThread "Unconstrained build operations Thread 42" [_thread_blocked, id=29896, stack(0x000000bbc7300000,0x000000bbc7400000)]
  0x0000022a06dea800 JavaThread "Unconstrained build operations Thread 43" [_thread_blocked, id=27164, stack(0x000000bbc7400000,0x000000bbc7500000)]
  0x0000022a06de8000 JavaThread "Unconstrained build operations Thread 44" [_thread_blocked, id=34128, stack(0x000000bbc7500000,0x000000bbc7600000)]
  0x0000022a06de8800 JavaThread "Unconstrained build operations Thread 45" [_thread_blocked, id=3104, stack(0x000000bbc7600000,0x000000bbc7700000)]
  0x0000022a0a904800 JavaThread "Unconstrained build operations Thread 46" [_thread_blocked, id=10244, stack(0x000000bbc7700000,0x000000bbc7800000)]
  0x0000022a0a907800 JavaThread "Unconstrained build operations Thread 47" [_thread_blocked, id=12696, stack(0x000000bbc7800000,0x000000bbc7900000)]
  0x0000022a0a905000 JavaThread "Unconstrained build operations Thread 48" [_thread_blocked, id=10348, stack(0x000000bbc7900000,0x000000bbc7a00000)]
  0x0000022a0a908800 JavaThread "Unconstrained build operations Thread 49" [_thread_blocked, id=34224, stack(0x000000bbc7a00000,0x000000bbc7b00000)]
  0x0000022a0a909000 JavaThread "Unconstrained build operations Thread 50" [_thread_blocked, id=9856, stack(0x000000bbc7b00000,0x000000bbc7c00000)]
  0x0000022a0a903800 JavaThread "Unconstrained build operations Thread 51" [_thread_blocked, id=2536, stack(0x000000bbc7c00000,0x000000bbc7d00000)]
  0x0000022a0a90a000 JavaThread "Unconstrained build operations Thread 52" [_thread_blocked, id=31332, stack(0x000000bbc7d00000,0x000000bbc7e00000)]
  0x0000022a0a90b000 JavaThread "Unconstrained build operations Thread 53" [_thread_blocked, id=34616, stack(0x000000bbc7e00000,0x000000bbc7f00000)]
  0x0000022a0a90b800 JavaThread "Unconstrained build operations Thread 54" [_thread_blocked, id=11828, stack(0x000000bbc7f00000,0x000000bbc8000000)]
  0x0000022a0a906000 JavaThread "Unconstrained build operations Thread 55" [_thread_blocked, id=17464, stack(0x000000bbc8000000,0x000000bbc8100000)]
  0x0000022a0a90c800 JavaThread "Unconstrained build operations Thread 56" [_thread_blocked, id=25044, stack(0x000000bbc8100000,0x000000bbc8200000)]
  0x0000022a0a907000 JavaThread "Unconstrained build operations Thread 57" [_thread_blocked, id=1192, stack(0x000000bbc8200000,0x000000bbc8300000)]
  0x0000022a0a90e000 JavaThread "Unconstrained build operations Thread 58" [_thread_blocked, id=33636, stack(0x000000bbc8300000,0x000000bbc8400000)]
  0x0000022a0a912000 JavaThread "Unconstrained build operations Thread 59" [_thread_blocked, id=17288, stack(0x000000bbc8400000,0x000000bbc8500000)]
  0x0000022a0a910000 JavaThread "Unconstrained build operations Thread 60" [_thread_blocked, id=17348, stack(0x000000bbc8500000,0x000000bbc8600000)]
  0x0000022a0a911800 JavaThread "Unconstrained build operations Thread 61" [_thread_blocked, id=27232, stack(0x000000bbc8600000,0x000000bbc8700000)]
  0x0000022a0a90d800 JavaThread "Unconstrained build operations Thread 62" [_thread_blocked, id=22832, stack(0x000000bbc8700000,0x000000bbc8800000)]
  0x0000022a0a90f000 JavaThread "Unconstrained build operations Thread 63" [_thread_blocked, id=13140, stack(0x000000bbc8800000,0x000000bbc8900000)]
  0x0000022a0a910800 JavaThread "Unconstrained build operations Thread 64" [_thread_blocked, id=34432, stack(0x000000bbc8900000,0x000000bbc8a00000)]
  0x0000022a075a2000 JavaThread "Unconstrained build operations Thread 65" [_thread_blocked, id=23744, stack(0x000000bbc8a00000,0x000000bbc8b00000)]
  0x0000022a075a1000 JavaThread "Unconstrained build operations Thread 66" [_thread_blocked, id=6468, stack(0x000000bbc8b00000,0x000000bbc8c00000)]
  0x0000022a0759e800 JavaThread "Unconstrained build operations Thread 67" [_thread_blocked, id=34752, stack(0x000000bbc8c00000,0x000000bbc8d00000)]
  0x0000022a075a5000 JavaThread "Unconstrained build operations Thread 68" [_thread_blocked, id=31280, stack(0x000000bbc8d00000,0x000000bbc8e00000)]
  0x0000022a075a2800 JavaThread "Unconstrained build operations Thread 69" [_thread_blocked, id=14716, stack(0x000000bbc8e00000,0x000000bbc8f00000)]
  0x0000022a075a3800 JavaThread "Unconstrained build operations Thread 70" [_thread_blocked, id=656, stack(0x000000bbc8f00000,0x000000bbc9000000)]
  0x0000022a075a4800 JavaThread "Unconstrained build operations Thread 71" [_thread_blocked, id=33600, stack(0x000000bbc9000000,0x000000bbc9100000)]
  0x0000022a0759f800 JavaThread "Unconstrained build operations Thread 72" [_thread_blocked, id=32916, stack(0x000000bbc9100000,0x000000bbc9200000)]
  0x0000022a075a6000 JavaThread "Unconstrained build operations Thread 73" [_thread_blocked, id=4384, stack(0x000000bbc9200000,0x000000bbc9300000)]
  0x0000022a075a0800 JavaThread "Unconstrained build operations Thread 74" [_thread_blocked, id=28320, stack(0x000000bbc9300000,0x000000bbc9400000)]
  0x0000022a075ab800 JavaThread "Unconstrained build operations Thread 75" [_thread_blocked, id=20792, stack(0x000000bbc9400000,0x000000bbc9500000)]
  0x0000022a075ac800 JavaThread "Unconstrained build operations Thread 76" [_thread_blocked, id=10440, stack(0x000000bbc9500000,0x000000bbc9600000)]
  0x0000022a075a7000 JavaThread "Unconstrained build operations Thread 77" [_thread_blocked, id=1740, stack(0x000000bbc9600000,0x000000bbc9700000)]
  0x0000022a075aa000 JavaThread "Unconstrained build operations Thread 78" [_thread_blocked, id=26928, stack(0x000000bbc9700000,0x000000bbc9800000)]
  0x0000022a075ad800 JavaThread "Unconstrained build operations Thread 79" [_thread_blocked, id=12200, stack(0x000000bbc9800000,0x000000bbc9900000)]
  0x0000022a075a7800 JavaThread "Unconstrained build operations Thread 80" [_thread_blocked, id=24468, stack(0x000000bbc9900000,0x000000bbc9a00000)]
  0x0000022a075a9800 JavaThread "jar transforms Thread 4" [_thread_blocked, id=9188, stack(0x000000bbc9a00000,0x000000bbc9b00000)]
  0x0000022a075a8800 JavaThread "jar transforms Thread 5" [_thread_blocked, id=22416, stack(0x000000bbc9b00000,0x000000bbc9c00000)]
  0x0000022a075ab000 JavaThread "jar transforms Thread 6" [_thread_blocked, id=34696, stack(0x000000bbc9c00000,0x000000bbc9d00000)]
  0x0000022a07420000 JavaThread "jar transforms Thread 7" [_thread_blocked, id=24824, stack(0x000000bbc9d00000,0x000000bbc9e00000)]
  0x0000022a0741f800 JavaThread "jar transforms Thread 8" [_thread_blocked, id=6736, stack(0x000000bbc9e00000,0x000000bbc9f00000)]
  0x0000022a0710d000 JavaThread "C2 CompilerThread1" daemon [_thread_blocked, id=33304, stack(0x000000bbc4300000,0x000000bbc4400000)]
  0x0000022a07426800 JavaThread "Memory manager" [_thread_blocked, id=16228, stack(0x000000bbc9f00000,0x000000bbca000000)]
  0x0000022a07421000 JavaThread "build event listener" [_thread_blocked, id=34112, stack(0x000000bbca000000,0x000000bbca100000)]
  0x0000022a07424000 JavaThread "Execution worker for ':'" [_thread_blocked, id=32740, stack(0x000000bbca100000,0x000000bbca200000)]
  0x0000022a07422800 JavaThread "Execution worker for ':' Thread 2" [_thread_blocked, id=21140, stack(0x000000bbca200000,0x000000bbca300000)]
  0x0000022a07425000 JavaThread "Execution worker for ':' Thread 3" [_thread_blocked, id=18228, stack(0x000000bbca300000,0x000000bbca400000)]
  0x0000022a07421800 JavaThread "Execution worker for ':' Thread 4" [_thread_blocked, id=12428, stack(0x000000bbca400000,0x000000bbca500000)]
  0x0000022a0742a800 JavaThread "Execution worker for ':' Thread 5" [_thread_blocked, id=11320, stack(0x000000bbca500000,0x000000bbca600000)]
  0x0000022a07429000 JavaThread "Execution worker for ':' Thread 6" [_thread_blocked, id=14920, stack(0x000000bbca600000,0x000000bbca700000)]
  0x0000022a0742b800 JavaThread "Execution worker for ':' Thread 7" [_thread_blocked, id=22088, stack(0x000000bbca700000,0x000000bbca800000)]
  0x0000022a07426000 JavaThread "Cache worker for execution history cache (C:\Users\User\AndroidStudioProjects\DemoWeather\.gradle\7.2\executionHistory)" [_thread_blocked, id=1224, stack(0x000000bbca800000,0x000000bbca900000)]
  0x0000022a0742c800 JavaThread "WorkerExecutor Queue" [_thread_blocked, id=3512, stack(0x000000bbca900000,0x000000bbcaa00000)]
  0x0000022a0742a000 JavaThread "WorkerExecutor Queue Thread 2" [_thread_blocked, id=6768, stack(0x000000bbcaa00000,0x000000bbcab00000)]

Other Threads:
=>0x0000022a7ee3f800 VMThread "VM Thread" [stack: 0x000000bbc1c00000,0x000000bbc1d00000] [id=20808]
  0x0000022a7f933800 WatcherThread [stack: 0x000000bbc2600000,0x000000bbc2700000] [id=31864]
  0x0000022a689d6800 GCTaskThread "GC Thread#0" [stack: 0x000000bbc1700000,0x000000bbc1800000] [id=1392]
  0x0000022a04bdc800 GCTaskThread "GC Thread#1" [stack: 0x000000bbc2800000,0x000000bbc2900000] [id=26172]
  0x0000022a0451c000 GCTaskThread "GC Thread#2" [stack: 0x000000bbc2900000,0x000000bbc2a00000] [id=20884]
  0x0000022a05020800 GCTaskThread "GC Thread#3" [stack: 0x000000bbc3300000,0x000000bbc3400000] [id=33516]
  0x0000022a05c22800 GCTaskThread "GC Thread#4" [stack: 0x000000bbc3400000,0x000000bbc3500000] [id=29856]
  0x0000022a04f09800 GCTaskThread "GC Thread#5" [stack: 0x000000bbc3500000,0x000000bbc3600000] [id=11344]
  0x0000022a064ba800 GCTaskThread "GC Thread#6" [stack: 0x000000bbc3600000,0x000000bbc3700000] [id=18084]
  0x0000022a05497800 GCTaskThread "GC Thread#7" [stack: 0x000000bbc3700000,0x000000bbc3800000] [id=12216]
  0x0000022a68a07800 ConcurrentGCThread "G1 Main Marker" [stack: 0x000000bbc1800000,0x000000bbc1900000] [id=26668]
  0x0000022a68a09800 ConcurrentGCThread "G1 Conc#0" [stack: 0x000000bbc1900000,0x000000bbc1a00000] [id=32032]
  0x0000022a067f0000 ConcurrentGCThread "G1 Conc#1" [stack: 0x000000bbc3b00000,0x000000bbc3c00000] [id=12576]
  0x0000022a7ec90800 ConcurrentGCThread "G1 Refine#0" [stack: 0x000000bbc1a00000,0x000000bbc1b00000] [id=14136]
  0x0000022a7ec91000 ConcurrentGCThread "G1 Young RemSet Sampling" [stack: 0x000000bbc1b00000,0x000000bbc1c00000] [id=6688]

Threads with active compile tasks:
C2 CompilerThread0  15815 12464       4       com.android.tools.r8.internal.JY0::a (52 bytes)
C1 CompilerThread0  15815 12527 %     3       com.android.tools.r8.ir.regalloc.b::a @ 1542 (1824 bytes)
C2 CompilerThread1  15815 12529       4       com.android.tools.r8.graph.T0$$Lambda$1549/0x0000000100c28440::apply (8 bytes)

VM state:at safepoint (normal execution)

VM Mutex/Monitor currently owned by a thread:  ([mutex/lock_event])
[0x0000022a689be470] Threads_lock - owner thread: 0x0000022a7ee3f800
[0x0000022a689bc970] Heap_lock - owner thread: 0x0000022a06deb000

Heap address: 0x0000000080000000, size: 2048 MB, Compressed Oops mode: 32-bit
Narrow klass base: 0x0000000000000000, Narrow klass shift: 3
Compressed class space size: 1073741824 Address: 0x0000000100000000

Heap:
 garbage-first heap   total 419840K, used 115782K [0x0000000080000000, 0x0000000100000000)
  region size 1024K, 5 young (5120K), 5 survivors (5120K)
 Metaspace       used 99122K, capacity 101669K, committed 101964K, reserved 1136640K
  class space    used 13091K, capacity 14109K, committed 14156K, reserved 1048576K
Heap Regions: E=young(eden), S=young(survivor), O=old, HS=humongous(starts), HC=humongous(continues), CS=collection set, F=free, A=archive, TAMS=top-at-mark-start (previous, next)
|   0|0x0000000080000000, 0x0000000080100000, 0x0000000080100000|100%| O|  |TAMS 0x0000000080100000, 0x0000000080000000| Untracked 
|   1|0x0000000080100000, 0x0000000080200000, 0x0000000080200000|100%| O|  |TAMS 0x0000000080200000, 0x0000000080100000| Untracked 
|   2|0x0000000080200000, 0x0000000080300000, 0x0000000080300000|100%| O|  |TAMS 0x0000000080300000, 0x0000000080200000| Untracked 
|   3|0x0000000080300000, 0x0000000080400000, 0x0000000080400000|100%|HS|  |TAMS 0x0000000080400000, 0x0000000080300000| Complete 
|   4|0x0000000080400000, 0x0000000080500000, 0x0000000080500000|100%|HC|  |TAMS 0x0000000080500000, 0x0000000080400000| Complete 
|   5|0x0000000080500000, 0x0000000080600000, 0x0000000080600000|100%|HC|  |TAMS 0x0000000080600000, 0x0000000080500000| Complete 
|   6|0x0000000080600000, 0x0000000080700000, 0x0000000080700000|100%| O|  |TAMS 0x0000000080700000, 0x0000000080600000| Untracked 
|   7|0x0000000080700000, 0x0000000080800000, 0x0000000080800000|100%| O|  |TAMS 0x0000000080800000, 0x0000000080700000| Untracked 
|   8|0x0000000080800000, 0x0000000080900000, 0x0000000080900000|100%| O|  |TAMS 0x0000000080900000, 0x0000000080800000| Untracked 
|   9|0x0000000080900000, 0x0000000080a00000, 0x0000000080a00000|100%| O|  |TAMS 0x0000000080a00000, 0x0000000080900000| Untracked 
|  10|0x0000000080a00000, 0x0000000080b00000, 0x0000000080b00000|100%| O|  |TAMS 0x0000000080b00000, 0x0000000080a00000| Untracked 
|  11|0x0000000080b00000, 0x0000000080c00000, 0x0000000080c00000|100%| O|  |TAMS 0x0000000080c00000, 0x0000000080b00000| Untracked 
|  12|0x0000000080c00000, 0x0000000080d00000, 0x0000000080d00000|100%| O|  |TAMS 0x0000000080d00000, 0x0000000080c00000| Untracked 
|  13|0x0000000080d00000, 0x0000000080e00000, 0x0000000080e00000|100%| O|  |TAMS 0x0000000080e00000, 0x0000000080d00000| Untracked 
|  14|0x0000000080e00000, 0x0000000080f00000, 0x0000000080f00000|100%| O|  |TAMS 0x0000000080f00000, 0x0000000080e00000| Untracked 
|  15|0x0000000080f00000, 0x0000000081000000, 0x0000000081000000|100%| O|  |TAMS 0x0000000081000000, 0x0000000080f00000| Untracked 
|  16|0x0000000081000000, 0x0000000081100000, 0x0000000081100000|100%|HS|  |TAMS 0x0000000081100000, 0x0000000081000000| Complete 
|  17|0x0000000081100000, 0x0000000081200000, 0x0000000081200000|100%| O|  |TAMS 0x0000000081200000, 0x0000000081100000| Untracked 
|  18|0x0000000081200000, 0x0000000081300000, 0x0000000081300000|100%| O|  |TAMS 0x0000000081300000, 0x0000000081200000| Untracked 
|  19|0x0000000081300000, 0x0000000081400000, 0x0000000081400000|100%| O|  |TAMS 0x0000000081400000, 0x0000000081300000| Untracked 
|  20|0x0000000081400000, 0x0000000081500000, 0x0000000081500000|100%| O|  |TAMS 0x0000000081500000, 0x0000000081400000| Untracked 
|  21|0x0000000081500000, 0x0000000081600000, 0x0000000081600000|100%| O|  |TAMS 0x0000000081600000, 0x0000000081500000| Untracked 
|  22|0x0000000081600000, 0x0000000081700000, 0x0000000081700000|100%| O|  |TAMS 0x0000000081700000, 0x0000000081600000| Untracked 
|  23|0x0000000081700000, 0x0000000081800000, 0x0000000081800000|100%| O|  |TAMS 0x0000000081800000, 0x0000000081700000| Untracked 
|  24|0x0000000081800000, 0x0000000081900000, 0x0000000081900000|100%| O|  |TAMS 0x0000000081900000, 0x0000000081800000| Untracked 
|  25|0x0000000081900000, 0x0000000081a00000, 0x0000000081a00000|100%| O|  |TAMS 0x0000000081a00000, 0x0000000081900000| Untracked 
|  26|0x0000000081a00000, 0x0000000081b00000, 0x0000000081b00000|100%| O|  |TAMS 0x0000000081b00000, 0x0000000081a00000| Untracked 
|  27|0x0000000081b00000, 0x0000000081c00000, 0x0000000081c00000|100%| O|  |TAMS 0x0000000081c00000, 0x0000000081b00000| Untracked 
|  28|0x0000000081c00000, 0x0000000081d00000, 0x0000000081d00000|100%|HS|  |TAMS 0x0000000081d00000, 0x0000000081c00000| Complete 
|  29|0x0000000081d00000, 0x0000000081e00000, 0x0000000081e00000|100%|HS|  |TAMS 0x0000000081e00000, 0x0000000081d00000| Complete 
|  30|0x0000000081e00000, 0x0000000081f00000, 0x0000000081f00000|100%|HS|  |TAMS 0x0000000081f00000, 0x0000000081e00000| Complete 
|  31|0x0000000081f00000, 0x0000000082000000, 0x0000000082000000|100%|HC|  |TAMS 0x0000000082000000, 0x0000000081f00000| Complete 
|  32|0x0000000082000000, 0x0000000082100000, 0x0000000082100000|100%| O|  |TAMS 0x0000000082100000, 0x0000000082000000| Untracked 
|  33|0x0000000082100000, 0x0000000082200000, 0x0000000082200000|100%| O|  |TAMS 0x0000000082200000, 0x0000000082100000| Untracked 
|  34|0x0000000082200000, 0x0000000082300000, 0x0000000082300000|100%| O|  |TAMS 0x0000000082300000, 0x0000000082200000| Untracked 
|  35|0x0000000082300000, 0x0000000082400000, 0x0000000082400000|100%| O|  |TAMS 0x0000000082400000, 0x0000000082300000| Untracked 
|  36|0x0000000082400000, 0x0000000082500000, 0x0000000082500000|100%| O|  |TAMS 0x0000000082500000, 0x0000000082400000| Untracked 
|  37|0x0000000082500000, 0x0000000082600000, 0x0000000082600000|100%| O|  |TAMS 0x0000000082600000, 0x0000000082500000| Untracked 
|  38|0x0000000082600000, 0x0000000082700000, 0x0000000082700000|100%| O|  |TAMS 0x0000000082700000, 0x0000000082600000| Untracked 
|  39|0x0000000082700000, 0x0000000082800000, 0x0000000082800000|100%| O|  |TAMS 0x0000000082800000, 0x0000000082700000| Untracked 
|  40|0x0000000082800000, 0x0000000082900000, 0x0000000082900000|100%| O|  |TAMS 0x0000000082900000, 0x0000000082800000| Untracked 
|  41|0x0000000082900000, 0x0000000082a00000, 0x0000000082a00000|100%| O|  |TAMS 0x0000000082a00000, 0x0000000082900000| Untracked 
|  42|0x0000000082a00000, 0x0000000082b00000, 0x0000000082b00000|100%| O|  |TAMS 0x0000000082b00000, 0x0000000082a00000| Untracked 
|  43|0x0000000082b00000, 0x0000000082c00000, 0x0000000082c00000|100%| O|  |TAMS 0x0000000082c00000, 0x0000000082b00000| Untracked 
|  44|0x0000000082c00000, 0x0000000082d00000, 0x0000000082d00000|100%| O|  |TAMS 0x0000000082d00000, 0x0000000082c00000| Untracked 
|  45|0x0000000082d00000, 0x0000000082e00000, 0x0000000082e00000|100%| O|  |TAMS 0x0000000082e00000, 0x0000000082d00000| Untracked 
|  46|0x0000000082e00000, 0x0000000082f00000, 0x0000000082f00000|100%| O|  |TAMS 0x0000000082f00000, 0x0000000082e00000| Untracked 
|  47|0x0000000082f00000, 0x0000000083000000, 0x0000000083000000|100%| O|  |TAMS 0x0000000083000000, 0x0000000082f00000| Untracked 
|  48|0x0000000083000000, 0x0000000083100000, 0x0000000083100000|100%| O|  |TAMS 0x0000000083100000, 0x0000000083000000| Untracked 
|  49|0x0000000083100000, 0x0000000083200000, 0x0000000083200000|100%| O|  |TAMS 0x0000000083200000, 0x0000000083100000| Untracked 
|  50|0x0000000083200000, 0x0000000083300000, 0x0000000083300000|100%| O|  |TAMS 0x0000000083300000, 0x0000000083200000| Untracked 
|  51|0x0000000083300000, 0x0000000083400000, 0x0000000083400000|100%| O|  |TAMS 0x0000000083400000, 0x0000000083300000| Untracked 
|  52|0x0000000083400000, 0x0000000083500000, 0x0000000083500000|100%| O|  |TAMS 0x0000000083500000, 0x0000000083400000| Untracked 
|  53|0x0000000083500000, 0x0000000083600000, 0x0000000083600000|100%| O|  |TAMS 0x0000000083600000, 0x0000000083500000| Untracked 
|  54|0x0000000083600000, 0x0000000083700000, 0x0000000083700000|100%| O|  |TAMS 0x0000000083700000, 0x0000000083600000| Untracked 
|  55|0x0000000083700000, 0x0000000083800000, 0x0000000083800000|100%| O|  |TAMS 0x0000000083800000, 0x0000000083700000| Untracked 
|  56|0x0000000083800000, 0x0000000083900000, 0x0000000083900000|100%| O|  |TAMS 0x0000000083900000, 0x0000000083800000| Untracked 
|  57|0x0000000083900000, 0x0000000083a00000, 0x0000000083a00000|100%| O|  |TAMS 0x0000000083a00000, 0x0000000083900000| Untracked 
|  58|0x0000000083a00000, 0x0000000083b00000, 0x0000000083b00000|100%| O|  |TAMS 0x0000000083b00000, 0x0000000083a00000| Untracked 
|  59|0x0000000083b00000, 0x0000000083c00000, 0x0000000083c00000|100%| O|  |TAMS 0x0000000083c00000, 0x0000000083b00000| Untracked 
|  60|0x0000000083c00000, 0x0000000083d00000, 0x0000000083d00000|100%| O|  |TAMS 0x0000000083d00000, 0x0000000083c00000| Untracked 
|  61|0x0000000083d00000, 0x0000000083e00000, 0x0000000083e00000|100%| O|  |TAMS 0x0000000083e00000, 0x0000000083d00000| Untracked 
|  62|0x0000000083e00000, 0x0000000083f00000, 0x0000000083f00000|100%| O|  |TAMS 0x0000000083f00000, 0x0000000083e00000| Untracked 
|  63|0x0000000083f00000, 0x0000000084000000, 0x0000000084000000|100%| O|  |TAMS 0x0000000084000000, 0x0000000083f00000| Untracked 
|  64|0x0000000084000000, 0x0000000084100000, 0x0000000084100000|100%| O|  |TAMS 0x0000000084100000, 0x0000000084000000| Untracked 
|  65|0x0000000084100000, 0x0000000084200000, 0x0000000084200000|100%| O|  |TAMS 0x0000000084200000, 0x0000000084100000| Untracked 
|  66|0x0000000084200000, 0x0000000084300000, 0x0000000084300000|100%| O|  |TAMS 0x0000000084300000, 0x0000000084200000| Untracked 
|  67|0x0000000084300000, 0x0000000084400000, 0x0000000084400000|100%| O|  |TAMS 0x0000000084400000, 0x0000000084300000| Untracked 
|  68|0x0000000084400000, 0x0000000084500000, 0x0000000084500000|100%| O|  |TAMS 0x0000000084500000, 0x0000000084400000| Untracked 
|  69|0x0000000084500000, 0x0000000084600000, 0x0000000084600000|100%| O|  |TAMS 0x0000000084600000, 0x0000000084500000| Untracked 
|  70|0x0000000084600000, 0x0000000084700000, 0x0000000084700000|100%| O|  |TAMS 0x0000000084700000, 0x0000000084600000| Untracked 
|  71|0x0000000084700000, 0x0000000084800000, 0x0000000084800000|100%| O|  |TAMS 0x0000000084800000, 0x0000000084700000| Untracked 
|  72|0x0000000084800000, 0x0000000084900000, 0x0000000084900000|100%| O|  |TAMS 0x0000000084900000, 0x0000000084800000| Untracked 
|  73|0x0000000084900000, 0x0000000084a00000, 0x0000000084a00000|100%| O|  |TAMS 0x0000000084a00000, 0x0000000084900000| Untracked 
|  74|0x0000000084a00000, 0x0000000084b00000, 0x0000000084b00000|100%| O|  |TAMS 0x0000000084b00000, 0x0000000084a00000| Untracked 
|  75|0x0000000084b00000, 0x0000000084c00000, 0x0000000084c00000|100%| O|  |TAMS 0x0000000084c00000, 0x0000000084b00000| Untracked 
|  76|0x0000000084c00000, 0x0000000084d00000, 0x0000000084d00000|100%| O|  |TAMS 0x0000000084d00000, 0x0000000084c00000| Untracked 
|  77|0x0000000084d00000, 0x0000000084e00000, 0x0000000084e00000|100%| O|  |TAMS 0x0000000084e00000, 0x0000000084d00000| Untracked 
|  78|0x0000000084e00000, 0x0000000084f00000, 0x0000000084f00000|100%| O|  |TAMS 0x0000000084f00000, 0x0000000084e00000| Untracked 
|  79|0x0000000084f00000, 0x0000000085000000, 0x0000000085000000|100%| O|  |TAMS 0x0000000085000000, 0x0000000084f00000| Untracked 
|  80|0x0000000085000000, 0x0000000085100000, 0x0000000085100000|100%| O|  |TAMS 0x0000000085100000, 0x0000000085000000| Untracked 
|  81|0x0000000085100000, 0x0000000085200000, 0x0000000085200000|100%| O|  |TAMS 0x0000000085200000, 0x0000000085100000| Untracked 
|  82|0x0000000085200000, 0x0000000085300000, 0x0000000085300000|100%| O|  |TAMS 0x0000000085300000, 0x0000000085200000| Untracked 
|  83|0x0000000085300000, 0x0000000085400000, 0x0000000085400000|100%| O|  |TAMS 0x0000000085400000, 0x0000000085300000| Untracked 
|  84|0x0000000085400000, 0x0000000085500000, 0x0000000085500000|100%| O|  |TAMS 0x0000000085500000, 0x0000000085400000| Untracked 
|  85|0x0000000085500000, 0x0000000085600000, 0x0000000085600000|100%| O|  |TAMS 0x0000000085600000, 0x0000000085500000| Untracked 
|  86|0x0000000085600000, 0x0000000085700000, 0x0000000085700000|100%| O|  |TAMS 0x0000000085700000, 0x0000000085600000| Untracked 
|  87|0x0000000085700000, 0x0000000085800000, 0x0000000085800000|100%| O|  |TAMS 0x0000000085800000, 0x0000000085700000| Untracked 
|  88|0x0000000085800000, 0x0000000085900000, 0x0000000085900000|100%| O|  |TAMS 0x0000000085900000, 0x0000000085800000| Untracked 
|  89|0x0000000085900000, 0x0000000085a00000, 0x0000000085a00000|100%| O|  |TAMS 0x0000000085a00000, 0x0000000085900000| Untracked 
|  90|0x0000000085a00000, 0x0000000085b00000, 0x0000000085b00000|100%| O|  |TAMS 0x0000000085b00000, 0x0000000085a00000| Untracked 
|  91|0x0000000085b00000, 0x0000000085c00000, 0x0000000085c00000|100%| O|  |TAMS 0x0000000085c00000, 0x0000000085b00000| Untracked 
|  92|0x0000000085c00000, 0x0000000085d00000, 0x0000000085d00000|100%| O|  |TAMS 0x0000000085d00000, 0x0000000085c00000| Untracked 
|  93|0x0000000085d00000, 0x0000000085e00000, 0x0000000085e00000|100%| O|  |TAMS 0x0000000085e00000, 0x0000000085d00000| Untracked 
|  94|0x0000000085e00000, 0x0000000085f00000, 0x0000000085f00000|100%| O|  |TAMS 0x0000000085f00000, 0x0000000085e00000| Untracked 
|  95|0x0000000085f00000, 0x0000000086000000, 0x0000000086000000|100%| O|  |TAMS 0x0000000086000000, 0x0000000085f00000| Untracked 
|  96|0x0000000086000000, 0x0000000086100000, 0x0000000086100000|100%| O|  |TAMS 0x0000000086100000, 0x0000000086000000| Untracked 
|  97|0x0000000086100000, 0x0000000086200000, 0x0000000086200000|100%| O|  |TAMS 0x0000000086200000, 0x0000000086100000| Untracked 
|  98|0x0000000086200000, 0x0000000086300000, 0x0000000086300000|100%| O|  |TAMS 0x0000000086300000, 0x0000000086200000| Untracked 
|  99|0x0000000086300000, 0x0000000086400000, 0x0000000086400000|100%| O|  |TAMS 0x0000000086400000, 0x0000000086300000| Untracked 
| 100|0x0000000086400000, 0x0000000086500000, 0x0000000086500000|100%| O|  |TAMS 0x0000000086500000, 0x0000000086400000| Untracked 
| 101|0x0000000086500000, 0x0000000086600000, 0x0000000086600000|100%| O|  |TAMS 0x0000000086600000, 0x0000000086500000| Untracked 
| 102|0x0000000086600000, 0x0000000086700000, 0x0000000086700000|100%| O|  |TAMS 0x0000000086700000, 0x0000000086600000| Untracked 
| 103|0x0000000086700000, 0x0000000086800000, 0x0000000086800000|100%| O|  |TAMS 0x0000000086800000, 0x0000000086700000| Untracked 
| 104|0x0000000086800000, 0x0000000086900000, 0x0000000086900000|100%| O|  |TAMS 0x0000000086900000, 0x0000000086800000| Untracked 
| 105|0x0000000086900000, 0x0000000086a00000, 0x0000000086a00000|100%| O|  |TAMS 0x0000000086a00000, 0x0000000086900000| Untracked 
| 106|0x0000000086a00000, 0x0000000086b00000, 0x0000000086b00000|100%| O|  |TAMS 0x0000000086b00000, 0x0000000086a00000| Untracked 
| 107|0x0000000086b00000, 0x0000000086c00000, 0x0000000086c00000|100%| O|  |TAMS 0x0000000086c00000, 0x0000000086b00000| Untracked 
| 108|0x0000000086c00000, 0x0000000086cd9800, 0x0000000086d00000| 84%| O|  |TAMS 0x0000000086cd9800, 0x0000000086c00000| Untracked 
| 109|0x0000000086d00000, 0x0000000086d00000, 0x0000000086e00000|  0%| F|  |TAMS 0x0000000086d00000, 0x0000000086d00000| Untracked 
| 110|0x0000000086e00000, 0x0000000086e00000, 0x0000000086f00000|  0%| F|  |TAMS 0x0000000086e00000, 0x0000000086e00000| Untracked 
| 111|0x0000000086f00000, 0x0000000086f00000, 0x0000000087000000|  0%| F|  |TAMS 0x0000000086f00000, 0x0000000086f00000| Untracked 
| 112|0x0000000087000000, 0x0000000087000000, 0x0000000087100000|  0%| F|  |TAMS 0x0000000087000000, 0x0000000087000000| Untracked 
| 113|0x0000000087100000, 0x0000000087100000, 0x0000000087200000|  0%| F|  |TAMS 0x0000000087100000, 0x0000000087100000| Untracked 
| 114|0x0000000087200000, 0x0000000087200000, 0x0000000087300000|  0%| F|  |TAMS 0x0000000087200000, 0x0000000087200000| Untracked 
| 115|0x0000000087300000, 0x0000000087300000, 0x0000000087400000|  0%| F|  |TAMS 0x0000000087300000, 0x0000000087300000| Untracked 
| 116|0x0000000087400000, 0x0000000087400000, 0x0000000087500000|  0%| F|  |TAMS 0x0000000087400000, 0x0000000087400000| Untracked 
| 117|0x0000000087500000, 0x0000000087500000, 0x0000000087600000|  0%| F|  |TAMS 0x0000000087500000, 0x0000000087500000| Untracked 
| 118|0x0000000087600000, 0x0000000087600000, 0x0000000087700000|  0%| F|  |TAMS 0x0000000087600000, 0x0000000087600000| Untracked 
| 119|0x0000000087700000, 0x0000000087700000, 0x0000000087800000|  0%| F|  |TAMS 0x0000000087700000, 0x0000000087700000| Untracked 
| 120|0x0000000087800000, 0x0000000087800000, 0x0000000087900000|  0%| F|  |TAMS 0x0000000087800000, 0x0000000087800000| Untracked 
| 121|0x0000000087900000, 0x0000000087900000, 0x0000000087a00000|  0%| F|  |TAMS 0x0000000087900000, 0x0000000087900000| Untracked 
| 122|0x0000000087a00000, 0x0000000087a00000, 0x0000000087b00000|  0%| F|  |TAMS 0x0000000087a00000, 0x0000000087a00000| Untracked 
| 123|0x0000000087b00000, 0x0000000087b00000, 0x0000000087c00000|  0%| F|  |TAMS 0x0000000087b00000, 0x0000000087b00000| Untracked 
| 124|0x0000000087c00000, 0x0000000087c00000, 0x0000000087d00000|  0%| F|  |TAMS 0x0000000087c00000, 0x0000000087c00000| Untracked 
| 125|0x0000000087d00000, 0x0000000087d00000, 0x0000000087e00000|  0%| F|  |TAMS 0x0000000087d00000, 0x0000000087d00000| Untracked 
| 126|0x0000000087e00000, 0x0000000087e00000, 0x0000000087f00000|  0%| F|  |TAMS 0x0000000087e00000, 0x0000000087e00000| Untracked 
| 127|0x0000000087f00000, 0x0000000087f00000, 0x0000000088000000|  0%| F|  |TAMS 0x0000000087f00000, 0x0000000087f00000| Untracked 
| 128|0x0000000088000000, 0x0000000088000000, 0x0000000088100000|  0%| F|  |TAMS 0x0000000088000000, 0x0000000088000000| Untracked 
| 129|0x0000000088100000, 0x0000000088100000, 0x0000000088200000|  0%| F|  |TAMS 0x0000000088100000, 0x0000000088100000| Untracked 
| 130|0x0000000088200000, 0x0000000088200000, 0x0000000088300000|  0%| F|  |TAMS 0x0000000088200000, 0x0000000088200000| Untracked 
| 131|0x0000000088300000, 0x0000000088300000, 0x0000000088400000|  0%| F|  |TAMS 0x0000000088300000, 0x0000000088300000| Untracked 
| 132|0x0000000088400000, 0x0000000088400000, 0x0000000088500000|  0%| F|  |TAMS 0x0000000088400000, 0x0000000088400000| Untracked 
| 133|0x0000000088500000, 0x0000000088500000, 0x0000000088600000|  0%| F|  |TAMS 0x0000000088500000, 0x0000000088500000| Untracked 
| 134|0x0000000088600000, 0x0000000088600000, 0x0000000088700000|  0%| F|  |TAMS 0x0000000088600000, 0x0000000088600000| Untracked 
| 135|0x0000000088700000, 0x0000000088700000, 0x0000000088800000|  0%| F|  |TAMS 0x0000000088700000, 0x0000000088700000| Untracked 
| 136|0x0000000088800000, 0x0000000088800000, 0x0000000088900000|  0%| F|  |TAMS 0x0000000088800000, 0x0000000088800000| Untracked 
| 137|0x0000000088900000, 0x0000000088900000, 0x0000000088a00000|  0%| F|  |TAMS 0x0000000088900000, 0x0000000088900000| Untracked 
| 138|0x0000000088a00000, 0x0000000088a00000, 0x0000000088b00000|  0%| F|  |TAMS 0x0000000088a00000, 0x0000000088a00000| Untracked 
| 139|0x0000000088b00000, 0x0000000088b00000, 0x0000000088c00000|  0%| F|  |TAMS 0x0000000088b00000, 0x0000000088b00000| Untracked 
| 140|0x0000000088c00000, 0x0000000088c00000, 0x0000000088d00000|  0%| F|  |TAMS 0x0000000088c00000, 0x0000000088c00000| Untracked 
| 141|0x0000000088d00000, 0x0000000088d00000, 0x0000000088e00000|  0%| F|  |TAMS 0x0000000088d00000, 0x0000000088d00000| Untracked 
| 142|0x0000000088e00000, 0x0000000088e00000, 0x0000000088f00000|  0%| F|  |TAMS 0x0000000088e00000, 0x0000000088e00000| Untracked 
| 143|0x0000000088f00000, 0x0000000088f00000, 0x0000000089000000|  0%| F|  |TAMS 0x0000000088f00000, 0x0000000088f00000| Untracked 
| 144|0x0000000089000000, 0x0000000089000000, 0x0000000089100000|  0%| F|  |TAMS 0x0000000089000000, 0x0000000089000000| Untracked 
| 145|0x0000000089100000, 0x0000000089100000, 0x0000000089200000|  0%| F|  |TAMS 0x0000000089100000, 0x0000000089100000| Untracked 
| 146|0x0000000089200000, 0x0000000089200000, 0x0000000089300000|  0%| F|  |TAMS 0x0000000089200000, 0x0000000089200000| Untracked 
| 147|0x0000000089300000, 0x0000000089300000, 0x0000000089400000|  0%| F|  |TAMS 0x0000000089300000, 0x0000000089300000| Untracked 
| 148|0x0000000089400000, 0x0000000089400000, 0x0000000089500000|  0%| F|  |TAMS 0x0000000089400000, 0x0000000089400000| Untracked 
| 149|0x0000000089500000, 0x0000000089500000, 0x0000000089600000|  0%| F|  |TAMS 0x0000000089500000, 0x0000000089500000| Untracked 
| 150|0x0000000089600000, 0x0000000089600000, 0x0000000089700000|  0%| F|  |TAMS 0x0000000089600000, 0x0000000089600000| Untracked 
| 151|0x0000000089700000, 0x0000000089738238, 0x0000000089800000| 21%| S|CS|TAMS 0x0000000089700000, 0x0000000089700000| Complete 
| 152|0x0000000089800000, 0x0000000089900000, 0x0000000089900000|100%| S|CS|TAMS 0x0000000089800000, 0x0000000089800000| Complete 
| 153|0x0000000089900000, 0x0000000089a00000, 0x0000000089a00000|100%| S|CS|TAMS 0x0000000089900000, 0x0000000089900000| Complete 
| 154|0x0000000089a00000, 0x0000000089b00000, 0x0000000089b00000|100%| S|CS|TAMS 0x0000000089a00000, 0x0000000089a00000| Complete 
| 155|0x0000000089b00000, 0x0000000089c00000, 0x0000000089c00000|100%| S|CS|TAMS 0x0000000089b00000, 0x0000000089b00000| Complete 
| 156|0x0000000089c00000, 0x0000000089c00000, 0x0000000089d00000|  0%| F|  |TAMS 0x0000000089c00000, 0x0000000089c00000| Untracked 
| 157|0x0000000089d00000, 0x0000000089d00000, 0x0000000089e00000|  0%| F|  |TAMS 0x0000000089d00000, 0x0000000089d00000| Untracked 
| 158|0x0000000089e00000, 0x0000000089e00000, 0x0000000089f00000|  0%| F|  |TAMS 0x0000000089e00000, 0x0000000089e00000| Untracked 
| 159|0x0000000089f00000, 0x0000000089f00000, 0x000000008a000000|  0%| F|  |TAMS 0x0000000089f00000, 0x0000000089f00000| Untracked 
| 160|0x000000008a000000, 0x000000008a000000, 0x000000008a100000|  0%| F|  |TAMS 0x000000008a000000, 0x000000008a000000| Untracked 
| 161|0x000000008a100000, 0x000000008a100000, 0x000000008a200000|  0%| F|  |TAMS 0x000000008a100000, 0x000000008a100000| Untracked 
| 162|0x000000008a200000, 0x000000008a200000, 0x000000008a300000|  0%| F|  |TAMS 0x000000008a200000, 0x000000008a200000| Untracked 
| 163|0x000000008a300000, 0x000000008a300000, 0x000000008a400000|  0%| F|  |TAMS 0x000000008a300000, 0x000000008a300000| Untracked 
| 164|0x000000008a400000, 0x000000008a400000, 0x000000008a500000|  0%| F|  |TAMS 0x000000008a400000, 0x000000008a400000| Untracked 
| 165|0x000000008a500000, 0x000000008a500000, 0x000000008a600000|  0%| F|  |TAMS 0x000000008a500000, 0x000000008a500000| Untracked 
| 166|0x000000008a600000, 0x000000008a600000, 0x000000008a700000|  0%| F|  |TAMS 0x000000008a600000, 0x000000008a600000| Untracked 
| 167|0x000000008a700000, 0x000000008a700000, 0x000000008a800000|  0%| F|  |TAMS 0x000000008a700000, 0x000000008a700000| Untracked 
| 168|0x000000008a800000, 0x000000008a800000, 0x000000008a900000|  0%| F|  |TAMS 0x000000008a800000, 0x000000008a800000| Untracked 
| 169|0x000000008a900000, 0x000000008a900000, 0x000000008aa00000|  0%| F|  |TAMS 0x000000008a900000, 0x000000008a900000| Untracked 
| 170|0x000000008aa00000, 0x000000008aa00000, 0x000000008ab00000|  0%| F|  |TAMS 0x000000008aa00000, 0x000000008aa00000| Untracked 
| 171|0x000000008ab00000, 0x000000008ab00000, 0x000000008ac00000|  0%| F|  |TAMS 0x000000008ab00000, 0x000000008ab00000| Untracked 
| 172|0x000000008ac00000, 0x000000008ac00000, 0x000000008ad00000|  0%| F|  |TAMS 0x000000008ac00000, 0x000000008ac00000| Untracked 
| 173|0x000000008ad00000, 0x000000008ad00000, 0x000000008ae00000|  0%| F|  |TAMS 0x000000008ad00000, 0x000000008ad00000| Untracked 
| 174|0x000000008ae00000, 0x000000008ae00000, 0x000000008af00000|  0%| F|  |TAMS 0x000000008ae00000, 0x000000008ae00000| Untracked 
| 175|0x000000008af00000, 0x000000008af00000, 0x000000008b000000|  0%| F|  |TAMS 0x000000008af00000, 0x000000008af00000| Untracked 
| 176|0x000000008b000000, 0x000000008b000000, 0x000000008b100000|  0%| F|  |TAMS 0x000000008b000000, 0x000000008b000000| Untracked 
| 177|0x000000008b100000, 0x000000008b100000, 0x000000008b200000|  0%| F|  |TAMS 0x000000008b100000, 0x000000008b100000| Untracked 
| 178|0x000000008b200000, 0x000000008b200000, 0x000000008b300000|  0%| F|  |TAMS 0x000000008b200000, 0x000000008b200000| Untracked 
| 179|0x000000008b300000, 0x000000008b300000, 0x000000008b400000|  0%| F|  |TAMS 0x000000008b300000, 0x000000008b300000| Untracked 
| 180|0x000000008b400000, 0x000000008b400000, 0x000000008b500000|  0%| F|  |TAMS 0x000000008b400000, 0x000000008b400000| Untracked 
| 181|0x000000008b500000, 0x000000008b500000, 0x000000008b600000|  0%| F|  |TAMS 0x000000008b500000, 0x000000008b500000| Untracked 
| 182|0x000000008b600000, 0x000000008b600000, 0x000000008b700000|  0%| F|  |TAMS 0x000000008b600000, 0x000000008b600000| Untracked 
| 183|0x000000008b700000, 0x000000008b700000, 0x000000008b800000|  0%| F|  |TAMS 0x000000008b700000, 0x000000008b700000| Untracked 
| 184|0x000000008b800000, 0x000000008b800000, 0x000000008b900000|  0%| F|  |TAMS 0x000000008b800000, 0x000000008b800000| Untracked 
| 185|0x000000008b900000, 0x000000008b900000, 0x000000008ba00000|  0%| F|  |TAMS 0x000000008b900000, 0x000000008b900000| Untracked 
| 186|0x000000008ba00000, 0x000000008ba00000, 0x000000008bb00000|  0%| F|  |TAMS 0x000000008ba00000, 0x000000008ba00000| Untracked 
| 187|0x000000008bb00000, 0x000000008bb00000, 0x000000008bc00000|  0%| F|  |TAMS 0x000000008bb00000, 0x000000008bb00000| Untracked 
| 188|0x000000008bc00000, 0x000000008bc00000, 0x000000008bd00000|  0%| F|  |TAMS 0x000000008bc00000, 0x000000008bc00000| Untracked 
| 189|0x000000008bd00000, 0x000000008bd00000, 0x000000008be00000|  0%| F|  |TAMS 0x000000008bd00000, 0x000000008bd00000| Untracked 
| 190|0x000000008be00000, 0x000000008be00000, 0x000000008bf00000|  0%| F|  |TAMS 0x000000008be00000, 0x000000008be00000| Untracked 
| 191|0x000000008bf00000, 0x000000008bf00000, 0x000000008c000000|  0%| F|  |TAMS 0x000000008bf00000, 0x000000008bf00000| Untracked 
| 192|0x000000008c000000, 0x000000008c000000, 0x000000008c100000|  0%| F|  |TAMS 0x000000008c000000, 0x000000008c000000| Untracked 
| 193|0x000000008c100000, 0x000000008c100000, 0x000000008c200000|  0%| F|  |TAMS 0x000000008c100000, 0x000000008c100000| Untracked 
| 194|0x000000008c200000, 0x000000008c200000, 0x000000008c300000|  0%| F|  |TAMS 0x000000008c200000, 0x000000008c200000| Untracked 
| 195|0x000000008c300000, 0x000000008c300000, 0x000000008c400000|  0%| F|  |TAMS 0x000000008c300000, 0x000000008c300000| Untracked 
| 196|0x000000008c400000, 0x000000008c400000, 0x000000008c500000|  0%| F|  |TAMS 0x000000008c400000, 0x000000008c400000| Untracked 
| 197|0x000000008c500000, 0x000000008c500000, 0x000000008c600000|  0%| F|  |TAMS 0x000000008c500000, 0x000000008c500000| Untracked 
| 198|0x000000008c600000, 0x000000008c600000, 0x000000008c700000|  0%| F|  |TAMS 0x000000008c600000, 0x000000008c600000| Untracked 
| 199|0x000000008c700000, 0x000000008c700000, 0x000000008c800000|  0%| F|  |TAMS 0x000000008c700000, 0x000000008c700000| Untracked 
| 200|0x000000008c800000, 0x000000008c800000, 0x000000008c900000|  0%| F|  |TAMS 0x000000008c800000, 0x000000008c800000| Untracked 
| 201|0x000000008c900000, 0x000000008c900000, 0x000000008ca00000|  0%| F|  |TAMS 0x000000008c900000, 0x000000008c900000| Untracked 
| 202|0x000000008ca00000, 0x000000008ca00000, 0x000000008cb00000|  0%| F|  |TAMS 0x000000008ca00000, 0x000000008ca00000| Untracked 
| 203|0x000000008cb00000, 0x000000008cb00000, 0x000000008cc00000|  0%| F|  |TAMS 0x000000008cb00000, 0x000000008cb00000| Untracked 
| 204|0x000000008cc00000, 0x000000008cc00000, 0x000000008cd00000|  0%| F|  |TAMS 0x000000008cc00000, 0x000000008cc00000| Untracked 

Card table byte_map: [0x0000022a7bbf0000,0x0000022a7bff0000] _byte_map_base: 0x0000022a7b7f0000

Marking Bits (Prev, Next): (CMBitMap*) 0x0000022a689fe7c8, (CMBitMap*) 0x0000022a689fe800
 Prev Bits: [0x0000022a7c3f0000, 0x0000022a7e3f0000)
 Next Bits: [0x0000022a00000000, 0x0000022a02000000)

Polling page: 0x0000022a66990000

Metaspace:

Usage:
  Non-class:     85.51 MB capacity,    84.02 MB ( 98%) used,     1.18 MB (  1%) free+waste,   317.19 KB ( <1%) overhead. 
      Class:     13.78 MB capacity,    12.78 MB ( 93%) used,   872.23 KB (  6%) free+waste,   145.69 KB (  1%) overhead. 
       Both:     99.29 MB capacity,    96.80 MB ( 97%) used,     2.03 MB (  2%) free+waste,   462.88 KB ( <1%) overhead. 

Virtual space:
  Non-class space:       86.00 MB reserved,      85.75 MB (>99%) committed 
      Class space:        1.00 GB reserved,      13.82 MB (  1%) committed 
             Both:        1.08 GB reserved,      99.57 MB (  9%) committed 

Chunk freelists:
   Non-Class:  56.00 KB
       Class:  0 bytes
        Both:  56.00 KB

MaxMetaspaceSize: 17179869184.00 GB
CompressedClassSpaceSize: 1.00 GB

CodeHeap 'non-profiled nmethods': size=120000Kb used=6559Kb max_used=6559Kb free=113440Kb
 bounds [0x0000022a73f90000, 0x0000022a74600000, 0x0000022a7b4c0000]
CodeHeap 'profiled nmethods': size=120000Kb used=26469Kb max_used=26469Kb free=93530Kb
 bounds [0x0000022a6ca60000, 0x0000022a6e440000, 0x0000022a73f90000]
CodeHeap 'non-nmethods': size=5760Kb used=2318Kb max_used=2399Kb free=3441Kb
 bounds [0x0000022a6c4c0000, 0x0000022a6c730000, 0x0000022a6ca60000]
 total_blobs=13195 nmethods=12280 adapters=825
 compilation: enabled
              stopped_count=0, restarted_count=0
 full_count=0

Compilation events (20 events):
Event: 15.766 Thread 0x0000022a7ee5c800 nmethod 12521% 0x0000022a6e42f110 code [0x0000022a6e42fa60, 0x0000022a6e4360b8]
Event: 15.766 Thread 0x0000022a7ee5c800 12530 %     3       com.android.tools.r8.internal.Me1::apply @ 2 (47 bytes)
Event: 15.767 Thread 0x0000022a7ee5c800 nmethod 12530% 0x0000022a6e438310 code [0x0000022a6e438520, 0x0000022a6e438ae8]
Event: 15.767 Thread 0x0000022a7ee5c800 12532 %     3       com.android.tools.r8.internal.ID0::C @ 12 (52 bytes)
Event: 15.767 Thread 0x0000022a7ee5c800 nmethod 12532% 0x0000022a6e438c90 code [0x0000022a6e438ea0, 0x0000022a6e4394d8]
Event: 15.767 Thread 0x0000022a7ee5c800 12527 %     3       com.android.tools.r8.ir.regalloc.b::a @ 1542 (1824 bytes)
Event: 15.770 Thread 0x0000022a0710d000 nmethod 12450% 0x0000022a745f4290 code [0x0000022a745f4440, 0x0000022a745f51f8]
Event: 15.770 Thread 0x0000022a0710d000 12453       4       com.android.tools.r8.internal.jB0::next (5 bytes)
Event: 15.775 Thread 0x0000022a0710d000 nmethod 12453 0x0000022a745f5490 code [0x0000022a745f5640, 0x0000022a745f59d8]
Event: 15.775 Thread 0x0000022a0710d000 12538       4       java.util.Arrays$ArrayList::iterator (12 bytes)
Event: 15.776 Thread 0x0000022a0710d000 nmethod 12538 0x0000022a745f5b90 code [0x0000022a745f5d20, 0x0000022a745f5e78]
Event: 15.776 Thread 0x0000022a0710d000 12499       4       com.android.tools.r8.graph.T0$$Lambda$1546/0x0000000100c28840::apply (8 bytes)
Event: 15.777 Thread 0x0000022a0710d000 nmethod 12499 0x0000022a745f5f10 code [0x0000022a745f60a0, 0x0000022a745f6138]
Event: 15.777 Thread 0x0000022a0710d000 12462       4       com.android.tools.r8.internal.De1::a (100 bytes)
Event: 15.777 Thread 0x0000022a7f7d0800 nmethod 12514 0x0000022a745f6210 code [0x0000022a745f6420, 0x0000022a745f6cd8]
Event: 15.777 Thread 0x0000022a7f7d0800 12464       4       com.android.tools.r8.internal.JY0::a (52 bytes)
Event: 15.777 Thread 0x0000022a0710d000 nmethod 12462 0x0000022a745f7590 code [0x0000022a745f7720, 0x0000022a745f77b8]
Event: 15.777 Thread 0x0000022a0710d000 12451       4       com.android.tools.r8.internal.Qk1::iterator (8 bytes)
Event: 15.779 Thread 0x0000022a0710d000 nmethod 12451 0x0000022a745f7890 code [0x0000022a745f7a40, 0x0000022a745f7bd8]
Event: 15.779 Thread 0x0000022a0710d000 12529       4       com.android.tools.r8.graph.T0$$Lambda$1549/0x0000000100c28440::apply (8 bytes)

GC Heap History (20 events):
Event: 13.794 GC heap after
{Heap after GC invocations=26 (full 0):
 garbage-first heap   total 129024K, used 79589K [0x0000000080000000, 0x0000000100000000)
  region size 1024K, 5 young (5120K), 5 survivors (5120K)
 Metaspace       used 88011K, capacity 90075K, committed 90444K, reserved 1128448K
  class space    used 11450K, capacity 12242K, committed 12364K, reserved 1048576K
}
Event: 13.925 GC heap before
{Heap before GC invocations=26 (full 0):
 garbage-first heap   total 129024K, used 105189K [0x0000000080000000, 0x0000000100000000)
  region size 1024K, 31 young (31744K), 5 survivors (5120K)
 Metaspace       used 89208K, capacity 91356K, committed 91724K, reserved 1128448K
  class space    used 11640K, capacity 12484K, committed 12620K, reserved 1048576K
}
Event: 13.930 GC heap after
{Heap after GC invocations=27 (full 0):
 garbage-first heap   total 129024K, used 83066K [0x0000000080000000, 0x0000000100000000)
  region size 1024K, 4 young (4096K), 4 survivors (4096K)
 Metaspace       used 89208K, capacity 91356K, committed 91724K, reserved 1128448K
  class space    used 11640K, capacity 12484K, committed 12620K, reserved 1048576K
}
Event: 14.063 GC heap before
{Heap before GC invocations=28 (full 0):
 garbage-first heap   total 129024K, used 104570K [0x0000000080000000, 0x0000000100000000)
  region size 1024K, 26 young (26624K), 4 survivors (4096K)
 Metaspace       used 90959K, capacity 93168K, committed 93516K, reserved 1130496K
  class space    used 11900K, capacity 12757K, committed 12876K, reserved 1048576K
}
Event: 14.070 GC heap after
{Heap after GC invocations=29 (full 0):
 garbage-first heap   total 155648K, used 85381K [0x0000000080000000, 0x0000000100000000)
  region size 1024K, 4 young (4096K), 4 survivors (4096K)
 Metaspace       used 90959K, capacity 93168K, committed 93516K, reserved 1130496K
  class space    used 11900K, capacity 12757K, committed 12876K, reserved 1048576K
}
Event: 14.177 GC heap before
{Heap before GC invocations=29 (full 0):
 garbage-first heap   total 155648K, used 117125K [0x0000000080000000, 0x0000000100000000)
  region size 1024K, 35 young (35840K), 4 survivors (4096K)
 Metaspace       used 92483K, capacity 94772K, committed 94924K, reserved 1130496K
  class space    used 12099K, capacity 12968K, committed 13004K, reserved 1048576K
}
Event: 14.195 GC heap after
{Heap after GC invocations=30 (full 0):
 garbage-first heap   total 155648K, used 90933K [0x0000000080000000, 0x0000000100000000)
  region size 1024K, 5 young (5120K), 5 survivors (5120K)
 Metaspace       used 92483K, capacity 94772K, committed 94924K, reserved 1130496K
  class space    used 12099K, capacity 12968K, committed 13004K, reserved 1048576K
}
Event: 14.309 GC heap before
{Heap before GC invocations=30 (full 0):
 garbage-first heap   total 155648K, used 120629K [0x0000000080000000, 0x0000000100000000)
  region size 1024K, 34 young (34816K), 5 survivors (5120K)
 Metaspace       used 93319K, capacity 95627K, committed 95948K, reserved 1132544K
  class space    used 12206K, capacity 13136K, committed 13260K, reserved 1048576K
}
Event: 14.321 GC heap after
{Heap after GC invocations=31 (full 0):
 garbage-first heap   total 155648K, used 96922K [0x0000000080000000, 0x0000000100000000)
  region size 1024K, 5 young (5120K), 5 survivors (5120K)
 Metaspace       used 93319K, capacity 95627K, committed 95948K, reserved 1132544K
  class space    used 12206K, capacity 13136K, committed 13260K, reserved 1048576K
}
Event: 14.374 GC heap before
{Heap before GC invocations=32 (full 0):
 garbage-first heap   total 155648K, used 123546K [0x0000000080000000, 0x0000000100000000)
  region size 1024K, 31 young (31744K), 5 survivors (5120K)
 Metaspace       used 93804K, capacity 96145K, committed 96588K, reserved 1132544K
  class space    used 12319K, capacity 13243K, committed 13388K, reserved 1048576K
}
Event: 14.383 GC heap after
{Heap after GC invocations=33 (full 0):
 garbage-first heap   total 155648K, used 101760K [0x0000000080000000, 0x0000000100000000)
  region size 1024K, 4 young (4096K), 4 survivors (4096K)
 Metaspace       used 93804K, capacity 96145K, committed 96588K, reserved 1132544K
  class space    used 12319K, capacity 13243K, committed 13388K, reserved 1048576K
}
Event: 14.434 GC heap before
{Heap before GC invocations=33 (full 0):
 garbage-first heap   total 155648K, used 125312K [0x0000000080000000, 0x0000000100000000)
  region size 1024K, 28 young (28672K), 4 survivors (4096K)
 Metaspace       used 94548K, capacity 96917K, committed 97228K, reserved 1132544K
  class space    used 12466K, capacity 13402K, committed 13516K, reserved 1048576K
}
Event: 14.448 GC heap after
{Heap after GC invocations=34 (full 0):
 garbage-first heap   total 209920K, used 106260K [0x0000000080000000, 0x0000000100000000)
  region size 1024K, 4 young (4096K), 4 survivors (4096K)
 Metaspace       used 94548K, capacity 96917K, committed 97228K, reserved 1132544K
  class space    used 12466K, capacity 13402K, committed 13516K, reserved 1048576K
}
Event: 14.722 GC heap before
{Heap before GC invocations=35 (full 0):
 garbage-first heap   total 209920K, used 149268K [0x0000000080000000, 0x0000000100000000)
  region size 1024K, 46 young (47104K), 4 survivors (4096K)
 Metaspace       used 96318K, capacity 98737K, committed 99020K, reserved 1134592K
  class space    used 12720K, capacity 13637K, committed 13772K, reserved 1048576K
}
Event: 14.760 GC heap after
{Heap after GC invocations=36 (full 0):
 garbage-first heap   total 209920K, used 111848K [0x0000000080000000, 0x0000000100000000)
  region size 1024K, 6 young (6144K), 6 survivors (6144K)
 Metaspace       used 96318K, capacity 98737K, committed 99020K, reserved 1134592K
  class space    used 12720K, capacity 13637K, committed 13772K, reserved 1048576K
}
Event: 14.962 GC heap before
{Heap before GC invocations=36 (full 0):
 garbage-first heap   total 209920K, used 153832K [0x0000000080000000, 0x0000000100000000)
  region size 1024K, 48 young (49152K), 6 survivors (6144K)
 Metaspace       used 97174K, capacity 99554K, committed 99916K, reserved 1134592K
  class space    used 12858K, capacity 13795K, committed 13900K, reserved 1048576K
}
Event: 14.979 GC heap after
{Heap after GC invocations=37 (full 0):
 garbage-first heap   total 209920K, used 114461K [0x0000000080000000, 0x0000000100000000)
  region size 1024K, 3 young (3072K), 3 survivors (3072K)
 Metaspace       used 97174K, capacity 99554K, committed 99916K, reserved 1134592K
  class space    used 12858K, capacity 13795K, committed 13900K, reserved 1048576K
}
Event: 15.509 GC heap before
{Heap before GC invocations=37 (full 0):
 garbage-first heap   total 209920K, used 158493K [0x0000000080000000, 0x0000000100000000)
  region size 1024K, 46 young (47104K), 3 survivors (3072K)
 Metaspace       used 98421K, capacity 100861K, committed 101068K, reserved 1136640K
  class space    used 12993K, capacity 13944K, committed 14028K, reserved 1048576K
}
Event: 15.523 GC heap after
{Heap after GC invocations=38 (full 0):
 garbage-first heap   total 209920K, used 114982K [0x0000000080000000, 0x0000000100000000)
  region size 1024K, 4 young (4096K), 4 survivors (4096K)
 Metaspace       used 98421K, capacity 100861K, committed 101068K, reserved 1136640K
  class space    used 12993K, capacity 13944K, committed 14028K, reserved 1048576K
}
Event: 15.780 GC heap before
{Heap before GC invocations=39 (full 0):
 garbage-first heap   total 209920K, used 160038K [0x0000000080000000, 0x0000000100000000)
  region size 1024K, 49 young (50176K), 4 survivors (4096K)
 Metaspace       used 99122K, capacity 101669K, committed 101964K, reserved 1136640K
  class space    used 13091K, capacity 14109K, committed 14156K, reserved 1048576K
}

Deoptimization events (20 events):
Event: 15.720 Thread 0x0000022a06de3800 DEOPT PACKING pc=0x0000022a745eddf0 sp=0x000000bbc6af95f0
Event: 15.720 Thread 0x0000022a06de3800 DEOPT UNPACKING pc=0x0000022a6c4c83af sp=0x000000bbc6af9500 mode 2
Event: 15.725 Thread 0x0000022a06deb000 DEOPT PACKING pc=0x0000022a6cd78611 sp=0x000000bbc71f9160
Event: 15.725 Thread 0x0000022a06deb000 DEOPT UNPACKING pc=0x0000022a6c4e7c0e sp=0x000000bbc71f85d8 mode 0
Event: 15.752 Thread 0x0000022a0599e000 Uncommon trap: trap_request=0xffffffbe fr.pc=0x0000022a745ef298 relative=0x00000000000006f8
Event: 15.752 Thread 0x0000022a0599e000 Uncommon trap: reason=profile_predicate action=maybe_recompile pc=0x0000022a745ef298 method=com.android.tools.r8.internal.JY0.a(Ljava/util/Iterator;Lcom/android/tools/r8/internal/Ee1;)Z @ 15 c2
Event: 15.752 Thread 0x0000022a0599e000 DEOPT PACKING pc=0x0000022a745ef298 sp=0x000000bbc52f9ca0
Event: 15.752 Thread 0x0000022a0599e000 DEOPT UNPACKING pc=0x0000022a6c4c83af sp=0x000000bbc52f9c88 mode 2
Event: 15.752 Thread 0x0000022a0599e000 Uncommon trap: trap_request=0xffffffbe fr.pc=0x0000022a745ef298 relative=0x00000000000006f8
Event: 15.752 Thread 0x0000022a0599e000 Uncommon trap: reason=profile_predicate action=maybe_recompile pc=0x0000022a745ef298 method=com.android.tools.r8.internal.JY0.a(Ljava/util/Iterator;Lcom/android/tools/r8/internal/Ee1;)Z @ 15 c2
Event: 15.752 Thread 0x0000022a0599e000 DEOPT PACKING pc=0x0000022a745ef298 sp=0x000000bbc52f9ca0
Event: 15.752 Thread 0x0000022a0599e000 DEOPT UNPACKING pc=0x0000022a6c4c83af sp=0x000000bbc52f9c88 mode 2
Event: 15.752 Thread 0x0000022a0599e000 Uncommon trap: trap_request=0xffffffbe fr.pc=0x0000022a745ef298 relative=0x00000000000006f8
Event: 15.752 Thread 0x0000022a0599e000 Uncommon trap: reason=profile_predicate action=maybe_recompile pc=0x0000022a745ef298 method=com.android.tools.r8.internal.JY0.a(Ljava/util/Iterator;Lcom/android/tools/r8/internal/Ee1;)Z @ 15 c2
Event: 15.752 Thread 0x0000022a0599e000 DEOPT PACKING pc=0x0000022a745ef298 sp=0x000000bbc52f9ca0
Event: 15.752 Thread 0x0000022a0599e000 DEOPT UNPACKING pc=0x0000022a6c4c83af sp=0x000000bbc52f9c88 mode 2
Event: 15.752 Thread 0x0000022a0599e000 Uncommon trap: trap_request=0xffffffbe fr.pc=0x0000022a745ef298 relative=0x00000000000006f8
Event: 15.752 Thread 0x0000022a0599e000 Uncommon trap: reason=profile_predicate action=maybe_recompile pc=0x0000022a745ef298 method=com.android.tools.r8.internal.JY0.a(Ljava/util/Iterator;Lcom/android/tools/r8/internal/Ee1;)Z @ 15 c2
Event: 15.752 Thread 0x0000022a0599e000 DEOPT PACKING pc=0x0000022a745ef298 sp=0x000000bbc52f9ca0
Event: 15.752 Thread 0x0000022a0599e000 DEOPT UNPACKING pc=0x0000022a6c4c83af sp=0x000000bbc52f9c88 mode 2

Classes redefined (0 events):
No events

Internal exceptions (20 events):
Event: 14.407 Thread 0x0000022a0599e000 Exception <a 'java/lang/IncompatibleClassChangeError'{0x0000000088a74770}: Found class java.lang.Object, but interface was expected> (0x0000000088a74770) thrown at [./src/hotspot/share/interpreter/linkResolver.cpp, line 839]
Event: 14.407 Thread 0x0000022a06de3800 Exception <a 'java/lang/IncompatibleClassChangeError'{0x0000000088abeb00}: Found class java.lang.Object, but interface was expected> (0x0000000088abeb00) thrown at [./src/hotspot/share/interpreter/linkResolver.cpp, line 839]
Event: 14.408 Thread 0x0000022a06de3800 Exception <a 'java/lang/IncompatibleClassChangeError'{0x0000000088ae0160}: Found class java.lang.Object, but interface was expected> (0x0000000088ae0160) thrown at [./src/hotspot/share/interpreter/linkResolver.cpp, line 839]
Event: 14.408 Thread 0x0000022a0599e000 Exception <a 'java/lang/IncompatibleClassChangeError'{0x0000000088acab88}: Found class java.lang.Object, but interface was expected> (0x0000000088acab88) thrown at [./src/hotspot/share/interpreter/linkResolver.cpp, line 839]
Event: 14.427 Thread 0x0000022a059a9800 Exception <a 'java/lang/NoSuchMethodError'{0x00000000886baf80}: 'void java.lang.invoke.DirectMethodHandle$Holder.invokeVirtual(java.lang.Object, java.lang.Object, int, java.lang.Object)'> (0x00000000886baf80) thrown at [./src/hotspot/share/interpreter/linkResolver.cpp, line 773]
Event: 14.427 Thread 0x0000022a075a1000 Exception <a 'java/lang/NoSuchMethodError'{0x0000000088279f18}: 'void java.lang.invoke.DirectMethodHandle$Holder.invokeVirtual(java.lang.Object, java.lang.Object, int, java.lang.Object)'> (0x0000000088279f18) thrown at [./src/hotspot/share/interpreter/linkResolver.cpp, line 773]
Event: 14.427 Thread 0x0000022a06deb000 Exception <a 'java/lang/NoSuchMethodError'{0x0000000088315010}: 'void java.lang.invoke.DirectMethodHandle$Holder.invokeVirtual(java.lang.Object, java.lang.Object, int, java.lang.Object)'> (0x0000000088315010) thrown at [./src/hotspot/share/interpreter/linkResolver.cpp, line 773]
Event: 14.528 Thread 0x0000022a06de3800 Exception <a 'java/lang/NoSuchMethodError'{0x000000008c098a10}: 'int java.lang.invoke.DirectMethodHandle$Holder.invokeSpecial(java.lang.Object, java.lang.Object, java.lang.Object, int, java.lang.Object)'> (0x000000008c098a10) thrown at [./src/hotspot/share/interpreter/linkResolver.cpp, line 773]
Event: 14.543 Thread 0x0000022a059a9800 Exception <a 'java/lang/NoSuchMethodError'{0x000000008bb68520}: 'java.lang.Object java.lang.invoke.DirectMethodHandle$Holder.newInvokeSpecial(java.lang.Object, int)'> (0x000000008bb68520) thrown at [./src/hotspot/share/interpreter/linkResolver.cpp, line 773]
Event: 14.543 Thread 0x0000022a06de3800 Exception <a 'java/lang/NoSuchMethodError'{0x000000008bc6d118}: 'java.lang.Object java.lang.invoke.DirectMethodHandle$Holder.newInvokeSpecial(java.lang.Object, int)'> (0x000000008bc6d118) thrown at [./src/hotspot/share/interpreter/linkResolver.cpp, line 773]
Event: 15.168 Thread 0x0000022a059a9800 Exception <a 'java/lang/NoSuchMethodError'{0x000000008c1a6928}: 'java.lang.Object java.lang.invoke.Invokers$Holder.linkToTargetMethod(java.lang.Object, int, java.lang.Object, java.lang.Object, java.lang.Object, java.lang.Object)'> (0x000000008c1a6928) thrown at [./src/hotspot/share/interpreter/linkResolver.cpp, line 773]
Event: 15.176 Thread 0x0000022a059a9800 Exception <a 'java/lang/NoSuchMethodError'{0x000000008c1ba998}: 'java.lang.Object java.lang.invoke.Invokers$Holder.linkToTargetMethod(java.lang.Object, java.lang.Object, java.lang.Object, int, java.lang.Object, java.lang.Object, java.lang.Object)'> (0x000000008c1ba998) thrown at [./src/hotspot/share/interpreter/linkResolver.cpp, line 773]
Event: 15.191 Thread 0x0000022a059a9800 Exception <a 'java/lang/NoSuchMethodError'{0x000000008c0140b8}: 'void java.lang.invoke.DirectMethodHandle$Holder.invokeStatic(java.lang.Object, java.lang.Object, java.lang.Object, java.lang.Object, java.lang.Object, java.lang.Object, java.lang.Object, java.lang.Object)'> (0x000000008c0140b8) thrown at [./src/hotspot/share/interpreter/linkResolver.cpp, line 773]
Event: 15.384 Thread 0x0000022a059a9800 Exception <a 'java/lang/IncompatibleClassChangeError'{0x000000008acd31c8}: Found class java.lang.Object, but interface was expected> (0x000000008acd31c8) thrown at [./src/hotspot/share/interpreter/linkResolver.cpp, line 839]
Event: 15.682 Thread 0x0000022a059a9800 Exception <a 'java/lang/NoSuchMethodError'{0x000000008c1b5158}: 'void java.lang.invoke.DirectMethodHandle$Holder.invokeVirtual(java.lang.Object, java.lang.Object, int)'> (0x000000008c1b5158) thrown at [./src/hotspot/share/interpreter/linkResolver.cpp, line 773]
Event: 15.703 Thread 0x0000022a075a1000 Exception <a 'java/lang/NoSuchMethodError'{0x000000008b7cbd50}: 'int java.lang.invoke.DirectMethodHandle$Holder.invokeInterface(java.lang.Object, java.lang.Object, int)'> (0x000000008b7cbd50) thrown at [./src/hotspot/share/interpreter/linkResolver.cpp, line 773]
Event: 15.704 Thread 0x0000022a06deb000 Exception <a 'java/lang/NoSuchMethodError'{0x000000008b630598}: 'java.lang.Object java.lang.invoke.DirectMethodHandle$Holder.invokeSpecial(java.lang.Object, java.lang.Object, java.lang.Object, java.lang.Object, java.lang.Object, java.lang.Object, java.lang.Object, java.lang.Object, java.lang.Object, java.lang.Object, java.lang.Object)'> (0x000000008b630598) thrown at [./src/hotspot/share/interpreter/linkResolver.cpp, line 773]
Event: 15.705 Thread 0x0000022a06deb000 Exception <a 'java/lang/NoSuchMethodError'{0x000000008b63c3f8}: 'java.lang.Object java.lang.invoke.Invokers$Holder.linkToTargetMethod(java.lang.Object, java.lang.Object, java.lang.Object, java.lang.Object, java.lang.Object, java.lang.Object, java.lang.Object, java.lang.Object, java.lang.Object, java.lang.Object)'> (0x000000008b63c3f8) thrown at [./src/hotspot/share/interpreter/linkResolver.cpp, line 773]
Event: 15.715 Thread 0x0000022a06deb000 Exception <a 'java/lang/IncompatibleClassChangeError'{0x000000008b4b1bd8}: Found class java.lang.Object, but interface was expected> (0x000000008b4b1bd8) thrown at [./src/hotspot/share/interpreter/linkResolver.cpp, line 839]
Event: 15.748 Thread 0x0000022a059a9800 Exception <a 'sun/nio/fs/WindowsException'{0x000000008ab846a0}> (0x000000008ab846a0) thrown at [./src/hotspot/share/prims/jni.cpp, line 615]

Events (20 events):
Event: 15.738 loading class com/android/tools/r8/internal/UU0 done
Event: 15.739 loading class com/android/tools/r8/internal/SU0
Event: 15.739 loading class com/android/tools/r8/internal/SU0 done
Event: 15.739 loading class com/android/tools/r8/internal/LU0
Event: 15.739 loading class com/android/tools/r8/internal/LU0 done
Event: 15.746 loading class com/android/tools/r8/dex/u
Event: 15.746 loading class com/android/tools/r8/dex/u done
Event: 15.746 loading class com/android/tools/r8/ByteDataView
Event: 15.746 loading class com/android/tools/r8/ByteDataView done
Event: 15.747 loading class com/android/tools/r8/internal/xM0
Event: 15.747 loading class com/android/tools/r8/internal/xM0 done
Event: 15.748 loading class com/android/tools/r8/internal/WH0
Event: 15.748 loading class com/android/tools/r8/internal/WH0 done
Event: 15.749 loading class com/android/tools/r8/internal/VH0
Event: 15.749 loading class com/android/tools/r8/internal/VH0 done
Event: 15.749 loading class com/android/tools/r8/internal/UH0
Event: 15.749 loading class com/android/tools/r8/internal/UH0 done
Event: 15.752 Executing VM operation: ICBufferFull
Event: 15.752 Executing VM operation: ICBufferFull done
Event: 15.779 Executing VM operation: G1CollectForAllocation


Dynamic libraries:
0x00007ff664f80000 - 0x00007ff664f8a000 	C:\Program Files\Android\Android Studio\jre\bin\java.exe
0x00007ffb1cdf0000 - 0x00007ffb1cfe8000 	C:\WINDOWS\SYSTEM32\ntdll.dll
0x00007ffb1b180000 - 0x00007ffb1b23d000 	C:\WINDOWS\System32\KERNEL32.DLL
0x00007ffb1a8d0000 - 0x00007ffb1ab9e000 	C:\WINDOWS\System32\KERNELBASE.dll
0x00007ffb1a510000 - 0x00007ffb1a610000 	C:\WINDOWS\System32\ucrtbase.dll
0x00007ffb06bd0000 - 0x00007ffb06be7000 	C:\Program Files\Android\Android Studio\jre\bin\VCRUNTIME140.dll
0x00007ffb07150000 - 0x00007ffb07169000 	C:\Program Files\Android\Android Studio\jre\bin\jli.dll
0x00007ffb1ae60000 - 0x00007ffb1b000000 	C:\WINDOWS\System32\USER32.dll
0x00007ffb1a610000 - 0x00007ffb1a632000 	C:\WINDOWS\System32\win32u.dll
0x00007ffb1b660000 - 0x00007ffb1b68a000 	C:\WINDOWS\System32\GDI32.dll
0x00007ffb19bd0000 - 0x00007ffb19e6a000 	C:\WINDOWS\WinSxS\amd64_microsoft.windows.common-controls_6595b64144ccf1df_6.0.19041.1110_none_60b5254171f9507e\COMCTL32.dll
0x00007ffb1be50000 - 0x00007ffb1beee000 	C:\WINDOWS\System32\msvcrt.dll
0x00007ffb1acb0000 - 0x00007ffb1adbb000 	C:\WINDOWS\System32\gdi32full.dll
0x00007ffb1ac10000 - 0x00007ffb1acad000 	C:\WINDOWS\System32\msvcp_win.dll
0x00007ffb1b420000 - 0x00007ffb1b450000 	C:\WINDOWS\System32\IMM32.DLL
0x00007ffadc850000 - 0x00007ffadc8ed000 	C:\Program Files\Android\Android Studio\jre\bin\msvcp140.dll
0x00007ffa89020000 - 0x00007ffa89af5000 	C:\Program Files\Android\Android Studio\jre\bin\server\jvm.dll
0x00007ffb1c380000 - 0x00007ffb1c42e000 	C:\WINDOWS\System32\ADVAPI32.dll
0x00007ffb1ccb0000 - 0x00007ffb1cd4c000 	C:\WINDOWS\System32\sechost.dll
0x00007ffb1c430000 - 0x00007ffb1c555000 	C:\WINDOWS\System32\RPCRT4.dll
0x00007ffb1b3b0000 - 0x00007ffb1b3b8000 	C:\WINDOWS\System32\PSAPI.DLL
0x00007ffb17f80000 - 0x00007ffb17f8a000 	C:\WINDOWS\SYSTEM32\VERSION.dll
0x00007ffad6500000 - 0x00007ffad6509000 	C:\WINDOWS\SYSTEM32\WSOCK32.dll
0x00007ffb01590000 - 0x00007ffb015b7000 	C:\WINDOWS\SYSTEM32\WINMM.dll
0x00007ffb1b690000 - 0x00007ffb1b6fb000 	C:\WINDOWS\System32\WS2_32.dll
0x00007ffb175b0000 - 0x00007ffb175c2000 	C:\WINDOWS\SYSTEM32\kernel.appcore.dll
0x00007ffb10030000 - 0x00007ffb10041000 	C:\Program Files\Android\Android Studio\jre\bin\verify.dll
0x00007ffb19f90000 - 0x00007ffb1a174000 	C:\WINDOWS\SYSTEM32\DBGHELP.DLL
0x00007ffb19e90000 - 0x00007ffb19ebc000 	C:\WINDOWS\SYSTEM32\dbgcore.DLL
0x00007ffb1adc0000 - 0x00007ffb1ae42000 	C:\WINDOWS\System32\bcryptPrimitives.dll
0x00007ffb07cc0000 - 0x00007ffb07ce9000 	C:\Program Files\Android\Android Studio\jre\bin\java.dll
0x00007ffb163e0000 - 0x00007ffb163eb000 	C:\Program Files\Android\Android Studio\jre\bin\jimage.dll
0x00007ffb10010000 - 0x00007ffb10028000 	C:\Program Files\Android\Android Studio\jre\bin\zip.dll
0x00007ffb1b700000 - 0x00007ffb1be44000 	C:\WINDOWS\System32\SHELL32.dll
0x00007ffb177d0000 - 0x00007ffb17f64000 	C:\WINDOWS\SYSTEM32\windows.storage.dll
0x00007ffb1bef0000 - 0x00007ffb1c244000 	C:\WINDOWS\System32\combase.dll
0x00007ffb197a0000 - 0x00007ffb197d0000 	C:\WINDOWS\SYSTEM32\Wldp.dll
0x00007ffb1b0d0000 - 0x00007ffb1b17d000 	C:\WINDOWS\System32\SHCORE.dll
0x00007ffb1cd50000 - 0x00007ffb1cda5000 	C:\WINDOWS\System32\shlwapi.dll
0x00007ffb1a450000 - 0x00007ffb1a46f000 	C:\WINDOWS\SYSTEM32\profapi.dll
0x00007ffb0c300000 - 0x00007ffb0c31a000 	C:\Program Files\Android\Android Studio\jre\bin\net.dll
0x00007ffb13f60000 - 0x00007ffb1406a000 	C:\WINDOWS\SYSTEM32\WINHTTP.dll
0x00007ffb19580000 - 0x00007ffb195ea000 	C:\WINDOWS\system32\mswsock.dll
0x00007ffb07ca0000 - 0x00007ffb07cb4000 	C:\Program Files\Android\Android Studio\jre\bin\nio.dll
0x00007ffb07970000 - 0x00007ffb07997000 	C:\Users\User\.gradle\native\e1d6ef7f7dcc3fd88c89a11ec53ec762bb8ba0a96d01ffa2cd45eb1d1d8dd5c5\windows-amd64\native-platform.dll
0x00007ffad86d0000 - 0x00007ffad8814000 	C:\Users\User\.gradle\native\5664cfc778a61ccfe75a443a1ab52a65af34e5dc3c78e0209fed803814484fcb\windows-amd64\native-platform-file-events.dll
0x00007ffb11fb0000 - 0x00007ffb11fba000 	C:\Program Files\Android\Android Studio\jre\bin\management.dll
0x00007ffb11e70000 - 0x00007ffb11e7d000 	C:\Program Files\Android\Android Studio\jre\bin\management_ext.dll
0x00007ffb1a2a0000 - 0x00007ffb1a2b8000 	C:\WINDOWS\SYSTEM32\CRYPTSP.dll
0x00007ffb18f40000 - 0x00007ffb18f74000 	C:\WINDOWS\system32\rsaenh.dll
0x00007ffb1a640000 - 0x00007ffb1a667000 	C:\WINDOWS\System32\bcrypt.dll
0x00007ffb1a3d0000 - 0x00007ffb1a3fe000 	C:\WINDOWS\SYSTEM32\USERENV.dll
0x00007ffb19710000 - 0x00007ffb1971c000 	C:\WINDOWS\SYSTEM32\CRYPTBASE.dll
0x00007ffb19290000 - 0x00007ffb192cb000 	C:\WINDOWS\SYSTEM32\IPHLPAPI.DLL
0x00007ffb1c370000 - 0x00007ffb1c378000 	C:\WINDOWS\System32\NSI.dll
0x00007ffb10f50000 - 0x00007ffb10f67000 	C:\WINDOWS\SYSTEM32\dhcpcsvc6.DLL
0x00007ffb10f30000 - 0x00007ffb10f4d000 	C:\WINDOWS\SYSTEM32\dhcpcsvc.DLL
0x00007ffb192d0000 - 0x00007ffb1939b000 	C:\WINDOWS\SYSTEM32\DNSAPI.dll

dbghelp: loaded successfully - version: 4.0.5 - missing functions: none
symbol engine: initialized successfully - sym options: 0x614 - pdb path: .;C:\Program Files\Android\Android Studio\jre\bin;C:\WINDOWS\SYSTEM32;C:\WINDOWS\WinSxS\amd64_microsoft.windows.common-controls_6595b64144ccf1df_6.0.19041.1110_none_60b5254171f9507e;C:\Program Files\Android\Android Studio\jre\bin\server;C:\Users\User\.gradle\native\e1d6ef7f7dcc3fd88c89a11ec53ec762bb8ba0a96d01ffa2cd45eb1d1d8dd5c5\windows-amd64;C:\Users\User\.gradle\native\5664cfc778a61ccfe75a443a1ab52a65af34e5dc3c78e0209fed803814484fcb\windows-amd64

VM Arguments:
jvm_args: --add-opens=java.base/java.util=ALL-UNNAMED --add-opens=java.base/java.lang=ALL-UNNAMED --add-opens=java.base/java.lang.invoke=ALL-UNNAMED --add-opens=java.base/java.util=ALL-UNNAMED --add-opens=java.prefs/java.util.prefs=ALL-UNNAMED --add-opens=java.prefs/java.util.prefs=ALL-UNNAMED --add-opens=java.base/java.nio.charset=ALL-UNNAMED --add-opens=java.base/java.net=ALL-UNNAMED --add-opens=java.base/java.util.concurrent.atomic=ALL-UNNAMED -Xmx2048m -Dfile.encoding=UTF-8 -Duser.country=SG -Duser.language=en -Duser.variant 
java_command: org.gradle.launcher.daemon.bootstrap.GradleDaemon 7.2
java_class_path (initial): C:\Users\User\.gradle\wrapper\dists\gradle-7.2-bin\2dnblmf4td7x66yl1d74lt32g\gradle-7.2\lib\gradle-launcher-7.2.jar
Launcher Type: SUN_STANDARD

[Global flags]
     intx CICompilerCount                          = 4                                         {product} {ergonomic}
     uint ConcGCThreads                            = 2                                         {product} {ergonomic}
     uint G1ConcRefinementThreads                  = 8                                         {product} {ergonomic}
   size_t G1HeapRegionSize                         = 1048576                                   {product} {ergonomic}
    uintx GCDrainStackTargetSize                   = 64                                        {product} {ergonomic}
   size_t InitialHeapSize                          = 132120576                                 {product} {ergonomic}
   size_t MarkStackSize                            = 4194304                                   {product} {ergonomic}
   size_t MaxHeapSize                              = 2147483648                                {product} {command line}
   size_t MaxNewSize                               = 1287651328                                {product} {ergonomic}
   size_t MinHeapDeltaBytes                        = 1048576                                   {product} {ergonomic}
    uintx NonNMethodCodeHeapSize                   = 5836300                                {pd product} {ergonomic}
    uintx NonProfiledCodeHeapSize                  = 122910970                              {pd product} {ergonomic}
    uintx ProfiledCodeHeapSize                     = 122910970                              {pd product} {ergonomic}
    uintx ReservedCodeCacheSize                    = 251658240                              {pd product} {ergonomic}
     bool SegmentedCodeCache                       = true                                      {product} {ergonomic}
     bool UseCompressedClassPointers               = true                                 {lp64_product} {ergonomic}
     bool UseCompressedOops                        = true                                 {lp64_product} {ergonomic}
     bool UseG1GC                                  = true                                      {product} {ergonomic}
     bool UseLargePagesIndividualAllocation        = false                                  {pd product} {ergonomic}

Logging:
Log output configuration:
 #0: stdout all=warning uptime,level,tags
 #1: stderr all=off uptime,level,tags

Environment Variables:
PATH=C:\Program Files (x86)\VMware\VMware Workstation\bin\;C:\WINDOWS\system32;C:\WINDOWS;C:\WINDOWS\System32\Wbem;C:\WINDOWS\System32\WindowsPowerShell\v1.0\;C:\WINDOWS\System32\OpenSSH\;C:\Program Files\Git\cmd;C:\Program Files (x86)\GNU\GnuPG\pub;C:\Users\User\AppData\Local\Microsoft\WindowsApps;;C:\Users\User\AppData\Local\Programs\Microsoft VS Code\bin;C:\Users\User\AppData\Local\Programs\mongosh\
USERNAME=User
OS=Windows_NT
PROCESSOR_IDENTIFIER=Intel64 Family 6 Model 140 Stepping 1, GenuineIntel



---------------  S Y S T E M  ---------------

OS: Windows 10 , 64 bit Build 19041 (10.0.19041.1806)
OS uptime: 8 days 1:51 hours
Hyper-V role detected

CPU:total 8 (initial active 8) (4 cores per cpu, 2 threads per core) family 6 model 140 stepping 1 microcode 0x9a, cmov, cx8, fxsr, mmx, sse, sse2, sse3, ssse3, sse4.1, sse4.2, popcnt, avx, avx2, aes, clmul, erms, 3dnowpref, lzcnt, ht, tsc, tscinvbit, bmi1, bmi2, adx, evex, sha, fma

Memory: 4k page, system-wide physical 7991M (422M free)
TotalPageFile size 32567M (AvailPageFile size 14M)
current process WorkingSet (physical memory assigned to process): 412M, peak: 453M
current process commit charge ("private bytes"): 585M, peak: 790M

vm_info: OpenJDK 64-Bit Server VM (11.0.11+9-b60-7590822) for windows-amd64 JRE (11.0.11+9-b60-7590822), built on Jul 29 2021 21:43:44 by "builder" with MS VC++ 14.0 (VS2015)

END.
